[2022-12-26T13:56:36.963+0000] {taskinstance.py:1165} INFO - Dependencies all met for <TaskInstance: exchange_rates.make_report scheduled__2022-05-12T08:15:00+00:00 [queued]>
[2022-12-26T13:56:37.034+0000] {taskinstance.py:1165} INFO - Dependencies all met for <TaskInstance: exchange_rates.make_report scheduled__2022-05-12T08:15:00+00:00 [queued]>
[2022-12-26T13:56:37.035+0000] {taskinstance.py:1362} INFO - 
--------------------------------------------------------------------------------
[2022-12-26T13:56:37.035+0000] {taskinstance.py:1363} INFO - Starting attempt 1 of 1
[2022-12-26T13:56:37.049+0000] {taskinstance.py:1364} INFO - 
--------------------------------------------------------------------------------
[2022-12-26T13:56:37.079+0000] {taskinstance.py:1383} INFO - Executing <Task(PythonOperator): make_report> on 2022-05-12 08:15:00+00:00
[2022-12-26T13:56:37.088+0000] {standard_task_runner.py:54} INFO - Started process 7008 to run task
[2022-12-26T13:56:37.118+0000] {standard_task_runner.py:82} INFO - Running: ['***', 'tasks', 'run', 'exchange_rates', 'make_report', 'scheduled__2022-05-12T08:15:00+00:00', '--job-id', '3638', '--raw', '--subdir', 'DAGS_FOLDER/exchange_rates.py', '--cfg-path', '/tmp/tmppq3t0w87']
[2022-12-26T13:56:37.130+0000] {standard_task_runner.py:83} INFO - Job 3638: Subtask make_report
[2022-12-26T13:56:37.131+0000] {dagbag.py:525} INFO - Filling up the DagBag from /opt/***/dags/exchange_rates.py
[2022-12-26T13:56:37.274+0000] {taskmixin.py:205} WARNING - Dependency <Task(CurrencyScoopOperator): get_rate_AMD_RUB>, insert_rate_AMD_RUB already registered for DAG: exchange_rates
[2022-12-26T13:56:37.275+0000] {taskmixin.py:205} WARNING - Dependency <Task(PostgresOperator): insert_rate_AMD_RUB>, get_rate_AMD_RUB already registered for DAG: exchange_rates
[2022-12-26T13:56:37.420+0000] {task_command.py:384} INFO - Running <TaskInstance: exchange_rates.make_report scheduled__2022-05-12T08:15:00+00:00 [running]> on host d383fbf2a8e7
[2022-12-26T13:56:37.616+0000] {taskinstance.py:1592} INFO - Exporting the following env vars:
AIRFLOW_CTX_DAG_OWNER=***
AIRFLOW_CTX_DAG_ID=exchange_rates
AIRFLOW_CTX_TASK_ID=make_report
AIRFLOW_CTX_EXECUTION_DATE=2022-05-12T08:15:00+00:00
AIRFLOW_CTX_TRY_NUMBER=1
AIRFLOW_CTX_DAG_RUN_ID=scheduled__2022-05-12T08:15:00+00:00
[2022-12-26T13:56:38.735+0000] {python.py:177} INFO - Done. Returned value was: None
[2022-12-26T13:56:38.772+0000] {taskinstance.py:1406} INFO - Marking task as SUCCESS. dag_id=exchange_rates, task_id=make_report, execution_date=20220512T081500, start_date=20221226T135636, end_date=20221226T135638
[2022-12-26T13:56:38.837+0000] {local_task_job.py:164} INFO - Task exited with return code 0
[2022-12-26T13:56:38.859+0000] {local_task_job.py:273} INFO - 0 downstream tasks scheduled from follow-on schedule check
[2023-01-01T14:40:40.674+0000] {taskinstance.py:1165} INFO - Dependencies all met for <TaskInstance: exchange_rates.make_report scheduled__2022-05-12T08:15:00+00:00 [queued]>
[2023-01-01T14:40:40.707+0000] {taskinstance.py:1165} INFO - Dependencies all met for <TaskInstance: exchange_rates.make_report scheduled__2022-05-12T08:15:00+00:00 [queued]>
[2023-01-01T14:40:40.707+0000] {taskinstance.py:1362} INFO - 
--------------------------------------------------------------------------------
[2023-01-01T14:40:40.707+0000] {taskinstance.py:1363} INFO - Starting attempt 1 of 1
[2023-01-01T14:40:40.708+0000] {taskinstance.py:1364} INFO - 
--------------------------------------------------------------------------------
[2023-01-01T14:40:40.748+0000] {taskinstance.py:1383} INFO - Executing <Task(PythonOperator): make_report> on 2022-05-12 08:15:00+00:00
[2023-01-01T14:40:40.759+0000] {standard_task_runner.py:54} INFO - Started process 7614 to run task
[2023-01-01T14:40:40.781+0000] {standard_task_runner.py:82} INFO - Running: ['***', 'tasks', 'run', 'exchange_rates', 'make_report', 'scheduled__2022-05-12T08:15:00+00:00', '--job-id', '9610', '--raw', '--subdir', 'DAGS_FOLDER/exchange_rates.py', '--cfg-path', '/tmp/tmpr9ocnzbw']
[2023-01-01T14:40:40.789+0000] {standard_task_runner.py:83} INFO - Job 9610: Subtask make_report
[2023-01-01T14:40:40.791+0000] {dagbag.py:525} INFO - Filling up the DagBag from /opt/***/dags/exchange_rates.py
[2023-01-01T14:40:40.964+0000] {taskmixin.py:205} WARNING - Dependency <Task(CurrencyScoopOperator): get_rate_AMD_RUB>, insert_rate_AMD_RUB already registered for DAG: exchange_rates
[2023-01-01T14:40:40.967+0000] {taskmixin.py:205} WARNING - Dependency <Task(PostgresOperator): insert_rate_AMD_RUB>, get_rate_AMD_RUB already registered for DAG: exchange_rates
[2023-01-01T14:40:41.159+0000] {task_command.py:384} INFO - Running <TaskInstance: exchange_rates.make_report scheduled__2022-05-12T08:15:00+00:00 [running]> on host d383fbf2a8e7
[2023-01-01T14:40:41.292+0000] {taskinstance.py:1592} INFO - Exporting the following env vars:
AIRFLOW_CTX_DAG_OWNER=***
AIRFLOW_CTX_DAG_ID=exchange_rates
AIRFLOW_CTX_TASK_ID=make_report
AIRFLOW_CTX_EXECUTION_DATE=2022-05-12T08:15:00+00:00
AIRFLOW_CTX_TRY_NUMBER=1
AIRFLOW_CTX_DAG_RUN_ID=scheduled__2022-05-12T08:15:00+00:00
[2023-01-01T14:40:42.000+0000] {python.py:177} INFO - Done. Returned value was: None
[2023-01-01T14:40:42.011+0000] {taskinstance.py:1406} INFO - Marking task as SUCCESS. dag_id=exchange_rates, task_id=make_report, execution_date=20220512T081500, start_date=20230101T144040, end_date=20230101T144042
[2023-01-01T14:40:42.071+0000] {local_task_job.py:164} INFO - Task exited with return code 0
[2023-01-01T14:40:42.090+0000] {local_task_job.py:273} INFO - 0 downstream tasks scheduled from follow-on schedule check
