[2022-12-26T13:53:35.238+0000] {taskinstance.py:1165} INFO - Dependencies all met for <TaskInstance: exchange_rates.make_report scheduled__2022-03-09T08:15:00+00:00 [queued]>
[2022-12-26T13:53:35.305+0000] {taskinstance.py:1165} INFO - Dependencies all met for <TaskInstance: exchange_rates.make_report scheduled__2022-03-09T08:15:00+00:00 [queued]>
[2022-12-26T13:53:35.306+0000] {taskinstance.py:1362} INFO - 
--------------------------------------------------------------------------------
[2022-12-26T13:53:35.306+0000] {taskinstance.py:1363} INFO - Starting attempt 1 of 1
[2022-12-26T13:53:35.307+0000] {taskinstance.py:1364} INFO - 
--------------------------------------------------------------------------------
[2022-12-26T13:53:35.363+0000] {taskinstance.py:1383} INFO - Executing <Task(PythonOperator): make_report> on 2022-03-09 08:15:00+00:00
[2022-12-26T13:53:35.388+0000] {standard_task_runner.py:54} INFO - Started process 5000 to run task
[2022-12-26T13:53:35.396+0000] {standard_task_runner.py:82} INFO - Running: ['***', 'tasks', 'run', 'exchange_rates', 'make_report', 'scheduled__2022-03-09T08:15:00+00:00', '--job-id', '2729', '--raw', '--subdir', 'DAGS_FOLDER/exchange_rates.py', '--cfg-path', '/tmp/tmpd4irpl6y']
[2022-12-26T13:53:35.402+0000] {standard_task_runner.py:83} INFO - Job 2729: Subtask make_report
[2022-12-26T13:53:35.404+0000] {dagbag.py:525} INFO - Filling up the DagBag from /opt/***/dags/exchange_rates.py
[2022-12-26T13:53:35.672+0000] {taskmixin.py:205} WARNING - Dependency <Task(CurrencyScoopOperator): get_rate_AMD_RUB>, insert_rate_AMD_RUB already registered for DAG: exchange_rates
[2022-12-26T13:53:35.674+0000] {taskmixin.py:205} WARNING - Dependency <Task(PostgresOperator): insert_rate_AMD_RUB>, get_rate_AMD_RUB already registered for DAG: exchange_rates
[2022-12-26T13:53:35.960+0000] {task_command.py:384} INFO - Running <TaskInstance: exchange_rates.make_report scheduled__2022-03-09T08:15:00+00:00 [running]> on host d383fbf2a8e7
[2022-12-26T13:53:36.182+0000] {taskinstance.py:1592} INFO - Exporting the following env vars:
AIRFLOW_CTX_DAG_OWNER=***
AIRFLOW_CTX_DAG_ID=exchange_rates
AIRFLOW_CTX_TASK_ID=make_report
AIRFLOW_CTX_EXECUTION_DATE=2022-03-09T08:15:00+00:00
AIRFLOW_CTX_TRY_NUMBER=1
AIRFLOW_CTX_DAG_RUN_ID=scheduled__2022-03-09T08:15:00+00:00
[2022-12-26T13:53:37.198+0000] {python.py:177} INFO - Done. Returned value was: None
[2022-12-26T13:53:37.229+0000] {taskinstance.py:1406} INFO - Marking task as SUCCESS. dag_id=exchange_rates, task_id=make_report, execution_date=20220309T081500, start_date=20221226T135335, end_date=20221226T135337
[2022-12-26T13:53:37.374+0000] {local_task_job.py:164} INFO - Task exited with return code 0
[2022-12-26T13:53:37.391+0000] {local_task_job.py:273} INFO - 0 downstream tasks scheduled from follow-on schedule check
[2023-01-01T14:37:59.409+0000] {taskinstance.py:1165} INFO - Dependencies all met for <TaskInstance: exchange_rates.make_report scheduled__2022-03-09T08:15:00+00:00 [queued]>
[2023-01-01T14:37:59.441+0000] {taskinstance.py:1165} INFO - Dependencies all met for <TaskInstance: exchange_rates.make_report scheduled__2022-03-09T08:15:00+00:00 [queued]>
[2023-01-01T14:37:59.443+0000] {taskinstance.py:1362} INFO - 
--------------------------------------------------------------------------------
[2023-01-01T14:37:59.445+0000] {taskinstance.py:1363} INFO - Starting attempt 1 of 1
[2023-01-01T14:37:59.446+0000] {taskinstance.py:1364} INFO - 
--------------------------------------------------------------------------------
[2023-01-01T14:37:59.482+0000] {taskinstance.py:1383} INFO - Executing <Task(PythonOperator): make_report> on 2022-03-09 08:15:00+00:00
[2023-01-01T14:37:59.497+0000] {standard_task_runner.py:54} INFO - Started process 5621 to run task
[2023-01-01T14:37:59.506+0000] {standard_task_runner.py:82} INFO - Running: ['***', 'tasks', 'run', 'exchange_rates', 'make_report', 'scheduled__2022-03-09T08:15:00+00:00', '--job-id', '8698', '--raw', '--subdir', 'DAGS_FOLDER/exchange_rates.py', '--cfg-path', '/tmp/tmpap1hmwz8']
[2023-01-01T14:37:59.519+0000] {standard_task_runner.py:83} INFO - Job 8698: Subtask make_report
[2023-01-01T14:37:59.521+0000] {dagbag.py:525} INFO - Filling up the DagBag from /opt/***/dags/exchange_rates.py
[2023-01-01T14:37:59.705+0000] {taskmixin.py:205} WARNING - Dependency <Task(CurrencyScoopOperator): get_rate_AMD_RUB>, insert_rate_AMD_RUB already registered for DAG: exchange_rates
[2023-01-01T14:37:59.711+0000] {taskmixin.py:205} WARNING - Dependency <Task(PostgresOperator): insert_rate_AMD_RUB>, get_rate_AMD_RUB already registered for DAG: exchange_rates
[2023-01-01T14:37:59.900+0000] {task_command.py:384} INFO - Running <TaskInstance: exchange_rates.make_report scheduled__2022-03-09T08:15:00+00:00 [running]> on host d383fbf2a8e7
[2023-01-01T14:38:00.106+0000] {taskinstance.py:1592} INFO - Exporting the following env vars:
AIRFLOW_CTX_DAG_OWNER=***
AIRFLOW_CTX_DAG_ID=exchange_rates
AIRFLOW_CTX_TASK_ID=make_report
AIRFLOW_CTX_EXECUTION_DATE=2022-03-09T08:15:00+00:00
AIRFLOW_CTX_TRY_NUMBER=1
AIRFLOW_CTX_DAG_RUN_ID=scheduled__2022-03-09T08:15:00+00:00
[2023-01-01T14:38:01.578+0000] {python.py:177} INFO - Done. Returned value was: None
[2023-01-01T14:38:01.587+0000] {taskinstance.py:1406} INFO - Marking task as SUCCESS. dag_id=exchange_rates, task_id=make_report, execution_date=20220309T081500, start_date=20230101T143759, end_date=20230101T143801
[2023-01-01T14:38:01.685+0000] {local_task_job.py:164} INFO - Task exited with return code 0
[2023-01-01T14:38:01.702+0000] {local_task_job.py:273} INFO - 0 downstream tasks scheduled from follow-on schedule check
