[2022-12-26T13:54:06.195+0000] {taskinstance.py:1165} INFO - Dependencies all met for <TaskInstance: exchange_rates.insert_rate_EUR_RUB scheduled__2022-03-15T08:15:00+00:00 [queued]>
[2022-12-26T13:54:06.237+0000] {taskinstance.py:1165} INFO - Dependencies all met for <TaskInstance: exchange_rates.insert_rate_EUR_RUB scheduled__2022-03-15T08:15:00+00:00 [queued]>
[2022-12-26T13:54:06.238+0000] {taskinstance.py:1362} INFO - 
--------------------------------------------------------------------------------
[2022-12-26T13:54:06.239+0000] {taskinstance.py:1363} INFO - Starting attempt 1 of 1
[2022-12-26T13:54:06.240+0000] {taskinstance.py:1364} INFO - 
--------------------------------------------------------------------------------
[2022-12-26T13:54:06.310+0000] {taskinstance.py:1383} INFO - Executing <Task(PostgresOperator): insert_rate_EUR_RUB> on 2022-03-15 08:15:00+00:00
[2022-12-26T13:54:06.329+0000] {standard_task_runner.py:54} INFO - Started process 5333 to run task
[2022-12-26T13:54:06.343+0000] {standard_task_runner.py:82} INFO - Running: ['***', 'tasks', 'run', 'exchange_rates', 'insert_rate_EUR_RUB', 'scheduled__2022-03-15T08:15:00+00:00', '--job-id', '2869', '--raw', '--subdir', 'DAGS_FOLDER/exchange_rates.py', '--cfg-path', '/tmp/tmpsdta2bj4']
[2022-12-26T13:54:06.352+0000] {standard_task_runner.py:83} INFO - Job 2869: Subtask insert_rate_EUR_RUB
[2022-12-26T13:54:06.354+0000] {dagbag.py:525} INFO - Filling up the DagBag from /opt/***/dags/exchange_rates.py
[2022-12-26T13:54:06.684+0000] {taskmixin.py:205} WARNING - Dependency <Task(CurrencyScoopOperator): get_rate_AMD_RUB>, insert_rate_AMD_RUB already registered for DAG: exchange_rates
[2022-12-26T13:54:06.686+0000] {taskmixin.py:205} WARNING - Dependency <Task(PostgresOperator): insert_rate_AMD_RUB>, get_rate_AMD_RUB already registered for DAG: exchange_rates
[2022-12-26T13:54:06.948+0000] {task_command.py:384} INFO - Running <TaskInstance: exchange_rates.insert_rate_EUR_RUB scheduled__2022-03-15T08:15:00+00:00 [running]> on host d383fbf2a8e7
[2022-12-26T13:54:07.022+0000] {warnings.py:110} WARNING - /home/***/.local/lib/python3.7/site-packages/***/utils/context.py:204: AirflowContextDeprecationWarning: Accessing 'execution_date' from the template is deprecated and will be removed in a future version. Please use 'data_interval_start' or 'logical_date' instead.
  warnings.warn(_create_deprecation_warning(key, self._deprecation_replacements[key]))

[2022-12-26T13:54:07.229+0000] {taskinstance.py:1592} INFO - Exporting the following env vars:
AIRFLOW_CTX_DAG_OWNER=***
AIRFLOW_CTX_DAG_ID=exchange_rates
AIRFLOW_CTX_TASK_ID=insert_rate_EUR_RUB
AIRFLOW_CTX_EXECUTION_DATE=2022-03-15T08:15:00+00:00
AIRFLOW_CTX_TRY_NUMBER=1
AIRFLOW_CTX_DAG_RUN_ID=scheduled__2022-03-15T08:15:00+00:00
[2022-12-26T13:54:07.242+0000] {base.py:71} INFO - Using connection ID 'postgres_default' for task execution.
[2022-12-26T13:54:07.248+0000] {sql.py:315} INFO - Running statement: INSERT INTO
    exchange_rates
VALUES ('EUR', 'RUB', 122.08709068, '2022-03-15')
ON CONFLICT (base, currency, date) DO
    UPDATE
        SET rate = excluded.rate;, parameters: None
[2022-12-26T13:54:07.249+0000] {sql.py:324} INFO - Rows affected: 1
[2022-12-26T13:54:07.266+0000] {taskinstance.py:1406} INFO - Marking task as SUCCESS. dag_id=exchange_rates, task_id=insert_rate_EUR_RUB, execution_date=20220315T081500, start_date=20221226T135406, end_date=20221226T135407
[2022-12-26T13:54:07.368+0000] {local_task_job.py:164} INFO - Task exited with return code 0
[2022-12-26T13:54:07.408+0000] {local_task_job.py:273} INFO - 0 downstream tasks scheduled from follow-on schedule check
[2023-01-01T14:38:28.938+0000] {taskinstance.py:1165} INFO - Dependencies all met for <TaskInstance: exchange_rates.insert_rate_EUR_RUB scheduled__2022-03-15T08:15:00+00:00 [queued]>
[2023-01-01T14:38:28.984+0000] {taskinstance.py:1165} INFO - Dependencies all met for <TaskInstance: exchange_rates.insert_rate_EUR_RUB scheduled__2022-03-15T08:15:00+00:00 [queued]>
[2023-01-01T14:38:28.984+0000] {taskinstance.py:1362} INFO - 
--------------------------------------------------------------------------------
[2023-01-01T14:38:28.988+0000] {taskinstance.py:1363} INFO - Starting attempt 1 of 1
[2023-01-01T14:38:28.988+0000] {taskinstance.py:1364} INFO - 
--------------------------------------------------------------------------------
[2023-01-01T14:38:29.054+0000] {taskinstance.py:1383} INFO - Executing <Task(PostgresOperator): insert_rate_EUR_RUB> on 2022-03-15 08:15:00+00:00
[2023-01-01T14:38:29.082+0000] {standard_task_runner.py:54} INFO - Started process 5979 to run task
[2023-01-01T14:38:29.107+0000] {standard_task_runner.py:82} INFO - Running: ['***', 'tasks', 'run', 'exchange_rates', 'insert_rate_EUR_RUB', 'scheduled__2022-03-15T08:15:00+00:00', '--job-id', '8855', '--raw', '--subdir', 'DAGS_FOLDER/exchange_rates.py', '--cfg-path', '/tmp/tmp885rsxwa']
[2023-01-01T14:38:29.123+0000] {standard_task_runner.py:83} INFO - Job 8855: Subtask insert_rate_EUR_RUB
[2023-01-01T14:38:29.124+0000] {dagbag.py:525} INFO - Filling up the DagBag from /opt/***/dags/exchange_rates.py
[2023-01-01T14:38:29.265+0000] {taskmixin.py:205} WARNING - Dependency <Task(CurrencyScoopOperator): get_rate_AMD_RUB>, insert_rate_AMD_RUB already registered for DAG: exchange_rates
[2023-01-01T14:38:29.266+0000] {taskmixin.py:205} WARNING - Dependency <Task(PostgresOperator): insert_rate_AMD_RUB>, get_rate_AMD_RUB already registered for DAG: exchange_rates
[2023-01-01T14:38:29.360+0000] {task_command.py:384} INFO - Running <TaskInstance: exchange_rates.insert_rate_EUR_RUB scheduled__2022-03-15T08:15:00+00:00 [running]> on host d383fbf2a8e7
[2023-01-01T14:38:29.420+0000] {warnings.py:110} WARNING - /home/***/.local/lib/python3.7/site-packages/***/utils/context.py:204: AirflowContextDeprecationWarning: Accessing 'execution_date' from the template is deprecated and will be removed in a future version. Please use 'data_interval_start' or 'logical_date' instead.
  warnings.warn(_create_deprecation_warning(key, self._deprecation_replacements[key]))

[2023-01-01T14:38:29.516+0000] {taskinstance.py:1592} INFO - Exporting the following env vars:
AIRFLOW_CTX_DAG_OWNER=***
AIRFLOW_CTX_DAG_ID=exchange_rates
AIRFLOW_CTX_TASK_ID=insert_rate_EUR_RUB
AIRFLOW_CTX_EXECUTION_DATE=2022-03-15T08:15:00+00:00
AIRFLOW_CTX_TRY_NUMBER=1
AIRFLOW_CTX_DAG_RUN_ID=scheduled__2022-03-15T08:15:00+00:00
[2023-01-01T14:38:29.526+0000] {base.py:71} INFO - Using connection ID 'postgres_default' for task execution.
[2023-01-01T14:38:29.530+0000] {sql.py:315} INFO - Running statement: INSERT INTO
    exchange_rates
VALUES ('EUR', 'RUB', 122.08709068, '2022-03-15')
ON CONFLICT (base, currency, date) DO
    UPDATE
        SET rate = excluded.rate;, parameters: None
[2023-01-01T14:38:29.531+0000] {sql.py:324} INFO - Rows affected: 1
[2023-01-01T14:38:29.548+0000] {taskinstance.py:1406} INFO - Marking task as SUCCESS. dag_id=exchange_rates, task_id=insert_rate_EUR_RUB, execution_date=20220315T081500, start_date=20230101T143828, end_date=20230101T143829
[2023-01-01T14:38:29.639+0000] {local_task_job.py:164} INFO - Task exited with return code 0
[2023-01-01T14:38:29.702+0000] {local_task_job.py:273} INFO - 0 downstream tasks scheduled from follow-on schedule check
