[2022-12-26T13:55:47.729+0000] {taskinstance.py:1165} INFO - Dependencies all met for <TaskInstance: exchange_rates.insert_rate_RUB_USD scheduled__2022-04-27T08:15:00+00:00 [queued]>
[2022-12-26T13:55:47.775+0000] {taskinstance.py:1165} INFO - Dependencies all met for <TaskInstance: exchange_rates.insert_rate_RUB_USD scheduled__2022-04-27T08:15:00+00:00 [queued]>
[2022-12-26T13:55:47.776+0000] {taskinstance.py:1362} INFO - 
--------------------------------------------------------------------------------
[2022-12-26T13:55:47.777+0000] {taskinstance.py:1363} INFO - Starting attempt 1 of 1
[2022-12-26T13:55:47.778+0000] {taskinstance.py:1364} INFO - 
--------------------------------------------------------------------------------
[2022-12-26T13:55:47.838+0000] {taskinstance.py:1383} INFO - Executing <Task(PostgresOperator): insert_rate_RUB_USD> on 2022-04-27 08:15:00+00:00
[2022-12-26T13:55:47.847+0000] {standard_task_runner.py:54} INFO - Started process 6448 to run task
[2022-12-26T13:55:47.884+0000] {standard_task_runner.py:82} INFO - Running: ['***', 'tasks', 'run', 'exchange_rates', 'insert_rate_RUB_USD', 'scheduled__2022-04-27T08:15:00+00:00', '--job-id', '3379', '--raw', '--subdir', 'DAGS_FOLDER/exchange_rates.py', '--cfg-path', '/tmp/tmp4wyp7wcc']
[2022-12-26T13:55:47.888+0000] {standard_task_runner.py:83} INFO - Job 3379: Subtask insert_rate_RUB_USD
[2022-12-26T13:55:47.892+0000] {dagbag.py:525} INFO - Filling up the DagBag from /opt/***/dags/exchange_rates.py
[2022-12-26T13:55:48.093+0000] {taskmixin.py:205} WARNING - Dependency <Task(CurrencyScoopOperator): get_rate_AMD_RUB>, insert_rate_AMD_RUB already registered for DAG: exchange_rates
[2022-12-26T13:55:48.096+0000] {taskmixin.py:205} WARNING - Dependency <Task(PostgresOperator): insert_rate_AMD_RUB>, get_rate_AMD_RUB already registered for DAG: exchange_rates
[2022-12-26T13:55:48.311+0000] {task_command.py:384} INFO - Running <TaskInstance: exchange_rates.insert_rate_RUB_USD scheduled__2022-04-27T08:15:00+00:00 [running]> on host d383fbf2a8e7
[2022-12-26T13:55:48.429+0000] {warnings.py:110} WARNING - /home/***/.local/lib/python3.7/site-packages/***/utils/context.py:204: AirflowContextDeprecationWarning: Accessing 'execution_date' from the template is deprecated and will be removed in a future version. Please use 'data_interval_start' or 'logical_date' instead.
  warnings.warn(_create_deprecation_warning(key, self._deprecation_replacements[key]))

[2022-12-26T13:55:48.631+0000] {taskinstance.py:1592} INFO - Exporting the following env vars:
AIRFLOW_CTX_DAG_OWNER=***
AIRFLOW_CTX_DAG_ID=exchange_rates
AIRFLOW_CTX_TASK_ID=insert_rate_RUB_USD
AIRFLOW_CTX_EXECUTION_DATE=2022-04-27T08:15:00+00:00
AIRFLOW_CTX_TRY_NUMBER=1
AIRFLOW_CTX_DAG_RUN_ID=scheduled__2022-04-27T08:15:00+00:00
[2022-12-26T13:55:48.671+0000] {base.py:71} INFO - Using connection ID 'postgres_default' for task execution.
[2022-12-26T13:55:48.695+0000] {sql.py:315} INFO - Running statement: INSERT INTO
    exchange_rates
VALUES ('RUB', 'USD', 0.01347971, '2022-04-27')
ON CONFLICT (base, currency, date) DO
    UPDATE
        SET rate = excluded.rate;, parameters: None
[2022-12-26T13:55:48.703+0000] {sql.py:324} INFO - Rows affected: 1
[2022-12-26T13:55:48.718+0000] {taskinstance.py:1406} INFO - Marking task as SUCCESS. dag_id=exchange_rates, task_id=insert_rate_RUB_USD, execution_date=20220427T081500, start_date=20221226T135547, end_date=20221226T135548
[2022-12-26T13:55:48.839+0000] {local_task_job.py:164} INFO - Task exited with return code 0
[2022-12-26T13:55:48.907+0000] {local_task_job.py:273} INFO - 0 downstream tasks scheduled from follow-on schedule check
[2023-01-01T14:39:55.462+0000] {taskinstance.py:1165} INFO - Dependencies all met for <TaskInstance: exchange_rates.insert_rate_RUB_USD scheduled__2022-04-27T08:15:00+00:00 [queued]>
[2023-01-01T14:39:55.487+0000] {taskinstance.py:1165} INFO - Dependencies all met for <TaskInstance: exchange_rates.insert_rate_RUB_USD scheduled__2022-04-27T08:15:00+00:00 [queued]>
[2023-01-01T14:39:55.492+0000] {taskinstance.py:1362} INFO - 
--------------------------------------------------------------------------------
[2023-01-01T14:39:55.500+0000] {taskinstance.py:1363} INFO - Starting attempt 1 of 1
[2023-01-01T14:39:55.501+0000] {taskinstance.py:1364} INFO - 
--------------------------------------------------------------------------------
[2023-01-01T14:39:55.534+0000] {taskinstance.py:1383} INFO - Executing <Task(PostgresOperator): insert_rate_RUB_USD> on 2022-04-27 08:15:00+00:00
[2023-01-01T14:39:55.549+0000] {standard_task_runner.py:54} INFO - Started process 7083 to run task
[2023-01-01T14:39:55.608+0000] {standard_task_runner.py:82} INFO - Running: ['***', 'tasks', 'run', 'exchange_rates', 'insert_rate_RUB_USD', 'scheduled__2022-04-27T08:15:00+00:00', '--job-id', '9369', '--raw', '--subdir', 'DAGS_FOLDER/exchange_rates.py', '--cfg-path', '/tmp/tmpgmsc7rny']
[2023-01-01T14:39:55.609+0000] {standard_task_runner.py:83} INFO - Job 9369: Subtask insert_rate_RUB_USD
[2023-01-01T14:39:55.610+0000] {dagbag.py:525} INFO - Filling up the DagBag from /opt/***/dags/exchange_rates.py
[2023-01-01T14:39:55.757+0000] {taskmixin.py:205} WARNING - Dependency <Task(CurrencyScoopOperator): get_rate_AMD_RUB>, insert_rate_AMD_RUB already registered for DAG: exchange_rates
[2023-01-01T14:39:55.764+0000] {taskmixin.py:205} WARNING - Dependency <Task(PostgresOperator): insert_rate_AMD_RUB>, get_rate_AMD_RUB already registered for DAG: exchange_rates
[2023-01-01T14:39:55.902+0000] {task_command.py:384} INFO - Running <TaskInstance: exchange_rates.insert_rate_RUB_USD scheduled__2022-04-27T08:15:00+00:00 [running]> on host d383fbf2a8e7
[2023-01-01T14:39:55.956+0000] {warnings.py:110} WARNING - /home/***/.local/lib/python3.7/site-packages/***/utils/context.py:204: AirflowContextDeprecationWarning: Accessing 'execution_date' from the template is deprecated and will be removed in a future version. Please use 'data_interval_start' or 'logical_date' instead.
  warnings.warn(_create_deprecation_warning(key, self._deprecation_replacements[key]))

[2023-01-01T14:39:56.068+0000] {taskinstance.py:1592} INFO - Exporting the following env vars:
AIRFLOW_CTX_DAG_OWNER=***
AIRFLOW_CTX_DAG_ID=exchange_rates
AIRFLOW_CTX_TASK_ID=insert_rate_RUB_USD
AIRFLOW_CTX_EXECUTION_DATE=2022-04-27T08:15:00+00:00
AIRFLOW_CTX_TRY_NUMBER=1
AIRFLOW_CTX_DAG_RUN_ID=scheduled__2022-04-27T08:15:00+00:00
[2023-01-01T14:39:56.087+0000] {base.py:71} INFO - Using connection ID 'postgres_default' for task execution.
[2023-01-01T14:39:56.093+0000] {sql.py:315} INFO - Running statement: INSERT INTO
    exchange_rates
VALUES ('RUB', 'USD', 0.01347971, '2022-04-27')
ON CONFLICT (base, currency, date) DO
    UPDATE
        SET rate = excluded.rate;, parameters: None
[2023-01-01T14:39:56.098+0000] {sql.py:324} INFO - Rows affected: 1
[2023-01-01T14:39:56.110+0000] {taskinstance.py:1406} INFO - Marking task as SUCCESS. dag_id=exchange_rates, task_id=insert_rate_RUB_USD, execution_date=20220427T081500, start_date=20230101T143955, end_date=20230101T143956
[2023-01-01T14:39:56.190+0000] {local_task_job.py:164} INFO - Task exited with return code 0
[2023-01-01T14:39:56.287+0000] {local_task_job.py:273} INFO - 0 downstream tasks scheduled from follow-on schedule check
