[2022-12-26T13:50:29.438+0000] {taskinstance.py:1165} INFO - Dependencies all met for <TaskInstance: exchange_rates.make_report scheduled__2022-01-04T08:15:00+00:00 [queued]>
[2022-12-26T13:50:29.469+0000] {taskinstance.py:1165} INFO - Dependencies all met for <TaskInstance: exchange_rates.make_report scheduled__2022-01-04T08:15:00+00:00 [queued]>
[2022-12-26T13:50:29.470+0000] {taskinstance.py:1362} INFO - 
--------------------------------------------------------------------------------
[2022-12-26T13:50:29.470+0000] {taskinstance.py:1363} INFO - Starting attempt 1 of 1
[2022-12-26T13:50:29.471+0000] {taskinstance.py:1364} INFO - 
--------------------------------------------------------------------------------
[2022-12-26T13:50:29.502+0000] {taskinstance.py:1383} INFO - Executing <Task(PythonOperator): make_report> on 2022-01-04 08:15:00+00:00
[2022-12-26T13:50:29.514+0000] {standard_task_runner.py:54} INFO - Started process 3032 to run task
[2022-12-26T13:50:29.545+0000] {standard_task_runner.py:82} INFO - Running: ['***', 'tasks', 'run', 'exchange_rates', 'make_report', 'scheduled__2022-01-04T08:15:00+00:00', '--job-id', '1832', '--raw', '--subdir', 'DAGS_FOLDER/exchange_rates.py', '--cfg-path', '/tmp/tmpvoqs9r_j']
[2022-12-26T13:50:29.554+0000] {standard_task_runner.py:83} INFO - Job 1832: Subtask make_report
[2022-12-26T13:50:29.557+0000] {dagbag.py:525} INFO - Filling up the DagBag from /opt/***/dags/exchange_rates.py
[2022-12-26T13:50:30.030+0000] {taskmixin.py:205} WARNING - Dependency <Task(CurrencyScoopOperator): get_rate_AMD_RUB>, insert_rate_AMD_RUB already registered for DAG: exchange_rates
[2022-12-26T13:50:30.033+0000] {taskmixin.py:205} WARNING - Dependency <Task(PostgresOperator): insert_rate_AMD_RUB>, get_rate_AMD_RUB already registered for DAG: exchange_rates
[2022-12-26T13:50:30.419+0000] {task_command.py:384} INFO - Running <TaskInstance: exchange_rates.make_report scheduled__2022-01-04T08:15:00+00:00 [running]> on host d383fbf2a8e7
[2022-12-26T13:50:30.627+0000] {taskinstance.py:1592} INFO - Exporting the following env vars:
AIRFLOW_CTX_DAG_OWNER=***
AIRFLOW_CTX_DAG_ID=exchange_rates
AIRFLOW_CTX_TASK_ID=make_report
AIRFLOW_CTX_EXECUTION_DATE=2022-01-04T08:15:00+00:00
AIRFLOW_CTX_TRY_NUMBER=1
AIRFLOW_CTX_DAG_RUN_ID=scheduled__2022-01-04T08:15:00+00:00
[2022-12-26T13:50:31.512+0000] {python.py:177} INFO - Done. Returned value was: None
[2022-12-26T13:50:31.523+0000] {taskinstance.py:1406} INFO - Marking task as SUCCESS. dag_id=exchange_rates, task_id=make_report, execution_date=20220104T081500, start_date=20221226T135029, end_date=20221226T135031
[2022-12-26T13:50:31.606+0000] {local_task_job.py:164} INFO - Task exited with return code 0
[2022-12-26T13:50:31.623+0000] {local_task_job.py:273} INFO - 0 downstream tasks scheduled from follow-on schedule check
[2023-01-01T14:35:05.248+0000] {taskinstance.py:1165} INFO - Dependencies all met for <TaskInstance: exchange_rates.make_report scheduled__2022-01-04T08:15:00+00:00 [queued]>
[2023-01-01T14:35:05.258+0000] {taskinstance.py:1165} INFO - Dependencies all met for <TaskInstance: exchange_rates.make_report scheduled__2022-01-04T08:15:00+00:00 [queued]>
[2023-01-01T14:35:05.258+0000] {taskinstance.py:1362} INFO - 
--------------------------------------------------------------------------------
[2023-01-01T14:35:05.260+0000] {taskinstance.py:1363} INFO - Starting attempt 1 of 1
[2023-01-01T14:35:05.261+0000] {taskinstance.py:1364} INFO - 
--------------------------------------------------------------------------------
[2023-01-01T14:35:05.273+0000] {taskinstance.py:1383} INFO - Executing <Task(PythonOperator): make_report> on 2022-01-04 08:15:00+00:00
[2023-01-01T14:35:05.278+0000] {standard_task_runner.py:54} INFO - Started process 3675 to run task
[2023-01-01T14:35:05.289+0000] {standard_task_runner.py:82} INFO - Running: ['***', 'tasks', 'run', 'exchange_rates', 'make_report', 'scheduled__2022-01-04T08:15:00+00:00', '--job-id', '7805', '--raw', '--subdir', 'DAGS_FOLDER/exchange_rates.py', '--cfg-path', '/tmp/tmp8uj2uzdc']
[2023-01-01T14:35:05.290+0000] {standard_task_runner.py:83} INFO - Job 7805: Subtask make_report
[2023-01-01T14:35:05.291+0000] {dagbag.py:525} INFO - Filling up the DagBag from /opt/***/dags/exchange_rates.py
[2023-01-01T14:35:05.337+0000] {taskmixin.py:205} WARNING - Dependency <Task(CurrencyScoopOperator): get_rate_AMD_RUB>, insert_rate_AMD_RUB already registered for DAG: exchange_rates
[2023-01-01T14:35:05.337+0000] {taskmixin.py:205} WARNING - Dependency <Task(PostgresOperator): insert_rate_AMD_RUB>, get_rate_AMD_RUB already registered for DAG: exchange_rates
[2023-01-01T14:35:05.391+0000] {task_command.py:384} INFO - Running <TaskInstance: exchange_rates.make_report scheduled__2022-01-04T08:15:00+00:00 [running]> on host d383fbf2a8e7
[2023-01-01T14:35:05.448+0000] {taskinstance.py:1592} INFO - Exporting the following env vars:
AIRFLOW_CTX_DAG_OWNER=***
AIRFLOW_CTX_DAG_ID=exchange_rates
AIRFLOW_CTX_TASK_ID=make_report
AIRFLOW_CTX_EXECUTION_DATE=2022-01-04T08:15:00+00:00
AIRFLOW_CTX_TRY_NUMBER=1
AIRFLOW_CTX_DAG_RUN_ID=scheduled__2022-01-04T08:15:00+00:00
[2023-01-01T14:35:05.785+0000] {python.py:177} INFO - Done. Returned value was: None
[2023-01-01T14:35:05.792+0000] {taskinstance.py:1406} INFO - Marking task as SUCCESS. dag_id=exchange_rates, task_id=make_report, execution_date=20220104T081500, start_date=20230101T143505, end_date=20230101T143505
[2023-01-01T14:35:05.854+0000] {local_task_job.py:164} INFO - Task exited with return code 0
[2023-01-01T14:35:05.909+0000] {local_task_job.py:273} INFO - 0 downstream tasks scheduled from follow-on schedule check
