[2022-12-26T14:04:40.359+0000] {taskinstance.py:1165} INFO - Dependencies all met for <TaskInstance: exchange_rates.get_rate_USD_RUB scheduled__2022-12-12T08:15:00+00:00 [queued]>
[2022-12-26T14:04:40.376+0000] {taskinstance.py:1165} INFO - Dependencies all met for <TaskInstance: exchange_rates.get_rate_USD_RUB scheduled__2022-12-12T08:15:00+00:00 [queued]>
[2022-12-26T14:04:40.377+0000] {taskinstance.py:1362} INFO - 
--------------------------------------------------------------------------------
[2022-12-26T14:04:40.377+0000] {taskinstance.py:1363} INFO - Starting attempt 1 of 1
[2022-12-26T14:04:40.378+0000] {taskinstance.py:1364} INFO - 
--------------------------------------------------------------------------------
[2022-12-26T14:04:40.424+0000] {taskinstance.py:1383} INFO - Executing <Task(CurrencyScoopOperator): get_rate_USD_RUB> on 2022-12-12 08:15:00+00:00
[2022-12-26T14:04:40.439+0000] {standard_task_runner.py:54} INFO - Started process 12342 to run task
[2022-12-26T14:04:40.485+0000] {standard_task_runner.py:82} INFO - Running: ['***', 'tasks', 'run', 'exchange_rates', 'get_rate_USD_RUB', 'scheduled__2022-12-12T08:15:00+00:00', '--job-id', '6073', '--raw', '--subdir', 'DAGS_FOLDER/exchange_rates.py', '--cfg-path', '/tmp/tmpnwtrigi_']
[2022-12-26T14:04:40.495+0000] {standard_task_runner.py:83} INFO - Job 6073: Subtask get_rate_USD_RUB
[2022-12-26T14:04:40.500+0000] {dagbag.py:525} INFO - Filling up the DagBag from /opt/***/dags/exchange_rates.py
[2022-12-26T14:04:40.587+0000] {taskmixin.py:205} WARNING - Dependency <Task(CurrencyScoopOperator): get_rate_AMD_RUB>, insert_rate_AMD_RUB already registered for DAG: exchange_rates
[2022-12-26T14:04:40.588+0000] {taskmixin.py:205} WARNING - Dependency <Task(PostgresOperator): insert_rate_AMD_RUB>, get_rate_AMD_RUB already registered for DAG: exchange_rates
[2022-12-26T14:04:40.762+0000] {task_command.py:384} INFO - Running <TaskInstance: exchange_rates.get_rate_USD_RUB scheduled__2022-12-12T08:15:00+00:00 [running]> on host d383fbf2a8e7
[2022-12-26T14:04:40.953+0000] {taskinstance.py:1592} INFO - Exporting the following env vars:
AIRFLOW_CTX_DAG_OWNER=***
AIRFLOW_CTX_DAG_ID=exchange_rates
AIRFLOW_CTX_TASK_ID=get_rate_USD_RUB
AIRFLOW_CTX_EXECUTION_DATE=2022-12-12T08:15:00+00:00
AIRFLOW_CTX_TRY_NUMBER=1
AIRFLOW_CTX_DAG_RUN_ID=scheduled__2022-12-12T08:15:00+00:00
[2022-12-26T14:04:40.959+0000] {warnings.py:110} WARNING - /home/***/.local/lib/python3.7/site-packages/***/utils/context.py:204: AirflowContextDeprecationWarning: Accessing 'execution_date' from the template is deprecated and will be removed in a future version. Please use 'data_interval_start' or 'logical_date' instead.
  warnings.warn(_create_deprecation_warning(key, self._deprecation_replacements[key]))

[2022-12-26T14:04:40.999+0000] {base.py:71} INFO - Using connection ID 'currency_conn_id' for task execution.
[2022-12-26T14:04:41.515+0000] {taskinstance.py:1851} ERROR - Task failed with exception
Traceback (most recent call last):
  File "/opt/airflow/dags/exchange_rates.py", line 56, in execute
    return api.get_rate(context['execution_date'].date(), self.base_currency, self.currency)
  File "/opt/airflow/dags/exchange_rates.py", line 31, in get_rate
    response.raise_for_status()
  File "/home/airflow/.local/lib/python3.7/site-packages/requests/models.py", line 1021, in raise_for_status
    raise HTTPError(http_error_msg, response=self)
requests.exceptions.HTTPError: 426 Client Error: Upgrade Required for url: https://api.currencyscoop.com/v1/historical?base=USD&symbols=RUB&api_key=***&date=2022-12-12
[2022-12-26T14:04:41.525+0000] {taskinstance.py:1406} INFO - Marking task as FAILED. dag_id=exchange_rates, task_id=get_rate_USD_RUB, execution_date=20221212T081500, start_date=20221226T140440, end_date=20221226T140441
[2022-12-26T14:04:41.565+0000] {standard_task_runner.py:107} ERROR - Failed to execute job 6073 for task get_rate_USD_RUB (426 Client Error: Upgrade Required for url: https://api.currencyscoop.com/v1/historical?base=USD&symbols=RUB&api_key=***&date=2022-12-12; 12342)
[2022-12-26T14:04:41.671+0000] {local_task_job.py:164} INFO - Task exited with return code 1
[2022-12-26T14:04:41.714+0000] {local_task_job.py:273} INFO - 0 downstream tasks scheduled from follow-on schedule check
[2023-01-01T14:49:56.733+0000] {taskinstance.py:1165} INFO - Dependencies all met for <TaskInstance: exchange_rates.get_rate_USD_RUB scheduled__2022-12-12T08:15:00+00:00 [queued]>
[2023-01-01T14:49:56.757+0000] {taskinstance.py:1165} INFO - Dependencies all met for <TaskInstance: exchange_rates.get_rate_USD_RUB scheduled__2022-12-12T08:15:00+00:00 [queued]>
[2023-01-01T14:49:56.760+0000] {taskinstance.py:1362} INFO - 
--------------------------------------------------------------------------------
[2023-01-01T14:49:56.760+0000] {taskinstance.py:1363} INFO - Starting attempt 1 of 1
[2023-01-01T14:49:56.761+0000] {taskinstance.py:1364} INFO - 
--------------------------------------------------------------------------------
[2023-01-01T14:49:56.882+0000] {taskinstance.py:1383} INFO - Executing <Task(CurrencyScoopOperator): get_rate_USD_RUB> on 2022-12-12 08:15:00+00:00
[2023-01-01T14:49:56.885+0000] {standard_task_runner.py:54} INFO - Started process 14132 to run task
[2023-01-01T14:49:56.930+0000] {standard_task_runner.py:82} INFO - Running: ['***', 'tasks', 'run', 'exchange_rates', 'get_rate_USD_RUB', 'scheduled__2022-12-12T08:15:00+00:00', '--job-id', '12573', '--raw', '--subdir', 'DAGS_FOLDER/exchange_rates.py', '--cfg-path', '/tmp/tmpdi8a2bok']
[2023-01-01T14:49:56.935+0000] {standard_task_runner.py:83} INFO - Job 12573: Subtask get_rate_USD_RUB
[2023-01-01T14:49:56.936+0000] {dagbag.py:525} INFO - Filling up the DagBag from /opt/***/dags/exchange_rates.py
[2023-01-01T14:49:57.315+0000] {taskmixin.py:205} WARNING - Dependency <Task(CurrencyScoopOperator): get_rate_AMD_RUB>, insert_rate_AMD_RUB already registered for DAG: exchange_rates
[2023-01-01T14:49:57.318+0000] {taskmixin.py:205} WARNING - Dependency <Task(PostgresOperator): insert_rate_AMD_RUB>, get_rate_AMD_RUB already registered for DAG: exchange_rates
[2023-01-01T14:49:57.589+0000] {task_command.py:384} INFO - Running <TaskInstance: exchange_rates.get_rate_USD_RUB scheduled__2022-12-12T08:15:00+00:00 [running]> on host d383fbf2a8e7
[2023-01-01T14:49:57.815+0000] {taskinstance.py:1592} INFO - Exporting the following env vars:
AIRFLOW_CTX_DAG_OWNER=***
AIRFLOW_CTX_DAG_ID=exchange_rates
AIRFLOW_CTX_TASK_ID=get_rate_USD_RUB
AIRFLOW_CTX_EXECUTION_DATE=2022-12-12T08:15:00+00:00
AIRFLOW_CTX_TRY_NUMBER=1
AIRFLOW_CTX_DAG_RUN_ID=scheduled__2022-12-12T08:15:00+00:00
[2023-01-01T14:49:57.820+0000] {warnings.py:110} WARNING - /home/***/.local/lib/python3.7/site-packages/***/utils/context.py:204: AirflowContextDeprecationWarning: Accessing 'execution_date' from the template is deprecated and will be removed in a future version. Please use 'data_interval_start' or 'logical_date' instead.
  warnings.warn(_create_deprecation_warning(key, self._deprecation_replacements[key]))

[2023-01-01T14:49:57.875+0000] {base.py:71} INFO - Using connection ID 'currency_conn_id' for task execution.
[2023-01-01T14:49:58.281+0000] {taskinstance.py:1406} INFO - Marking task as SUCCESS. dag_id=exchange_rates, task_id=get_rate_USD_RUB, execution_date=20221212T081500, start_date=20230101T144956, end_date=20230101T144958
[2023-01-01T14:49:58.384+0000] {local_task_job.py:164} INFO - Task exited with return code 0
[2023-01-01T14:49:58.429+0000] {local_task_job.py:273} INFO - 1 downstream tasks scheduled from follow-on schedule check
