[2022-12-26T13:58:21.035+0000] {taskinstance.py:1165} INFO - Dependencies all met for <TaskInstance: exchange_rates.get_rate_USD_RUB scheduled__2022-06-27T08:15:00+00:00 [queued]>
[2022-12-26T13:58:21.078+0000] {taskinstance.py:1165} INFO - Dependencies all met for <TaskInstance: exchange_rates.get_rate_USD_RUB scheduled__2022-06-27T08:15:00+00:00 [queued]>
[2022-12-26T13:58:21.079+0000] {taskinstance.py:1362} INFO - 
--------------------------------------------------------------------------------
[2022-12-26T13:58:21.079+0000] {taskinstance.py:1363} INFO - Starting attempt 1 of 1
[2022-12-26T13:58:21.080+0000] {taskinstance.py:1364} INFO - 
--------------------------------------------------------------------------------
[2022-12-26T13:58:21.142+0000] {taskinstance.py:1383} INFO - Executing <Task(CurrencyScoopOperator): get_rate_USD_RUB> on 2022-06-27 08:15:00+00:00
[2022-12-26T13:58:21.149+0000] {standard_task_runner.py:54} INFO - Started process 8192 to run task
[2022-12-26T13:58:21.156+0000] {standard_task_runner.py:82} INFO - Running: ['***', 'tasks', 'run', 'exchange_rates', 'get_rate_USD_RUB', 'scheduled__2022-06-27T08:15:00+00:00', '--job-id', '4173', '--raw', '--subdir', 'DAGS_FOLDER/exchange_rates.py', '--cfg-path', '/tmp/tmpn7qpyj8o']
[2022-12-26T13:58:21.172+0000] {standard_task_runner.py:83} INFO - Job 4173: Subtask get_rate_USD_RUB
[2022-12-26T13:58:21.173+0000] {dagbag.py:525} INFO - Filling up the DagBag from /opt/***/dags/exchange_rates.py
[2022-12-26T13:58:21.460+0000] {taskmixin.py:205} WARNING - Dependency <Task(CurrencyScoopOperator): get_rate_AMD_RUB>, insert_rate_AMD_RUB already registered for DAG: exchange_rates
[2022-12-26T13:58:21.461+0000] {taskmixin.py:205} WARNING - Dependency <Task(PostgresOperator): insert_rate_AMD_RUB>, get_rate_AMD_RUB already registered for DAG: exchange_rates
[2022-12-26T13:58:21.656+0000] {task_command.py:384} INFO - Running <TaskInstance: exchange_rates.get_rate_USD_RUB scheduled__2022-06-27T08:15:00+00:00 [running]> on host d383fbf2a8e7
[2022-12-26T13:58:21.965+0000] {taskinstance.py:1592} INFO - Exporting the following env vars:
AIRFLOW_CTX_DAG_OWNER=***
AIRFLOW_CTX_DAG_ID=exchange_rates
AIRFLOW_CTX_TASK_ID=get_rate_USD_RUB
AIRFLOW_CTX_EXECUTION_DATE=2022-06-27T08:15:00+00:00
AIRFLOW_CTX_TRY_NUMBER=1
AIRFLOW_CTX_DAG_RUN_ID=scheduled__2022-06-27T08:15:00+00:00
[2022-12-26T13:58:21.970+0000] {warnings.py:110} WARNING - /home/***/.local/lib/python3.7/site-packages/***/utils/context.py:204: AirflowContextDeprecationWarning: Accessing 'execution_date' from the template is deprecated and will be removed in a future version. Please use 'data_interval_start' or 'logical_date' instead.
  warnings.warn(_create_deprecation_warning(key, self._deprecation_replacements[key]))

[2022-12-26T13:58:21.994+0000] {base.py:71} INFO - Using connection ID 'currency_conn_id' for task execution.
[2022-12-26T13:58:22.474+0000] {taskinstance.py:1406} INFO - Marking task as SUCCESS. dag_id=exchange_rates, task_id=get_rate_USD_RUB, execution_date=20220627T081500, start_date=20221226T135821, end_date=20221226T135822
[2022-12-26T13:58:22.576+0000] {local_task_job.py:164} INFO - Task exited with return code 0
[2022-12-26T13:58:22.667+0000] {local_task_job.py:273} INFO - 1 downstream tasks scheduled from follow-on schedule check
[2023-01-01T14:42:29.539+0000] {taskinstance.py:1165} INFO - Dependencies all met for <TaskInstance: exchange_rates.get_rate_USD_RUB scheduled__2022-06-27T08:15:00+00:00 [queued]>
[2023-01-01T14:42:29.579+0000] {taskinstance.py:1165} INFO - Dependencies all met for <TaskInstance: exchange_rates.get_rate_USD_RUB scheduled__2022-06-27T08:15:00+00:00 [queued]>
[2023-01-01T14:42:29.579+0000] {taskinstance.py:1362} INFO - 
--------------------------------------------------------------------------------
[2023-01-01T14:42:29.580+0000] {taskinstance.py:1363} INFO - Starting attempt 1 of 1
[2023-01-01T14:42:29.581+0000] {taskinstance.py:1364} INFO - 
--------------------------------------------------------------------------------
[2023-01-01T14:42:29.636+0000] {taskinstance.py:1383} INFO - Executing <Task(CurrencyScoopOperator): get_rate_USD_RUB> on 2022-06-27 08:15:00+00:00
[2023-01-01T14:42:29.657+0000] {standard_task_runner.py:54} INFO - Started process 8815 to run task
[2023-01-01T14:42:29.687+0000] {standard_task_runner.py:82} INFO - Running: ['***', 'tasks', 'run', 'exchange_rates', 'get_rate_USD_RUB', 'scheduled__2022-06-27T08:15:00+00:00', '--job-id', '10151', '--raw', '--subdir', 'DAGS_FOLDER/exchange_rates.py', '--cfg-path', '/tmp/tmp51ljcwxg']
[2023-01-01T14:42:29.697+0000] {standard_task_runner.py:83} INFO - Job 10151: Subtask get_rate_USD_RUB
[2023-01-01T14:42:29.698+0000] {dagbag.py:525} INFO - Filling up the DagBag from /opt/***/dags/exchange_rates.py
[2023-01-01T14:42:29.985+0000] {taskmixin.py:205} WARNING - Dependency <Task(CurrencyScoopOperator): get_rate_AMD_RUB>, insert_rate_AMD_RUB already registered for DAG: exchange_rates
[2023-01-01T14:42:29.989+0000] {taskmixin.py:205} WARNING - Dependency <Task(PostgresOperator): insert_rate_AMD_RUB>, get_rate_AMD_RUB already registered for DAG: exchange_rates
[2023-01-01T14:42:30.120+0000] {task_command.py:384} INFO - Running <TaskInstance: exchange_rates.get_rate_USD_RUB scheduled__2022-06-27T08:15:00+00:00 [running]> on host d383fbf2a8e7
[2023-01-01T14:42:30.295+0000] {taskinstance.py:1592} INFO - Exporting the following env vars:
AIRFLOW_CTX_DAG_OWNER=***
AIRFLOW_CTX_DAG_ID=exchange_rates
AIRFLOW_CTX_TASK_ID=get_rate_USD_RUB
AIRFLOW_CTX_EXECUTION_DATE=2022-06-27T08:15:00+00:00
AIRFLOW_CTX_TRY_NUMBER=1
AIRFLOW_CTX_DAG_RUN_ID=scheduled__2022-06-27T08:15:00+00:00
[2023-01-01T14:42:30.296+0000] {warnings.py:110} WARNING - /home/***/.local/lib/python3.7/site-packages/***/utils/context.py:204: AirflowContextDeprecationWarning: Accessing 'execution_date' from the template is deprecated and will be removed in a future version. Please use 'data_interval_start' or 'logical_date' instead.
  warnings.warn(_create_deprecation_warning(key, self._deprecation_replacements[key]))

[2023-01-01T14:42:30.308+0000] {base.py:71} INFO - Using connection ID 'currency_conn_id' for task execution.
[2023-01-01T14:42:30.679+0000] {taskinstance.py:1406} INFO - Marking task as SUCCESS. dag_id=exchange_rates, task_id=get_rate_USD_RUB, execution_date=20220627T081500, start_date=20230101T144229, end_date=20230101T144230
[2023-01-01T14:42:30.742+0000] {local_task_job.py:164} INFO - Task exited with return code 0
[2023-01-01T14:42:30.778+0000] {local_task_job.py:273} INFO - 1 downstream tasks scheduled from follow-on schedule check
