[2022-12-26T13:52:02.157+0000] {taskinstance.py:1165} INFO - Dependencies all met for <TaskInstance: exchange_rates.make_report scheduled__2022-01-29T08:15:00+00:00 [queued]>
[2022-12-26T13:52:02.173+0000] {taskinstance.py:1165} INFO - Dependencies all met for <TaskInstance: exchange_rates.make_report scheduled__2022-01-29T08:15:00+00:00 [queued]>
[2022-12-26T13:52:02.174+0000] {taskinstance.py:1362} INFO - 
--------------------------------------------------------------------------------
[2022-12-26T13:52:02.175+0000] {taskinstance.py:1363} INFO - Starting attempt 1 of 1
[2022-12-26T13:52:02.175+0000] {taskinstance.py:1364} INFO - 
--------------------------------------------------------------------------------
[2022-12-26T13:52:02.243+0000] {taskinstance.py:1383} INFO - Executing <Task(PythonOperator): make_report> on 2022-01-29 08:15:00+00:00
[2022-12-26T13:52:02.248+0000] {standard_task_runner.py:54} INFO - Started process 4005 to run task
[2022-12-26T13:52:02.278+0000] {standard_task_runner.py:82} INFO - Running: ['***', 'tasks', 'run', 'exchange_rates', 'make_report', 'scheduled__2022-01-29T08:15:00+00:00', '--job-id', '2274', '--raw', '--subdir', 'DAGS_FOLDER/exchange_rates.py', '--cfg-path', '/tmp/tmpg69mun6m']
[2022-12-26T13:52:02.280+0000] {standard_task_runner.py:83} INFO - Job 2274: Subtask make_report
[2022-12-26T13:52:02.281+0000] {dagbag.py:525} INFO - Filling up the DagBag from /opt/***/dags/exchange_rates.py
[2022-12-26T13:52:02.705+0000] {taskmixin.py:205} WARNING - Dependency <Task(CurrencyScoopOperator): get_rate_AMD_RUB>, insert_rate_AMD_RUB already registered for DAG: exchange_rates
[2022-12-26T13:52:02.711+0000] {taskmixin.py:205} WARNING - Dependency <Task(PostgresOperator): insert_rate_AMD_RUB>, get_rate_AMD_RUB already registered for DAG: exchange_rates
[2022-12-26T13:52:02.857+0000] {task_command.py:384} INFO - Running <TaskInstance: exchange_rates.make_report scheduled__2022-01-29T08:15:00+00:00 [running]> on host d383fbf2a8e7
[2022-12-26T13:52:03.025+0000] {taskinstance.py:1592} INFO - Exporting the following env vars:
AIRFLOW_CTX_DAG_OWNER=***
AIRFLOW_CTX_DAG_ID=exchange_rates
AIRFLOW_CTX_TASK_ID=make_report
AIRFLOW_CTX_EXECUTION_DATE=2022-01-29T08:15:00+00:00
AIRFLOW_CTX_TRY_NUMBER=1
AIRFLOW_CTX_DAG_RUN_ID=scheduled__2022-01-29T08:15:00+00:00
[2022-12-26T13:52:04.460+0000] {python.py:177} INFO - Done. Returned value was: None
[2022-12-26T13:52:04.484+0000] {taskinstance.py:1406} INFO - Marking task as SUCCESS. dag_id=exchange_rates, task_id=make_report, execution_date=20220129T081500, start_date=20221226T135202, end_date=20221226T135204
[2022-12-26T13:52:04.602+0000] {local_task_job.py:164} INFO - Task exited with return code 0
[2022-12-26T13:52:04.627+0000] {local_task_job.py:273} INFO - 0 downstream tasks scheduled from follow-on schedule check
[2023-01-01T14:36:27.717+0000] {taskinstance.py:1165} INFO - Dependencies all met for <TaskInstance: exchange_rates.make_report scheduled__2022-01-29T08:15:00+00:00 [queued]>
[2023-01-01T14:36:27.733+0000] {taskinstance.py:1165} INFO - Dependencies all met for <TaskInstance: exchange_rates.make_report scheduled__2022-01-29T08:15:00+00:00 [queued]>
[2023-01-01T14:36:27.734+0000] {taskinstance.py:1362} INFO - 
--------------------------------------------------------------------------------
[2023-01-01T14:36:27.735+0000] {taskinstance.py:1363} INFO - Starting attempt 1 of 1
[2023-01-01T14:36:27.735+0000] {taskinstance.py:1364} INFO - 
--------------------------------------------------------------------------------
[2023-01-01T14:36:27.769+0000] {taskinstance.py:1383} INFO - Executing <Task(PythonOperator): make_report> on 2022-01-29 08:15:00+00:00
[2023-01-01T14:36:27.777+0000] {standard_task_runner.py:54} INFO - Started process 4640 to run task
[2023-01-01T14:36:27.795+0000] {standard_task_runner.py:82} INFO - Running: ['***', 'tasks', 'run', 'exchange_rates', 'make_report', 'scheduled__2022-01-29T08:15:00+00:00', '--job-id', '8247', '--raw', '--subdir', 'DAGS_FOLDER/exchange_rates.py', '--cfg-path', '/tmp/tmplvm6xwjx']
[2023-01-01T14:36:27.800+0000] {standard_task_runner.py:83} INFO - Job 8247: Subtask make_report
[2023-01-01T14:36:27.802+0000] {dagbag.py:525} INFO - Filling up the DagBag from /opt/***/dags/exchange_rates.py
[2023-01-01T14:36:27.990+0000] {taskmixin.py:205} WARNING - Dependency <Task(CurrencyScoopOperator): get_rate_AMD_RUB>, insert_rate_AMD_RUB already registered for DAG: exchange_rates
[2023-01-01T14:36:27.994+0000] {taskmixin.py:205} WARNING - Dependency <Task(PostgresOperator): insert_rate_AMD_RUB>, get_rate_AMD_RUB already registered for DAG: exchange_rates
[2023-01-01T14:36:28.212+0000] {task_command.py:384} INFO - Running <TaskInstance: exchange_rates.make_report scheduled__2022-01-29T08:15:00+00:00 [running]> on host d383fbf2a8e7
[2023-01-01T14:36:28.409+0000] {taskinstance.py:1592} INFO - Exporting the following env vars:
AIRFLOW_CTX_DAG_OWNER=***
AIRFLOW_CTX_DAG_ID=exchange_rates
AIRFLOW_CTX_TASK_ID=make_report
AIRFLOW_CTX_EXECUTION_DATE=2022-01-29T08:15:00+00:00
AIRFLOW_CTX_TRY_NUMBER=1
AIRFLOW_CTX_DAG_RUN_ID=scheduled__2022-01-29T08:15:00+00:00
[2023-01-01T14:36:28.931+0000] {python.py:177} INFO - Done. Returned value was: None
[2023-01-01T14:36:28.945+0000] {taskinstance.py:1406} INFO - Marking task as SUCCESS. dag_id=exchange_rates, task_id=make_report, execution_date=20220129T081500, start_date=20230101T143627, end_date=20230101T143628
[2023-01-01T14:36:29.028+0000] {local_task_job.py:164} INFO - Task exited with return code 0
[2023-01-01T14:36:29.052+0000] {local_task_job.py:273} INFO - 0 downstream tasks scheduled from follow-on schedule check
