[2022-12-26T13:53:59.012+0000] {taskinstance.py:1165} INFO - Dependencies all met for <TaskInstance: exchange_rates.get_rate_EUR_RUB scheduled__2022-03-25T08:15:00+00:00 [queued]>
[2022-12-26T13:53:59.067+0000] {taskinstance.py:1165} INFO - Dependencies all met for <TaskInstance: exchange_rates.get_rate_EUR_RUB scheduled__2022-03-25T08:15:00+00:00 [queued]>
[2022-12-26T13:53:59.070+0000] {taskinstance.py:1362} INFO - 
--------------------------------------------------------------------------------
[2022-12-26T13:53:59.071+0000] {taskinstance.py:1363} INFO - Starting attempt 1 of 1
[2022-12-26T13:53:59.072+0000] {taskinstance.py:1364} INFO - 
--------------------------------------------------------------------------------
[2022-12-26T13:53:59.155+0000] {taskinstance.py:1383} INFO - Executing <Task(CurrencyScoopOperator): get_rate_EUR_RUB> on 2022-03-25 08:15:00+00:00
[2022-12-26T13:53:59.166+0000] {standard_task_runner.py:54} INFO - Started process 5245 to run task
[2022-12-26T13:53:59.201+0000] {standard_task_runner.py:82} INFO - Running: ['***', 'tasks', 'run', 'exchange_rates', 'get_rate_EUR_RUB', 'scheduled__2022-03-25T08:15:00+00:00', '--job-id', '2834', '--raw', '--subdir', 'DAGS_FOLDER/exchange_rates.py', '--cfg-path', '/tmp/tmp0vna1ntp']
[2022-12-26T13:53:59.205+0000] {standard_task_runner.py:83} INFO - Job 2834: Subtask get_rate_EUR_RUB
[2022-12-26T13:53:59.206+0000] {dagbag.py:525} INFO - Filling up the DagBag from /opt/***/dags/exchange_rates.py
[2022-12-26T13:53:59.469+0000] {taskmixin.py:205} WARNING - Dependency <Task(CurrencyScoopOperator): get_rate_AMD_RUB>, insert_rate_AMD_RUB already registered for DAG: exchange_rates
[2022-12-26T13:53:59.470+0000] {taskmixin.py:205} WARNING - Dependency <Task(PostgresOperator): insert_rate_AMD_RUB>, get_rate_AMD_RUB already registered for DAG: exchange_rates
[2022-12-26T13:53:59.673+0000] {task_command.py:384} INFO - Running <TaskInstance: exchange_rates.get_rate_EUR_RUB scheduled__2022-03-25T08:15:00+00:00 [running]> on host d383fbf2a8e7
[2022-12-26T13:53:59.805+0000] {taskinstance.py:1592} INFO - Exporting the following env vars:
AIRFLOW_CTX_DAG_OWNER=***
AIRFLOW_CTX_DAG_ID=exchange_rates
AIRFLOW_CTX_TASK_ID=get_rate_EUR_RUB
AIRFLOW_CTX_EXECUTION_DATE=2022-03-25T08:15:00+00:00
AIRFLOW_CTX_TRY_NUMBER=1
AIRFLOW_CTX_DAG_RUN_ID=scheduled__2022-03-25T08:15:00+00:00
[2022-12-26T13:53:59.806+0000] {warnings.py:110} WARNING - /home/***/.local/lib/python3.7/site-packages/***/utils/context.py:204: AirflowContextDeprecationWarning: Accessing 'execution_date' from the template is deprecated and will be removed in a future version. Please use 'data_interval_start' or 'logical_date' instead.
  warnings.warn(_create_deprecation_warning(key, self._deprecation_replacements[key]))

[2022-12-26T13:53:59.815+0000] {base.py:71} INFO - Using connection ID 'currency_conn_id' for task execution.
[2022-12-26T13:54:00.557+0000] {taskinstance.py:1406} INFO - Marking task as SUCCESS. dag_id=exchange_rates, task_id=get_rate_EUR_RUB, execution_date=20220325T081500, start_date=20221226T135359, end_date=20221226T135400
[2022-12-26T13:54:00.759+0000] {local_task_job.py:164} INFO - Task exited with return code 0
[2022-12-26T13:54:00.826+0000] {local_task_job.py:273} INFO - 1 downstream tasks scheduled from follow-on schedule check
[2023-01-01T14:38:22.587+0000] {taskinstance.py:1165} INFO - Dependencies all met for <TaskInstance: exchange_rates.get_rate_EUR_RUB scheduled__2022-03-25T08:15:00+00:00 [queued]>
[2023-01-01T14:38:22.633+0000] {taskinstance.py:1165} INFO - Dependencies all met for <TaskInstance: exchange_rates.get_rate_EUR_RUB scheduled__2022-03-25T08:15:00+00:00 [queued]>
[2023-01-01T14:38:22.634+0000] {taskinstance.py:1362} INFO - 
--------------------------------------------------------------------------------
[2023-01-01T14:38:22.636+0000] {taskinstance.py:1363} INFO - Starting attempt 1 of 1
[2023-01-01T14:38:22.637+0000] {taskinstance.py:1364} INFO - 
--------------------------------------------------------------------------------
[2023-01-01T14:38:22.687+0000] {taskinstance.py:1383} INFO - Executing <Task(CurrencyScoopOperator): get_rate_EUR_RUB> on 2022-03-25 08:15:00+00:00
[2023-01-01T14:38:22.703+0000] {standard_task_runner.py:54} INFO - Started process 5888 to run task
[2023-01-01T14:38:22.723+0000] {standard_task_runner.py:82} INFO - Running: ['***', 'tasks', 'run', 'exchange_rates', 'get_rate_EUR_RUB', 'scheduled__2022-03-25T08:15:00+00:00', '--job-id', '8819', '--raw', '--subdir', 'DAGS_FOLDER/exchange_rates.py', '--cfg-path', '/tmp/tmp_ngd7u_n']
[2023-01-01T14:38:22.726+0000] {standard_task_runner.py:83} INFO - Job 8819: Subtask get_rate_EUR_RUB
[2023-01-01T14:38:22.729+0000] {dagbag.py:525} INFO - Filling up the DagBag from /opt/***/dags/exchange_rates.py
[2023-01-01T14:38:22.881+0000] {taskmixin.py:205} WARNING - Dependency <Task(CurrencyScoopOperator): get_rate_AMD_RUB>, insert_rate_AMD_RUB already registered for DAG: exchange_rates
[2023-01-01T14:38:22.882+0000] {taskmixin.py:205} WARNING - Dependency <Task(PostgresOperator): insert_rate_AMD_RUB>, get_rate_AMD_RUB already registered for DAG: exchange_rates
[2023-01-01T14:38:23.011+0000] {task_command.py:384} INFO - Running <TaskInstance: exchange_rates.get_rate_EUR_RUB scheduled__2022-03-25T08:15:00+00:00 [running]> on host d383fbf2a8e7
[2023-01-01T14:38:23.088+0000] {taskinstance.py:1592} INFO - Exporting the following env vars:
AIRFLOW_CTX_DAG_OWNER=***
AIRFLOW_CTX_DAG_ID=exchange_rates
AIRFLOW_CTX_TASK_ID=get_rate_EUR_RUB
AIRFLOW_CTX_EXECUTION_DATE=2022-03-25T08:15:00+00:00
AIRFLOW_CTX_TRY_NUMBER=1
AIRFLOW_CTX_DAG_RUN_ID=scheduled__2022-03-25T08:15:00+00:00
[2023-01-01T14:38:23.089+0000] {warnings.py:110} WARNING - /home/***/.local/lib/python3.7/site-packages/***/utils/context.py:204: AirflowContextDeprecationWarning: Accessing 'execution_date' from the template is deprecated and will be removed in a future version. Please use 'data_interval_start' or 'logical_date' instead.
  warnings.warn(_create_deprecation_warning(key, self._deprecation_replacements[key]))

[2023-01-01T14:38:23.098+0000] {base.py:71} INFO - Using connection ID 'currency_conn_id' for task execution.
[2023-01-01T14:38:23.651+0000] {taskinstance.py:1406} INFO - Marking task as SUCCESS. dag_id=exchange_rates, task_id=get_rate_EUR_RUB, execution_date=20220325T081500, start_date=20230101T143822, end_date=20230101T143823
[2023-01-01T14:38:23.787+0000] {local_task_job.py:164} INFO - Task exited with return code 0
[2023-01-01T14:38:23.895+0000] {local_task_job.py:273} INFO - 1 downstream tasks scheduled from follow-on schedule check
