[2023-01-28T14:03:23.102+0000] {taskinstance.py:1165} INFO - Dependencies all met for <TaskInstance: exchange_rates.wait_10_sec manual__2023-01-28T14:03:17.742414+00:00 [queued]>
[2023-01-28T14:03:23.110+0000] {taskinstance.py:1165} INFO - Dependencies all met for <TaskInstance: exchange_rates.wait_10_sec manual__2023-01-28T14:03:17.742414+00:00 [queued]>
[2023-01-28T14:03:23.111+0000] {taskinstance.py:1362} INFO - 
--------------------------------------------------------------------------------
[2023-01-28T14:03:23.111+0000] {taskinstance.py:1363} INFO - Starting attempt 1 of 1
[2023-01-28T14:03:23.112+0000] {taskinstance.py:1364} INFO - 
--------------------------------------------------------------------------------
[2023-01-28T14:03:23.123+0000] {taskinstance.py:1383} INFO - Executing <Task(PythonOperator): wait_10_sec> on 2023-01-28 14:03:17.742414+00:00
[2023-01-28T14:03:23.127+0000] {standard_task_runner.py:54} INFO - Started process 97 to run task
[2023-01-28T14:03:23.129+0000] {standard_task_runner.py:82} INFO - Running: ['***', 'tasks', 'run', 'exchange_rates', 'wait_10_sec', 'manual__2023-01-28T14:03:17.742414+00:00', '--job-id', '13333', '--raw', '--subdir', 'DAGS_FOLDER/exchange_rates.py', '--cfg-path', '/tmp/tmplcplz5x2']
[2023-01-28T14:03:23.130+0000] {standard_task_runner.py:83} INFO - Job 13333: Subtask wait_10_sec
[2023-01-28T14:03:23.131+0000] {dagbag.py:525} INFO - Filling up the DagBag from /opt/***/dags/exchange_rates.py
[2023-01-28T14:03:23.197+0000] {taskmixin.py:205} WARNING - Dependency <Task(CurrencyScoopOperator): get_rate_AMD_RUB>, insert_rate_AMD_RUB already registered for DAG: exchange_rates
[2023-01-28T14:03:23.198+0000] {taskmixin.py:205} WARNING - Dependency <Task(PostgresOperator): insert_rate_AMD_RUB>, get_rate_AMD_RUB already registered for DAG: exchange_rates
[2023-01-28T14:03:23.262+0000] {task_command.py:384} INFO - Running <TaskInstance: exchange_rates.wait_10_sec manual__2023-01-28T14:03:17.742414+00:00 [running]> on host d383fbf2a8e7
[2023-01-28T14:03:23.315+0000] {taskinstance.py:1592} INFO - Exporting the following env vars:
AIRFLOW_CTX_DAG_OWNER=***
AIRFLOW_CTX_DAG_ID=exchange_rates
AIRFLOW_CTX_TASK_ID=wait_10_sec
AIRFLOW_CTX_EXECUTION_DATE=2023-01-28T14:03:17.742414+00:00
AIRFLOW_CTX_TRY_NUMBER=1
AIRFLOW_CTX_DAG_RUN_ID=manual__2023-01-28T14:03:17.742414+00:00
[2023-01-28T14:03:33.324+0000] {python.py:177} INFO - Done. Returned value was: None
[2023-01-28T14:03:33.333+0000] {taskinstance.py:1406} INFO - Marking task as SUCCESS. dag_id=exchange_rates, task_id=wait_10_sec, execution_date=20230128T140317, start_date=20230128T140323, end_date=20230128T140333
[2023-01-28T14:03:33.357+0000] {local_task_job.py:164} INFO - Task exited with return code 0
[2023-01-28T14:03:33.375+0000] {local_task_job.py:273} INFO - 1 downstream tasks scheduled from follow-on schedule check
