[2022-12-26T13:50:29.061+0000] {taskinstance.py:1165} INFO - Dependencies all met for <TaskInstance: exchange_rates.make_report scheduled__2021-12-29T08:15:00+00:00 [queued]>
[2022-12-26T13:50:29.118+0000] {taskinstance.py:1165} INFO - Dependencies all met for <TaskInstance: exchange_rates.make_report scheduled__2021-12-29T08:15:00+00:00 [queued]>
[2022-12-26T13:50:29.119+0000] {taskinstance.py:1362} INFO - 
--------------------------------------------------------------------------------
[2022-12-26T13:50:29.125+0000] {taskinstance.py:1363} INFO - Starting attempt 1 of 1
[2022-12-26T13:50:29.125+0000] {taskinstance.py:1364} INFO - 
--------------------------------------------------------------------------------
[2022-12-26T13:50:29.170+0000] {taskinstance.py:1383} INFO - Executing <Task(PythonOperator): make_report> on 2021-12-29 08:15:00+00:00
[2022-12-26T13:50:29.196+0000] {standard_task_runner.py:54} INFO - Started process 3027 to run task
[2022-12-26T13:50:29.206+0000] {standard_task_runner.py:82} INFO - Running: ['***', 'tasks', 'run', 'exchange_rates', 'make_report', 'scheduled__2021-12-29T08:15:00+00:00', '--job-id', '1827', '--raw', '--subdir', 'DAGS_FOLDER/exchange_rates.py', '--cfg-path', '/tmp/tmpr1pitkem']
[2022-12-26T13:50:29.218+0000] {standard_task_runner.py:83} INFO - Job 1827: Subtask make_report
[2022-12-26T13:50:29.219+0000] {dagbag.py:525} INFO - Filling up the DagBag from /opt/***/dags/exchange_rates.py
[2022-12-26T13:50:29.422+0000] {taskmixin.py:205} WARNING - Dependency <Task(CurrencyScoopOperator): get_rate_AMD_RUB>, insert_rate_AMD_RUB already registered for DAG: exchange_rates
[2022-12-26T13:50:29.423+0000] {taskmixin.py:205} WARNING - Dependency <Task(PostgresOperator): insert_rate_AMD_RUB>, get_rate_AMD_RUB already registered for DAG: exchange_rates
[2022-12-26T13:50:29.693+0000] {task_command.py:384} INFO - Running <TaskInstance: exchange_rates.make_report scheduled__2021-12-29T08:15:00+00:00 [running]> on host d383fbf2a8e7
[2022-12-26T13:50:29.986+0000] {taskinstance.py:1592} INFO - Exporting the following env vars:
AIRFLOW_CTX_DAG_OWNER=***
AIRFLOW_CTX_DAG_ID=exchange_rates
AIRFLOW_CTX_TASK_ID=make_report
AIRFLOW_CTX_EXECUTION_DATE=2021-12-29T08:15:00+00:00
AIRFLOW_CTX_TRY_NUMBER=1
AIRFLOW_CTX_DAG_RUN_ID=scheduled__2021-12-29T08:15:00+00:00
[2022-12-26T13:50:31.143+0000] {python.py:177} INFO - Done. Returned value was: None
[2022-12-26T13:50:31.163+0000] {taskinstance.py:1406} INFO - Marking task as SUCCESS. dag_id=exchange_rates, task_id=make_report, execution_date=20211229T081500, start_date=20221226T135029, end_date=20221226T135031
[2022-12-26T13:50:31.290+0000] {local_task_job.py:164} INFO - Task exited with return code 0
[2022-12-26T13:50:31.306+0000] {local_task_job.py:273} INFO - 0 downstream tasks scheduled from follow-on schedule check
[2023-01-01T14:35:02.821+0000] {taskinstance.py:1165} INFO - Dependencies all met for <TaskInstance: exchange_rates.make_report scheduled__2021-12-29T08:15:00+00:00 [queued]>
[2023-01-01T14:35:02.861+0000] {taskinstance.py:1165} INFO - Dependencies all met for <TaskInstance: exchange_rates.make_report scheduled__2021-12-29T08:15:00+00:00 [queued]>
[2023-01-01T14:35:02.863+0000] {taskinstance.py:1362} INFO - 
--------------------------------------------------------------------------------
[2023-01-01T14:35:02.867+0000] {taskinstance.py:1363} INFO - Starting attempt 1 of 1
[2023-01-01T14:35:02.870+0000] {taskinstance.py:1364} INFO - 
--------------------------------------------------------------------------------
[2023-01-01T14:35:02.889+0000] {taskinstance.py:1383} INFO - Executing <Task(PythonOperator): make_report> on 2021-12-29 08:15:00+00:00
[2023-01-01T14:35:02.922+0000] {standard_task_runner.py:54} INFO - Started process 3643 to run task
[2023-01-01T14:35:02.940+0000] {standard_task_runner.py:82} INFO - Running: ['***', 'tasks', 'run', 'exchange_rates', 'make_report', 'scheduled__2021-12-29T08:15:00+00:00', '--job-id', '7800', '--raw', '--subdir', 'DAGS_FOLDER/exchange_rates.py', '--cfg-path', '/tmp/tmpz2a0s5p1']
[2023-01-01T14:35:02.949+0000] {standard_task_runner.py:83} INFO - Job 7800: Subtask make_report
[2023-01-01T14:35:02.951+0000] {dagbag.py:525} INFO - Filling up the DagBag from /opt/***/dags/exchange_rates.py
[2023-01-01T14:35:03.234+0000] {taskmixin.py:205} WARNING - Dependency <Task(CurrencyScoopOperator): get_rate_AMD_RUB>, insert_rate_AMD_RUB already registered for DAG: exchange_rates
[2023-01-01T14:35:03.235+0000] {taskmixin.py:205} WARNING - Dependency <Task(PostgresOperator): insert_rate_AMD_RUB>, get_rate_AMD_RUB already registered for DAG: exchange_rates
[2023-01-01T14:35:03.497+0000] {task_command.py:384} INFO - Running <TaskInstance: exchange_rates.make_report scheduled__2021-12-29T08:15:00+00:00 [running]> on host d383fbf2a8e7
[2023-01-01T14:35:03.749+0000] {taskinstance.py:1592} INFO - Exporting the following env vars:
AIRFLOW_CTX_DAG_OWNER=***
AIRFLOW_CTX_DAG_ID=exchange_rates
AIRFLOW_CTX_TASK_ID=make_report
AIRFLOW_CTX_EXECUTION_DATE=2021-12-29T08:15:00+00:00
AIRFLOW_CTX_TRY_NUMBER=1
AIRFLOW_CTX_DAG_RUN_ID=scheduled__2021-12-29T08:15:00+00:00
[2023-01-01T14:35:04.763+0000] {python.py:177} INFO - Done. Returned value was: None
[2023-01-01T14:35:04.829+0000] {taskinstance.py:1406} INFO - Marking task as SUCCESS. dag_id=exchange_rates, task_id=make_report, execution_date=20211229T081500, start_date=20230101T143502, end_date=20230101T143504
[2023-01-01T14:35:05.007+0000] {local_task_job.py:164} INFO - Task exited with return code 0
[2023-01-01T14:35:05.040+0000] {local_task_job.py:273} INFO - 0 downstream tasks scheduled from follow-on schedule check
