[2022-12-26T13:47:14.856+0000] {taskinstance.py:1165} INFO - Dependencies all met for <TaskInstance: exchange_rates.make_report scheduled__2021-10-22T08:15:00+00:00 [queued]>
[2022-12-26T13:47:14.905+0000] {taskinstance.py:1165} INFO - Dependencies all met for <TaskInstance: exchange_rates.make_report scheduled__2021-10-22T08:15:00+00:00 [queued]>
[2022-12-26T13:47:14.907+0000] {taskinstance.py:1362} INFO - 
--------------------------------------------------------------------------------
[2022-12-26T13:47:14.908+0000] {taskinstance.py:1363} INFO - Starting attempt 1 of 1
[2022-12-26T13:47:14.909+0000] {taskinstance.py:1364} INFO - 
--------------------------------------------------------------------------------
[2022-12-26T13:47:14.983+0000] {taskinstance.py:1383} INFO - Executing <Task(PythonOperator): make_report> on 2021-10-22 08:15:00+00:00
[2022-12-26T13:47:15.005+0000] {standard_task_runner.py:54} INFO - Started process 1022 to run task
[2022-12-26T13:47:15.008+0000] {standard_task_runner.py:82} INFO - Running: ['***', 'tasks', 'run', 'exchange_rates', 'make_report', 'scheduled__2021-10-22T08:15:00+00:00', '--job-id', '913', '--raw', '--subdir', 'DAGS_FOLDER/exchange_rates.py', '--cfg-path', '/tmp/tmprkzxuvwr']
[2022-12-26T13:47:15.016+0000] {standard_task_runner.py:83} INFO - Job 913: Subtask make_report
[2022-12-26T13:47:15.017+0000] {dagbag.py:525} INFO - Filling up the DagBag from /opt/***/dags/exchange_rates.py
[2022-12-26T13:47:15.264+0000] {taskmixin.py:205} WARNING - Dependency <Task(CurrencyScoopOperator): get_rate_AMD_RUB>, insert_rate_AMD_RUB already registered for DAG: exchange_rates
[2022-12-26T13:47:15.264+0000] {taskmixin.py:205} WARNING - Dependency <Task(PostgresOperator): insert_rate_AMD_RUB>, get_rate_AMD_RUB already registered for DAG: exchange_rates
[2022-12-26T13:47:15.478+0000] {task_command.py:384} INFO - Running <TaskInstance: exchange_rates.make_report scheduled__2021-10-22T08:15:00+00:00 [running]> on host d383fbf2a8e7
[2022-12-26T13:47:15.817+0000] {taskinstance.py:1592} INFO - Exporting the following env vars:
AIRFLOW_CTX_DAG_OWNER=***
AIRFLOW_CTX_DAG_ID=exchange_rates
AIRFLOW_CTX_TASK_ID=make_report
AIRFLOW_CTX_EXECUTION_DATE=2021-10-22T08:15:00+00:00
AIRFLOW_CTX_TRY_NUMBER=1
AIRFLOW_CTX_DAG_RUN_ID=scheduled__2021-10-22T08:15:00+00:00
[2022-12-26T13:47:18.075+0000] {python.py:177} INFO - Done. Returned value was: None
[2022-12-26T13:47:18.097+0000] {taskinstance.py:1406} INFO - Marking task as SUCCESS. dag_id=exchange_rates, task_id=make_report, execution_date=20211022T081500, start_date=20221226T134714, end_date=20221226T134718
[2022-12-26T13:47:18.402+0000] {local_task_job.py:164} INFO - Task exited with return code 0
[2022-12-26T13:47:18.510+0000] {local_task_job.py:273} INFO - 0 downstream tasks scheduled from follow-on schedule check
[2023-01-01T14:32:05.802+0000] {taskinstance.py:1165} INFO - Dependencies all met for <TaskInstance: exchange_rates.make_report scheduled__2021-10-22T08:15:00+00:00 [queued]>
[2023-01-01T14:32:05.848+0000] {taskinstance.py:1165} INFO - Dependencies all met for <TaskInstance: exchange_rates.make_report scheduled__2021-10-22T08:15:00+00:00 [queued]>
[2023-01-01T14:32:05.849+0000] {taskinstance.py:1362} INFO - 
--------------------------------------------------------------------------------
[2023-01-01T14:32:05.853+0000] {taskinstance.py:1363} INFO - Starting attempt 1 of 1
[2023-01-01T14:32:05.853+0000] {taskinstance.py:1364} INFO - 
--------------------------------------------------------------------------------
[2023-01-01T14:32:05.908+0000] {taskinstance.py:1383} INFO - Executing <Task(PythonOperator): make_report> on 2021-10-22 08:15:00+00:00
[2023-01-01T14:32:05.911+0000] {standard_task_runner.py:54} INFO - Started process 1675 to run task
[2023-01-01T14:32:05.946+0000] {standard_task_runner.py:82} INFO - Running: ['***', 'tasks', 'run', 'exchange_rates', 'make_report', 'scheduled__2021-10-22T08:15:00+00:00', '--job-id', '6900', '--raw', '--subdir', 'DAGS_FOLDER/exchange_rates.py', '--cfg-path', '/tmp/tmplu0pg0k8']
[2023-01-01T14:32:05.955+0000] {standard_task_runner.py:83} INFO - Job 6900: Subtask make_report
[2023-01-01T14:32:05.956+0000] {dagbag.py:525} INFO - Filling up the DagBag from /opt/***/dags/exchange_rates.py
[2023-01-01T14:32:06.148+0000] {taskmixin.py:205} WARNING - Dependency <Task(CurrencyScoopOperator): get_rate_AMD_RUB>, insert_rate_AMD_RUB already registered for DAG: exchange_rates
[2023-01-01T14:32:06.149+0000] {taskmixin.py:205} WARNING - Dependency <Task(PostgresOperator): insert_rate_AMD_RUB>, get_rate_AMD_RUB already registered for DAG: exchange_rates
[2023-01-01T14:32:06.278+0000] {task_command.py:384} INFO - Running <TaskInstance: exchange_rates.make_report scheduled__2021-10-22T08:15:00+00:00 [running]> on host d383fbf2a8e7
[2023-01-01T14:32:06.455+0000] {taskinstance.py:1592} INFO - Exporting the following env vars:
AIRFLOW_CTX_DAG_OWNER=***
AIRFLOW_CTX_DAG_ID=exchange_rates
AIRFLOW_CTX_TASK_ID=make_report
AIRFLOW_CTX_EXECUTION_DATE=2021-10-22T08:15:00+00:00
AIRFLOW_CTX_TRY_NUMBER=1
AIRFLOW_CTX_DAG_RUN_ID=scheduled__2021-10-22T08:15:00+00:00
[2023-01-01T14:32:07.267+0000] {python.py:177} INFO - Done. Returned value was: None
[2023-01-01T14:32:07.275+0000] {taskinstance.py:1406} INFO - Marking task as SUCCESS. dag_id=exchange_rates, task_id=make_report, execution_date=20211022T081500, start_date=20230101T143205, end_date=20230101T143207
[2023-01-01T14:32:07.368+0000] {local_task_job.py:164} INFO - Task exited with return code 0
[2023-01-01T14:32:07.384+0000] {local_task_job.py:273} INFO - 0 downstream tasks scheduled from follow-on schedule check
