[2022-12-26T13:54:17.574+0000] {taskinstance.py:1165} INFO - Dependencies all met for <TaskInstance: exchange_rates.make_report scheduled__2022-03-11T08:15:00+00:00 [queued]>
[2022-12-26T13:54:17.631+0000] {taskinstance.py:1165} INFO - Dependencies all met for <TaskInstance: exchange_rates.make_report scheduled__2022-03-11T08:15:00+00:00 [queued]>
[2022-12-26T13:54:17.631+0000] {taskinstance.py:1362} INFO - 
--------------------------------------------------------------------------------
[2022-12-26T13:54:17.632+0000] {taskinstance.py:1363} INFO - Starting attempt 1 of 1
[2022-12-26T13:54:17.632+0000] {taskinstance.py:1364} INFO - 
--------------------------------------------------------------------------------
[2022-12-26T13:54:17.699+0000] {taskinstance.py:1383} INFO - Executing <Task(PythonOperator): make_report> on 2022-03-11 08:15:00+00:00
[2022-12-26T13:54:17.717+0000] {standard_task_runner.py:54} INFO - Started process 5465 to run task
[2022-12-26T13:54:17.738+0000] {standard_task_runner.py:82} INFO - Running: ['***', 'tasks', 'run', 'exchange_rates', 'make_report', 'scheduled__2022-03-11T08:15:00+00:00', '--job-id', '2936', '--raw', '--subdir', 'DAGS_FOLDER/exchange_rates.py', '--cfg-path', '/tmp/tmpcnfs3om_']
[2022-12-26T13:54:17.741+0000] {standard_task_runner.py:83} INFO - Job 2936: Subtask make_report
[2022-12-26T13:54:17.747+0000] {dagbag.py:525} INFO - Filling up the DagBag from /opt/***/dags/exchange_rates.py
[2022-12-26T13:54:18.128+0000] {taskmixin.py:205} WARNING - Dependency <Task(CurrencyScoopOperator): get_rate_AMD_RUB>, insert_rate_AMD_RUB already registered for DAG: exchange_rates
[2022-12-26T13:54:18.131+0000] {taskmixin.py:205} WARNING - Dependency <Task(PostgresOperator): insert_rate_AMD_RUB>, get_rate_AMD_RUB already registered for DAG: exchange_rates
[2022-12-26T13:54:18.282+0000] {task_command.py:384} INFO - Running <TaskInstance: exchange_rates.make_report scheduled__2022-03-11T08:15:00+00:00 [running]> on host d383fbf2a8e7
[2022-12-26T13:54:18.483+0000] {taskinstance.py:1592} INFO - Exporting the following env vars:
AIRFLOW_CTX_DAG_OWNER=***
AIRFLOW_CTX_DAG_ID=exchange_rates
AIRFLOW_CTX_TASK_ID=make_report
AIRFLOW_CTX_EXECUTION_DATE=2022-03-11T08:15:00+00:00
AIRFLOW_CTX_TRY_NUMBER=1
AIRFLOW_CTX_DAG_RUN_ID=scheduled__2022-03-11T08:15:00+00:00
[2022-12-26T13:54:20.416+0000] {python.py:177} INFO - Done. Returned value was: None
[2022-12-26T13:54:20.436+0000] {taskinstance.py:1406} INFO - Marking task as SUCCESS. dag_id=exchange_rates, task_id=make_report, execution_date=20220311T081500, start_date=20221226T135417, end_date=20221226T135420
[2022-12-26T13:54:20.620+0000] {local_task_job.py:164} INFO - Task exited with return code 0
[2022-12-26T13:54:20.639+0000] {local_task_job.py:273} INFO - 0 downstream tasks scheduled from follow-on schedule check
[2023-01-01T14:38:38.660+0000] {taskinstance.py:1165} INFO - Dependencies all met for <TaskInstance: exchange_rates.make_report scheduled__2022-03-11T08:15:00+00:00 [queued]>
[2023-01-01T14:38:38.709+0000] {taskinstance.py:1165} INFO - Dependencies all met for <TaskInstance: exchange_rates.make_report scheduled__2022-03-11T08:15:00+00:00 [queued]>
[2023-01-01T14:38:38.710+0000] {taskinstance.py:1362} INFO - 
--------------------------------------------------------------------------------
[2023-01-01T14:38:38.713+0000] {taskinstance.py:1363} INFO - Starting attempt 1 of 1
[2023-01-01T14:38:38.716+0000] {taskinstance.py:1364} INFO - 
--------------------------------------------------------------------------------
[2023-01-01T14:38:38.758+0000] {taskinstance.py:1383} INFO - Executing <Task(PythonOperator): make_report> on 2022-03-11 08:15:00+00:00
[2023-01-01T14:38:38.766+0000] {standard_task_runner.py:54} INFO - Started process 6111 to run task
[2023-01-01T14:38:38.797+0000] {standard_task_runner.py:82} INFO - Running: ['***', 'tasks', 'run', 'exchange_rates', 'make_report', 'scheduled__2022-03-11T08:15:00+00:00', '--job-id', '8927', '--raw', '--subdir', 'DAGS_FOLDER/exchange_rates.py', '--cfg-path', '/tmp/tmpqgtrzoyn']
[2023-01-01T14:38:38.810+0000] {standard_task_runner.py:83} INFO - Job 8927: Subtask make_report
[2023-01-01T14:38:38.813+0000] {dagbag.py:525} INFO - Filling up the DagBag from /opt/***/dags/exchange_rates.py
[2023-01-01T14:38:39.065+0000] {taskmixin.py:205} WARNING - Dependency <Task(CurrencyScoopOperator): get_rate_AMD_RUB>, insert_rate_AMD_RUB already registered for DAG: exchange_rates
[2023-01-01T14:38:39.065+0000] {taskmixin.py:205} WARNING - Dependency <Task(PostgresOperator): insert_rate_AMD_RUB>, get_rate_AMD_RUB already registered for DAG: exchange_rates
[2023-01-01T14:38:39.266+0000] {task_command.py:384} INFO - Running <TaskInstance: exchange_rates.make_report scheduled__2022-03-11T08:15:00+00:00 [running]> on host d383fbf2a8e7
[2023-01-01T14:38:39.507+0000] {taskinstance.py:1592} INFO - Exporting the following env vars:
AIRFLOW_CTX_DAG_OWNER=***
AIRFLOW_CTX_DAG_ID=exchange_rates
AIRFLOW_CTX_TASK_ID=make_report
AIRFLOW_CTX_EXECUTION_DATE=2022-03-11T08:15:00+00:00
AIRFLOW_CTX_TRY_NUMBER=1
AIRFLOW_CTX_DAG_RUN_ID=scheduled__2022-03-11T08:15:00+00:00
[2023-01-01T14:38:41.279+0000] {python.py:177} INFO - Done. Returned value was: None
[2023-01-01T14:38:41.291+0000] {taskinstance.py:1406} INFO - Marking task as SUCCESS. dag_id=exchange_rates, task_id=make_report, execution_date=20220311T081500, start_date=20230101T143838, end_date=20230101T143841
[2023-01-01T14:38:41.423+0000] {local_task_job.py:164} INFO - Task exited with return code 0
[2023-01-01T14:38:41.444+0000] {local_task_job.py:273} INFO - 0 downstream tasks scheduled from follow-on schedule check
