[2022-12-26T13:54:01.731+0000] {taskinstance.py:1165} INFO - Dependencies all met for <TaskInstance: exchange_rates.get_rate_EUR_RUB scheduled__2022-03-26T08:15:00+00:00 [queued]>
[2022-12-26T13:54:01.802+0000] {taskinstance.py:1165} INFO - Dependencies all met for <TaskInstance: exchange_rates.get_rate_EUR_RUB scheduled__2022-03-26T08:15:00+00:00 [queued]>
[2022-12-26T13:54:01.803+0000] {taskinstance.py:1362} INFO - 
--------------------------------------------------------------------------------
[2022-12-26T13:54:01.803+0000] {taskinstance.py:1363} INFO - Starting attempt 1 of 1
[2022-12-26T13:54:01.803+0000] {taskinstance.py:1364} INFO - 
--------------------------------------------------------------------------------
[2022-12-26T13:54:01.859+0000] {taskinstance.py:1383} INFO - Executing <Task(CurrencyScoopOperator): get_rate_EUR_RUB> on 2022-03-26 08:15:00+00:00
[2022-12-26T13:54:01.875+0000] {standard_task_runner.py:54} INFO - Started process 5271 to run task
[2022-12-26T13:54:01.919+0000] {standard_task_runner.py:82} INFO - Running: ['***', 'tasks', 'run', 'exchange_rates', 'get_rate_EUR_RUB', 'scheduled__2022-03-26T08:15:00+00:00', '--job-id', '2843', '--raw', '--subdir', 'DAGS_FOLDER/exchange_rates.py', '--cfg-path', '/tmp/tmpcuoxdi0f']
[2022-12-26T13:54:01.920+0000] {standard_task_runner.py:83} INFO - Job 2843: Subtask get_rate_EUR_RUB
[2022-12-26T13:54:01.922+0000] {dagbag.py:525} INFO - Filling up the DagBag from /opt/***/dags/exchange_rates.py
[2022-12-26T13:54:02.311+0000] {taskmixin.py:205} WARNING - Dependency <Task(CurrencyScoopOperator): get_rate_AMD_RUB>, insert_rate_AMD_RUB already registered for DAG: exchange_rates
[2022-12-26T13:54:02.312+0000] {taskmixin.py:205} WARNING - Dependency <Task(PostgresOperator): insert_rate_AMD_RUB>, get_rate_AMD_RUB already registered for DAG: exchange_rates
[2022-12-26T13:54:02.455+0000] {task_command.py:384} INFO - Running <TaskInstance: exchange_rates.get_rate_EUR_RUB scheduled__2022-03-26T08:15:00+00:00 [running]> on host d383fbf2a8e7
[2022-12-26T13:54:02.712+0000] {taskinstance.py:1592} INFO - Exporting the following env vars:
AIRFLOW_CTX_DAG_OWNER=***
AIRFLOW_CTX_DAG_ID=exchange_rates
AIRFLOW_CTX_TASK_ID=get_rate_EUR_RUB
AIRFLOW_CTX_EXECUTION_DATE=2022-03-26T08:15:00+00:00
AIRFLOW_CTX_TRY_NUMBER=1
AIRFLOW_CTX_DAG_RUN_ID=scheduled__2022-03-26T08:15:00+00:00
[2022-12-26T13:54:02.714+0000] {warnings.py:110} WARNING - /home/***/.local/lib/python3.7/site-packages/***/utils/context.py:204: AirflowContextDeprecationWarning: Accessing 'execution_date' from the template is deprecated and will be removed in a future version. Please use 'data_interval_start' or 'logical_date' instead.
  warnings.warn(_create_deprecation_warning(key, self._deprecation_replacements[key]))

[2022-12-26T13:54:02.727+0000] {base.py:71} INFO - Using connection ID 'currency_conn_id' for task execution.
[2022-12-26T13:54:03.189+0000] {taskinstance.py:1406} INFO - Marking task as SUCCESS. dag_id=exchange_rates, task_id=get_rate_EUR_RUB, execution_date=20220326T081500, start_date=20221226T135401, end_date=20221226T135403
[2022-12-26T13:54:03.369+0000] {local_task_job.py:164} INFO - Task exited with return code 0
[2022-12-26T13:54:03.458+0000] {local_task_job.py:273} INFO - 1 downstream tasks scheduled from follow-on schedule check
[2023-01-01T14:38:24.530+0000] {taskinstance.py:1165} INFO - Dependencies all met for <TaskInstance: exchange_rates.get_rate_EUR_RUB scheduled__2022-03-26T08:15:00+00:00 [queued]>
[2023-01-01T14:38:24.562+0000] {taskinstance.py:1165} INFO - Dependencies all met for <TaskInstance: exchange_rates.get_rate_EUR_RUB scheduled__2022-03-26T08:15:00+00:00 [queued]>
[2023-01-01T14:38:24.564+0000] {taskinstance.py:1362} INFO - 
--------------------------------------------------------------------------------
[2023-01-01T14:38:24.565+0000] {taskinstance.py:1363} INFO - Starting attempt 1 of 1
[2023-01-01T14:38:24.565+0000] {taskinstance.py:1364} INFO - 
--------------------------------------------------------------------------------
[2023-01-01T14:38:24.609+0000] {taskinstance.py:1383} INFO - Executing <Task(CurrencyScoopOperator): get_rate_EUR_RUB> on 2022-03-26 08:15:00+00:00
[2023-01-01T14:38:24.614+0000] {standard_task_runner.py:54} INFO - Started process 5911 to run task
[2023-01-01T14:38:24.646+0000] {standard_task_runner.py:82} INFO - Running: ['***', 'tasks', 'run', 'exchange_rates', 'get_rate_EUR_RUB', 'scheduled__2022-03-26T08:15:00+00:00', '--job-id', '8827', '--raw', '--subdir', 'DAGS_FOLDER/exchange_rates.py', '--cfg-path', '/tmp/tmpgp6vly7m']
[2023-01-01T14:38:24.647+0000] {standard_task_runner.py:83} INFO - Job 8827: Subtask get_rate_EUR_RUB
[2023-01-01T14:38:24.651+0000] {dagbag.py:525} INFO - Filling up the DagBag from /opt/***/dags/exchange_rates.py
[2023-01-01T14:38:24.972+0000] {taskmixin.py:205} WARNING - Dependency <Task(CurrencyScoopOperator): get_rate_AMD_RUB>, insert_rate_AMD_RUB already registered for DAG: exchange_rates
[2023-01-01T14:38:24.973+0000] {taskmixin.py:205} WARNING - Dependency <Task(PostgresOperator): insert_rate_AMD_RUB>, get_rate_AMD_RUB already registered for DAG: exchange_rates
[2023-01-01T14:38:25.076+0000] {task_command.py:384} INFO - Running <TaskInstance: exchange_rates.get_rate_EUR_RUB scheduled__2022-03-26T08:15:00+00:00 [running]> on host d383fbf2a8e7
[2023-01-01T14:38:25.222+0000] {taskinstance.py:1592} INFO - Exporting the following env vars:
AIRFLOW_CTX_DAG_OWNER=***
AIRFLOW_CTX_DAG_ID=exchange_rates
AIRFLOW_CTX_TASK_ID=get_rate_EUR_RUB
AIRFLOW_CTX_EXECUTION_DATE=2022-03-26T08:15:00+00:00
AIRFLOW_CTX_TRY_NUMBER=1
AIRFLOW_CTX_DAG_RUN_ID=scheduled__2022-03-26T08:15:00+00:00
[2023-01-01T14:38:25.223+0000] {warnings.py:110} WARNING - /home/***/.local/lib/python3.7/site-packages/***/utils/context.py:204: AirflowContextDeprecationWarning: Accessing 'execution_date' from the template is deprecated and will be removed in a future version. Please use 'data_interval_start' or 'logical_date' instead.
  warnings.warn(_create_deprecation_warning(key, self._deprecation_replacements[key]))

[2023-01-01T14:38:25.259+0000] {base.py:71} INFO - Using connection ID 'currency_conn_id' for task execution.
[2023-01-01T14:38:25.901+0000] {taskinstance.py:1406} INFO - Marking task as SUCCESS. dag_id=exchange_rates, task_id=get_rate_EUR_RUB, execution_date=20220326T081500, start_date=20230101T143824, end_date=20230101T143825
[2023-01-01T14:38:26.000+0000] {local_task_job.py:164} INFO - Task exited with return code 0
[2023-01-01T14:38:26.049+0000] {local_task_job.py:273} INFO - 1 downstream tasks scheduled from follow-on schedule check
