[2022-12-26T14:02:59.291+0000] {taskinstance.py:1165} INFO - Dependencies all met for <TaskInstance: exchange_rates.get_rate_RUB_EUR scheduled__2022-09-30T08:15:00+00:00 [queued]>
[2022-12-26T14:02:59.323+0000] {taskinstance.py:1165} INFO - Dependencies all met for <TaskInstance: exchange_rates.get_rate_RUB_EUR scheduled__2022-09-30T08:15:00+00:00 [queued]>
[2022-12-26T14:02:59.325+0000] {taskinstance.py:1362} INFO - 
--------------------------------------------------------------------------------
[2022-12-26T14:02:59.326+0000] {taskinstance.py:1363} INFO - Starting attempt 1 of 1
[2022-12-26T14:02:59.327+0000] {taskinstance.py:1364} INFO - 
--------------------------------------------------------------------------------
[2022-12-26T14:02:59.393+0000] {taskinstance.py:1383} INFO - Executing <Task(CurrencyScoopOperator): get_rate_RUB_EUR> on 2022-09-30 08:15:00+00:00
[2022-12-26T14:02:59.416+0000] {standard_task_runner.py:82} INFO - Running: ['***', 'tasks', 'run', 'exchange_rates', 'get_rate_RUB_EUR', 'scheduled__2022-09-30T08:15:00+00:00', '--job-id', '5528', '--raw', '--subdir', 'DAGS_FOLDER/exchange_rates.py', '--cfg-path', '/tmp/tmp8lqqhuhh']
[2022-12-26T14:02:59.427+0000] {standard_task_runner.py:83} INFO - Job 5528: Subtask get_rate_RUB_EUR
[2022-12-26T14:02:59.417+0000] {standard_task_runner.py:54} INFO - Started process 11166 to run task
[2022-12-26T14:02:59.433+0000] {dagbag.py:525} INFO - Filling up the DagBag from /opt/***/dags/exchange_rates.py
[2022-12-26T14:02:59.755+0000] {taskmixin.py:205} WARNING - Dependency <Task(CurrencyScoopOperator): get_rate_AMD_RUB>, insert_rate_AMD_RUB already registered for DAG: exchange_rates
[2022-12-26T14:02:59.758+0000] {taskmixin.py:205} WARNING - Dependency <Task(PostgresOperator): insert_rate_AMD_RUB>, get_rate_AMD_RUB already registered for DAG: exchange_rates
[2022-12-26T14:02:59.972+0000] {task_command.py:384} INFO - Running <TaskInstance: exchange_rates.get_rate_RUB_EUR scheduled__2022-09-30T08:15:00+00:00 [running]> on host d383fbf2a8e7
[2022-12-26T14:03:00.076+0000] {taskinstance.py:1592} INFO - Exporting the following env vars:
AIRFLOW_CTX_DAG_OWNER=***
AIRFLOW_CTX_DAG_ID=exchange_rates
AIRFLOW_CTX_TASK_ID=get_rate_RUB_EUR
AIRFLOW_CTX_EXECUTION_DATE=2022-09-30T08:15:00+00:00
AIRFLOW_CTX_TRY_NUMBER=1
AIRFLOW_CTX_DAG_RUN_ID=scheduled__2022-09-30T08:15:00+00:00
[2022-12-26T14:03:00.082+0000] {warnings.py:110} WARNING - /home/***/.local/lib/python3.7/site-packages/***/utils/context.py:204: AirflowContextDeprecationWarning: Accessing 'execution_date' from the template is deprecated and will be removed in a future version. Please use 'data_interval_start' or 'logical_date' instead.
  warnings.warn(_create_deprecation_warning(key, self._deprecation_replacements[key]))

[2022-12-26T14:03:00.097+0000] {base.py:71} INFO - Using connection ID 'currency_conn_id' for task execution.
[2022-12-26T14:03:00.711+0000] {taskinstance.py:1851} ERROR - Task failed with exception
Traceback (most recent call last):
  File "/opt/airflow/dags/exchange_rates.py", line 56, in execute
    return api.get_rate(context['execution_date'].date(), self.base_currency, self.currency)
  File "/opt/airflow/dags/exchange_rates.py", line 31, in get_rate
    response.raise_for_status()
  File "/home/airflow/.local/lib/python3.7/site-packages/requests/models.py", line 1021, in raise_for_status
    raise HTTPError(http_error_msg, response=self)
requests.exceptions.HTTPError: 426 Client Error: Upgrade Required for url: https://api.currencyscoop.com/v1/historical?base=RUB&symbols=EUR&api_key=***&date=2022-09-30
[2022-12-26T14:03:00.727+0000] {taskinstance.py:1406} INFO - Marking task as FAILED. dag_id=exchange_rates, task_id=get_rate_RUB_EUR, execution_date=20220930T081500, start_date=20221226T140259, end_date=20221226T140300
[2022-12-26T14:03:00.756+0000] {standard_task_runner.py:107} ERROR - Failed to execute job 5528 for task get_rate_RUB_EUR (426 Client Error: Upgrade Required for url: https://api.currencyscoop.com/v1/historical?base=RUB&symbols=EUR&api_key=***&date=2022-09-30; 11166)
[2022-12-26T14:03:00.826+0000] {local_task_job.py:164} INFO - Task exited with return code 1
[2022-12-26T14:03:00.883+0000] {local_task_job.py:273} INFO - 0 downstream tasks scheduled from follow-on schedule check
[2023-01-01T14:46:37.003+0000] {taskinstance.py:1165} INFO - Dependencies all met for <TaskInstance: exchange_rates.get_rate_RUB_EUR scheduled__2022-09-30T08:15:00+00:00 [queued]>
[2023-01-01T14:46:37.059+0000] {taskinstance.py:1165} INFO - Dependencies all met for <TaskInstance: exchange_rates.get_rate_RUB_EUR scheduled__2022-09-30T08:15:00+00:00 [queued]>
[2023-01-01T14:46:37.063+0000] {taskinstance.py:1362} INFO - 
--------------------------------------------------------------------------------
[2023-01-01T14:46:37.063+0000] {taskinstance.py:1363} INFO - Starting attempt 1 of 1
[2023-01-01T14:46:37.066+0000] {taskinstance.py:1364} INFO - 
--------------------------------------------------------------------------------
[2023-01-01T14:46:37.111+0000] {taskinstance.py:1383} INFO - Executing <Task(CurrencyScoopOperator): get_rate_RUB_EUR> on 2022-09-30 08:15:00+00:00
[2023-01-01T14:46:37.135+0000] {standard_task_runner.py:82} INFO - Running: ['***', 'tasks', 'run', 'exchange_rates', 'get_rate_RUB_EUR', 'scheduled__2022-09-30T08:15:00+00:00', '--job-id', '11505', '--raw', '--subdir', 'DAGS_FOLDER/exchange_rates.py', '--cfg-path', '/tmp/tmp1jleert0']
[2023-01-01T14:46:37.136+0000] {standard_task_runner.py:83} INFO - Job 11505: Subtask get_rate_RUB_EUR
[2023-01-01T14:46:37.137+0000] {dagbag.py:525} INFO - Filling up the DagBag from /opt/***/dags/exchange_rates.py
[2023-01-01T14:46:37.144+0000] {standard_task_runner.py:54} INFO - Started process 11781 to run task
[2023-01-01T14:46:37.243+0000] {taskmixin.py:205} WARNING - Dependency <Task(CurrencyScoopOperator): get_rate_AMD_RUB>, insert_rate_AMD_RUB already registered for DAG: exchange_rates
[2023-01-01T14:46:37.244+0000] {taskmixin.py:205} WARNING - Dependency <Task(PostgresOperator): insert_rate_AMD_RUB>, get_rate_AMD_RUB already registered for DAG: exchange_rates
[2023-01-01T14:46:37.498+0000] {task_command.py:384} INFO - Running <TaskInstance: exchange_rates.get_rate_RUB_EUR scheduled__2022-09-30T08:15:00+00:00 [running]> on host d383fbf2a8e7
[2023-01-01T14:46:37.903+0000] {taskinstance.py:1592} INFO - Exporting the following env vars:
AIRFLOW_CTX_DAG_OWNER=***
AIRFLOW_CTX_DAG_ID=exchange_rates
AIRFLOW_CTX_TASK_ID=get_rate_RUB_EUR
AIRFLOW_CTX_EXECUTION_DATE=2022-09-30T08:15:00+00:00
AIRFLOW_CTX_TRY_NUMBER=1
AIRFLOW_CTX_DAG_RUN_ID=scheduled__2022-09-30T08:15:00+00:00
[2023-01-01T14:46:37.904+0000] {warnings.py:110} WARNING - /home/***/.local/lib/python3.7/site-packages/***/utils/context.py:204: AirflowContextDeprecationWarning: Accessing 'execution_date' from the template is deprecated and will be removed in a future version. Please use 'data_interval_start' or 'logical_date' instead.
  warnings.warn(_create_deprecation_warning(key, self._deprecation_replacements[key]))

[2023-01-01T14:46:37.935+0000] {base.py:71} INFO - Using connection ID 'currency_conn_id' for task execution.
[2023-01-01T14:46:38.443+0000] {taskinstance.py:1406} INFO - Marking task as SUCCESS. dag_id=exchange_rates, task_id=get_rate_RUB_EUR, execution_date=20220930T081500, start_date=20230101T144637, end_date=20230101T144638
[2023-01-01T14:46:38.578+0000] {local_task_job.py:164} INFO - Task exited with return code 0
[2023-01-01T14:46:38.732+0000] {local_task_job.py:273} INFO - 0 downstream tasks scheduled from follow-on schedule check
