[2022-12-26T14:03:47.230+0000] {taskinstance.py:1165} INFO - Dependencies all met for <TaskInstance: exchange_rates.get_rate_RUB_AMD scheduled__2022-11-02T08:15:00+00:00 [queued]>
[2022-12-26T14:03:47.239+0000] {taskinstance.py:1165} INFO - Dependencies all met for <TaskInstance: exchange_rates.get_rate_RUB_AMD scheduled__2022-11-02T08:15:00+00:00 [queued]>
[2022-12-26T14:03:47.239+0000] {taskinstance.py:1362} INFO - 
--------------------------------------------------------------------------------
[2022-12-26T14:03:47.240+0000] {taskinstance.py:1363} INFO - Starting attempt 1 of 1
[2022-12-26T14:03:47.241+0000] {taskinstance.py:1364} INFO - 
--------------------------------------------------------------------------------
[2022-12-26T14:03:47.252+0000] {taskinstance.py:1383} INFO - Executing <Task(CurrencyScoopOperator): get_rate_RUB_AMD> on 2022-11-02 08:15:00+00:00
[2022-12-26T14:03:47.256+0000] {standard_task_runner.py:54} INFO - Started process 11734 to run task
[2022-12-26T14:03:47.258+0000] {standard_task_runner.py:82} INFO - Running: ['***', 'tasks', 'run', 'exchange_rates', 'get_rate_RUB_AMD', 'scheduled__2022-11-02T08:15:00+00:00', '--job-id', '5794', '--raw', '--subdir', 'DAGS_FOLDER/exchange_rates.py', '--cfg-path', '/tmp/tmpq9mfhv00']
[2022-12-26T14:03:47.259+0000] {standard_task_runner.py:83} INFO - Job 5794: Subtask get_rate_RUB_AMD
[2022-12-26T14:03:47.260+0000] {dagbag.py:525} INFO - Filling up the DagBag from /opt/***/dags/exchange_rates.py
[2022-12-26T14:03:47.307+0000] {taskmixin.py:205} WARNING - Dependency <Task(CurrencyScoopOperator): get_rate_AMD_RUB>, insert_rate_AMD_RUB already registered for DAG: exchange_rates
[2022-12-26T14:03:47.307+0000] {taskmixin.py:205} WARNING - Dependency <Task(PostgresOperator): insert_rate_AMD_RUB>, get_rate_AMD_RUB already registered for DAG: exchange_rates
[2022-12-26T14:03:47.361+0000] {task_command.py:384} INFO - Running <TaskInstance: exchange_rates.get_rate_RUB_AMD scheduled__2022-11-02T08:15:00+00:00 [running]> on host d383fbf2a8e7
[2022-12-26T14:03:47.447+0000] {taskinstance.py:1592} INFO - Exporting the following env vars:
AIRFLOW_CTX_DAG_OWNER=***
AIRFLOW_CTX_DAG_ID=exchange_rates
AIRFLOW_CTX_TASK_ID=get_rate_RUB_AMD
AIRFLOW_CTX_EXECUTION_DATE=2022-11-02T08:15:00+00:00
AIRFLOW_CTX_TRY_NUMBER=1
AIRFLOW_CTX_DAG_RUN_ID=scheduled__2022-11-02T08:15:00+00:00
[2022-12-26T14:03:47.448+0000] {warnings.py:110} WARNING - /home/***/.local/lib/python3.7/site-packages/***/utils/context.py:204: AirflowContextDeprecationWarning: Accessing 'execution_date' from the template is deprecated and will be removed in a future version. Please use 'data_interval_start' or 'logical_date' instead.
  warnings.warn(_create_deprecation_warning(key, self._deprecation_replacements[key]))

[2022-12-26T14:03:47.464+0000] {base.py:71} INFO - Using connection ID 'currency_conn_id' for task execution.
[2022-12-26T14:03:48.344+0000] {taskinstance.py:1851} ERROR - Task failed with exception
Traceback (most recent call last):
  File "/opt/airflow/dags/exchange_rates.py", line 56, in execute
    return api.get_rate(context['execution_date'].date(), self.base_currency, self.currency)
  File "/opt/airflow/dags/exchange_rates.py", line 31, in get_rate
    response.raise_for_status()
  File "/home/airflow/.local/lib/python3.7/site-packages/requests/models.py", line 1021, in raise_for_status
    raise HTTPError(http_error_msg, response=self)
requests.exceptions.HTTPError: 426 Client Error: Upgrade Required for url: https://api.currencyscoop.com/v1/historical?base=RUB&symbols=AMD&api_key=***&date=2022-11-02
[2022-12-26T14:03:48.351+0000] {taskinstance.py:1406} INFO - Marking task as FAILED. dag_id=exchange_rates, task_id=get_rate_RUB_AMD, execution_date=20221102T081500, start_date=20221226T140347, end_date=20221226T140348
[2022-12-26T14:03:48.366+0000] {standard_task_runner.py:107} ERROR - Failed to execute job 5794 for task get_rate_RUB_AMD (426 Client Error: Upgrade Required for url: https://api.currencyscoop.com/v1/historical?base=RUB&symbols=AMD&api_key=***&date=2022-11-02; 11734)
[2022-12-26T14:03:48.499+0000] {local_task_job.py:164} INFO - Task exited with return code 1
[2022-12-26T14:03:48.566+0000] {local_task_job.py:273} INFO - 0 downstream tasks scheduled from follow-on schedule check
[2023-01-01T14:48:03.518+0000] {taskinstance.py:1165} INFO - Dependencies all met for <TaskInstance: exchange_rates.get_rate_RUB_AMD scheduled__2022-11-02T08:15:00+00:00 [queued]>
[2023-01-01T14:48:03.560+0000] {taskinstance.py:1165} INFO - Dependencies all met for <TaskInstance: exchange_rates.get_rate_RUB_AMD scheduled__2022-11-02T08:15:00+00:00 [queued]>
[2023-01-01T14:48:03.563+0000] {taskinstance.py:1362} INFO - 
--------------------------------------------------------------------------------
[2023-01-01T14:48:03.564+0000] {taskinstance.py:1363} INFO - Starting attempt 1 of 1
[2023-01-01T14:48:03.565+0000] {taskinstance.py:1364} INFO - 
--------------------------------------------------------------------------------
[2023-01-01T14:48:03.625+0000] {taskinstance.py:1383} INFO - Executing <Task(CurrencyScoopOperator): get_rate_RUB_AMD> on 2022-11-02 08:15:00+00:00
[2023-01-01T14:48:03.644+0000] {standard_task_runner.py:54} INFO - Started process 12772 to run task
[2023-01-01T14:48:03.693+0000] {standard_task_runner.py:82} INFO - Running: ['***', 'tasks', 'run', 'exchange_rates', 'get_rate_RUB_AMD', 'scheduled__2022-11-02T08:15:00+00:00', '--job-id', '11958', '--raw', '--subdir', 'DAGS_FOLDER/exchange_rates.py', '--cfg-path', '/tmp/tmp1ou3kjof']
[2023-01-01T14:48:03.699+0000] {standard_task_runner.py:83} INFO - Job 11958: Subtask get_rate_RUB_AMD
[2023-01-01T14:48:03.701+0000] {dagbag.py:525} INFO - Filling up the DagBag from /opt/***/dags/exchange_rates.py
[2023-01-01T14:48:03.895+0000] {taskmixin.py:205} WARNING - Dependency <Task(CurrencyScoopOperator): get_rate_AMD_RUB>, insert_rate_AMD_RUB already registered for DAG: exchange_rates
[2023-01-01T14:48:03.901+0000] {taskmixin.py:205} WARNING - Dependency <Task(PostgresOperator): insert_rate_AMD_RUB>, get_rate_AMD_RUB already registered for DAG: exchange_rates
[2023-01-01T14:48:04.032+0000] {task_command.py:384} INFO - Running <TaskInstance: exchange_rates.get_rate_RUB_AMD scheduled__2022-11-02T08:15:00+00:00 [running]> on host d383fbf2a8e7
[2023-01-01T14:48:04.236+0000] {taskinstance.py:1592} INFO - Exporting the following env vars:
AIRFLOW_CTX_DAG_OWNER=***
AIRFLOW_CTX_DAG_ID=exchange_rates
AIRFLOW_CTX_TASK_ID=get_rate_RUB_AMD
AIRFLOW_CTX_EXECUTION_DATE=2022-11-02T08:15:00+00:00
AIRFLOW_CTX_TRY_NUMBER=1
AIRFLOW_CTX_DAG_RUN_ID=scheduled__2022-11-02T08:15:00+00:00
[2023-01-01T14:48:04.238+0000] {warnings.py:110} WARNING - /home/***/.local/lib/python3.7/site-packages/***/utils/context.py:204: AirflowContextDeprecationWarning: Accessing 'execution_date' from the template is deprecated and will be removed in a future version. Please use 'data_interval_start' or 'logical_date' instead.
  warnings.warn(_create_deprecation_warning(key, self._deprecation_replacements[key]))

[2023-01-01T14:48:04.250+0000] {base.py:71} INFO - Using connection ID 'currency_conn_id' for task execution.
[2023-01-01T14:48:04.591+0000] {taskinstance.py:1406} INFO - Marking task as SUCCESS. dag_id=exchange_rates, task_id=get_rate_RUB_AMD, execution_date=20221102T081500, start_date=20230101T144803, end_date=20230101T144804
[2023-01-01T14:48:04.641+0000] {local_task_job.py:164} INFO - Task exited with return code 0
[2023-01-01T14:48:04.666+0000] {local_task_job.py:273} INFO - 1 downstream tasks scheduled from follow-on schedule check
