[2022-12-26T13:50:44.957+0000] {taskinstance.py:1165} INFO - Dependencies all met for <TaskInstance: exchange_rates.get_rate_RUB_AMD scheduled__2022-01-09T08:15:00+00:00 [queued]>
[2022-12-26T13:50:45.019+0000] {taskinstance.py:1165} INFO - Dependencies all met for <TaskInstance: exchange_rates.get_rate_RUB_AMD scheduled__2022-01-09T08:15:00+00:00 [queued]>
[2022-12-26T13:50:45.028+0000] {taskinstance.py:1362} INFO - 
--------------------------------------------------------------------------------
[2022-12-26T13:50:45.029+0000] {taskinstance.py:1363} INFO - Starting attempt 1 of 1
[2022-12-26T13:50:45.032+0000] {taskinstance.py:1364} INFO - 
--------------------------------------------------------------------------------
[2022-12-26T13:50:45.118+0000] {taskinstance.py:1383} INFO - Executing <Task(CurrencyScoopOperator): get_rate_RUB_AMD> on 2022-01-09 08:15:00+00:00
[2022-12-26T13:50:45.136+0000] {standard_task_runner.py:54} INFO - Started process 3128 to run task
[2022-12-26T13:50:45.168+0000] {standard_task_runner.py:82} INFO - Running: ['***', 'tasks', 'run', 'exchange_rates', 'get_rate_RUB_AMD', 'scheduled__2022-01-09T08:15:00+00:00', '--job-id', '1866', '--raw', '--subdir', 'DAGS_FOLDER/exchange_rates.py', '--cfg-path', '/tmp/tmpddxn21vk']
[2022-12-26T13:50:45.177+0000] {standard_task_runner.py:83} INFO - Job 1866: Subtask get_rate_RUB_AMD
[2022-12-26T13:50:45.180+0000] {dagbag.py:525} INFO - Filling up the DagBag from /opt/***/dags/exchange_rates.py
[2022-12-26T13:50:45.615+0000] {taskmixin.py:205} WARNING - Dependency <Task(CurrencyScoopOperator): get_rate_AMD_RUB>, insert_rate_AMD_RUB already registered for DAG: exchange_rates
[2022-12-26T13:50:45.620+0000] {taskmixin.py:205} WARNING - Dependency <Task(PostgresOperator): insert_rate_AMD_RUB>, get_rate_AMD_RUB already registered for DAG: exchange_rates
[2022-12-26T13:50:45.891+0000] {task_command.py:384} INFO - Running <TaskInstance: exchange_rates.get_rate_RUB_AMD scheduled__2022-01-09T08:15:00+00:00 [running]> on host d383fbf2a8e7
[2022-12-26T13:50:46.231+0000] {taskinstance.py:1592} INFO - Exporting the following env vars:
AIRFLOW_CTX_DAG_OWNER=***
AIRFLOW_CTX_DAG_ID=exchange_rates
AIRFLOW_CTX_TASK_ID=get_rate_RUB_AMD
AIRFLOW_CTX_EXECUTION_DATE=2022-01-09T08:15:00+00:00
AIRFLOW_CTX_TRY_NUMBER=1
AIRFLOW_CTX_DAG_RUN_ID=scheduled__2022-01-09T08:15:00+00:00
[2022-12-26T13:50:46.233+0000] {warnings.py:110} WARNING - /home/***/.local/lib/python3.7/site-packages/***/utils/context.py:204: AirflowContextDeprecationWarning: Accessing 'execution_date' from the template is deprecated and will be removed in a future version. Please use 'data_interval_start' or 'logical_date' instead.
  warnings.warn(_create_deprecation_warning(key, self._deprecation_replacements[key]))

[2022-12-26T13:50:46.278+0000] {base.py:71} INFO - Using connection ID 'currency_conn_id' for task execution.
[2022-12-26T13:50:46.731+0000] {taskinstance.py:1406} INFO - Marking task as SUCCESS. dag_id=exchange_rates, task_id=get_rate_RUB_AMD, execution_date=20220109T081500, start_date=20221226T135044, end_date=20221226T135046
[2022-12-26T13:50:46.866+0000] {local_task_job.py:164} INFO - Task exited with return code 0
[2022-12-26T13:50:46.939+0000] {local_task_job.py:273} INFO - 1 downstream tasks scheduled from follow-on schedule check
[2023-01-01T14:35:16.009+0000] {taskinstance.py:1165} INFO - Dependencies all met for <TaskInstance: exchange_rates.get_rate_RUB_AMD scheduled__2022-01-09T08:15:00+00:00 [queued]>
[2023-01-01T14:35:16.083+0000] {taskinstance.py:1165} INFO - Dependencies all met for <TaskInstance: exchange_rates.get_rate_RUB_AMD scheduled__2022-01-09T08:15:00+00:00 [queued]>
[2023-01-01T14:35:16.084+0000] {taskinstance.py:1362} INFO - 
--------------------------------------------------------------------------------
[2023-01-01T14:35:16.084+0000] {taskinstance.py:1363} INFO - Starting attempt 1 of 1
[2023-01-01T14:35:16.086+0000] {taskinstance.py:1364} INFO - 
--------------------------------------------------------------------------------
[2023-01-01T14:35:16.205+0000] {taskinstance.py:1383} INFO - Executing <Task(CurrencyScoopOperator): get_rate_RUB_AMD> on 2022-01-09 08:15:00+00:00
[2023-01-01T14:35:16.211+0000] {standard_task_runner.py:54} INFO - Started process 3787 to run task
[2023-01-01T14:35:16.271+0000] {standard_task_runner.py:82} INFO - Running: ['***', 'tasks', 'run', 'exchange_rates', 'get_rate_RUB_AMD', 'scheduled__2022-01-09T08:15:00+00:00', '--job-id', '7851', '--raw', '--subdir', 'DAGS_FOLDER/exchange_rates.py', '--cfg-path', '/tmp/tmpbwu0__ah']
[2023-01-01T14:35:16.281+0000] {standard_task_runner.py:83} INFO - Job 7851: Subtask get_rate_RUB_AMD
[2023-01-01T14:35:16.290+0000] {dagbag.py:525} INFO - Filling up the DagBag from /opt/***/dags/exchange_rates.py
[2023-01-01T14:35:16.781+0000] {taskmixin.py:205} WARNING - Dependency <Task(CurrencyScoopOperator): get_rate_AMD_RUB>, insert_rate_AMD_RUB already registered for DAG: exchange_rates
[2023-01-01T14:35:16.792+0000] {taskmixin.py:205} WARNING - Dependency <Task(PostgresOperator): insert_rate_AMD_RUB>, get_rate_AMD_RUB already registered for DAG: exchange_rates
[2023-01-01T14:35:16.980+0000] {task_command.py:384} INFO - Running <TaskInstance: exchange_rates.get_rate_RUB_AMD scheduled__2022-01-09T08:15:00+00:00 [running]> on host d383fbf2a8e7
[2023-01-01T14:35:17.123+0000] {taskinstance.py:1592} INFO - Exporting the following env vars:
AIRFLOW_CTX_DAG_OWNER=***
AIRFLOW_CTX_DAG_ID=exchange_rates
AIRFLOW_CTX_TASK_ID=get_rate_RUB_AMD
AIRFLOW_CTX_EXECUTION_DATE=2022-01-09T08:15:00+00:00
AIRFLOW_CTX_TRY_NUMBER=1
AIRFLOW_CTX_DAG_RUN_ID=scheduled__2022-01-09T08:15:00+00:00
[2023-01-01T14:35:17.125+0000] {warnings.py:110} WARNING - /home/***/.local/lib/python3.7/site-packages/***/utils/context.py:204: AirflowContextDeprecationWarning: Accessing 'execution_date' from the template is deprecated and will be removed in a future version. Please use 'data_interval_start' or 'logical_date' instead.
  warnings.warn(_create_deprecation_warning(key, self._deprecation_replacements[key]))

[2023-01-01T14:35:17.144+0000] {base.py:71} INFO - Using connection ID 'currency_conn_id' for task execution.
[2023-01-01T14:35:17.511+0000] {taskinstance.py:1406} INFO - Marking task as SUCCESS. dag_id=exchange_rates, task_id=get_rate_RUB_AMD, execution_date=20220109T081500, start_date=20230101T143516, end_date=20230101T143517
[2023-01-01T14:35:17.557+0000] {local_task_job.py:164} INFO - Task exited with return code 0
[2023-01-01T14:35:17.617+0000] {local_task_job.py:273} INFO - 1 downstream tasks scheduled from follow-on schedule check
