[2022-12-26T14:04:02.383+0000] {taskinstance.py:1165} INFO - Dependencies all met for <TaskInstance: exchange_rates.create_table_task scheduled__2022-11-21T08:15:00+00:00 [queued]>
[2022-12-26T14:04:02.452+0000] {taskinstance.py:1165} INFO - Dependencies all met for <TaskInstance: exchange_rates.create_table_task scheduled__2022-11-21T08:15:00+00:00 [queued]>
[2022-12-26T14:04:02.453+0000] {taskinstance.py:1362} INFO - 
--------------------------------------------------------------------------------
[2022-12-26T14:04:02.454+0000] {taskinstance.py:1363} INFO - Starting attempt 1 of 1
[2022-12-26T14:04:02.455+0000] {taskinstance.py:1364} INFO - 
--------------------------------------------------------------------------------
[2022-12-26T14:04:02.534+0000] {taskinstance.py:1383} INFO - Executing <Task(PostgresOperator): create_table_task> on 2022-11-21 08:15:00+00:00
[2022-12-26T14:04:02.553+0000] {standard_task_runner.py:54} INFO - Started process 11924 to run task
[2022-12-26T14:04:02.588+0000] {standard_task_runner.py:82} INFO - Running: ['***', 'tasks', 'run', 'exchange_rates', 'create_table_task', 'scheduled__2022-11-21T08:15:00+00:00', '--job-id', '5880', '--raw', '--subdir', 'DAGS_FOLDER/exchange_rates.py', '--cfg-path', '/tmp/tmpq7ob2s3d']
[2022-12-26T14:04:02.603+0000] {standard_task_runner.py:83} INFO - Job 5880: Subtask create_table_task
[2022-12-26T14:04:02.610+0000] {dagbag.py:525} INFO - Filling up the DagBag from /opt/***/dags/exchange_rates.py
[2022-12-26T14:04:02.915+0000] {taskmixin.py:205} WARNING - Dependency <Task(CurrencyScoopOperator): get_rate_AMD_RUB>, insert_rate_AMD_RUB already registered for DAG: exchange_rates
[2022-12-26T14:04:02.923+0000] {taskmixin.py:205} WARNING - Dependency <Task(PostgresOperator): insert_rate_AMD_RUB>, get_rate_AMD_RUB already registered for DAG: exchange_rates
[2022-12-26T14:04:03.088+0000] {task_command.py:384} INFO - Running <TaskInstance: exchange_rates.create_table_task scheduled__2022-11-21T08:15:00+00:00 [running]> on host d383fbf2a8e7
[2022-12-26T14:04:03.289+0000] {taskinstance.py:1592} INFO - Exporting the following env vars:
AIRFLOW_CTX_DAG_OWNER=***
AIRFLOW_CTX_DAG_ID=exchange_rates
AIRFLOW_CTX_TASK_ID=create_table_task
AIRFLOW_CTX_EXECUTION_DATE=2022-11-21T08:15:00+00:00
AIRFLOW_CTX_TRY_NUMBER=1
AIRFLOW_CTX_DAG_RUN_ID=scheduled__2022-11-21T08:15:00+00:00
[2022-12-26T14:04:03.323+0000] {base.py:71} INFO - Using connection ID 'postgres_default' for task execution.
[2022-12-26T14:04:03.335+0000] {sql.py:315} INFO - Running statement: CREATE TABLE IF NOT EXISTS exchange_rates (
    base VARCHAR(3) NOT NULL,
    currency VARCHAR(3) NOT NULL,
    rate NUMERIC(12, 3) NOT NULL,
    date DATE NOT NULL,
    UNIQUE (base, currency, date)
);, parameters: None
[2022-12-26T14:04:03.340+0000] {postgres.py:96} INFO - NOTICE:  relation "exchange_rates" already exists, skipping

[2022-12-26T14:04:03.357+0000] {taskinstance.py:1406} INFO - Marking task as SUCCESS. dag_id=exchange_rates, task_id=create_table_task, execution_date=20221121T081500, start_date=20221226T140402, end_date=20221226T140403
[2022-12-26T14:04:03.427+0000] {local_task_job.py:164} INFO - Task exited with return code 0
[2022-12-26T14:04:03.647+0000] {local_task_job.py:273} INFO - 6 downstream tasks scheduled from follow-on schedule check
[2023-01-01T14:48:37.352+0000] {taskinstance.py:1165} INFO - Dependencies all met for <TaskInstance: exchange_rates.create_table_task scheduled__2022-11-21T08:15:00+00:00 [queued]>
[2023-01-01T14:48:37.384+0000] {taskinstance.py:1165} INFO - Dependencies all met for <TaskInstance: exchange_rates.create_table_task scheduled__2022-11-21T08:15:00+00:00 [queued]>
[2023-01-01T14:48:37.386+0000] {taskinstance.py:1362} INFO - 
--------------------------------------------------------------------------------
[2023-01-01T14:48:37.387+0000] {taskinstance.py:1363} INFO - Starting attempt 1 of 1
[2023-01-01T14:48:37.388+0000] {taskinstance.py:1364} INFO - 
--------------------------------------------------------------------------------
[2023-01-01T14:48:37.466+0000] {taskinstance.py:1383} INFO - Executing <Task(PostgresOperator): create_table_task> on 2022-11-21 08:15:00+00:00
[2023-01-01T14:48:37.476+0000] {standard_task_runner.py:54} INFO - Started process 13201 to run task
[2023-01-01T14:48:37.487+0000] {standard_task_runner.py:82} INFO - Running: ['***', 'tasks', 'run', 'exchange_rates', 'create_table_task', 'scheduled__2022-11-21T08:15:00+00:00', '--job-id', '12156', '--raw', '--subdir', 'DAGS_FOLDER/exchange_rates.py', '--cfg-path', '/tmp/tmpcgveog2l']
[2023-01-01T14:48:37.488+0000] {standard_task_runner.py:83} INFO - Job 12156: Subtask create_table_task
[2023-01-01T14:48:37.489+0000] {dagbag.py:525} INFO - Filling up the DagBag from /opt/***/dags/exchange_rates.py
[2023-01-01T14:48:37.817+0000] {taskmixin.py:205} WARNING - Dependency <Task(CurrencyScoopOperator): get_rate_AMD_RUB>, insert_rate_AMD_RUB already registered for DAG: exchange_rates
[2023-01-01T14:48:37.818+0000] {taskmixin.py:205} WARNING - Dependency <Task(PostgresOperator): insert_rate_AMD_RUB>, get_rate_AMD_RUB already registered for DAG: exchange_rates
[2023-01-01T14:48:37.967+0000] {task_command.py:384} INFO - Running <TaskInstance: exchange_rates.create_table_task scheduled__2022-11-21T08:15:00+00:00 [running]> on host d383fbf2a8e7
[2023-01-01T14:48:38.141+0000] {taskinstance.py:1592} INFO - Exporting the following env vars:
AIRFLOW_CTX_DAG_OWNER=***
AIRFLOW_CTX_DAG_ID=exchange_rates
AIRFLOW_CTX_TASK_ID=create_table_task
AIRFLOW_CTX_EXECUTION_DATE=2022-11-21T08:15:00+00:00
AIRFLOW_CTX_TRY_NUMBER=1
AIRFLOW_CTX_DAG_RUN_ID=scheduled__2022-11-21T08:15:00+00:00
[2023-01-01T14:48:38.151+0000] {base.py:71} INFO - Using connection ID 'postgres_default' for task execution.
[2023-01-01T14:48:38.156+0000] {sql.py:315} INFO - Running statement: CREATE TABLE IF NOT EXISTS exchange_rates (
    base VARCHAR(3) NOT NULL,
    currency VARCHAR(3) NOT NULL,
    rate NUMERIC(12, 3) NOT NULL,
    date DATE NOT NULL,
    UNIQUE (base, currency, date)
);, parameters: None
[2023-01-01T14:48:38.158+0000] {postgres.py:96} INFO - NOTICE:  relation "exchange_rates" already exists, skipping

[2023-01-01T14:48:38.178+0000] {taskinstance.py:1406} INFO - Marking task as SUCCESS. dag_id=exchange_rates, task_id=create_table_task, execution_date=20221121T081500, start_date=20230101T144837, end_date=20230101T144838
[2023-01-01T14:48:38.224+0000] {local_task_job.py:164} INFO - Task exited with return code 0
[2023-01-01T14:48:38.266+0000] {local_task_job.py:273} INFO - 6 downstream tasks scheduled from follow-on schedule check
