[2022-12-26T13:49:35.475+0000] {taskinstance.py:1165} INFO - Dependencies all met for <TaskInstance: exchange_rates.make_report scheduled__2021-12-05T08:15:00+00:00 [queued]>
[2022-12-26T13:49:35.525+0000] {taskinstance.py:1165} INFO - Dependencies all met for <TaskInstance: exchange_rates.make_report scheduled__2021-12-05T08:15:00+00:00 [queued]>
[2022-12-26T13:49:35.528+0000] {taskinstance.py:1362} INFO - 
--------------------------------------------------------------------------------
[2022-12-26T13:49:35.529+0000] {taskinstance.py:1363} INFO - Starting attempt 1 of 1
[2022-12-26T13:49:35.531+0000] {taskinstance.py:1364} INFO - 
--------------------------------------------------------------------------------
[2022-12-26T13:49:35.572+0000] {taskinstance.py:1383} INFO - Executing <Task(PythonOperator): make_report> on 2021-12-05 08:15:00+00:00
[2022-12-26T13:49:35.576+0000] {standard_task_runner.py:54} INFO - Started process 2483 to run task
[2022-12-26T13:49:35.601+0000] {standard_task_runner.py:82} INFO - Running: ['***', 'tasks', 'run', 'exchange_rates', 'make_report', 'scheduled__2021-12-05T08:15:00+00:00', '--job-id', '1580', '--raw', '--subdir', 'DAGS_FOLDER/exchange_rates.py', '--cfg-path', '/tmp/tmp4wr88c9f']
[2022-12-26T13:49:35.615+0000] {standard_task_runner.py:83} INFO - Job 1580: Subtask make_report
[2022-12-26T13:49:35.619+0000] {dagbag.py:525} INFO - Filling up the DagBag from /opt/***/dags/exchange_rates.py
[2022-12-26T13:49:35.779+0000] {taskmixin.py:205} WARNING - Dependency <Task(CurrencyScoopOperator): get_rate_AMD_RUB>, insert_rate_AMD_RUB already registered for DAG: exchange_rates
[2022-12-26T13:49:35.780+0000] {taskmixin.py:205} WARNING - Dependency <Task(PostgresOperator): insert_rate_AMD_RUB>, get_rate_AMD_RUB already registered for DAG: exchange_rates
[2022-12-26T13:49:36.020+0000] {task_command.py:384} INFO - Running <TaskInstance: exchange_rates.make_report scheduled__2021-12-05T08:15:00+00:00 [running]> on host d383fbf2a8e7
[2022-12-26T13:49:36.301+0000] {taskinstance.py:1592} INFO - Exporting the following env vars:
AIRFLOW_CTX_DAG_OWNER=***
AIRFLOW_CTX_DAG_ID=exchange_rates
AIRFLOW_CTX_TASK_ID=make_report
AIRFLOW_CTX_EXECUTION_DATE=2021-12-05T08:15:00+00:00
AIRFLOW_CTX_TRY_NUMBER=1
AIRFLOW_CTX_DAG_RUN_ID=scheduled__2021-12-05T08:15:00+00:00
[2022-12-26T13:49:38.269+0000] {python.py:177} INFO - Done. Returned value was: None
[2022-12-26T13:49:38.298+0000] {taskinstance.py:1406} INFO - Marking task as SUCCESS. dag_id=exchange_rates, task_id=make_report, execution_date=20211205T081500, start_date=20221226T134935, end_date=20221226T134938
[2022-12-26T13:49:38.481+0000] {local_task_job.py:164} INFO - Task exited with return code 0
[2022-12-26T13:49:38.510+0000] {local_task_job.py:273} INFO - 0 downstream tasks scheduled from follow-on schedule check
[2023-01-01T14:34:20.654+0000] {taskinstance.py:1165} INFO - Dependencies all met for <TaskInstance: exchange_rates.make_report scheduled__2021-12-05T08:15:00+00:00 [queued]>
[2023-01-01T14:34:20.679+0000] {taskinstance.py:1165} INFO - Dependencies all met for <TaskInstance: exchange_rates.make_report scheduled__2021-12-05T08:15:00+00:00 [queued]>
[2023-01-01T14:34:20.681+0000] {taskinstance.py:1362} INFO - 
--------------------------------------------------------------------------------
[2023-01-01T14:34:20.682+0000] {taskinstance.py:1363} INFO - Starting attempt 1 of 1
[2023-01-01T14:34:20.682+0000] {taskinstance.py:1364} INFO - 
--------------------------------------------------------------------------------
[2023-01-01T14:34:20.754+0000] {taskinstance.py:1383} INFO - Executing <Task(PythonOperator): make_report> on 2021-12-05 08:15:00+00:00
[2023-01-01T14:34:20.758+0000] {standard_task_runner.py:54} INFO - Started process 3147 to run task
[2023-01-01T14:34:20.787+0000] {standard_task_runner.py:82} INFO - Running: ['***', 'tasks', 'run', 'exchange_rates', 'make_report', 'scheduled__2021-12-05T08:15:00+00:00', '--job-id', '7571', '--raw', '--subdir', 'DAGS_FOLDER/exchange_rates.py', '--cfg-path', '/tmp/tmppvqtacq5']
[2023-01-01T14:34:20.805+0000] {standard_task_runner.py:83} INFO - Job 7571: Subtask make_report
[2023-01-01T14:34:20.809+0000] {dagbag.py:525} INFO - Filling up the DagBag from /opt/***/dags/exchange_rates.py
[2023-01-01T14:34:21.198+0000] {taskmixin.py:205} WARNING - Dependency <Task(CurrencyScoopOperator): get_rate_AMD_RUB>, insert_rate_AMD_RUB already registered for DAG: exchange_rates
[2023-01-01T14:34:21.200+0000] {taskmixin.py:205} WARNING - Dependency <Task(PostgresOperator): insert_rate_AMD_RUB>, get_rate_AMD_RUB already registered for DAG: exchange_rates
[2023-01-01T14:34:21.398+0000] {task_command.py:384} INFO - Running <TaskInstance: exchange_rates.make_report scheduled__2021-12-05T08:15:00+00:00 [running]> on host d383fbf2a8e7
[2023-01-01T14:34:21.678+0000] {taskinstance.py:1592} INFO - Exporting the following env vars:
AIRFLOW_CTX_DAG_OWNER=***
AIRFLOW_CTX_DAG_ID=exchange_rates
AIRFLOW_CTX_TASK_ID=make_report
AIRFLOW_CTX_EXECUTION_DATE=2021-12-05T08:15:00+00:00
AIRFLOW_CTX_TRY_NUMBER=1
AIRFLOW_CTX_DAG_RUN_ID=scheduled__2021-12-05T08:15:00+00:00
[2023-01-01T14:34:22.811+0000] {python.py:177} INFO - Done. Returned value was: None
[2023-01-01T14:34:22.823+0000] {taskinstance.py:1406} INFO - Marking task as SUCCESS. dag_id=exchange_rates, task_id=make_report, execution_date=20211205T081500, start_date=20230101T143420, end_date=20230101T143422
[2023-01-01T14:34:23.026+0000] {local_task_job.py:164} INFO - Task exited with return code 0
[2023-01-01T14:34:23.063+0000] {local_task_job.py:273} INFO - 0 downstream tasks scheduled from follow-on schedule check
