[2022-12-26T14:04:33.846+0000] {taskinstance.py:1165} INFO - Dependencies all met for <TaskInstance: exchange_rates.create_table_task scheduled__2022-12-13T08:15:00+00:00 [queued]>
[2022-12-26T14:04:33.892+0000] {taskinstance.py:1165} INFO - Dependencies all met for <TaskInstance: exchange_rates.create_table_task scheduled__2022-12-13T08:15:00+00:00 [queued]>
[2022-12-26T14:04:33.893+0000] {taskinstance.py:1362} INFO - 
--------------------------------------------------------------------------------
[2022-12-26T14:04:33.893+0000] {taskinstance.py:1363} INFO - Starting attempt 1 of 1
[2022-12-26T14:04:33.894+0000] {taskinstance.py:1364} INFO - 
--------------------------------------------------------------------------------
[2022-12-26T14:04:33.978+0000] {taskinstance.py:1383} INFO - Executing <Task(PostgresOperator): create_table_task> on 2022-12-13 08:15:00+00:00
[2022-12-26T14:04:34.004+0000] {standard_task_runner.py:54} INFO - Started process 12265 to run task
[2022-12-26T14:04:34.026+0000] {standard_task_runner.py:82} INFO - Running: ['***', 'tasks', 'run', 'exchange_rates', 'create_table_task', 'scheduled__2022-12-13T08:15:00+00:00', '--job-id', '6040', '--raw', '--subdir', 'DAGS_FOLDER/exchange_rates.py', '--cfg-path', '/tmp/tmpzp4zfd0y']
[2022-12-26T14:04:34.059+0000] {standard_task_runner.py:83} INFO - Job 6040: Subtask create_table_task
[2022-12-26T14:04:34.063+0000] {dagbag.py:525} INFO - Filling up the DagBag from /opt/***/dags/exchange_rates.py
[2022-12-26T14:04:34.418+0000] {taskmixin.py:205} WARNING - Dependency <Task(CurrencyScoopOperator): get_rate_AMD_RUB>, insert_rate_AMD_RUB already registered for DAG: exchange_rates
[2022-12-26T14:04:34.419+0000] {taskmixin.py:205} WARNING - Dependency <Task(PostgresOperator): insert_rate_AMD_RUB>, get_rate_AMD_RUB already registered for DAG: exchange_rates
[2022-12-26T14:04:34.612+0000] {task_command.py:384} INFO - Running <TaskInstance: exchange_rates.create_table_task scheduled__2022-12-13T08:15:00+00:00 [running]> on host d383fbf2a8e7
[2022-12-26T14:04:35.009+0000] {taskinstance.py:1592} INFO - Exporting the following env vars:
AIRFLOW_CTX_DAG_OWNER=***
AIRFLOW_CTX_DAG_ID=exchange_rates
AIRFLOW_CTX_TASK_ID=create_table_task
AIRFLOW_CTX_EXECUTION_DATE=2022-12-13T08:15:00+00:00
AIRFLOW_CTX_TRY_NUMBER=1
AIRFLOW_CTX_DAG_RUN_ID=scheduled__2022-12-13T08:15:00+00:00
[2022-12-26T14:04:35.061+0000] {base.py:71} INFO - Using connection ID 'postgres_default' for task execution.
[2022-12-26T14:04:35.083+0000] {sql.py:315} INFO - Running statement: CREATE TABLE IF NOT EXISTS exchange_rates (
    base VARCHAR(3) NOT NULL,
    currency VARCHAR(3) NOT NULL,
    rate NUMERIC(12, 3) NOT NULL,
    date DATE NOT NULL,
    UNIQUE (base, currency, date)
);, parameters: None
[2022-12-26T14:04:35.089+0000] {postgres.py:96} INFO - NOTICE:  relation "exchange_rates" already exists, skipping

[2022-12-26T14:04:35.110+0000] {taskinstance.py:1406} INFO - Marking task as SUCCESS. dag_id=exchange_rates, task_id=create_table_task, execution_date=20221213T081500, start_date=20221226T140433, end_date=20221226T140435
[2022-12-26T14:04:35.192+0000] {local_task_job.py:164} INFO - Task exited with return code 0
[2022-12-26T14:04:35.328+0000] {local_task_job.py:273} INFO - 6 downstream tasks scheduled from follow-on schedule check
[2023-01-01T14:49:53.883+0000] {taskinstance.py:1165} INFO - Dependencies all met for <TaskInstance: exchange_rates.create_table_task scheduled__2022-12-13T08:15:00+00:00 [queued]>
[2023-01-01T14:49:53.906+0000] {taskinstance.py:1165} INFO - Dependencies all met for <TaskInstance: exchange_rates.create_table_task scheduled__2022-12-13T08:15:00+00:00 [queued]>
[2023-01-01T14:49:53.907+0000] {taskinstance.py:1362} INFO - 
--------------------------------------------------------------------------------
[2023-01-01T14:49:53.908+0000] {taskinstance.py:1363} INFO - Starting attempt 1 of 1
[2023-01-01T14:49:53.908+0000] {taskinstance.py:1364} INFO - 
--------------------------------------------------------------------------------
[2023-01-01T14:49:53.938+0000] {taskinstance.py:1383} INFO - Executing <Task(PostgresOperator): create_table_task> on 2022-12-13 08:15:00+00:00
[2023-01-01T14:49:53.945+0000] {standard_task_runner.py:54} INFO - Started process 14081 to run task
[2023-01-01T14:49:53.948+0000] {standard_task_runner.py:82} INFO - Running: ['***', 'tasks', 'run', 'exchange_rates', 'create_table_task', 'scheduled__2022-12-13T08:15:00+00:00', '--job-id', '12554', '--raw', '--subdir', 'DAGS_FOLDER/exchange_rates.py', '--cfg-path', '/tmp/tmprvcce5kp']
[2023-01-01T14:49:53.949+0000] {standard_task_runner.py:83} INFO - Job 12554: Subtask create_table_task
[2023-01-01T14:49:53.952+0000] {dagbag.py:525} INFO - Filling up the DagBag from /opt/***/dags/exchange_rates.py
[2023-01-01T14:49:54.161+0000] {taskmixin.py:205} WARNING - Dependency <Task(CurrencyScoopOperator): get_rate_AMD_RUB>, insert_rate_AMD_RUB already registered for DAG: exchange_rates
[2023-01-01T14:49:54.162+0000] {taskmixin.py:205} WARNING - Dependency <Task(PostgresOperator): insert_rate_AMD_RUB>, get_rate_AMD_RUB already registered for DAG: exchange_rates
[2023-01-01T14:49:54.348+0000] {task_command.py:384} INFO - Running <TaskInstance: exchange_rates.create_table_task scheduled__2022-12-13T08:15:00+00:00 [running]> on host d383fbf2a8e7
[2023-01-01T14:49:54.533+0000] {taskinstance.py:1592} INFO - Exporting the following env vars:
AIRFLOW_CTX_DAG_OWNER=***
AIRFLOW_CTX_DAG_ID=exchange_rates
AIRFLOW_CTX_TASK_ID=create_table_task
AIRFLOW_CTX_EXECUTION_DATE=2022-12-13T08:15:00+00:00
AIRFLOW_CTX_TRY_NUMBER=1
AIRFLOW_CTX_DAG_RUN_ID=scheduled__2022-12-13T08:15:00+00:00
[2023-01-01T14:49:54.562+0000] {base.py:71} INFO - Using connection ID 'postgres_default' for task execution.
[2023-01-01T14:49:54.570+0000] {sql.py:315} INFO - Running statement: CREATE TABLE IF NOT EXISTS exchange_rates (
    base VARCHAR(3) NOT NULL,
    currency VARCHAR(3) NOT NULL,
    rate NUMERIC(12, 3) NOT NULL,
    date DATE NOT NULL,
    UNIQUE (base, currency, date)
);, parameters: None
[2023-01-01T14:49:54.579+0000] {postgres.py:96} INFO - NOTICE:  relation "exchange_rates" already exists, skipping

[2023-01-01T14:49:54.616+0000] {taskinstance.py:1406} INFO - Marking task as SUCCESS. dag_id=exchange_rates, task_id=create_table_task, execution_date=20221213T081500, start_date=20230101T144953, end_date=20230101T144954
[2023-01-01T14:49:54.733+0000] {local_task_job.py:164} INFO - Task exited with return code 0
[2023-01-01T14:49:54.777+0000] {local_task_job.py:273} INFO - 6 downstream tasks scheduled from follow-on schedule check
