[2022-12-26T14:01:18.028+0000] {taskinstance.py:1165} INFO - Dependencies all met for <TaskInstance: exchange_rates.get_rate_EUR_RUB scheduled__2022-08-21T08:15:00+00:00 [queued]>
[2022-12-26T14:01:18.082+0000] {taskinstance.py:1165} INFO - Dependencies all met for <TaskInstance: exchange_rates.get_rate_EUR_RUB scheduled__2022-08-21T08:15:00+00:00 [queued]>
[2022-12-26T14:01:18.085+0000] {taskinstance.py:1362} INFO - 
--------------------------------------------------------------------------------
[2022-12-26T14:01:18.086+0000] {taskinstance.py:1363} INFO - Starting attempt 1 of 1
[2022-12-26T14:01:18.086+0000] {taskinstance.py:1364} INFO - 
--------------------------------------------------------------------------------
[2022-12-26T14:01:18.156+0000] {taskinstance.py:1383} INFO - Executing <Task(CurrencyScoopOperator): get_rate_EUR_RUB> on 2022-08-21 08:15:00+00:00
[2022-12-26T14:01:18.170+0000] {standard_task_runner.py:54} INFO - Started process 10052 to run task
[2022-12-26T14:01:18.198+0000] {standard_task_runner.py:82} INFO - Running: ['***', 'tasks', 'run', 'exchange_rates', 'get_rate_EUR_RUB', 'scheduled__2022-08-21T08:15:00+00:00', '--job-id', '5017', '--raw', '--subdir', 'DAGS_FOLDER/exchange_rates.py', '--cfg-path', '/tmp/tmp42bx1h_u']
[2022-12-26T14:01:18.202+0000] {standard_task_runner.py:83} INFO - Job 5017: Subtask get_rate_EUR_RUB
[2022-12-26T14:01:18.215+0000] {dagbag.py:525} INFO - Filling up the DagBag from /opt/***/dags/exchange_rates.py
[2022-12-26T14:01:18.535+0000] {taskmixin.py:205} WARNING - Dependency <Task(CurrencyScoopOperator): get_rate_AMD_RUB>, insert_rate_AMD_RUB already registered for DAG: exchange_rates
[2022-12-26T14:01:18.537+0000] {taskmixin.py:205} WARNING - Dependency <Task(PostgresOperator): insert_rate_AMD_RUB>, get_rate_AMD_RUB already registered for DAG: exchange_rates
[2022-12-26T14:01:18.738+0000] {task_command.py:384} INFO - Running <TaskInstance: exchange_rates.get_rate_EUR_RUB scheduled__2022-08-21T08:15:00+00:00 [running]> on host d383fbf2a8e7
[2022-12-26T14:01:18.858+0000] {taskinstance.py:1592} INFO - Exporting the following env vars:
AIRFLOW_CTX_DAG_OWNER=***
AIRFLOW_CTX_DAG_ID=exchange_rates
AIRFLOW_CTX_TASK_ID=get_rate_EUR_RUB
AIRFLOW_CTX_EXECUTION_DATE=2022-08-21T08:15:00+00:00
AIRFLOW_CTX_TRY_NUMBER=1
AIRFLOW_CTX_DAG_RUN_ID=scheduled__2022-08-21T08:15:00+00:00
[2022-12-26T14:01:18.858+0000] {warnings.py:110} WARNING - /home/***/.local/lib/python3.7/site-packages/***/utils/context.py:204: AirflowContextDeprecationWarning: Accessing 'execution_date' from the template is deprecated and will be removed in a future version. Please use 'data_interval_start' or 'logical_date' instead.
  warnings.warn(_create_deprecation_warning(key, self._deprecation_replacements[key]))

[2022-12-26T14:01:18.866+0000] {base.py:71} INFO - Using connection ID 'currency_conn_id' for task execution.
[2022-12-26T14:01:19.551+0000] {taskinstance.py:1406} INFO - Marking task as SUCCESS. dag_id=exchange_rates, task_id=get_rate_EUR_RUB, execution_date=20220821T081500, start_date=20221226T140118, end_date=20221226T140119
[2022-12-26T14:01:19.625+0000] {local_task_job.py:164} INFO - Task exited with return code 0
[2022-12-26T14:01:19.686+0000] {local_task_job.py:273} INFO - 1 downstream tasks scheduled from follow-on schedule check
[2023-01-01T14:44:57.774+0000] {taskinstance.py:1165} INFO - Dependencies all met for <TaskInstance: exchange_rates.get_rate_EUR_RUB scheduled__2022-08-21T08:15:00+00:00 [queued]>
[2023-01-01T14:44:57.828+0000] {taskinstance.py:1165} INFO - Dependencies all met for <TaskInstance: exchange_rates.get_rate_EUR_RUB scheduled__2022-08-21T08:15:00+00:00 [queued]>
[2023-01-01T14:44:57.844+0000] {taskinstance.py:1362} INFO - 
--------------------------------------------------------------------------------
[2023-01-01T14:44:57.846+0000] {taskinstance.py:1363} INFO - Starting attempt 1 of 1
[2023-01-01T14:44:57.850+0000] {taskinstance.py:1364} INFO - 
--------------------------------------------------------------------------------
[2023-01-01T14:44:57.927+0000] {taskinstance.py:1383} INFO - Executing <Task(CurrencyScoopOperator): get_rate_EUR_RUB> on 2022-08-21 08:15:00+00:00
[2023-01-01T14:44:57.939+0000] {standard_task_runner.py:54} INFO - Started process 10660 to run task
[2023-01-01T14:44:57.972+0000] {standard_task_runner.py:82} INFO - Running: ['***', 'tasks', 'run', 'exchange_rates', 'get_rate_EUR_RUB', 'scheduled__2022-08-21T08:15:00+00:00', '--job-id', '10990', '--raw', '--subdir', 'DAGS_FOLDER/exchange_rates.py', '--cfg-path', '/tmp/tmpulla2xqa']
[2023-01-01T14:44:57.981+0000] {standard_task_runner.py:83} INFO - Job 10990: Subtask get_rate_EUR_RUB
[2023-01-01T14:44:57.982+0000] {dagbag.py:525} INFO - Filling up the DagBag from /opt/***/dags/exchange_rates.py
[2023-01-01T14:44:58.419+0000] {taskmixin.py:205} WARNING - Dependency <Task(CurrencyScoopOperator): get_rate_AMD_RUB>, insert_rate_AMD_RUB already registered for DAG: exchange_rates
[2023-01-01T14:44:58.419+0000] {taskmixin.py:205} WARNING - Dependency <Task(PostgresOperator): insert_rate_AMD_RUB>, get_rate_AMD_RUB already registered for DAG: exchange_rates
[2023-01-01T14:44:58.612+0000] {task_command.py:384} INFO - Running <TaskInstance: exchange_rates.get_rate_EUR_RUB scheduled__2022-08-21T08:15:00+00:00 [running]> on host d383fbf2a8e7
[2023-01-01T14:44:58.808+0000] {taskinstance.py:1592} INFO - Exporting the following env vars:
AIRFLOW_CTX_DAG_OWNER=***
AIRFLOW_CTX_DAG_ID=exchange_rates
AIRFLOW_CTX_TASK_ID=get_rate_EUR_RUB
AIRFLOW_CTX_EXECUTION_DATE=2022-08-21T08:15:00+00:00
AIRFLOW_CTX_TRY_NUMBER=1
AIRFLOW_CTX_DAG_RUN_ID=scheduled__2022-08-21T08:15:00+00:00
[2023-01-01T14:44:58.809+0000] {warnings.py:110} WARNING - /home/***/.local/lib/python3.7/site-packages/***/utils/context.py:204: AirflowContextDeprecationWarning: Accessing 'execution_date' from the template is deprecated and will be removed in a future version. Please use 'data_interval_start' or 'logical_date' instead.
  warnings.warn(_create_deprecation_warning(key, self._deprecation_replacements[key]))

[2023-01-01T14:44:58.847+0000] {base.py:71} INFO - Using connection ID 'currency_conn_id' for task execution.
[2023-01-01T14:44:59.235+0000] {taskinstance.py:1406} INFO - Marking task as SUCCESS. dag_id=exchange_rates, task_id=get_rate_EUR_RUB, execution_date=20220821T081500, start_date=20230101T144457, end_date=20230101T144459
[2023-01-01T14:44:59.267+0000] {local_task_job.py:164} INFO - Task exited with return code 0
[2023-01-01T14:44:59.297+0000] {local_task_job.py:273} INFO - 1 downstream tasks scheduled from follow-on schedule check
