[2022-12-26T14:04:11.167+0000] {taskinstance.py:1165} INFO - Dependencies all met for <TaskInstance: exchange_rates.get_rate_EUR_RUB scheduled__2022-11-23T08:15:00+00:00 [queued]>
[2022-12-26T14:04:11.222+0000] {taskinstance.py:1165} INFO - Dependencies all met for <TaskInstance: exchange_rates.get_rate_EUR_RUB scheduled__2022-11-23T08:15:00+00:00 [queued]>
[2022-12-26T14:04:11.224+0000] {taskinstance.py:1362} INFO - 
--------------------------------------------------------------------------------
[2022-12-26T14:04:11.226+0000] {taskinstance.py:1363} INFO - Starting attempt 1 of 1
[2022-12-26T14:04:11.227+0000] {taskinstance.py:1364} INFO - 
--------------------------------------------------------------------------------
[2022-12-26T14:04:11.289+0000] {taskinstance.py:1383} INFO - Executing <Task(CurrencyScoopOperator): get_rate_EUR_RUB> on 2022-11-23 08:15:00+00:00
[2022-12-26T14:04:11.312+0000] {standard_task_runner.py:54} INFO - Started process 12042 to run task
[2022-12-26T14:04:11.322+0000] {standard_task_runner.py:82} INFO - Running: ['***', 'tasks', 'run', 'exchange_rates', 'get_rate_EUR_RUB', 'scheduled__2022-11-23T08:15:00+00:00', '--job-id', '5936', '--raw', '--subdir', 'DAGS_FOLDER/exchange_rates.py', '--cfg-path', '/tmp/tmp33y1urut']
[2022-12-26T14:04:11.325+0000] {standard_task_runner.py:83} INFO - Job 5936: Subtask get_rate_EUR_RUB
[2022-12-26T14:04:11.326+0000] {dagbag.py:525} INFO - Filling up the DagBag from /opt/***/dags/exchange_rates.py
[2022-12-26T14:04:11.667+0000] {taskmixin.py:205} WARNING - Dependency <Task(CurrencyScoopOperator): get_rate_AMD_RUB>, insert_rate_AMD_RUB already registered for DAG: exchange_rates
[2022-12-26T14:04:11.675+0000] {taskmixin.py:205} WARNING - Dependency <Task(PostgresOperator): insert_rate_AMD_RUB>, get_rate_AMD_RUB already registered for DAG: exchange_rates
[2022-12-26T14:04:11.773+0000] {task_command.py:384} INFO - Running <TaskInstance: exchange_rates.get_rate_EUR_RUB scheduled__2022-11-23T08:15:00+00:00 [running]> on host d383fbf2a8e7
[2022-12-26T14:04:11.972+0000] {taskinstance.py:1592} INFO - Exporting the following env vars:
AIRFLOW_CTX_DAG_OWNER=***
AIRFLOW_CTX_DAG_ID=exchange_rates
AIRFLOW_CTX_TASK_ID=get_rate_EUR_RUB
AIRFLOW_CTX_EXECUTION_DATE=2022-11-23T08:15:00+00:00
AIRFLOW_CTX_TRY_NUMBER=1
AIRFLOW_CTX_DAG_RUN_ID=scheduled__2022-11-23T08:15:00+00:00
[2022-12-26T14:04:11.973+0000] {warnings.py:110} WARNING - /home/***/.local/lib/python3.7/site-packages/***/utils/context.py:204: AirflowContextDeprecationWarning: Accessing 'execution_date' from the template is deprecated and will be removed in a future version. Please use 'data_interval_start' or 'logical_date' instead.
  warnings.warn(_create_deprecation_warning(key, self._deprecation_replacements[key]))

[2022-12-26T14:04:12.004+0000] {base.py:71} INFO - Using connection ID 'currency_conn_id' for task execution.
[2022-12-26T14:04:12.449+0000] {taskinstance.py:1851} ERROR - Task failed with exception
Traceback (most recent call last):
  File "/opt/airflow/dags/exchange_rates.py", line 56, in execute
    return api.get_rate(context['execution_date'].date(), self.base_currency, self.currency)
  File "/opt/airflow/dags/exchange_rates.py", line 31, in get_rate
    response.raise_for_status()
  File "/home/airflow/.local/lib/python3.7/site-packages/requests/models.py", line 1021, in raise_for_status
    raise HTTPError(http_error_msg, response=self)
requests.exceptions.HTTPError: 426 Client Error: Upgrade Required for url: https://api.currencyscoop.com/v1/historical?base=EUR&symbols=RUB&api_key=***&date=2022-11-23
[2022-12-26T14:04:12.467+0000] {taskinstance.py:1406} INFO - Marking task as FAILED. dag_id=exchange_rates, task_id=get_rate_EUR_RUB, execution_date=20221123T081500, start_date=20221226T140411, end_date=20221226T140412
[2022-12-26T14:04:12.488+0000] {standard_task_runner.py:107} ERROR - Failed to execute job 5936 for task get_rate_EUR_RUB (426 Client Error: Upgrade Required for url: https://api.currencyscoop.com/v1/historical?base=EUR&symbols=RUB&api_key=***&date=2022-11-23; 12042)
[2022-12-26T14:04:12.598+0000] {local_task_job.py:164} INFO - Task exited with return code 1
[2022-12-26T14:04:12.825+0000] {local_task_job.py:273} INFO - 0 downstream tasks scheduled from follow-on schedule check
[2023-01-01T14:48:47.230+0000] {taskinstance.py:1165} INFO - Dependencies all met for <TaskInstance: exchange_rates.get_rate_EUR_RUB scheduled__2022-11-23T08:15:00+00:00 [queued]>
[2023-01-01T14:48:47.254+0000] {taskinstance.py:1165} INFO - Dependencies all met for <TaskInstance: exchange_rates.get_rate_EUR_RUB scheduled__2022-11-23T08:15:00+00:00 [queued]>
[2023-01-01T14:48:47.255+0000] {taskinstance.py:1362} INFO - 
--------------------------------------------------------------------------------
[2023-01-01T14:48:47.255+0000] {taskinstance.py:1363} INFO - Starting attempt 1 of 1
[2023-01-01T14:48:47.256+0000] {taskinstance.py:1364} INFO - 
--------------------------------------------------------------------------------
[2023-01-01T14:48:47.326+0000] {taskinstance.py:1383} INFO - Executing <Task(CurrencyScoopOperator): get_rate_EUR_RUB> on 2022-11-23 08:15:00+00:00
[2023-01-01T14:48:47.337+0000] {standard_task_runner.py:54} INFO - Started process 13318 to run task
[2023-01-01T14:48:47.352+0000] {standard_task_runner.py:82} INFO - Running: ['***', 'tasks', 'run', 'exchange_rates', 'get_rate_EUR_RUB', 'scheduled__2022-11-23T08:15:00+00:00', '--job-id', '12209', '--raw', '--subdir', 'DAGS_FOLDER/exchange_rates.py', '--cfg-path', '/tmp/tmpv9qa3xv4']
[2023-01-01T14:48:47.363+0000] {standard_task_runner.py:83} INFO - Job 12209: Subtask get_rate_EUR_RUB
[2023-01-01T14:48:47.369+0000] {dagbag.py:525} INFO - Filling up the DagBag from /opt/***/dags/exchange_rates.py
[2023-01-01T14:48:47.640+0000] {taskmixin.py:205} WARNING - Dependency <Task(CurrencyScoopOperator): get_rate_AMD_RUB>, insert_rate_AMD_RUB already registered for DAG: exchange_rates
[2023-01-01T14:48:47.647+0000] {taskmixin.py:205} WARNING - Dependency <Task(PostgresOperator): insert_rate_AMD_RUB>, get_rate_AMD_RUB already registered for DAG: exchange_rates
[2023-01-01T14:48:47.915+0000] {task_command.py:384} INFO - Running <TaskInstance: exchange_rates.get_rate_EUR_RUB scheduled__2022-11-23T08:15:00+00:00 [running]> on host d383fbf2a8e7
[2023-01-01T14:48:48.090+0000] {taskinstance.py:1592} INFO - Exporting the following env vars:
AIRFLOW_CTX_DAG_OWNER=***
AIRFLOW_CTX_DAG_ID=exchange_rates
AIRFLOW_CTX_TASK_ID=get_rate_EUR_RUB
AIRFLOW_CTX_EXECUTION_DATE=2022-11-23T08:15:00+00:00
AIRFLOW_CTX_TRY_NUMBER=1
AIRFLOW_CTX_DAG_RUN_ID=scheduled__2022-11-23T08:15:00+00:00
[2023-01-01T14:48:48.093+0000] {warnings.py:110} WARNING - /home/***/.local/lib/python3.7/site-packages/***/utils/context.py:204: AirflowContextDeprecationWarning: Accessing 'execution_date' from the template is deprecated and will be removed in a future version. Please use 'data_interval_start' or 'logical_date' instead.
  warnings.warn(_create_deprecation_warning(key, self._deprecation_replacements[key]))

[2023-01-01T14:48:48.104+0000] {base.py:71} INFO - Using connection ID 'currency_conn_id' for task execution.
[2023-01-01T14:48:48.685+0000] {taskinstance.py:1406} INFO - Marking task as SUCCESS. dag_id=exchange_rates, task_id=get_rate_EUR_RUB, execution_date=20221123T081500, start_date=20230101T144847, end_date=20230101T144848
[2023-01-01T14:48:48.739+0000] {local_task_job.py:164} INFO - Task exited with return code 0
[2023-01-01T14:48:48.762+0000] {local_task_job.py:273} INFO - 1 downstream tasks scheduled from follow-on schedule check
