[2022-12-26T14:00:38.204+0000] {taskinstance.py:1165} INFO - Dependencies all met for <TaskInstance: exchange_rates.get_rate_RUB_USD scheduled__2022-08-13T08:15:00+00:00 [queued]>
[2022-12-26T14:00:38.252+0000] {taskinstance.py:1165} INFO - Dependencies all met for <TaskInstance: exchange_rates.get_rate_RUB_USD scheduled__2022-08-13T08:15:00+00:00 [queued]>
[2022-12-26T14:00:38.253+0000] {taskinstance.py:1362} INFO - 
--------------------------------------------------------------------------------
[2022-12-26T14:00:38.253+0000] {taskinstance.py:1363} INFO - Starting attempt 1 of 1
[2022-12-26T14:00:38.257+0000] {taskinstance.py:1364} INFO - 
--------------------------------------------------------------------------------
[2022-12-26T14:00:38.288+0000] {taskinstance.py:1383} INFO - Executing <Task(CurrencyScoopOperator): get_rate_RUB_USD> on 2022-08-13 08:15:00+00:00
[2022-12-26T14:00:38.294+0000] {standard_task_runner.py:54} INFO - Started process 9671 to run task
[2022-12-26T14:00:38.325+0000] {standard_task_runner.py:82} INFO - Running: ['***', 'tasks', 'run', 'exchange_rates', 'get_rate_RUB_USD', 'scheduled__2022-08-13T08:15:00+00:00', '--job-id', '4847', '--raw', '--subdir', 'DAGS_FOLDER/exchange_rates.py', '--cfg-path', '/tmp/tmpn5fu4une']
[2022-12-26T14:00:38.328+0000] {standard_task_runner.py:83} INFO - Job 4847: Subtask get_rate_RUB_USD
[2022-12-26T14:00:38.330+0000] {dagbag.py:525} INFO - Filling up the DagBag from /opt/***/dags/exchange_rates.py
[2022-12-26T14:00:38.501+0000] {taskmixin.py:205} WARNING - Dependency <Task(CurrencyScoopOperator): get_rate_AMD_RUB>, insert_rate_AMD_RUB already registered for DAG: exchange_rates
[2022-12-26T14:00:38.507+0000] {taskmixin.py:205} WARNING - Dependency <Task(PostgresOperator): insert_rate_AMD_RUB>, get_rate_AMD_RUB already registered for DAG: exchange_rates
[2022-12-26T14:00:38.672+0000] {task_command.py:384} INFO - Running <TaskInstance: exchange_rates.get_rate_RUB_USD scheduled__2022-08-13T08:15:00+00:00 [running]> on host d383fbf2a8e7
[2022-12-26T14:00:38.806+0000] {taskinstance.py:1592} INFO - Exporting the following env vars:
AIRFLOW_CTX_DAG_OWNER=***
AIRFLOW_CTX_DAG_ID=exchange_rates
AIRFLOW_CTX_TASK_ID=get_rate_RUB_USD
AIRFLOW_CTX_EXECUTION_DATE=2022-08-13T08:15:00+00:00
AIRFLOW_CTX_TRY_NUMBER=1
AIRFLOW_CTX_DAG_RUN_ID=scheduled__2022-08-13T08:15:00+00:00
[2022-12-26T14:00:38.811+0000] {warnings.py:110} WARNING - /home/***/.local/lib/python3.7/site-packages/***/utils/context.py:204: AirflowContextDeprecationWarning: Accessing 'execution_date' from the template is deprecated and will be removed in a future version. Please use 'data_interval_start' or 'logical_date' instead.
  warnings.warn(_create_deprecation_warning(key, self._deprecation_replacements[key]))

[2022-12-26T14:00:38.830+0000] {base.py:71} INFO - Using connection ID 'currency_conn_id' for task execution.
[2022-12-26T14:00:39.259+0000] {taskinstance.py:1406} INFO - Marking task as SUCCESS. dag_id=exchange_rates, task_id=get_rate_RUB_USD, execution_date=20220813T081500, start_date=20221226T140038, end_date=20221226T140039
[2022-12-26T14:00:39.299+0000] {local_task_job.py:164} INFO - Task exited with return code 0
[2022-12-26T14:00:39.440+0000] {local_task_job.py:273} INFO - 0 downstream tasks scheduled from follow-on schedule check
[2023-01-01T14:44:27.378+0000] {taskinstance.py:1165} INFO - Dependencies all met for <TaskInstance: exchange_rates.get_rate_RUB_USD scheduled__2022-08-13T08:15:00+00:00 [queued]>
[2023-01-01T14:44:27.395+0000] {taskinstance.py:1165} INFO - Dependencies all met for <TaskInstance: exchange_rates.get_rate_RUB_USD scheduled__2022-08-13T08:15:00+00:00 [queued]>
[2023-01-01T14:44:27.397+0000] {taskinstance.py:1362} INFO - 
--------------------------------------------------------------------------------
[2023-01-01T14:44:27.398+0000] {taskinstance.py:1363} INFO - Starting attempt 1 of 1
[2023-01-01T14:44:27.400+0000] {taskinstance.py:1364} INFO - 
--------------------------------------------------------------------------------
[2023-01-01T14:44:27.446+0000] {taskinstance.py:1383} INFO - Executing <Task(CurrencyScoopOperator): get_rate_RUB_USD> on 2022-08-13 08:15:00+00:00
[2023-01-01T14:44:27.459+0000] {standard_task_runner.py:54} INFO - Started process 10278 to run task
[2023-01-01T14:44:27.480+0000] {standard_task_runner.py:82} INFO - Running: ['***', 'tasks', 'run', 'exchange_rates', 'get_rate_RUB_USD', 'scheduled__2022-08-13T08:15:00+00:00', '--job-id', '10820', '--raw', '--subdir', 'DAGS_FOLDER/exchange_rates.py', '--cfg-path', '/tmp/tmp6v9zv0aj']
[2023-01-01T14:44:27.482+0000] {standard_task_runner.py:83} INFO - Job 10820: Subtask get_rate_RUB_USD
[2023-01-01T14:44:27.488+0000] {dagbag.py:525} INFO - Filling up the DagBag from /opt/***/dags/exchange_rates.py
[2023-01-01T14:44:27.765+0000] {taskmixin.py:205} WARNING - Dependency <Task(CurrencyScoopOperator): get_rate_AMD_RUB>, insert_rate_AMD_RUB already registered for DAG: exchange_rates
[2023-01-01T14:44:27.765+0000] {taskmixin.py:205} WARNING - Dependency <Task(PostgresOperator): insert_rate_AMD_RUB>, get_rate_AMD_RUB already registered for DAG: exchange_rates
[2023-01-01T14:44:27.886+0000] {task_command.py:384} INFO - Running <TaskInstance: exchange_rates.get_rate_RUB_USD scheduled__2022-08-13T08:15:00+00:00 [running]> on host d383fbf2a8e7
[2023-01-01T14:44:27.996+0000] {taskinstance.py:1592} INFO - Exporting the following env vars:
AIRFLOW_CTX_DAG_OWNER=***
AIRFLOW_CTX_DAG_ID=exchange_rates
AIRFLOW_CTX_TASK_ID=get_rate_RUB_USD
AIRFLOW_CTX_EXECUTION_DATE=2022-08-13T08:15:00+00:00
AIRFLOW_CTX_TRY_NUMBER=1
AIRFLOW_CTX_DAG_RUN_ID=scheduled__2022-08-13T08:15:00+00:00
[2023-01-01T14:44:27.997+0000] {warnings.py:110} WARNING - /home/***/.local/lib/python3.7/site-packages/***/utils/context.py:204: AirflowContextDeprecationWarning: Accessing 'execution_date' from the template is deprecated and will be removed in a future version. Please use 'data_interval_start' or 'logical_date' instead.
  warnings.warn(_create_deprecation_warning(key, self._deprecation_replacements[key]))

[2023-01-01T14:44:28.011+0000] {base.py:71} INFO - Using connection ID 'currency_conn_id' for task execution.
[2023-01-01T14:44:28.338+0000] {taskinstance.py:1406} INFO - Marking task as SUCCESS. dag_id=exchange_rates, task_id=get_rate_RUB_USD, execution_date=20220813T081500, start_date=20230101T144427, end_date=20230101T144428
[2023-01-01T14:44:28.370+0000] {local_task_job.py:164} INFO - Task exited with return code 0
[2023-01-01T14:44:28.428+0000] {local_task_job.py:273} INFO - 1 downstream tasks scheduled from follow-on schedule check
