[2022-12-26T13:55:47.849+0000] {taskinstance.py:1165} INFO - Dependencies all met for <TaskInstance: exchange_rates.make_report scheduled__2022-04-15T08:15:00+00:00 [queued]>
[2022-12-26T13:55:47.910+0000] {taskinstance.py:1165} INFO - Dependencies all met for <TaskInstance: exchange_rates.make_report scheduled__2022-04-15T08:15:00+00:00 [queued]>
[2022-12-26T13:55:47.914+0000] {taskinstance.py:1362} INFO - 
--------------------------------------------------------------------------------
[2022-12-26T13:55:47.915+0000] {taskinstance.py:1363} INFO - Starting attempt 1 of 1
[2022-12-26T13:55:47.915+0000] {taskinstance.py:1364} INFO - 
--------------------------------------------------------------------------------
[2022-12-26T13:55:47.943+0000] {taskinstance.py:1383} INFO - Executing <Task(PythonOperator): make_report> on 2022-04-15 08:15:00+00:00
[2022-12-26T13:55:47.947+0000] {standard_task_runner.py:54} INFO - Started process 6450 to run task
[2022-12-26T13:55:47.954+0000] {standard_task_runner.py:82} INFO - Running: ['***', 'tasks', 'run', 'exchange_rates', 'make_report', 'scheduled__2022-04-15T08:15:00+00:00', '--job-id', '3382', '--raw', '--subdir', 'DAGS_FOLDER/exchange_rates.py', '--cfg-path', '/tmp/tmp7ssdk09_']
[2022-12-26T13:55:47.970+0000] {standard_task_runner.py:83} INFO - Job 3382: Subtask make_report
[2022-12-26T13:55:47.971+0000] {dagbag.py:525} INFO - Filling up the DagBag from /opt/***/dags/exchange_rates.py
[2022-12-26T13:55:48.202+0000] {taskmixin.py:205} WARNING - Dependency <Task(CurrencyScoopOperator): get_rate_AMD_RUB>, insert_rate_AMD_RUB already registered for DAG: exchange_rates
[2022-12-26T13:55:48.204+0000] {taskmixin.py:205} WARNING - Dependency <Task(PostgresOperator): insert_rate_AMD_RUB>, get_rate_AMD_RUB already registered for DAG: exchange_rates
[2022-12-26T13:55:48.328+0000] {task_command.py:384} INFO - Running <TaskInstance: exchange_rates.make_report scheduled__2022-04-15T08:15:00+00:00 [running]> on host d383fbf2a8e7
[2022-12-26T13:55:48.570+0000] {taskinstance.py:1592} INFO - Exporting the following env vars:
AIRFLOW_CTX_DAG_OWNER=***
AIRFLOW_CTX_DAG_ID=exchange_rates
AIRFLOW_CTX_TASK_ID=make_report
AIRFLOW_CTX_EXECUTION_DATE=2022-04-15T08:15:00+00:00
AIRFLOW_CTX_TRY_NUMBER=1
AIRFLOW_CTX_DAG_RUN_ID=scheduled__2022-04-15T08:15:00+00:00
[2022-12-26T13:55:50.679+0000] {python.py:177} INFO - Done. Returned value was: None
[2022-12-26T13:55:50.704+0000] {taskinstance.py:1406} INFO - Marking task as SUCCESS. dag_id=exchange_rates, task_id=make_report, execution_date=20220415T081500, start_date=20221226T135547, end_date=20221226T135550
[2022-12-26T13:55:50.778+0000] {local_task_job.py:164} INFO - Task exited with return code 0
[2022-12-26T13:55:50.798+0000] {local_task_job.py:273} INFO - 0 downstream tasks scheduled from follow-on schedule check
[2023-01-01T14:39:57.287+0000] {taskinstance.py:1165} INFO - Dependencies all met for <TaskInstance: exchange_rates.make_report scheduled__2022-04-15T08:15:00+00:00 [queued]>
[2023-01-01T14:39:57.315+0000] {taskinstance.py:1165} INFO - Dependencies all met for <TaskInstance: exchange_rates.make_report scheduled__2022-04-15T08:15:00+00:00 [queued]>
[2023-01-01T14:39:57.315+0000] {taskinstance.py:1362} INFO - 
--------------------------------------------------------------------------------
[2023-01-01T14:39:57.315+0000] {taskinstance.py:1363} INFO - Starting attempt 1 of 1
[2023-01-01T14:39:57.316+0000] {taskinstance.py:1364} INFO - 
--------------------------------------------------------------------------------
[2023-01-01T14:39:57.419+0000] {taskinstance.py:1383} INFO - Executing <Task(PythonOperator): make_report> on 2022-04-15 08:15:00+00:00
[2023-01-01T14:39:57.427+0000] {standard_task_runner.py:54} INFO - Started process 7111 to run task
[2023-01-01T14:39:57.446+0000] {standard_task_runner.py:82} INFO - Running: ['***', 'tasks', 'run', 'exchange_rates', 'make_report', 'scheduled__2022-04-15T08:15:00+00:00', '--job-id', '9378', '--raw', '--subdir', 'DAGS_FOLDER/exchange_rates.py', '--cfg-path', '/tmp/tmpdy4b9ygd']
[2023-01-01T14:39:57.454+0000] {standard_task_runner.py:83} INFO - Job 9378: Subtask make_report
[2023-01-01T14:39:57.456+0000] {dagbag.py:525} INFO - Filling up the DagBag from /opt/***/dags/exchange_rates.py
[2023-01-01T14:39:57.763+0000] {taskmixin.py:205} WARNING - Dependency <Task(CurrencyScoopOperator): get_rate_AMD_RUB>, insert_rate_AMD_RUB already registered for DAG: exchange_rates
[2023-01-01T14:39:57.764+0000] {taskmixin.py:205} WARNING - Dependency <Task(PostgresOperator): insert_rate_AMD_RUB>, get_rate_AMD_RUB already registered for DAG: exchange_rates
[2023-01-01T14:39:57.974+0000] {task_command.py:384} INFO - Running <TaskInstance: exchange_rates.make_report scheduled__2022-04-15T08:15:00+00:00 [running]> on host d383fbf2a8e7
[2023-01-01T14:39:58.161+0000] {taskinstance.py:1592} INFO - Exporting the following env vars:
AIRFLOW_CTX_DAG_OWNER=***
AIRFLOW_CTX_DAG_ID=exchange_rates
AIRFLOW_CTX_TASK_ID=make_report
AIRFLOW_CTX_EXECUTION_DATE=2022-04-15T08:15:00+00:00
AIRFLOW_CTX_TRY_NUMBER=1
AIRFLOW_CTX_DAG_RUN_ID=scheduled__2022-04-15T08:15:00+00:00
[2023-01-01T14:39:59.093+0000] {python.py:177} INFO - Done. Returned value was: None
[2023-01-01T14:39:59.109+0000] {taskinstance.py:1406} INFO - Marking task as SUCCESS. dag_id=exchange_rates, task_id=make_report, execution_date=20220415T081500, start_date=20230101T143957, end_date=20230101T143959
[2023-01-01T14:39:59.172+0000] {local_task_job.py:164} INFO - Task exited with return code 0
[2023-01-01T14:39:59.203+0000] {local_task_job.py:273} INFO - 0 downstream tasks scheduled from follow-on schedule check
