[2022-12-26T13:54:53.303+0000] {taskinstance.py:1165} INFO - Dependencies all met for <TaskInstance: exchange_rates.insert_rate_RUB_AMD scheduled__2022-03-31T08:15:00+00:00 [queued]>
[2022-12-26T13:54:53.331+0000] {taskinstance.py:1165} INFO - Dependencies all met for <TaskInstance: exchange_rates.insert_rate_RUB_AMD scheduled__2022-03-31T08:15:00+00:00 [queued]>
[2022-12-26T13:54:53.332+0000] {taskinstance.py:1362} INFO - 
--------------------------------------------------------------------------------
[2022-12-26T13:54:53.332+0000] {taskinstance.py:1363} INFO - Starting attempt 1 of 1
[2022-12-26T13:54:53.335+0000] {taskinstance.py:1364} INFO - 
--------------------------------------------------------------------------------
[2022-12-26T13:54:53.366+0000] {taskinstance.py:1383} INFO - Executing <Task(PostgresOperator): insert_rate_RUB_AMD> on 2022-03-31 08:15:00+00:00
[2022-12-26T13:54:53.380+0000] {standard_task_runner.py:54} INFO - Started process 5821 to run task
[2022-12-26T13:54:53.434+0000] {standard_task_runner.py:82} INFO - Running: ['***', 'tasks', 'run', 'exchange_rates', 'insert_rate_RUB_AMD', 'scheduled__2022-03-31T08:15:00+00:00', '--job-id', '3097', '--raw', '--subdir', 'DAGS_FOLDER/exchange_rates.py', '--cfg-path', '/tmp/tmplluc6ibx']
[2022-12-26T13:54:53.438+0000] {standard_task_runner.py:83} INFO - Job 3097: Subtask insert_rate_RUB_AMD
[2022-12-26T13:54:53.443+0000] {dagbag.py:525} INFO - Filling up the DagBag from /opt/***/dags/exchange_rates.py
[2022-12-26T13:54:53.700+0000] {taskmixin.py:205} WARNING - Dependency <Task(CurrencyScoopOperator): get_rate_AMD_RUB>, insert_rate_AMD_RUB already registered for DAG: exchange_rates
[2022-12-26T13:54:53.701+0000] {taskmixin.py:205} WARNING - Dependency <Task(PostgresOperator): insert_rate_AMD_RUB>, get_rate_AMD_RUB already registered for DAG: exchange_rates
[2022-12-26T13:54:53.917+0000] {task_command.py:384} INFO - Running <TaskInstance: exchange_rates.insert_rate_RUB_AMD scheduled__2022-03-31T08:15:00+00:00 [running]> on host d383fbf2a8e7
[2022-12-26T13:54:54.061+0000] {warnings.py:110} WARNING - /home/***/.local/lib/python3.7/site-packages/***/utils/context.py:204: AirflowContextDeprecationWarning: Accessing 'execution_date' from the template is deprecated and will be removed in a future version. Please use 'data_interval_start' or 'logical_date' instead.
  warnings.warn(_create_deprecation_warning(key, self._deprecation_replacements[key]))

[2022-12-26T13:54:54.234+0000] {taskinstance.py:1592} INFO - Exporting the following env vars:
AIRFLOW_CTX_DAG_OWNER=***
AIRFLOW_CTX_DAG_ID=exchange_rates
AIRFLOW_CTX_TASK_ID=insert_rate_RUB_AMD
AIRFLOW_CTX_EXECUTION_DATE=2022-03-31T08:15:00+00:00
AIRFLOW_CTX_TRY_NUMBER=1
AIRFLOW_CTX_DAG_RUN_ID=scheduled__2022-03-31T08:15:00+00:00
[2022-12-26T13:54:54.254+0000] {base.py:71} INFO - Using connection ID 'postgres_default' for task execution.
[2022-12-26T13:54:54.262+0000] {sql.py:315} INFO - Running statement: INSERT INTO
    exchange_rates
VALUES ('RUB', 'AMD', 5.83695191, '2022-03-31')
ON CONFLICT (base, currency, date) DO
    UPDATE
        SET rate = excluded.rate;, parameters: None
[2022-12-26T13:54:54.264+0000] {sql.py:324} INFO - Rows affected: 1
[2022-12-26T13:54:54.288+0000] {taskinstance.py:1406} INFO - Marking task as SUCCESS. dag_id=exchange_rates, task_id=insert_rate_RUB_AMD, execution_date=20220331T081500, start_date=20221226T135453, end_date=20221226T135454
[2022-12-26T13:54:54.502+0000] {local_task_job.py:164} INFO - Task exited with return code 0
[2022-12-26T13:54:54.579+0000] {local_task_job.py:273} INFO - 0 downstream tasks scheduled from follow-on schedule check
[2023-01-01T14:39:07.008+0000] {taskinstance.py:1165} INFO - Dependencies all met for <TaskInstance: exchange_rates.insert_rate_RUB_AMD scheduled__2022-03-31T08:15:00+00:00 [queued]>
[2023-01-01T14:39:07.054+0000] {taskinstance.py:1165} INFO - Dependencies all met for <TaskInstance: exchange_rates.insert_rate_RUB_AMD scheduled__2022-03-31T08:15:00+00:00 [queued]>
[2023-01-01T14:39:07.056+0000] {taskinstance.py:1362} INFO - 
--------------------------------------------------------------------------------
[2023-01-01T14:39:07.060+0000] {taskinstance.py:1363} INFO - Starting attempt 1 of 1
[2023-01-01T14:39:07.061+0000] {taskinstance.py:1364} INFO - 
--------------------------------------------------------------------------------
[2023-01-01T14:39:07.114+0000] {taskinstance.py:1383} INFO - Executing <Task(PostgresOperator): insert_rate_RUB_AMD> on 2022-03-31 08:15:00+00:00
[2023-01-01T14:39:07.127+0000] {standard_task_runner.py:54} INFO - Started process 6464 to run task
[2023-01-01T14:39:07.156+0000] {standard_task_runner.py:82} INFO - Running: ['***', 'tasks', 'run', 'exchange_rates', 'insert_rate_RUB_AMD', 'scheduled__2022-03-31T08:15:00+00:00', '--job-id', '9077', '--raw', '--subdir', 'DAGS_FOLDER/exchange_rates.py', '--cfg-path', '/tmp/tmpxha_i29h']
[2023-01-01T14:39:07.157+0000] {standard_task_runner.py:83} INFO - Job 9077: Subtask insert_rate_RUB_AMD
[2023-01-01T14:39:07.159+0000] {dagbag.py:525} INFO - Filling up the DagBag from /opt/***/dags/exchange_rates.py
[2023-01-01T14:39:07.452+0000] {taskmixin.py:205} WARNING - Dependency <Task(CurrencyScoopOperator): get_rate_AMD_RUB>, insert_rate_AMD_RUB already registered for DAG: exchange_rates
[2023-01-01T14:39:07.455+0000] {taskmixin.py:205} WARNING - Dependency <Task(PostgresOperator): insert_rate_AMD_RUB>, get_rate_AMD_RUB already registered for DAG: exchange_rates
[2023-01-01T14:39:07.725+0000] {task_command.py:384} INFO - Running <TaskInstance: exchange_rates.insert_rate_RUB_AMD scheduled__2022-03-31T08:15:00+00:00 [running]> on host d383fbf2a8e7
[2023-01-01T14:39:07.796+0000] {warnings.py:110} WARNING - /home/***/.local/lib/python3.7/site-packages/***/utils/context.py:204: AirflowContextDeprecationWarning: Accessing 'execution_date' from the template is deprecated and will be removed in a future version. Please use 'data_interval_start' or 'logical_date' instead.
  warnings.warn(_create_deprecation_warning(key, self._deprecation_replacements[key]))

[2023-01-01T14:39:07.957+0000] {taskinstance.py:1592} INFO - Exporting the following env vars:
AIRFLOW_CTX_DAG_OWNER=***
AIRFLOW_CTX_DAG_ID=exchange_rates
AIRFLOW_CTX_TASK_ID=insert_rate_RUB_AMD
AIRFLOW_CTX_EXECUTION_DATE=2022-03-31T08:15:00+00:00
AIRFLOW_CTX_TRY_NUMBER=1
AIRFLOW_CTX_DAG_RUN_ID=scheduled__2022-03-31T08:15:00+00:00
[2023-01-01T14:39:07.971+0000] {base.py:71} INFO - Using connection ID 'postgres_default' for task execution.
[2023-01-01T14:39:07.983+0000] {sql.py:315} INFO - Running statement: INSERT INTO
    exchange_rates
VALUES ('RUB', 'AMD', 5.83695191, '2022-03-31')
ON CONFLICT (base, currency, date) DO
    UPDATE
        SET rate = excluded.rate;, parameters: None
[2023-01-01T14:39:07.984+0000] {sql.py:324} INFO - Rows affected: 1
[2023-01-01T14:39:08.006+0000] {taskinstance.py:1406} INFO - Marking task as SUCCESS. dag_id=exchange_rates, task_id=insert_rate_RUB_AMD, execution_date=20220331T081500, start_date=20230101T143907, end_date=20230101T143908
[2023-01-01T14:39:08.042+0000] {local_task_job.py:164} INFO - Task exited with return code 0
[2023-01-01T14:39:08.085+0000] {local_task_job.py:273} INFO - 0 downstream tasks scheduled from follow-on schedule check
