[2022-12-26T13:56:29.066+0000] {taskinstance.py:1165} INFO - Dependencies all met for <TaskInstance: exchange_rates.insert_rate_RUB_USD scheduled__2022-05-08T08:15:00+00:00 [queued]>
[2022-12-26T13:56:29.105+0000] {taskinstance.py:1165} INFO - Dependencies all met for <TaskInstance: exchange_rates.insert_rate_RUB_USD scheduled__2022-05-08T08:15:00+00:00 [queued]>
[2022-12-26T13:56:29.108+0000] {taskinstance.py:1362} INFO - 
--------------------------------------------------------------------------------
[2022-12-26T13:56:29.109+0000] {taskinstance.py:1363} INFO - Starting attempt 1 of 1
[2022-12-26T13:56:29.109+0000] {taskinstance.py:1364} INFO - 
--------------------------------------------------------------------------------
[2022-12-26T13:56:29.159+0000] {taskinstance.py:1383} INFO - Executing <Task(PostgresOperator): insert_rate_RUB_USD> on 2022-05-08 08:15:00+00:00
[2022-12-26T13:56:29.165+0000] {standard_task_runner.py:54} INFO - Started process 6906 to run task
[2022-12-26T13:56:29.182+0000] {standard_task_runner.py:82} INFO - Running: ['***', 'tasks', 'run', 'exchange_rates', 'insert_rate_RUB_USD', 'scheduled__2022-05-08T08:15:00+00:00', '--job-id', '3589', '--raw', '--subdir', 'DAGS_FOLDER/exchange_rates.py', '--cfg-path', '/tmp/tmpuo6a0goz']
[2022-12-26T13:56:29.190+0000] {standard_task_runner.py:83} INFO - Job 3589: Subtask insert_rate_RUB_USD
[2022-12-26T13:56:29.194+0000] {dagbag.py:525} INFO - Filling up the DagBag from /opt/***/dags/exchange_rates.py
[2022-12-26T13:56:29.453+0000] {taskmixin.py:205} WARNING - Dependency <Task(CurrencyScoopOperator): get_rate_AMD_RUB>, insert_rate_AMD_RUB already registered for DAG: exchange_rates
[2022-12-26T13:56:29.458+0000] {taskmixin.py:205} WARNING - Dependency <Task(PostgresOperator): insert_rate_AMD_RUB>, get_rate_AMD_RUB already registered for DAG: exchange_rates
[2022-12-26T13:56:29.688+0000] {task_command.py:384} INFO - Running <TaskInstance: exchange_rates.insert_rate_RUB_USD scheduled__2022-05-08T08:15:00+00:00 [running]> on host d383fbf2a8e7
[2022-12-26T13:56:29.751+0000] {warnings.py:110} WARNING - /home/***/.local/lib/python3.7/site-packages/***/utils/context.py:204: AirflowContextDeprecationWarning: Accessing 'execution_date' from the template is deprecated and will be removed in a future version. Please use 'data_interval_start' or 'logical_date' instead.
  warnings.warn(_create_deprecation_warning(key, self._deprecation_replacements[key]))

[2022-12-26T13:56:29.857+0000] {taskinstance.py:1592} INFO - Exporting the following env vars:
AIRFLOW_CTX_DAG_OWNER=***
AIRFLOW_CTX_DAG_ID=exchange_rates
AIRFLOW_CTX_TASK_ID=insert_rate_RUB_USD
AIRFLOW_CTX_EXECUTION_DATE=2022-05-08T08:15:00+00:00
AIRFLOW_CTX_TRY_NUMBER=1
AIRFLOW_CTX_DAG_RUN_ID=scheduled__2022-05-08T08:15:00+00:00
[2022-12-26T13:56:29.868+0000] {base.py:71} INFO - Using connection ID 'postgres_default' for task execution.
[2022-12-26T13:56:29.871+0000] {sql.py:315} INFO - Running statement: INSERT INTO
    exchange_rates
VALUES ('RUB', 'USD', 0.01465343, '2022-05-08')
ON CONFLICT (base, currency, date) DO
    UPDATE
        SET rate = excluded.rate;, parameters: None
[2022-12-26T13:56:29.872+0000] {sql.py:324} INFO - Rows affected: 1
[2022-12-26T13:56:29.891+0000] {taskinstance.py:1406} INFO - Marking task as SUCCESS. dag_id=exchange_rates, task_id=insert_rate_RUB_USD, execution_date=20220508T081500, start_date=20221226T135629, end_date=20221226T135629
[2022-12-26T13:56:29.966+0000] {local_task_job.py:164} INFO - Task exited with return code 0
[2022-12-26T13:56:30.112+0000] {local_task_job.py:273} INFO - 0 downstream tasks scheduled from follow-on schedule check
[2023-01-01T14:40:33.151+0000] {taskinstance.py:1165} INFO - Dependencies all met for <TaskInstance: exchange_rates.insert_rate_RUB_USD scheduled__2022-05-08T08:15:00+00:00 [queued]>
[2023-01-01T14:40:33.205+0000] {taskinstance.py:1165} INFO - Dependencies all met for <TaskInstance: exchange_rates.insert_rate_RUB_USD scheduled__2022-05-08T08:15:00+00:00 [queued]>
[2023-01-01T14:40:33.206+0000] {taskinstance.py:1362} INFO - 
--------------------------------------------------------------------------------
[2023-01-01T14:40:33.206+0000] {taskinstance.py:1363} INFO - Starting attempt 1 of 1
[2023-01-01T14:40:33.207+0000] {taskinstance.py:1364} INFO - 
--------------------------------------------------------------------------------
[2023-01-01T14:40:33.261+0000] {taskinstance.py:1383} INFO - Executing <Task(PostgresOperator): insert_rate_RUB_USD> on 2022-05-08 08:15:00+00:00
[2023-01-01T14:40:33.277+0000] {standard_task_runner.py:54} INFO - Started process 7519 to run task
[2023-01-01T14:40:33.316+0000] {standard_task_runner.py:82} INFO - Running: ['***', 'tasks', 'run', 'exchange_rates', 'insert_rate_RUB_USD', 'scheduled__2022-05-08T08:15:00+00:00', '--job-id', '9561', '--raw', '--subdir', 'DAGS_FOLDER/exchange_rates.py', '--cfg-path', '/tmp/tmprvah26qp']
[2023-01-01T14:40:33.322+0000] {standard_task_runner.py:83} INFO - Job 9561: Subtask insert_rate_RUB_USD
[2023-01-01T14:40:33.323+0000] {dagbag.py:525} INFO - Filling up the DagBag from /opt/***/dags/exchange_rates.py
[2023-01-01T14:40:33.662+0000] {taskmixin.py:205} WARNING - Dependency <Task(CurrencyScoopOperator): get_rate_AMD_RUB>, insert_rate_AMD_RUB already registered for DAG: exchange_rates
[2023-01-01T14:40:33.663+0000] {taskmixin.py:205} WARNING - Dependency <Task(PostgresOperator): insert_rate_AMD_RUB>, get_rate_AMD_RUB already registered for DAG: exchange_rates
[2023-01-01T14:40:33.829+0000] {task_command.py:384} INFO - Running <TaskInstance: exchange_rates.insert_rate_RUB_USD scheduled__2022-05-08T08:15:00+00:00 [running]> on host d383fbf2a8e7
[2023-01-01T14:40:33.966+0000] {warnings.py:110} WARNING - /home/***/.local/lib/python3.7/site-packages/***/utils/context.py:204: AirflowContextDeprecationWarning: Accessing 'execution_date' from the template is deprecated and will be removed in a future version. Please use 'data_interval_start' or 'logical_date' instead.
  warnings.warn(_create_deprecation_warning(key, self._deprecation_replacements[key]))

[2023-01-01T14:40:34.100+0000] {taskinstance.py:1592} INFO - Exporting the following env vars:
AIRFLOW_CTX_DAG_OWNER=***
AIRFLOW_CTX_DAG_ID=exchange_rates
AIRFLOW_CTX_TASK_ID=insert_rate_RUB_USD
AIRFLOW_CTX_EXECUTION_DATE=2022-05-08T08:15:00+00:00
AIRFLOW_CTX_TRY_NUMBER=1
AIRFLOW_CTX_DAG_RUN_ID=scheduled__2022-05-08T08:15:00+00:00
[2023-01-01T14:40:34.126+0000] {base.py:71} INFO - Using connection ID 'postgres_default' for task execution.
[2023-01-01T14:40:34.131+0000] {sql.py:315} INFO - Running statement: INSERT INTO
    exchange_rates
VALUES ('RUB', 'USD', 0.01465343, '2022-05-08')
ON CONFLICT (base, currency, date) DO
    UPDATE
        SET rate = excluded.rate;, parameters: None
[2023-01-01T14:40:34.133+0000] {sql.py:324} INFO - Rows affected: 1
[2023-01-01T14:40:34.156+0000] {taskinstance.py:1406} INFO - Marking task as SUCCESS. dag_id=exchange_rates, task_id=insert_rate_RUB_USD, execution_date=20220508T081500, start_date=20230101T144033, end_date=20230101T144034
[2023-01-01T14:40:34.286+0000] {local_task_job.py:164} INFO - Task exited with return code 0
[2023-01-01T14:40:34.330+0000] {local_task_job.py:273} INFO - 0 downstream tasks scheduled from follow-on schedule check
