[2022-12-26T14:00:57.994+0000] {taskinstance.py:1165} INFO - Dependencies all met for <TaskInstance: exchange_rates.insert_rate_RUB_EUR scheduled__2022-08-15T08:15:00+00:00 [queued]>
[2022-12-26T14:00:58.035+0000] {taskinstance.py:1165} INFO - Dependencies all met for <TaskInstance: exchange_rates.insert_rate_RUB_EUR scheduled__2022-08-15T08:15:00+00:00 [queued]>
[2022-12-26T14:00:58.039+0000] {taskinstance.py:1362} INFO - 
--------------------------------------------------------------------------------
[2022-12-26T14:00:58.040+0000] {taskinstance.py:1363} INFO - Starting attempt 1 of 1
[2022-12-26T14:00:58.041+0000] {taskinstance.py:1364} INFO - 
--------------------------------------------------------------------------------
[2022-12-26T14:00:58.107+0000] {taskinstance.py:1383} INFO - Executing <Task(PostgresOperator): insert_rate_RUB_EUR> on 2022-08-15 08:15:00+00:00
[2022-12-26T14:00:58.118+0000] {standard_task_runner.py:54} INFO - Started process 9901 to run task
[2022-12-26T14:00:58.130+0000] {standard_task_runner.py:82} INFO - Running: ['***', 'tasks', 'run', 'exchange_rates', 'insert_rate_RUB_EUR', 'scheduled__2022-08-15T08:15:00+00:00', '--job-id', '4956', '--raw', '--subdir', 'DAGS_FOLDER/exchange_rates.py', '--cfg-path', '/tmp/tmpe0rh1ezf']
[2022-12-26T14:00:58.135+0000] {standard_task_runner.py:83} INFO - Job 4956: Subtask insert_rate_RUB_EUR
[2022-12-26T14:00:58.136+0000] {dagbag.py:525} INFO - Filling up the DagBag from /opt/***/dags/exchange_rates.py
[2022-12-26T14:00:58.430+0000] {taskmixin.py:205} WARNING - Dependency <Task(CurrencyScoopOperator): get_rate_AMD_RUB>, insert_rate_AMD_RUB already registered for DAG: exchange_rates
[2022-12-26T14:00:58.434+0000] {taskmixin.py:205} WARNING - Dependency <Task(PostgresOperator): insert_rate_AMD_RUB>, get_rate_AMD_RUB already registered for DAG: exchange_rates
[2022-12-26T14:00:58.681+0000] {task_command.py:384} INFO - Running <TaskInstance: exchange_rates.insert_rate_RUB_EUR scheduled__2022-08-15T08:15:00+00:00 [running]> on host d383fbf2a8e7
[2022-12-26T14:00:58.805+0000] {warnings.py:110} WARNING - /home/***/.local/lib/python3.7/site-packages/***/utils/context.py:204: AirflowContextDeprecationWarning: Accessing 'execution_date' from the template is deprecated and will be removed in a future version. Please use 'data_interval_start' or 'logical_date' instead.
  warnings.warn(_create_deprecation_warning(key, self._deprecation_replacements[key]))

[2022-12-26T14:00:59.035+0000] {taskinstance.py:1592} INFO - Exporting the following env vars:
AIRFLOW_CTX_DAG_OWNER=***
AIRFLOW_CTX_DAG_ID=exchange_rates
AIRFLOW_CTX_TASK_ID=insert_rate_RUB_EUR
AIRFLOW_CTX_EXECUTION_DATE=2022-08-15T08:15:00+00:00
AIRFLOW_CTX_TRY_NUMBER=1
AIRFLOW_CTX_DAG_RUN_ID=scheduled__2022-08-15T08:15:00+00:00
[2022-12-26T14:00:59.042+0000] {base.py:71} INFO - Using connection ID 'postgres_default' for task execution.
[2022-12-26T14:00:59.047+0000] {sql.py:315} INFO - Running statement: INSERT INTO
    exchange_rates
VALUES ('RUB', 'EUR', 0.01603807, '2022-08-15')
ON CONFLICT (base, currency, date) DO
    UPDATE
        SET rate = excluded.rate;, parameters: None
[2022-12-26T14:00:59.052+0000] {sql.py:324} INFO - Rows affected: 1
[2022-12-26T14:00:59.091+0000] {taskinstance.py:1406} INFO - Marking task as SUCCESS. dag_id=exchange_rates, task_id=insert_rate_RUB_EUR, execution_date=20220815T081500, start_date=20221226T140057, end_date=20221226T140059
[2022-12-26T14:00:59.269+0000] {local_task_job.py:164} INFO - Task exited with return code 0
[2022-12-26T14:00:59.390+0000] {local_task_job.py:273} INFO - 0 downstream tasks scheduled from follow-on schedule check
[2023-01-01T14:44:43.823+0000] {taskinstance.py:1165} INFO - Dependencies all met for <TaskInstance: exchange_rates.insert_rate_RUB_EUR scheduled__2022-08-15T08:15:00+00:00 [queued]>
[2023-01-01T14:44:43.878+0000] {taskinstance.py:1165} INFO - Dependencies all met for <TaskInstance: exchange_rates.insert_rate_RUB_EUR scheduled__2022-08-15T08:15:00+00:00 [queued]>
[2023-01-01T14:44:43.879+0000] {taskinstance.py:1362} INFO - 
--------------------------------------------------------------------------------
[2023-01-01T14:44:43.896+0000] {taskinstance.py:1363} INFO - Starting attempt 1 of 1
[2023-01-01T14:44:43.897+0000] {taskinstance.py:1364} INFO - 
--------------------------------------------------------------------------------
[2023-01-01T14:44:43.969+0000] {taskinstance.py:1383} INFO - Executing <Task(PostgresOperator): insert_rate_RUB_EUR> on 2022-08-15 08:15:00+00:00
[2023-01-01T14:44:43.979+0000] {standard_task_runner.py:54} INFO - Started process 10501 to run task
[2023-01-01T14:44:44.011+0000] {standard_task_runner.py:82} INFO - Running: ['***', 'tasks', 'run', 'exchange_rates', 'insert_rate_RUB_EUR', 'scheduled__2022-08-15T08:15:00+00:00', '--job-id', '10928', '--raw', '--subdir', 'DAGS_FOLDER/exchange_rates.py', '--cfg-path', '/tmp/tmpxyte0cze']
[2023-01-01T14:44:44.015+0000] {standard_task_runner.py:83} INFO - Job 10928: Subtask insert_rate_RUB_EUR
[2023-01-01T14:44:44.017+0000] {dagbag.py:525} INFO - Filling up the DagBag from /opt/***/dags/exchange_rates.py
[2023-01-01T14:44:44.178+0000] {taskmixin.py:205} WARNING - Dependency <Task(CurrencyScoopOperator): get_rate_AMD_RUB>, insert_rate_AMD_RUB already registered for DAG: exchange_rates
[2023-01-01T14:44:44.179+0000] {taskmixin.py:205} WARNING - Dependency <Task(PostgresOperator): insert_rate_AMD_RUB>, get_rate_AMD_RUB already registered for DAG: exchange_rates
[2023-01-01T14:44:44.317+0000] {task_command.py:384} INFO - Running <TaskInstance: exchange_rates.insert_rate_RUB_EUR scheduled__2022-08-15T08:15:00+00:00 [running]> on host d383fbf2a8e7
[2023-01-01T14:44:44.426+0000] {warnings.py:110} WARNING - /home/***/.local/lib/python3.7/site-packages/***/utils/context.py:204: AirflowContextDeprecationWarning: Accessing 'execution_date' from the template is deprecated and will be removed in a future version. Please use 'data_interval_start' or 'logical_date' instead.
  warnings.warn(_create_deprecation_warning(key, self._deprecation_replacements[key]))

[2023-01-01T14:44:44.644+0000] {taskinstance.py:1592} INFO - Exporting the following env vars:
AIRFLOW_CTX_DAG_OWNER=***
AIRFLOW_CTX_DAG_ID=exchange_rates
AIRFLOW_CTX_TASK_ID=insert_rate_RUB_EUR
AIRFLOW_CTX_EXECUTION_DATE=2022-08-15T08:15:00+00:00
AIRFLOW_CTX_TRY_NUMBER=1
AIRFLOW_CTX_DAG_RUN_ID=scheduled__2022-08-15T08:15:00+00:00
[2023-01-01T14:44:44.671+0000] {base.py:71} INFO - Using connection ID 'postgres_default' for task execution.
[2023-01-01T14:44:44.675+0000] {sql.py:315} INFO - Running statement: INSERT INTO
    exchange_rates
VALUES ('RUB', 'EUR', 0.01603807, '2022-08-15')
ON CONFLICT (base, currency, date) DO
    UPDATE
        SET rate = excluded.rate;, parameters: None
[2023-01-01T14:44:44.683+0000] {sql.py:324} INFO - Rows affected: 1
[2023-01-01T14:44:44.708+0000] {taskinstance.py:1406} INFO - Marking task as SUCCESS. dag_id=exchange_rates, task_id=insert_rate_RUB_EUR, execution_date=20220815T081500, start_date=20230101T144443, end_date=20230101T144444
[2023-01-01T14:44:44.805+0000] {local_task_job.py:164} INFO - Task exited with return code 0
[2023-01-01T14:44:44.851+0000] {local_task_job.py:273} INFO - 0 downstream tasks scheduled from follow-on schedule check
