[2022-12-26T13:59:05.190+0000] {taskinstance.py:1165} INFO - Dependencies all met for <TaskInstance: exchange_rates.get_rate_RUB_AMD scheduled__2022-07-14T08:15:00+00:00 [queued]>
[2022-12-26T13:59:05.236+0000] {taskinstance.py:1165} INFO - Dependencies all met for <TaskInstance: exchange_rates.get_rate_RUB_AMD scheduled__2022-07-14T08:15:00+00:00 [queued]>
[2022-12-26T13:59:05.237+0000] {taskinstance.py:1362} INFO - 
--------------------------------------------------------------------------------
[2022-12-26T13:59:05.238+0000] {taskinstance.py:1363} INFO - Starting attempt 1 of 1
[2022-12-26T13:59:05.238+0000] {taskinstance.py:1364} INFO - 
--------------------------------------------------------------------------------
[2022-12-26T13:59:05.300+0000] {taskinstance.py:1383} INFO - Executing <Task(CurrencyScoopOperator): get_rate_RUB_AMD> on 2022-07-14 08:15:00+00:00
[2022-12-26T13:59:05.304+0000] {standard_task_runner.py:54} INFO - Started process 8693 to run task
[2022-12-26T13:59:05.329+0000] {standard_task_runner.py:82} INFO - Running: ['***', 'tasks', 'run', 'exchange_rates', 'get_rate_RUB_AMD', 'scheduled__2022-07-14T08:15:00+00:00', '--job-id', '4405', '--raw', '--subdir', 'DAGS_FOLDER/exchange_rates.py', '--cfg-path', '/tmp/tmpfto2t56o']
[2022-12-26T13:59:05.344+0000] {standard_task_runner.py:83} INFO - Job 4405: Subtask get_rate_RUB_AMD
[2022-12-26T13:59:05.345+0000] {dagbag.py:525} INFO - Filling up the DagBag from /opt/***/dags/exchange_rates.py
[2022-12-26T13:59:05.714+0000] {taskmixin.py:205} WARNING - Dependency <Task(CurrencyScoopOperator): get_rate_AMD_RUB>, insert_rate_AMD_RUB already registered for DAG: exchange_rates
[2022-12-26T13:59:05.714+0000] {taskmixin.py:205} WARNING - Dependency <Task(PostgresOperator): insert_rate_AMD_RUB>, get_rate_AMD_RUB already registered for DAG: exchange_rates
[2022-12-26T13:59:05.929+0000] {task_command.py:384} INFO - Running <TaskInstance: exchange_rates.get_rate_RUB_AMD scheduled__2022-07-14T08:15:00+00:00 [running]> on host d383fbf2a8e7
[2022-12-26T13:59:06.141+0000] {taskinstance.py:1592} INFO - Exporting the following env vars:
AIRFLOW_CTX_DAG_OWNER=***
AIRFLOW_CTX_DAG_ID=exchange_rates
AIRFLOW_CTX_TASK_ID=get_rate_RUB_AMD
AIRFLOW_CTX_EXECUTION_DATE=2022-07-14T08:15:00+00:00
AIRFLOW_CTX_TRY_NUMBER=1
AIRFLOW_CTX_DAG_RUN_ID=scheduled__2022-07-14T08:15:00+00:00
[2022-12-26T13:59:06.147+0000] {warnings.py:110} WARNING - /home/***/.local/lib/python3.7/site-packages/***/utils/context.py:204: AirflowContextDeprecationWarning: Accessing 'execution_date' from the template is deprecated and will be removed in a future version. Please use 'data_interval_start' or 'logical_date' instead.
  warnings.warn(_create_deprecation_warning(key, self._deprecation_replacements[key]))

[2022-12-26T13:59:06.169+0000] {base.py:71} INFO - Using connection ID 'currency_conn_id' for task execution.
[2022-12-26T13:59:07.789+0000] {taskinstance.py:1406} INFO - Marking task as SUCCESS. dag_id=exchange_rates, task_id=get_rate_RUB_AMD, execution_date=20220714T081500, start_date=20221226T135905, end_date=20221226T135907
[2022-12-26T13:59:07.842+0000] {local_task_job.py:164} INFO - Task exited with return code 0
[2022-12-26T13:59:07.880+0000] {local_task_job.py:273} INFO - 1 downstream tasks scheduled from follow-on schedule check
[2023-01-01T14:43:09.892+0000] {taskinstance.py:1165} INFO - Dependencies all met for <TaskInstance: exchange_rates.get_rate_RUB_AMD scheduled__2022-07-14T08:15:00+00:00 [queued]>
[2023-01-01T14:43:09.934+0000] {taskinstance.py:1165} INFO - Dependencies all met for <TaskInstance: exchange_rates.get_rate_RUB_AMD scheduled__2022-07-14T08:15:00+00:00 [queued]>
[2023-01-01T14:43:09.936+0000] {taskinstance.py:1362} INFO - 
--------------------------------------------------------------------------------
[2023-01-01T14:43:09.940+0000] {taskinstance.py:1363} INFO - Starting attempt 1 of 1
[2023-01-01T14:43:09.941+0000] {taskinstance.py:1364} INFO - 
--------------------------------------------------------------------------------
[2023-01-01T14:43:09.992+0000] {taskinstance.py:1383} INFO - Executing <Task(CurrencyScoopOperator): get_rate_RUB_AMD> on 2022-07-14 08:15:00+00:00
[2023-01-01T14:43:09.997+0000] {standard_task_runner.py:54} INFO - Started process 9322 to run task
[2023-01-01T14:43:10.017+0000] {standard_task_runner.py:82} INFO - Running: ['***', 'tasks', 'run', 'exchange_rates', 'get_rate_RUB_AMD', 'scheduled__2022-07-14T08:15:00+00:00', '--job-id', '10383', '--raw', '--subdir', 'DAGS_FOLDER/exchange_rates.py', '--cfg-path', '/tmp/tmphw44e030']
[2023-01-01T14:43:10.019+0000] {standard_task_runner.py:83} INFO - Job 10383: Subtask get_rate_RUB_AMD
[2023-01-01T14:43:10.020+0000] {dagbag.py:525} INFO - Filling up the DagBag from /opt/***/dags/exchange_rates.py
[2023-01-01T14:43:10.253+0000] {taskmixin.py:205} WARNING - Dependency <Task(CurrencyScoopOperator): get_rate_AMD_RUB>, insert_rate_AMD_RUB already registered for DAG: exchange_rates
[2023-01-01T14:43:10.253+0000] {taskmixin.py:205} WARNING - Dependency <Task(PostgresOperator): insert_rate_AMD_RUB>, get_rate_AMD_RUB already registered for DAG: exchange_rates
[2023-01-01T14:43:10.415+0000] {task_command.py:384} INFO - Running <TaskInstance: exchange_rates.get_rate_RUB_AMD scheduled__2022-07-14T08:15:00+00:00 [running]> on host d383fbf2a8e7
[2023-01-01T14:43:10.586+0000] {taskinstance.py:1592} INFO - Exporting the following env vars:
AIRFLOW_CTX_DAG_OWNER=***
AIRFLOW_CTX_DAG_ID=exchange_rates
AIRFLOW_CTX_TASK_ID=get_rate_RUB_AMD
AIRFLOW_CTX_EXECUTION_DATE=2022-07-14T08:15:00+00:00
AIRFLOW_CTX_TRY_NUMBER=1
AIRFLOW_CTX_DAG_RUN_ID=scheduled__2022-07-14T08:15:00+00:00
[2023-01-01T14:43:10.587+0000] {warnings.py:110} WARNING - /home/***/.local/lib/python3.7/site-packages/***/utils/context.py:204: AirflowContextDeprecationWarning: Accessing 'execution_date' from the template is deprecated and will be removed in a future version. Please use 'data_interval_start' or 'logical_date' instead.
  warnings.warn(_create_deprecation_warning(key, self._deprecation_replacements[key]))

[2023-01-01T14:43:10.600+0000] {base.py:71} INFO - Using connection ID 'currency_conn_id' for task execution.
[2023-01-01T14:43:11.280+0000] {taskinstance.py:1406} INFO - Marking task as SUCCESS. dag_id=exchange_rates, task_id=get_rate_RUB_AMD, execution_date=20220714T081500, start_date=20230101T144309, end_date=20230101T144311
[2023-01-01T14:43:11.354+0000] {local_task_job.py:164} INFO - Task exited with return code 0
[2023-01-01T14:43:11.398+0000] {local_task_job.py:273} INFO - 1 downstream tasks scheduled from follow-on schedule check
