[2022-12-26T13:57:27.147+0000] {taskinstance.py:1165} INFO - Dependencies all met for <TaskInstance: exchange_rates.get_rate_RUB_AMD scheduled__2022-06-02T08:15:00+00:00 [queued]>
[2022-12-26T13:57:27.204+0000] {taskinstance.py:1165} INFO - Dependencies all met for <TaskInstance: exchange_rates.get_rate_RUB_AMD scheduled__2022-06-02T08:15:00+00:00 [queued]>
[2022-12-26T13:57:27.204+0000] {taskinstance.py:1362} INFO - 
--------------------------------------------------------------------------------
[2022-12-26T13:57:27.211+0000] {taskinstance.py:1363} INFO - Starting attempt 1 of 1
[2022-12-26T13:57:27.213+0000] {taskinstance.py:1364} INFO - 
--------------------------------------------------------------------------------
[2022-12-26T13:57:27.283+0000] {taskinstance.py:1383} INFO - Executing <Task(CurrencyScoopOperator): get_rate_RUB_AMD> on 2022-06-02 08:15:00+00:00
[2022-12-26T13:57:27.297+0000] {standard_task_runner.py:54} INFO - Started process 7581 to run task
[2022-12-26T13:57:27.319+0000] {standard_task_runner.py:82} INFO - Running: ['***', 'tasks', 'run', 'exchange_rates', 'get_rate_RUB_AMD', 'scheduled__2022-06-02T08:15:00+00:00', '--job-id', '3889', '--raw', '--subdir', 'DAGS_FOLDER/exchange_rates.py', '--cfg-path', '/tmp/tmp47gblpca']
[2022-12-26T13:57:27.320+0000] {standard_task_runner.py:83} INFO - Job 3889: Subtask get_rate_RUB_AMD
[2022-12-26T13:57:27.329+0000] {dagbag.py:525} INFO - Filling up the DagBag from /opt/***/dags/exchange_rates.py
[2022-12-26T13:57:27.553+0000] {taskmixin.py:205} WARNING - Dependency <Task(CurrencyScoopOperator): get_rate_AMD_RUB>, insert_rate_AMD_RUB already registered for DAG: exchange_rates
[2022-12-26T13:57:27.556+0000] {taskmixin.py:205} WARNING - Dependency <Task(PostgresOperator): insert_rate_AMD_RUB>, get_rate_AMD_RUB already registered for DAG: exchange_rates
[2022-12-26T13:57:27.782+0000] {task_command.py:384} INFO - Running <TaskInstance: exchange_rates.get_rate_RUB_AMD scheduled__2022-06-02T08:15:00+00:00 [running]> on host d383fbf2a8e7
[2022-12-26T13:57:27.960+0000] {taskinstance.py:1592} INFO - Exporting the following env vars:
AIRFLOW_CTX_DAG_OWNER=***
AIRFLOW_CTX_DAG_ID=exchange_rates
AIRFLOW_CTX_TASK_ID=get_rate_RUB_AMD
AIRFLOW_CTX_EXECUTION_DATE=2022-06-02T08:15:00+00:00
AIRFLOW_CTX_TRY_NUMBER=1
AIRFLOW_CTX_DAG_RUN_ID=scheduled__2022-06-02T08:15:00+00:00
[2022-12-26T13:57:27.962+0000] {warnings.py:110} WARNING - /home/***/.local/lib/python3.7/site-packages/***/utils/context.py:204: AirflowContextDeprecationWarning: Accessing 'execution_date' from the template is deprecated and will be removed in a future version. Please use 'data_interval_start' or 'logical_date' instead.
  warnings.warn(_create_deprecation_warning(key, self._deprecation_replacements[key]))

[2022-12-26T13:57:27.994+0000] {base.py:71} INFO - Using connection ID 'currency_conn_id' for task execution.
[2022-12-26T13:57:28.750+0000] {taskinstance.py:1406} INFO - Marking task as SUCCESS. dag_id=exchange_rates, task_id=get_rate_RUB_AMD, execution_date=20220602T081500, start_date=20221226T135727, end_date=20221226T135728
[2022-12-26T13:57:28.818+0000] {local_task_job.py:164} INFO - Task exited with return code 0
[2022-12-26T13:57:28.851+0000] {local_task_job.py:273} INFO - 1 downstream tasks scheduled from follow-on schedule check
[2023-01-01T14:41:37.470+0000] {taskinstance.py:1165} INFO - Dependencies all met for <TaskInstance: exchange_rates.get_rate_RUB_AMD scheduled__2022-06-02T08:15:00+00:00 [queued]>
[2023-01-01T14:41:37.556+0000] {taskinstance.py:1165} INFO - Dependencies all met for <TaskInstance: exchange_rates.get_rate_RUB_AMD scheduled__2022-06-02T08:15:00+00:00 [queued]>
[2023-01-01T14:41:37.578+0000] {taskinstance.py:1362} INFO - 
--------------------------------------------------------------------------------
[2023-01-01T14:41:37.579+0000] {taskinstance.py:1363} INFO - Starting attempt 1 of 1
[2023-01-01T14:41:37.583+0000] {taskinstance.py:1364} INFO - 
--------------------------------------------------------------------------------
[2023-01-01T14:41:37.626+0000] {taskinstance.py:1383} INFO - Executing <Task(CurrencyScoopOperator): get_rate_RUB_AMD> on 2022-06-02 08:15:00+00:00
[2023-01-01T14:41:37.632+0000] {standard_task_runner.py:54} INFO - Started process 8206 to run task
[2023-01-01T14:41:37.643+0000] {standard_task_runner.py:82} INFO - Running: ['***', 'tasks', 'run', 'exchange_rates', 'get_rate_RUB_AMD', 'scheduled__2022-06-02T08:15:00+00:00', '--job-id', '9871', '--raw', '--subdir', 'DAGS_FOLDER/exchange_rates.py', '--cfg-path', '/tmp/tmpcabjozv8']
[2023-01-01T14:41:37.644+0000] {standard_task_runner.py:83} INFO - Job 9871: Subtask get_rate_RUB_AMD
[2023-01-01T14:41:37.647+0000] {dagbag.py:525} INFO - Filling up the DagBag from /opt/***/dags/exchange_rates.py
[2023-01-01T14:41:37.946+0000] {taskmixin.py:205} WARNING - Dependency <Task(CurrencyScoopOperator): get_rate_AMD_RUB>, insert_rate_AMD_RUB already registered for DAG: exchange_rates
[2023-01-01T14:41:37.949+0000] {taskmixin.py:205} WARNING - Dependency <Task(PostgresOperator): insert_rate_AMD_RUB>, get_rate_AMD_RUB already registered for DAG: exchange_rates
[2023-01-01T14:41:38.214+0000] {task_command.py:384} INFO - Running <TaskInstance: exchange_rates.get_rate_RUB_AMD scheduled__2022-06-02T08:15:00+00:00 [running]> on host d383fbf2a8e7
[2023-01-01T14:41:38.435+0000] {taskinstance.py:1592} INFO - Exporting the following env vars:
AIRFLOW_CTX_DAG_OWNER=***
AIRFLOW_CTX_DAG_ID=exchange_rates
AIRFLOW_CTX_TASK_ID=get_rate_RUB_AMD
AIRFLOW_CTX_EXECUTION_DATE=2022-06-02T08:15:00+00:00
AIRFLOW_CTX_TRY_NUMBER=1
AIRFLOW_CTX_DAG_RUN_ID=scheduled__2022-06-02T08:15:00+00:00
[2023-01-01T14:41:38.436+0000] {warnings.py:110} WARNING - /home/***/.local/lib/python3.7/site-packages/***/utils/context.py:204: AirflowContextDeprecationWarning: Accessing 'execution_date' from the template is deprecated and will be removed in a future version. Please use 'data_interval_start' or 'logical_date' instead.
  warnings.warn(_create_deprecation_warning(key, self._deprecation_replacements[key]))

[2023-01-01T14:41:38.479+0000] {base.py:71} INFO - Using connection ID 'currency_conn_id' for task execution.
[2023-01-01T14:41:39.073+0000] {taskinstance.py:1406} INFO - Marking task as SUCCESS. dag_id=exchange_rates, task_id=get_rate_RUB_AMD, execution_date=20220602T081500, start_date=20230101T144137, end_date=20230101T144139
[2023-01-01T14:41:39.299+0000] {local_task_job.py:164} INFO - Task exited with return code 0
[2023-01-01T14:41:39.353+0000] {local_task_job.py:273} INFO - 1 downstream tasks scheduled from follow-on schedule check
