[2022-12-26T13:49:35.399+0000] {taskinstance.py:1165} INFO - Dependencies all met for <TaskInstance: exchange_rates.insert_rate_AMD_RUB scheduled__2021-12-19T08:15:00+00:00 [queued]>
[2022-12-26T13:49:35.437+0000] {taskinstance.py:1165} INFO - Dependencies all met for <TaskInstance: exchange_rates.insert_rate_AMD_RUB scheduled__2021-12-19T08:15:00+00:00 [queued]>
[2022-12-26T13:49:35.438+0000] {taskinstance.py:1362} INFO - 
--------------------------------------------------------------------------------
[2022-12-26T13:49:35.439+0000] {taskinstance.py:1363} INFO - Starting attempt 1 of 1
[2022-12-26T13:49:35.439+0000] {taskinstance.py:1364} INFO - 
--------------------------------------------------------------------------------
[2022-12-26T13:49:35.487+0000] {taskinstance.py:1383} INFO - Executing <Task(PostgresOperator): insert_rate_AMD_RUB> on 2021-12-19 08:15:00+00:00
[2022-12-26T13:49:35.502+0000] {standard_task_runner.py:54} INFO - Started process 2482 to run task
[2022-12-26T13:49:35.536+0000] {standard_task_runner.py:82} INFO - Running: ['***', 'tasks', 'run', 'exchange_rates', 'insert_rate_AMD_RUB', 'scheduled__2021-12-19T08:15:00+00:00', '--job-id', '1578', '--raw', '--subdir', 'DAGS_FOLDER/exchange_rates.py', '--cfg-path', '/tmp/tmp0x4oerch']
[2022-12-26T13:49:35.544+0000] {standard_task_runner.py:83} INFO - Job 1578: Subtask insert_rate_AMD_RUB
[2022-12-26T13:49:35.546+0000] {dagbag.py:525} INFO - Filling up the DagBag from /opt/***/dags/exchange_rates.py
[2022-12-26T13:49:35.771+0000] {taskmixin.py:205} WARNING - Dependency <Task(CurrencyScoopOperator): get_rate_AMD_RUB>, insert_rate_AMD_RUB already registered for DAG: exchange_rates
[2022-12-26T13:49:35.772+0000] {taskmixin.py:205} WARNING - Dependency <Task(PostgresOperator): insert_rate_AMD_RUB>, get_rate_AMD_RUB already registered for DAG: exchange_rates
[2022-12-26T13:49:36.037+0000] {task_command.py:384} INFO - Running <TaskInstance: exchange_rates.insert_rate_AMD_RUB scheduled__2021-12-19T08:15:00+00:00 [running]> on host d383fbf2a8e7
[2022-12-26T13:49:36.209+0000] {warnings.py:110} WARNING - /home/***/.local/lib/python3.7/site-packages/***/utils/context.py:204: AirflowContextDeprecationWarning: Accessing 'execution_date' from the template is deprecated and will be removed in a future version. Please use 'data_interval_start' or 'logical_date' instead.
  warnings.warn(_create_deprecation_warning(key, self._deprecation_replacements[key]))

[2022-12-26T13:49:36.396+0000] {taskinstance.py:1592} INFO - Exporting the following env vars:
AIRFLOW_CTX_DAG_OWNER=***
AIRFLOW_CTX_DAG_ID=exchange_rates
AIRFLOW_CTX_TASK_ID=insert_rate_AMD_RUB
AIRFLOW_CTX_EXECUTION_DATE=2021-12-19T08:15:00+00:00
AIRFLOW_CTX_TRY_NUMBER=1
AIRFLOW_CTX_DAG_RUN_ID=scheduled__2021-12-19T08:15:00+00:00
[2022-12-26T13:49:36.421+0000] {base.py:71} INFO - Using connection ID 'postgres_default' for task execution.
[2022-12-26T13:49:36.429+0000] {sql.py:315} INFO - Running statement: INSERT INTO
    exchange_rates
VALUES ('AMD', 'RUB', 0.15496193, '2021-12-19')
ON CONFLICT (base, currency, date) DO
    UPDATE
        SET rate = excluded.rate;, parameters: None
[2022-12-26T13:49:36.431+0000] {sql.py:324} INFO - Rows affected: 1
[2022-12-26T13:49:36.462+0000] {taskinstance.py:1406} INFO - Marking task as SUCCESS. dag_id=exchange_rates, task_id=insert_rate_AMD_RUB, execution_date=20211219T081500, start_date=20221226T134935, end_date=20221226T134936
[2022-12-26T13:49:36.579+0000] {local_task_job.py:164} INFO - Task exited with return code 0
[2022-12-26T13:49:36.649+0000] {local_task_job.py:273} INFO - 0 downstream tasks scheduled from follow-on schedule check
[2023-01-01T14:34:20.401+0000] {taskinstance.py:1165} INFO - Dependencies all met for <TaskInstance: exchange_rates.insert_rate_AMD_RUB scheduled__2021-12-19T08:15:00+00:00 [queued]>
[2023-01-01T14:34:20.427+0000] {taskinstance.py:1165} INFO - Dependencies all met for <TaskInstance: exchange_rates.insert_rate_AMD_RUB scheduled__2021-12-19T08:15:00+00:00 [queued]>
[2023-01-01T14:34:20.436+0000] {taskinstance.py:1362} INFO - 
--------------------------------------------------------------------------------
[2023-01-01T14:34:20.440+0000] {taskinstance.py:1363} INFO - Starting attempt 1 of 1
[2023-01-01T14:34:20.440+0000] {taskinstance.py:1364} INFO - 
--------------------------------------------------------------------------------
[2023-01-01T14:34:20.468+0000] {taskinstance.py:1383} INFO - Executing <Task(PostgresOperator): insert_rate_AMD_RUB> on 2021-12-19 08:15:00+00:00
[2023-01-01T14:34:20.473+0000] {standard_task_runner.py:54} INFO - Started process 3139 to run task
[2023-01-01T14:34:20.507+0000] {standard_task_runner.py:82} INFO - Running: ['***', 'tasks', 'run', 'exchange_rates', 'insert_rate_AMD_RUB', 'scheduled__2021-12-19T08:15:00+00:00', '--job-id', '7561', '--raw', '--subdir', 'DAGS_FOLDER/exchange_rates.py', '--cfg-path', '/tmp/tmpg53qe7bz']
[2023-01-01T14:34:20.507+0000] {standard_task_runner.py:83} INFO - Job 7561: Subtask insert_rate_AMD_RUB
[2023-01-01T14:34:20.510+0000] {dagbag.py:525} INFO - Filling up the DagBag from /opt/***/dags/exchange_rates.py
[2023-01-01T14:34:20.791+0000] {taskmixin.py:205} WARNING - Dependency <Task(CurrencyScoopOperator): get_rate_AMD_RUB>, insert_rate_AMD_RUB already registered for DAG: exchange_rates
[2023-01-01T14:34:20.792+0000] {taskmixin.py:205} WARNING - Dependency <Task(PostgresOperator): insert_rate_AMD_RUB>, get_rate_AMD_RUB already registered for DAG: exchange_rates
[2023-01-01T14:34:21.048+0000] {task_command.py:384} INFO - Running <TaskInstance: exchange_rates.insert_rate_AMD_RUB scheduled__2021-12-19T08:15:00+00:00 [running]> on host d383fbf2a8e7
[2023-01-01T14:34:21.172+0000] {warnings.py:110} WARNING - /home/***/.local/lib/python3.7/site-packages/***/utils/context.py:204: AirflowContextDeprecationWarning: Accessing 'execution_date' from the template is deprecated and will be removed in a future version. Please use 'data_interval_start' or 'logical_date' instead.
  warnings.warn(_create_deprecation_warning(key, self._deprecation_replacements[key]))

[2023-01-01T14:34:21.447+0000] {taskinstance.py:1592} INFO - Exporting the following env vars:
AIRFLOW_CTX_DAG_OWNER=***
AIRFLOW_CTX_DAG_ID=exchange_rates
AIRFLOW_CTX_TASK_ID=insert_rate_AMD_RUB
AIRFLOW_CTX_EXECUTION_DATE=2021-12-19T08:15:00+00:00
AIRFLOW_CTX_TRY_NUMBER=1
AIRFLOW_CTX_DAG_RUN_ID=scheduled__2021-12-19T08:15:00+00:00
[2023-01-01T14:34:21.478+0000] {base.py:71} INFO - Using connection ID 'postgres_default' for task execution.
[2023-01-01T14:34:21.481+0000] {sql.py:315} INFO - Running statement: INSERT INTO
    exchange_rates
VALUES ('AMD', 'RUB', 0.15496193, '2021-12-19')
ON CONFLICT (base, currency, date) DO
    UPDATE
        SET rate = excluded.rate;, parameters: None
[2023-01-01T14:34:21.489+0000] {sql.py:324} INFO - Rows affected: 1
[2023-01-01T14:34:21.530+0000] {taskinstance.py:1406} INFO - Marking task as SUCCESS. dag_id=exchange_rates, task_id=insert_rate_AMD_RUB, execution_date=20211219T081500, start_date=20230101T143420, end_date=20230101T143421
[2023-01-01T14:34:21.591+0000] {local_task_job.py:164} INFO - Task exited with return code 0
[2023-01-01T14:34:21.647+0000] {local_task_job.py:273} INFO - 0 downstream tasks scheduled from follow-on schedule check
