[2022-12-26T13:48:02.262+0000] {taskinstance.py:1165} INFO - Dependencies all met for <TaskInstance: exchange_rates.make_report scheduled__2021-11-05T08:15:00+00:00 [queued]>
[2022-12-26T13:48:02.287+0000] {taskinstance.py:1165} INFO - Dependencies all met for <TaskInstance: exchange_rates.make_report scheduled__2021-11-05T08:15:00+00:00 [queued]>
[2022-12-26T13:48:02.290+0000] {taskinstance.py:1362} INFO - 
--------------------------------------------------------------------------------
[2022-12-26T13:48:02.295+0000] {taskinstance.py:1363} INFO - Starting attempt 1 of 1
[2022-12-26T13:48:02.295+0000] {taskinstance.py:1364} INFO - 
--------------------------------------------------------------------------------
[2022-12-26T13:48:02.331+0000] {taskinstance.py:1383} INFO - Executing <Task(PythonOperator): make_report> on 2021-11-05 08:15:00+00:00
[2022-12-26T13:48:02.335+0000] {standard_task_runner.py:54} INFO - Started process 1521 to run task
[2022-12-26T13:48:02.339+0000] {standard_task_runner.py:82} INFO - Running: ['***', 'tasks', 'run', 'exchange_rates', 'make_report', 'scheduled__2021-11-05T08:15:00+00:00', '--job-id', '1141', '--raw', '--subdir', 'DAGS_FOLDER/exchange_rates.py', '--cfg-path', '/tmp/tmprmhytlt3']
[2022-12-26T13:48:02.340+0000] {standard_task_runner.py:83} INFO - Job 1141: Subtask make_report
[2022-12-26T13:48:02.341+0000] {dagbag.py:525} INFO - Filling up the DagBag from /opt/***/dags/exchange_rates.py
[2022-12-26T13:48:02.423+0000] {taskmixin.py:205} WARNING - Dependency <Task(CurrencyScoopOperator): get_rate_AMD_RUB>, insert_rate_AMD_RUB already registered for DAG: exchange_rates
[2022-12-26T13:48:02.430+0000] {taskmixin.py:205} WARNING - Dependency <Task(PostgresOperator): insert_rate_AMD_RUB>, get_rate_AMD_RUB already registered for DAG: exchange_rates
[2022-12-26T13:48:02.578+0000] {task_command.py:384} INFO - Running <TaskInstance: exchange_rates.make_report scheduled__2021-11-05T08:15:00+00:00 [running]> on host d383fbf2a8e7
[2022-12-26T13:48:02.811+0000] {taskinstance.py:1592} INFO - Exporting the following env vars:
AIRFLOW_CTX_DAG_OWNER=***
AIRFLOW_CTX_DAG_ID=exchange_rates
AIRFLOW_CTX_TASK_ID=make_report
AIRFLOW_CTX_EXECUTION_DATE=2021-11-05T08:15:00+00:00
AIRFLOW_CTX_TRY_NUMBER=1
AIRFLOW_CTX_DAG_RUN_ID=scheduled__2021-11-05T08:15:00+00:00
[2022-12-26T13:48:04.914+0000] {python.py:177} INFO - Done. Returned value was: None
[2022-12-26T13:48:04.928+0000] {taskinstance.py:1406} INFO - Marking task as SUCCESS. dag_id=exchange_rates, task_id=make_report, execution_date=20211105T081500, start_date=20221226T134802, end_date=20221226T134804
[2022-12-26T13:48:05.021+0000] {local_task_job.py:164} INFO - Task exited with return code 0
[2022-12-26T13:48:05.041+0000] {local_task_job.py:273} INFO - 0 downstream tasks scheduled from follow-on schedule check
[2023-01-01T14:32:49.627+0000] {taskinstance.py:1165} INFO - Dependencies all met for <TaskInstance: exchange_rates.make_report scheduled__2021-11-05T08:15:00+00:00 [queued]>
[2023-01-01T14:32:49.683+0000] {taskinstance.py:1165} INFO - Dependencies all met for <TaskInstance: exchange_rates.make_report scheduled__2021-11-05T08:15:00+00:00 [queued]>
[2023-01-01T14:32:49.684+0000] {taskinstance.py:1362} INFO - 
--------------------------------------------------------------------------------
[2023-01-01T14:32:49.685+0000] {taskinstance.py:1363} INFO - Starting attempt 1 of 1
[2023-01-01T14:32:49.708+0000] {taskinstance.py:1364} INFO - 
--------------------------------------------------------------------------------
[2023-01-01T14:32:49.785+0000] {taskinstance.py:1383} INFO - Executing <Task(PythonOperator): make_report> on 2021-11-05 08:15:00+00:00
[2023-01-01T14:32:49.789+0000] {standard_task_runner.py:54} INFO - Started process 2165 to run task
[2023-01-01T14:32:49.809+0000] {standard_task_runner.py:82} INFO - Running: ['***', 'tasks', 'run', 'exchange_rates', 'make_report', 'scheduled__2021-11-05T08:15:00+00:00', '--job-id', '7124', '--raw', '--subdir', 'DAGS_FOLDER/exchange_rates.py', '--cfg-path', '/tmp/tmph4oyyi7f']
[2023-01-01T14:32:49.812+0000] {standard_task_runner.py:83} INFO - Job 7124: Subtask make_report
[2023-01-01T14:32:49.814+0000] {dagbag.py:525} INFO - Filling up the DagBag from /opt/***/dags/exchange_rates.py
[2023-01-01T14:32:50.433+0000] {taskmixin.py:205} WARNING - Dependency <Task(CurrencyScoopOperator): get_rate_AMD_RUB>, insert_rate_AMD_RUB already registered for DAG: exchange_rates
[2023-01-01T14:32:50.434+0000] {taskmixin.py:205} WARNING - Dependency <Task(PostgresOperator): insert_rate_AMD_RUB>, get_rate_AMD_RUB already registered for DAG: exchange_rates
[2023-01-01T14:32:50.648+0000] {task_command.py:384} INFO - Running <TaskInstance: exchange_rates.make_report scheduled__2021-11-05T08:15:00+00:00 [running]> on host d383fbf2a8e7
[2023-01-01T14:32:50.823+0000] {taskinstance.py:1592} INFO - Exporting the following env vars:
AIRFLOW_CTX_DAG_OWNER=***
AIRFLOW_CTX_DAG_ID=exchange_rates
AIRFLOW_CTX_TASK_ID=make_report
AIRFLOW_CTX_EXECUTION_DATE=2021-11-05T08:15:00+00:00
AIRFLOW_CTX_TRY_NUMBER=1
AIRFLOW_CTX_DAG_RUN_ID=scheduled__2021-11-05T08:15:00+00:00
[2023-01-01T14:32:52.265+0000] {python.py:177} INFO - Done. Returned value was: None
[2023-01-01T14:32:52.310+0000] {taskinstance.py:1406} INFO - Marking task as SUCCESS. dag_id=exchange_rates, task_id=make_report, execution_date=20211105T081500, start_date=20230101T143249, end_date=20230101T143252
[2023-01-01T14:32:52.417+0000] {local_task_job.py:164} INFO - Task exited with return code 0
[2023-01-01T14:32:52.447+0000] {local_task_job.py:273} INFO - 0 downstream tasks scheduled from follow-on schedule check
