[2022-12-26T13:47:09.220+0000] {taskinstance.py:1165} INFO - Dependencies all met for <TaskInstance: exchange_rates.insert_rate_EUR_RUB scheduled__2021-10-27T08:15:00+00:00 [queued]>
[2022-12-26T13:47:09.262+0000] {taskinstance.py:1165} INFO - Dependencies all met for <TaskInstance: exchange_rates.insert_rate_EUR_RUB scheduled__2021-10-27T08:15:00+00:00 [queued]>
[2022-12-26T13:47:09.263+0000] {taskinstance.py:1362} INFO - 
--------------------------------------------------------------------------------
[2022-12-26T13:47:09.263+0000] {taskinstance.py:1363} INFO - Starting attempt 1 of 1
[2022-12-26T13:47:09.265+0000] {taskinstance.py:1364} INFO - 
--------------------------------------------------------------------------------
[2022-12-26T13:47:09.318+0000] {taskinstance.py:1383} INFO - Executing <Task(PostgresOperator): insert_rate_EUR_RUB> on 2021-10-27 08:15:00+00:00
[2022-12-26T13:47:09.327+0000] {standard_task_runner.py:54} INFO - Started process 944 to run task
[2022-12-26T13:47:09.363+0000] {standard_task_runner.py:82} INFO - Running: ['***', 'tasks', 'run', 'exchange_rates', 'insert_rate_EUR_RUB', 'scheduled__2021-10-27T08:15:00+00:00', '--job-id', '877', '--raw', '--subdir', 'DAGS_FOLDER/exchange_rates.py', '--cfg-path', '/tmp/tmpub66esth']
[2022-12-26T13:47:09.369+0000] {standard_task_runner.py:83} INFO - Job 877: Subtask insert_rate_EUR_RUB
[2022-12-26T13:47:09.375+0000] {dagbag.py:525} INFO - Filling up the DagBag from /opt/***/dags/exchange_rates.py
[2022-12-26T13:47:09.630+0000] {taskmixin.py:205} WARNING - Dependency <Task(CurrencyScoopOperator): get_rate_AMD_RUB>, insert_rate_AMD_RUB already registered for DAG: exchange_rates
[2022-12-26T13:47:09.630+0000] {taskmixin.py:205} WARNING - Dependency <Task(PostgresOperator): insert_rate_AMD_RUB>, get_rate_AMD_RUB already registered for DAG: exchange_rates
[2022-12-26T13:47:09.873+0000] {task_command.py:384} INFO - Running <TaskInstance: exchange_rates.insert_rate_EUR_RUB scheduled__2021-10-27T08:15:00+00:00 [running]> on host d383fbf2a8e7
[2022-12-26T13:47:09.994+0000] {warnings.py:110} WARNING - /home/***/.local/lib/python3.7/site-packages/***/utils/context.py:204: AirflowContextDeprecationWarning: Accessing 'execution_date' from the template is deprecated and will be removed in a future version. Please use 'data_interval_start' or 'logical_date' instead.
  warnings.warn(_create_deprecation_warning(key, self._deprecation_replacements[key]))

[2022-12-26T13:47:10.113+0000] {taskinstance.py:1592} INFO - Exporting the following env vars:
AIRFLOW_CTX_DAG_OWNER=***
AIRFLOW_CTX_DAG_ID=exchange_rates
AIRFLOW_CTX_TASK_ID=insert_rate_EUR_RUB
AIRFLOW_CTX_EXECUTION_DATE=2021-10-27T08:15:00+00:00
AIRFLOW_CTX_TRY_NUMBER=1
AIRFLOW_CTX_DAG_RUN_ID=scheduled__2021-10-27T08:15:00+00:00
[2022-12-26T13:47:10.172+0000] {base.py:71} INFO - Using connection ID 'postgres_default' for task execution.
[2022-12-26T13:47:10.175+0000] {sql.py:315} INFO - Running statement: INSERT INTO
    exchange_rates
VALUES ('EUR', 'RUB', 81.9165303, '2021-10-27')
ON CONFLICT (base, currency, date) DO
    UPDATE
        SET rate = excluded.rate;, parameters: None
[2022-12-26T13:47:10.176+0000] {sql.py:324} INFO - Rows affected: 1
[2022-12-26T13:47:10.197+0000] {taskinstance.py:1406} INFO - Marking task as SUCCESS. dag_id=exchange_rates, task_id=insert_rate_EUR_RUB, execution_date=20211027T081500, start_date=20221226T134709, end_date=20221226T134710
[2022-12-26T13:47:10.334+0000] {local_task_job.py:164} INFO - Task exited with return code 0
[2022-12-26T13:47:10.471+0000] {local_task_job.py:273} INFO - 1 downstream tasks scheduled from follow-on schedule check
[2023-01-01T14:31:59.053+0000] {taskinstance.py:1165} INFO - Dependencies all met for <TaskInstance: exchange_rates.insert_rate_EUR_RUB scheduled__2021-10-27T08:15:00+00:00 [queued]>
[2023-01-01T14:31:59.121+0000] {taskinstance.py:1165} INFO - Dependencies all met for <TaskInstance: exchange_rates.insert_rate_EUR_RUB scheduled__2021-10-27T08:15:00+00:00 [queued]>
[2023-01-01T14:31:59.124+0000] {taskinstance.py:1362} INFO - 
--------------------------------------------------------------------------------
[2023-01-01T14:31:59.128+0000] {taskinstance.py:1363} INFO - Starting attempt 1 of 1
[2023-01-01T14:31:59.129+0000] {taskinstance.py:1364} INFO - 
--------------------------------------------------------------------------------
[2023-01-01T14:31:59.198+0000] {taskinstance.py:1383} INFO - Executing <Task(PostgresOperator): insert_rate_EUR_RUB> on 2021-10-27 08:15:00+00:00
[2023-01-01T14:31:59.215+0000] {standard_task_runner.py:54} INFO - Started process 1586 to run task
[2023-01-01T14:31:59.279+0000] {standard_task_runner.py:82} INFO - Running: ['***', 'tasks', 'run', 'exchange_rates', 'insert_rate_EUR_RUB', 'scheduled__2021-10-27T08:15:00+00:00', '--job-id', '6858', '--raw', '--subdir', 'DAGS_FOLDER/exchange_rates.py', '--cfg-path', '/tmp/tmpqzumoiuo']
[2023-01-01T14:31:59.312+0000] {standard_task_runner.py:83} INFO - Job 6858: Subtask insert_rate_EUR_RUB
[2023-01-01T14:31:59.313+0000] {dagbag.py:525} INFO - Filling up the DagBag from /opt/***/dags/exchange_rates.py
[2023-01-01T14:31:59.608+0000] {taskmixin.py:205} WARNING - Dependency <Task(CurrencyScoopOperator): get_rate_AMD_RUB>, insert_rate_AMD_RUB already registered for DAG: exchange_rates
[2023-01-01T14:31:59.612+0000] {taskmixin.py:205} WARNING - Dependency <Task(PostgresOperator): insert_rate_AMD_RUB>, get_rate_AMD_RUB already registered for DAG: exchange_rates
[2023-01-01T14:31:59.882+0000] {task_command.py:384} INFO - Running <TaskInstance: exchange_rates.insert_rate_EUR_RUB scheduled__2021-10-27T08:15:00+00:00 [running]> on host d383fbf2a8e7
[2023-01-01T14:32:00.076+0000] {warnings.py:110} WARNING - /home/***/.local/lib/python3.7/site-packages/***/utils/context.py:204: AirflowContextDeprecationWarning: Accessing 'execution_date' from the template is deprecated and will be removed in a future version. Please use 'data_interval_start' or 'logical_date' instead.
  warnings.warn(_create_deprecation_warning(key, self._deprecation_replacements[key]))

[2023-01-01T14:32:00.287+0000] {taskinstance.py:1592} INFO - Exporting the following env vars:
AIRFLOW_CTX_DAG_OWNER=***
AIRFLOW_CTX_DAG_ID=exchange_rates
AIRFLOW_CTX_TASK_ID=insert_rate_EUR_RUB
AIRFLOW_CTX_EXECUTION_DATE=2021-10-27T08:15:00+00:00
AIRFLOW_CTX_TRY_NUMBER=1
AIRFLOW_CTX_DAG_RUN_ID=scheduled__2021-10-27T08:15:00+00:00
[2023-01-01T14:32:00.342+0000] {base.py:71} INFO - Using connection ID 'postgres_default' for task execution.
[2023-01-01T14:32:00.350+0000] {sql.py:315} INFO - Running statement: INSERT INTO
    exchange_rates
VALUES ('EUR', 'RUB', 81.9165303, '2021-10-27')
ON CONFLICT (base, currency, date) DO
    UPDATE
        SET rate = excluded.rate;, parameters: None
[2023-01-01T14:32:00.354+0000] {sql.py:324} INFO - Rows affected: 1
[2023-01-01T14:32:00.411+0000] {taskinstance.py:1406} INFO - Marking task as SUCCESS. dag_id=exchange_rates, task_id=insert_rate_EUR_RUB, execution_date=20211027T081500, start_date=20230101T143159, end_date=20230101T143200
[2023-01-01T14:32:00.577+0000] {local_task_job.py:164} INFO - Task exited with return code 0
[2023-01-01T14:32:00.666+0000] {local_task_job.py:273} INFO - 0 downstream tasks scheduled from follow-on schedule check
