[2022-12-26T13:50:03.699+0000] {taskinstance.py:1165} INFO - Dependencies all met for <TaskInstance: exchange_rates.get_rate_RUB_EUR scheduled__2022-01-03T08:15:00+00:00 [queued]>
[2022-12-26T13:50:03.721+0000] {taskinstance.py:1165} INFO - Dependencies all met for <TaskInstance: exchange_rates.get_rate_RUB_EUR scheduled__2022-01-03T08:15:00+00:00 [queued]>
[2022-12-26T13:50:03.722+0000] {taskinstance.py:1362} INFO - 
--------------------------------------------------------------------------------
[2022-12-26T13:50:03.724+0000] {taskinstance.py:1363} INFO - Starting attempt 1 of 1
[2022-12-26T13:50:03.724+0000] {taskinstance.py:1364} INFO - 
--------------------------------------------------------------------------------
[2022-12-26T13:50:03.805+0000] {taskinstance.py:1383} INFO - Executing <Task(CurrencyScoopOperator): get_rate_RUB_EUR> on 2022-01-03 08:15:00+00:00
[2022-12-26T13:50:03.810+0000] {standard_task_runner.py:54} INFO - Started process 2751 to run task
[2022-12-26T13:50:03.846+0000] {standard_task_runner.py:82} INFO - Running: ['***', 'tasks', 'run', 'exchange_rates', 'get_rate_RUB_EUR', 'scheduled__2022-01-03T08:15:00+00:00', '--job-id', '1703', '--raw', '--subdir', 'DAGS_FOLDER/exchange_rates.py', '--cfg-path', '/tmp/tmp1vb6ukqc']
[2022-12-26T13:50:03.847+0000] {standard_task_runner.py:83} INFO - Job 1703: Subtask get_rate_RUB_EUR
[2022-12-26T13:50:03.848+0000] {dagbag.py:525} INFO - Filling up the DagBag from /opt/***/dags/exchange_rates.py
[2022-12-26T13:50:04.051+0000] {taskmixin.py:205} WARNING - Dependency <Task(CurrencyScoopOperator): get_rate_AMD_RUB>, insert_rate_AMD_RUB already registered for DAG: exchange_rates
[2022-12-26T13:50:04.056+0000] {taskmixin.py:205} WARNING - Dependency <Task(PostgresOperator): insert_rate_AMD_RUB>, get_rate_AMD_RUB already registered for DAG: exchange_rates
[2022-12-26T13:50:04.171+0000] {task_command.py:384} INFO - Running <TaskInstance: exchange_rates.get_rate_RUB_EUR scheduled__2022-01-03T08:15:00+00:00 [running]> on host d383fbf2a8e7
[2022-12-26T13:50:04.285+0000] {taskinstance.py:1592} INFO - Exporting the following env vars:
AIRFLOW_CTX_DAG_OWNER=***
AIRFLOW_CTX_DAG_ID=exchange_rates
AIRFLOW_CTX_TASK_ID=get_rate_RUB_EUR
AIRFLOW_CTX_EXECUTION_DATE=2022-01-03T08:15:00+00:00
AIRFLOW_CTX_TRY_NUMBER=1
AIRFLOW_CTX_DAG_RUN_ID=scheduled__2022-01-03T08:15:00+00:00
[2022-12-26T13:50:04.287+0000] {warnings.py:110} WARNING - /home/***/.local/lib/python3.7/site-packages/***/utils/context.py:204: AirflowContextDeprecationWarning: Accessing 'execution_date' from the template is deprecated and will be removed in a future version. Please use 'data_interval_start' or 'logical_date' instead.
  warnings.warn(_create_deprecation_warning(key, self._deprecation_replacements[key]))

[2022-12-26T13:50:04.309+0000] {base.py:71} INFO - Using connection ID 'currency_conn_id' for task execution.
[2022-12-26T13:50:06.888+0000] {taskinstance.py:1406} INFO - Marking task as SUCCESS. dag_id=exchange_rates, task_id=get_rate_RUB_EUR, execution_date=20220103T081500, start_date=20221226T135003, end_date=20221226T135006
[2022-12-26T13:50:07.006+0000] {local_task_job.py:164} INFO - Task exited with return code 0
[2022-12-26T13:50:07.126+0000] {local_task_job.py:273} INFO - 1 downstream tasks scheduled from follow-on schedule check
[2023-01-01T14:34:45.315+0000] {taskinstance.py:1165} INFO - Dependencies all met for <TaskInstance: exchange_rates.get_rate_RUB_EUR scheduled__2022-01-03T08:15:00+00:00 [queued]>
[2023-01-01T14:34:45.363+0000] {taskinstance.py:1165} INFO - Dependencies all met for <TaskInstance: exchange_rates.get_rate_RUB_EUR scheduled__2022-01-03T08:15:00+00:00 [queued]>
[2023-01-01T14:34:45.364+0000] {taskinstance.py:1362} INFO - 
--------------------------------------------------------------------------------
[2023-01-01T14:34:45.370+0000] {taskinstance.py:1363} INFO - Starting attempt 1 of 1
[2023-01-01T14:34:45.371+0000] {taskinstance.py:1364} INFO - 
--------------------------------------------------------------------------------
[2023-01-01T14:34:45.471+0000] {taskinstance.py:1383} INFO - Executing <Task(CurrencyScoopOperator): get_rate_RUB_EUR> on 2022-01-03 08:15:00+00:00
[2023-01-01T14:34:45.475+0000] {standard_task_runner.py:54} INFO - Started process 3407 to run task
[2023-01-01T14:34:45.487+0000] {standard_task_runner.py:82} INFO - Running: ['***', 'tasks', 'run', 'exchange_rates', 'get_rate_RUB_EUR', 'scheduled__2022-01-03T08:15:00+00:00', '--job-id', '7682', '--raw', '--subdir', 'DAGS_FOLDER/exchange_rates.py', '--cfg-path', '/tmp/tmpf0vvsvuz']
[2023-01-01T14:34:45.488+0000] {standard_task_runner.py:83} INFO - Job 7682: Subtask get_rate_RUB_EUR
[2023-01-01T14:34:45.489+0000] {dagbag.py:525} INFO - Filling up the DagBag from /opt/***/dags/exchange_rates.py
[2023-01-01T14:34:45.831+0000] {taskmixin.py:205} WARNING - Dependency <Task(CurrencyScoopOperator): get_rate_AMD_RUB>, insert_rate_AMD_RUB already registered for DAG: exchange_rates
[2023-01-01T14:34:45.831+0000] {taskmixin.py:205} WARNING - Dependency <Task(PostgresOperator): insert_rate_AMD_RUB>, get_rate_AMD_RUB already registered for DAG: exchange_rates
[2023-01-01T14:34:46.040+0000] {task_command.py:384} INFO - Running <TaskInstance: exchange_rates.get_rate_RUB_EUR scheduled__2022-01-03T08:15:00+00:00 [running]> on host d383fbf2a8e7
[2023-01-01T14:34:46.246+0000] {taskinstance.py:1592} INFO - Exporting the following env vars:
AIRFLOW_CTX_DAG_OWNER=***
AIRFLOW_CTX_DAG_ID=exchange_rates
AIRFLOW_CTX_TASK_ID=get_rate_RUB_EUR
AIRFLOW_CTX_EXECUTION_DATE=2022-01-03T08:15:00+00:00
AIRFLOW_CTX_TRY_NUMBER=1
AIRFLOW_CTX_DAG_RUN_ID=scheduled__2022-01-03T08:15:00+00:00
[2023-01-01T14:34:46.247+0000] {warnings.py:110} WARNING - /home/***/.local/lib/python3.7/site-packages/***/utils/context.py:204: AirflowContextDeprecationWarning: Accessing 'execution_date' from the template is deprecated and will be removed in a future version. Please use 'data_interval_start' or 'logical_date' instead.
  warnings.warn(_create_deprecation_warning(key, self._deprecation_replacements[key]))

[2023-01-01T14:34:46.262+0000] {base.py:71} INFO - Using connection ID 'currency_conn_id' for task execution.
[2023-01-01T14:34:46.839+0000] {taskinstance.py:1406} INFO - Marking task as SUCCESS. dag_id=exchange_rates, task_id=get_rate_RUB_EUR, execution_date=20220103T081500, start_date=20230101T143445, end_date=20230101T143446
[2023-01-01T14:34:46.902+0000] {local_task_job.py:164} INFO - Task exited with return code 0
[2023-01-01T14:34:46.937+0000] {local_task_job.py:273} INFO - 1 downstream tasks scheduled from follow-on schedule check
