[2022-12-26T13:49:36.678+0000] {taskinstance.py:1165} INFO - Dependencies all met for <TaskInstance: exchange_rates.make_report scheduled__2021-12-11T08:15:00+00:00 [queued]>
[2022-12-26T13:49:36.694+0000] {taskinstance.py:1165} INFO - Dependencies all met for <TaskInstance: exchange_rates.make_report scheduled__2021-12-11T08:15:00+00:00 [queued]>
[2022-12-26T13:49:36.696+0000] {taskinstance.py:1362} INFO - 
--------------------------------------------------------------------------------
[2022-12-26T13:49:36.697+0000] {taskinstance.py:1363} INFO - Starting attempt 1 of 1
[2022-12-26T13:49:36.699+0000] {taskinstance.py:1364} INFO - 
--------------------------------------------------------------------------------
[2022-12-26T13:49:36.750+0000] {taskinstance.py:1383} INFO - Executing <Task(PythonOperator): make_report> on 2021-12-11 08:15:00+00:00
[2022-12-26T13:49:36.760+0000] {standard_task_runner.py:54} INFO - Started process 2494 to run task
[2022-12-26T13:49:36.779+0000] {standard_task_runner.py:82} INFO - Running: ['***', 'tasks', 'run', 'exchange_rates', 'make_report', 'scheduled__2021-12-11T08:15:00+00:00', '--job-id', '1587', '--raw', '--subdir', 'DAGS_FOLDER/exchange_rates.py', '--cfg-path', '/tmp/tmpbuwih6fq']
[2022-12-26T13:49:36.786+0000] {standard_task_runner.py:83} INFO - Job 1587: Subtask make_report
[2022-12-26T13:49:36.788+0000] {dagbag.py:525} INFO - Filling up the DagBag from /opt/***/dags/exchange_rates.py
[2022-12-26T13:49:36.951+0000] {taskmixin.py:205} WARNING - Dependency <Task(CurrencyScoopOperator): get_rate_AMD_RUB>, insert_rate_AMD_RUB already registered for DAG: exchange_rates
[2022-12-26T13:49:36.954+0000] {taskmixin.py:205} WARNING - Dependency <Task(PostgresOperator): insert_rate_AMD_RUB>, get_rate_AMD_RUB already registered for DAG: exchange_rates
[2022-12-26T13:49:37.092+0000] {task_command.py:384} INFO - Running <TaskInstance: exchange_rates.make_report scheduled__2021-12-11T08:15:00+00:00 [running]> on host d383fbf2a8e7
[2022-12-26T13:49:37.327+0000] {taskinstance.py:1592} INFO - Exporting the following env vars:
AIRFLOW_CTX_DAG_OWNER=***
AIRFLOW_CTX_DAG_ID=exchange_rates
AIRFLOW_CTX_TASK_ID=make_report
AIRFLOW_CTX_EXECUTION_DATE=2021-12-11T08:15:00+00:00
AIRFLOW_CTX_TRY_NUMBER=1
AIRFLOW_CTX_DAG_RUN_ID=scheduled__2021-12-11T08:15:00+00:00
[2022-12-26T13:49:39.526+0000] {python.py:177} INFO - Done. Returned value was: None
[2022-12-26T13:49:39.549+0000] {taskinstance.py:1406} INFO - Marking task as SUCCESS. dag_id=exchange_rates, task_id=make_report, execution_date=20211211T081500, start_date=20221226T134936, end_date=20221226T134939
[2022-12-26T13:49:39.648+0000] {local_task_job.py:164} INFO - Task exited with return code 0
[2022-12-26T13:49:39.676+0000] {local_task_job.py:273} INFO - 0 downstream tasks scheduled from follow-on schedule check
[2023-01-01T14:34:23.178+0000] {taskinstance.py:1165} INFO - Dependencies all met for <TaskInstance: exchange_rates.make_report scheduled__2021-12-11T08:15:00+00:00 [queued]>
[2023-01-01T14:34:23.209+0000] {taskinstance.py:1165} INFO - Dependencies all met for <TaskInstance: exchange_rates.make_report scheduled__2021-12-11T08:15:00+00:00 [queued]>
[2023-01-01T14:34:23.213+0000] {taskinstance.py:1362} INFO - 
--------------------------------------------------------------------------------
[2023-01-01T14:34:23.214+0000] {taskinstance.py:1363} INFO - Starting attempt 1 of 1
[2023-01-01T14:34:23.214+0000] {taskinstance.py:1364} INFO - 
--------------------------------------------------------------------------------
[2023-01-01T14:34:23.249+0000] {taskinstance.py:1383} INFO - Executing <Task(PythonOperator): make_report> on 2021-12-11 08:15:00+00:00
[2023-01-01T14:34:23.255+0000] {standard_task_runner.py:54} INFO - Started process 3171 to run task
[2023-01-01T14:34:23.288+0000] {standard_task_runner.py:82} INFO - Running: ['***', 'tasks', 'run', 'exchange_rates', 'make_report', 'scheduled__2021-12-11T08:15:00+00:00', '--job-id', '7574', '--raw', '--subdir', 'DAGS_FOLDER/exchange_rates.py', '--cfg-path', '/tmp/tmpipp91d9g']
[2023-01-01T14:34:23.289+0000] {standard_task_runner.py:83} INFO - Job 7574: Subtask make_report
[2023-01-01T14:34:23.292+0000] {dagbag.py:525} INFO - Filling up the DagBag from /opt/***/dags/exchange_rates.py
[2023-01-01T14:34:23.493+0000] {taskmixin.py:205} WARNING - Dependency <Task(CurrencyScoopOperator): get_rate_AMD_RUB>, insert_rate_AMD_RUB already registered for DAG: exchange_rates
[2023-01-01T14:34:23.494+0000] {taskmixin.py:205} WARNING - Dependency <Task(PostgresOperator): insert_rate_AMD_RUB>, get_rate_AMD_RUB already registered for DAG: exchange_rates
[2023-01-01T14:34:23.645+0000] {task_command.py:384} INFO - Running <TaskInstance: exchange_rates.make_report scheduled__2021-12-11T08:15:00+00:00 [running]> on host d383fbf2a8e7
[2023-01-01T14:34:23.785+0000] {taskinstance.py:1592} INFO - Exporting the following env vars:
AIRFLOW_CTX_DAG_OWNER=***
AIRFLOW_CTX_DAG_ID=exchange_rates
AIRFLOW_CTX_TASK_ID=make_report
AIRFLOW_CTX_EXECUTION_DATE=2021-12-11T08:15:00+00:00
AIRFLOW_CTX_TRY_NUMBER=1
AIRFLOW_CTX_DAG_RUN_ID=scheduled__2021-12-11T08:15:00+00:00
[2023-01-01T14:34:24.859+0000] {python.py:177} INFO - Done. Returned value was: None
[2023-01-01T14:34:24.869+0000] {taskinstance.py:1406} INFO - Marking task as SUCCESS. dag_id=exchange_rates, task_id=make_report, execution_date=20211211T081500, start_date=20230101T143423, end_date=20230101T143424
[2023-01-01T14:34:24.988+0000] {local_task_job.py:164} INFO - Task exited with return code 0
[2023-01-01T14:34:25.008+0000] {local_task_job.py:273} INFO - 0 downstream tasks scheduled from follow-on schedule check
