[2022-12-26T13:47:12.194+0000] {taskinstance.py:1165} INFO - Dependencies all met for <TaskInstance: exchange_rates.insert_rate_RUB_EUR scheduled__2021-10-30T08:15:00+00:00 [queued]>
[2022-12-26T13:47:12.236+0000] {taskinstance.py:1165} INFO - Dependencies all met for <TaskInstance: exchange_rates.insert_rate_RUB_EUR scheduled__2021-10-30T08:15:00+00:00 [queued]>
[2022-12-26T13:47:12.239+0000] {taskinstance.py:1362} INFO - 
--------------------------------------------------------------------------------
[2022-12-26T13:47:12.240+0000] {taskinstance.py:1363} INFO - Starting attempt 1 of 1
[2022-12-26T13:47:12.240+0000] {taskinstance.py:1364} INFO - 
--------------------------------------------------------------------------------
[2022-12-26T13:47:12.284+0000] {taskinstance.py:1383} INFO - Executing <Task(PostgresOperator): insert_rate_RUB_EUR> on 2021-10-30 08:15:00+00:00
[2022-12-26T13:47:12.291+0000] {standard_task_runner.py:54} INFO - Started process 986 to run task
[2022-12-26T13:47:12.310+0000] {standard_task_runner.py:82} INFO - Running: ['***', 'tasks', 'run', 'exchange_rates', 'insert_rate_RUB_EUR', 'scheduled__2021-10-30T08:15:00+00:00', '--job-id', '898', '--raw', '--subdir', 'DAGS_FOLDER/exchange_rates.py', '--cfg-path', '/tmp/tmpyga8ka7u']
[2022-12-26T13:47:12.326+0000] {standard_task_runner.py:83} INFO - Job 898: Subtask insert_rate_RUB_EUR
[2022-12-26T13:47:12.329+0000] {dagbag.py:525} INFO - Filling up the DagBag from /opt/***/dags/exchange_rates.py
[2022-12-26T13:47:12.593+0000] {taskmixin.py:205} WARNING - Dependency <Task(CurrencyScoopOperator): get_rate_AMD_RUB>, insert_rate_AMD_RUB already registered for DAG: exchange_rates
[2022-12-26T13:47:12.616+0000] {taskmixin.py:205} WARNING - Dependency <Task(PostgresOperator): insert_rate_AMD_RUB>, get_rate_AMD_RUB already registered for DAG: exchange_rates
[2022-12-26T13:47:12.993+0000] {task_command.py:384} INFO - Running <TaskInstance: exchange_rates.insert_rate_RUB_EUR scheduled__2021-10-30T08:15:00+00:00 [running]> on host d383fbf2a8e7
[2022-12-26T13:47:13.222+0000] {warnings.py:110} WARNING - /home/***/.local/lib/python3.7/site-packages/***/utils/context.py:204: AirflowContextDeprecationWarning: Accessing 'execution_date' from the template is deprecated and will be removed in a future version. Please use 'data_interval_start' or 'logical_date' instead.
  warnings.warn(_create_deprecation_warning(key, self._deprecation_replacements[key]))

[2022-12-26T13:47:13.317+0000] {taskinstance.py:1592} INFO - Exporting the following env vars:
AIRFLOW_CTX_DAG_OWNER=***
AIRFLOW_CTX_DAG_ID=exchange_rates
AIRFLOW_CTX_TASK_ID=insert_rate_RUB_EUR
AIRFLOW_CTX_EXECUTION_DATE=2021-10-30T08:15:00+00:00
AIRFLOW_CTX_TRY_NUMBER=1
AIRFLOW_CTX_DAG_RUN_ID=scheduled__2021-10-30T08:15:00+00:00
[2022-12-26T13:47:13.336+0000] {base.py:71} INFO - Using connection ID 'postgres_default' for task execution.
[2022-12-26T13:47:13.344+0000] {sql.py:315} INFO - Running statement: INSERT INTO
    exchange_rates
VALUES ('RUB', 'EUR', 0.01220317, '2021-10-30')
ON CONFLICT (base, currency, date) DO
    UPDATE
        SET rate = excluded.rate;, parameters: None
[2022-12-26T13:47:13.352+0000] {sql.py:324} INFO - Rows affected: 1
[2022-12-26T13:47:13.395+0000] {taskinstance.py:1406} INFO - Marking task as SUCCESS. dag_id=exchange_rates, task_id=insert_rate_RUB_EUR, execution_date=20211030T081500, start_date=20221226T134712, end_date=20221226T134713
[2022-12-26T13:47:13.494+0000] {local_task_job.py:164} INFO - Task exited with return code 0
[2022-12-26T13:47:13.577+0000] {local_task_job.py:273} INFO - 0 downstream tasks scheduled from follow-on schedule check
[2023-01-01T14:32:01.956+0000] {taskinstance.py:1165} INFO - Dependencies all met for <TaskInstance: exchange_rates.insert_rate_RUB_EUR scheduled__2021-10-30T08:15:00+00:00 [queued]>
[2023-01-01T14:32:01.983+0000] {taskinstance.py:1165} INFO - Dependencies all met for <TaskInstance: exchange_rates.insert_rate_RUB_EUR scheduled__2021-10-30T08:15:00+00:00 [queued]>
[2023-01-01T14:32:01.984+0000] {taskinstance.py:1362} INFO - 
--------------------------------------------------------------------------------
[2023-01-01T14:32:01.988+0000] {taskinstance.py:1363} INFO - Starting attempt 1 of 1
[2023-01-01T14:32:01.993+0000] {taskinstance.py:1364} INFO - 
--------------------------------------------------------------------------------
[2023-01-01T14:32:02.038+0000] {taskinstance.py:1383} INFO - Executing <Task(PostgresOperator): insert_rate_RUB_EUR> on 2021-10-30 08:15:00+00:00
[2023-01-01T14:32:02.044+0000] {standard_task_runner.py:54} INFO - Started process 1620 to run task
[2023-01-01T14:32:02.072+0000] {standard_task_runner.py:82} INFO - Running: ['***', 'tasks', 'run', 'exchange_rates', 'insert_rate_RUB_EUR', 'scheduled__2021-10-30T08:15:00+00:00', '--job-id', '6877', '--raw', '--subdir', 'DAGS_FOLDER/exchange_rates.py', '--cfg-path', '/tmp/tmp6p9802m8']
[2023-01-01T14:32:02.073+0000] {standard_task_runner.py:83} INFO - Job 6877: Subtask insert_rate_RUB_EUR
[2023-01-01T14:32:02.080+0000] {dagbag.py:525} INFO - Filling up the DagBag from /opt/***/dags/exchange_rates.py
[2023-01-01T14:32:02.364+0000] {taskmixin.py:205} WARNING - Dependency <Task(CurrencyScoopOperator): get_rate_AMD_RUB>, insert_rate_AMD_RUB already registered for DAG: exchange_rates
[2023-01-01T14:32:02.365+0000] {taskmixin.py:205} WARNING - Dependency <Task(PostgresOperator): insert_rate_AMD_RUB>, get_rate_AMD_RUB already registered for DAG: exchange_rates
[2023-01-01T14:32:02.523+0000] {task_command.py:384} INFO - Running <TaskInstance: exchange_rates.insert_rate_RUB_EUR scheduled__2021-10-30T08:15:00+00:00 [running]> on host d383fbf2a8e7
[2023-01-01T14:32:02.586+0000] {warnings.py:110} WARNING - /home/***/.local/lib/python3.7/site-packages/***/utils/context.py:204: AirflowContextDeprecationWarning: Accessing 'execution_date' from the template is deprecated and will be removed in a future version. Please use 'data_interval_start' or 'logical_date' instead.
  warnings.warn(_create_deprecation_warning(key, self._deprecation_replacements[key]))

[2023-01-01T14:32:02.626+0000] {taskinstance.py:1592} INFO - Exporting the following env vars:
AIRFLOW_CTX_DAG_OWNER=***
AIRFLOW_CTX_DAG_ID=exchange_rates
AIRFLOW_CTX_TASK_ID=insert_rate_RUB_EUR
AIRFLOW_CTX_EXECUTION_DATE=2021-10-30T08:15:00+00:00
AIRFLOW_CTX_TRY_NUMBER=1
AIRFLOW_CTX_DAG_RUN_ID=scheduled__2021-10-30T08:15:00+00:00
[2023-01-01T14:32:02.644+0000] {base.py:71} INFO - Using connection ID 'postgres_default' for task execution.
[2023-01-01T14:32:02.655+0000] {sql.py:315} INFO - Running statement: INSERT INTO
    exchange_rates
VALUES ('RUB', 'EUR', 0.01220317, '2021-10-30')
ON CONFLICT (base, currency, date) DO
    UPDATE
        SET rate = excluded.rate;, parameters: None
[2023-01-01T14:32:02.657+0000] {sql.py:324} INFO - Rows affected: 1
[2023-01-01T14:32:02.669+0000] {taskinstance.py:1406} INFO - Marking task as SUCCESS. dag_id=exchange_rates, task_id=insert_rate_RUB_EUR, execution_date=20211030T081500, start_date=20230101T143201, end_date=20230101T143202
[2023-01-01T14:32:02.729+0000] {local_task_job.py:164} INFO - Task exited with return code 0
[2023-01-01T14:32:02.781+0000] {local_task_job.py:273} INFO - 0 downstream tasks scheduled from follow-on schedule check
