[2022-12-26T14:02:21.257+0000] {taskinstance.py:1165} INFO - Dependencies all met for <TaskInstance: exchange_rates.insert_rate_RUB_USD scheduled__2022-09-06T08:15:00+00:00 [queued]>
[2022-12-26T14:02:21.343+0000] {taskinstance.py:1165} INFO - Dependencies all met for <TaskInstance: exchange_rates.insert_rate_RUB_USD scheduled__2022-09-06T08:15:00+00:00 [queued]>
[2022-12-26T14:02:21.345+0000] {taskinstance.py:1362} INFO - 
--------------------------------------------------------------------------------
[2022-12-26T14:02:21.346+0000] {taskinstance.py:1363} INFO - Starting attempt 1 of 1
[2022-12-26T14:02:21.347+0000] {taskinstance.py:1364} INFO - 
--------------------------------------------------------------------------------
[2022-12-26T14:02:21.429+0000] {taskinstance.py:1383} INFO - Executing <Task(PostgresOperator): insert_rate_RUB_USD> on 2022-09-06 08:15:00+00:00
[2022-12-26T14:02:21.456+0000] {standard_task_runner.py:54} INFO - Started process 10760 to run task
[2022-12-26T14:02:21.475+0000] {standard_task_runner.py:82} INFO - Running: ['***', 'tasks', 'run', 'exchange_rates', 'insert_rate_RUB_USD', 'scheduled__2022-09-06T08:15:00+00:00', '--job-id', '5339', '--raw', '--subdir', 'DAGS_FOLDER/exchange_rates.py', '--cfg-path', '/tmp/tmpptpq47ms']
[2022-12-26T14:02:21.494+0000] {standard_task_runner.py:83} INFO - Job 5339: Subtask insert_rate_RUB_USD
[2022-12-26T14:02:21.495+0000] {dagbag.py:525} INFO - Filling up the DagBag from /opt/***/dags/exchange_rates.py
[2022-12-26T14:02:22.015+0000] {taskmixin.py:205} WARNING - Dependency <Task(CurrencyScoopOperator): get_rate_AMD_RUB>, insert_rate_AMD_RUB already registered for DAG: exchange_rates
[2022-12-26T14:02:22.016+0000] {taskmixin.py:205} WARNING - Dependency <Task(PostgresOperator): insert_rate_AMD_RUB>, get_rate_AMD_RUB already registered for DAG: exchange_rates
[2022-12-26T14:02:22.190+0000] {task_command.py:384} INFO - Running <TaskInstance: exchange_rates.insert_rate_RUB_USD scheduled__2022-09-06T08:15:00+00:00 [running]> on host d383fbf2a8e7
[2022-12-26T14:02:22.307+0000] {warnings.py:110} WARNING - /home/***/.local/lib/python3.7/site-packages/***/utils/context.py:204: AirflowContextDeprecationWarning: Accessing 'execution_date' from the template is deprecated and will be removed in a future version. Please use 'data_interval_start' or 'logical_date' instead.
  warnings.warn(_create_deprecation_warning(key, self._deprecation_replacements[key]))

[2022-12-26T14:02:22.418+0000] {taskinstance.py:1592} INFO - Exporting the following env vars:
AIRFLOW_CTX_DAG_OWNER=***
AIRFLOW_CTX_DAG_ID=exchange_rates
AIRFLOW_CTX_TASK_ID=insert_rate_RUB_USD
AIRFLOW_CTX_EXECUTION_DATE=2022-09-06T08:15:00+00:00
AIRFLOW_CTX_TRY_NUMBER=1
AIRFLOW_CTX_DAG_RUN_ID=scheduled__2022-09-06T08:15:00+00:00
[2022-12-26T14:02:22.441+0000] {base.py:71} INFO - Using connection ID 'postgres_default' for task execution.
[2022-12-26T14:02:22.451+0000] {sql.py:315} INFO - Running statement: INSERT INTO
    exchange_rates
VALUES ('RUB', 'USD', 0.01625517, '2022-09-06')
ON CONFLICT (base, currency, date) DO
    UPDATE
        SET rate = excluded.rate;, parameters: None
[2022-12-26T14:02:22.454+0000] {sql.py:324} INFO - Rows affected: 1
[2022-12-26T14:02:22.470+0000] {taskinstance.py:1406} INFO - Marking task as SUCCESS. dag_id=exchange_rates, task_id=insert_rate_RUB_USD, execution_date=20220906T081500, start_date=20221226T140221, end_date=20221226T140222
[2022-12-26T14:02:22.592+0000] {local_task_job.py:164} INFO - Task exited with return code 0
[2022-12-26T14:02:22.691+0000] {local_task_job.py:273} INFO - 0 downstream tasks scheduled from follow-on schedule check
[2023-01-01T14:45:58.247+0000] {taskinstance.py:1165} INFO - Dependencies all met for <TaskInstance: exchange_rates.insert_rate_RUB_USD scheduled__2022-09-06T08:15:00+00:00 [queued]>
[2023-01-01T14:45:58.269+0000] {taskinstance.py:1165} INFO - Dependencies all met for <TaskInstance: exchange_rates.insert_rate_RUB_USD scheduled__2022-09-06T08:15:00+00:00 [queued]>
[2023-01-01T14:45:58.269+0000] {taskinstance.py:1362} INFO - 
--------------------------------------------------------------------------------
[2023-01-01T14:45:58.272+0000] {taskinstance.py:1363} INFO - Starting attempt 1 of 1
[2023-01-01T14:45:58.273+0000] {taskinstance.py:1364} INFO - 
--------------------------------------------------------------------------------
[2023-01-01T14:45:58.290+0000] {taskinstance.py:1383} INFO - Executing <Task(PostgresOperator): insert_rate_RUB_USD> on 2022-09-06 08:15:00+00:00
[2023-01-01T14:45:58.295+0000] {standard_task_runner.py:54} INFO - Started process 11364 to run task
[2023-01-01T14:45:58.320+0000] {standard_task_runner.py:82} INFO - Running: ['***', 'tasks', 'run', 'exchange_rates', 'insert_rate_RUB_USD', 'scheduled__2022-09-06T08:15:00+00:00', '--job-id', '11323', '--raw', '--subdir', 'DAGS_FOLDER/exchange_rates.py', '--cfg-path', '/tmp/tmpev8by40_']
[2023-01-01T14:45:58.321+0000] {standard_task_runner.py:83} INFO - Job 11323: Subtask insert_rate_RUB_USD
[2023-01-01T14:45:58.323+0000] {dagbag.py:525} INFO - Filling up the DagBag from /opt/***/dags/exchange_rates.py
[2023-01-01T14:45:58.471+0000] {taskmixin.py:205} WARNING - Dependency <Task(CurrencyScoopOperator): get_rate_AMD_RUB>, insert_rate_AMD_RUB already registered for DAG: exchange_rates
[2023-01-01T14:45:58.471+0000] {taskmixin.py:205} WARNING - Dependency <Task(PostgresOperator): insert_rate_AMD_RUB>, get_rate_AMD_RUB already registered for DAG: exchange_rates
[2023-01-01T14:45:58.679+0000] {task_command.py:384} INFO - Running <TaskInstance: exchange_rates.insert_rate_RUB_USD scheduled__2022-09-06T08:15:00+00:00 [running]> on host d383fbf2a8e7
[2023-01-01T14:45:58.933+0000] {warnings.py:110} WARNING - /home/***/.local/lib/python3.7/site-packages/***/utils/context.py:204: AirflowContextDeprecationWarning: Accessing 'execution_date' from the template is deprecated and will be removed in a future version. Please use 'data_interval_start' or 'logical_date' instead.
  warnings.warn(_create_deprecation_warning(key, self._deprecation_replacements[key]))

[2023-01-01T14:45:59.058+0000] {taskinstance.py:1592} INFO - Exporting the following env vars:
AIRFLOW_CTX_DAG_OWNER=***
AIRFLOW_CTX_DAG_ID=exchange_rates
AIRFLOW_CTX_TASK_ID=insert_rate_RUB_USD
AIRFLOW_CTX_EXECUTION_DATE=2022-09-06T08:15:00+00:00
AIRFLOW_CTX_TRY_NUMBER=1
AIRFLOW_CTX_DAG_RUN_ID=scheduled__2022-09-06T08:15:00+00:00
[2023-01-01T14:45:59.096+0000] {base.py:71} INFO - Using connection ID 'postgres_default' for task execution.
[2023-01-01T14:45:59.113+0000] {sql.py:315} INFO - Running statement: INSERT INTO
    exchange_rates
VALUES ('RUB', 'USD', 0.01625517, '2022-09-06')
ON CONFLICT (base, currency, date) DO
    UPDATE
        SET rate = excluded.rate;, parameters: None
[2023-01-01T14:45:59.118+0000] {sql.py:324} INFO - Rows affected: 1
[2023-01-01T14:45:59.144+0000] {taskinstance.py:1406} INFO - Marking task as SUCCESS. dag_id=exchange_rates, task_id=insert_rate_RUB_USD, execution_date=20220906T081500, start_date=20230101T144558, end_date=20230101T144559
[2023-01-01T14:45:59.177+0000] {local_task_job.py:164} INFO - Task exited with return code 0
[2023-01-01T14:45:59.281+0000] {local_task_job.py:273} INFO - 1 downstream tasks scheduled from follow-on schedule check
