[2022-12-26T13:49:13.341+0000] {taskinstance.py:1165} INFO - Dependencies all met for <TaskInstance: exchange_rates.get_rate_EUR_RUB scheduled__2021-12-17T08:15:00+00:00 [queued]>
[2022-12-26T13:49:13.397+0000] {taskinstance.py:1165} INFO - Dependencies all met for <TaskInstance: exchange_rates.get_rate_EUR_RUB scheduled__2021-12-17T08:15:00+00:00 [queued]>
[2022-12-26T13:49:13.410+0000] {taskinstance.py:1362} INFO - 
--------------------------------------------------------------------------------
[2022-12-26T13:49:13.417+0000] {taskinstance.py:1363} INFO - Starting attempt 1 of 1
[2022-12-26T13:49:13.418+0000] {taskinstance.py:1364} INFO - 
--------------------------------------------------------------------------------
[2022-12-26T13:49:13.474+0000] {taskinstance.py:1383} INFO - Executing <Task(CurrencyScoopOperator): get_rate_EUR_RUB> on 2021-12-17 08:15:00+00:00
[2022-12-26T13:49:13.488+0000] {standard_task_runner.py:54} INFO - Started process 2242 to run task
[2022-12-26T13:49:13.503+0000] {standard_task_runner.py:82} INFO - Running: ['***', 'tasks', 'run', 'exchange_rates', 'get_rate_EUR_RUB', 'scheduled__2021-12-17T08:15:00+00:00', '--job-id', '1470', '--raw', '--subdir', 'DAGS_FOLDER/exchange_rates.py', '--cfg-path', '/tmp/tmp6m8m208n']
[2022-12-26T13:49:13.503+0000] {standard_task_runner.py:83} INFO - Job 1470: Subtask get_rate_EUR_RUB
[2022-12-26T13:49:13.505+0000] {dagbag.py:525} INFO - Filling up the DagBag from /opt/***/dags/exchange_rates.py
[2022-12-26T13:49:13.748+0000] {taskmixin.py:205} WARNING - Dependency <Task(CurrencyScoopOperator): get_rate_AMD_RUB>, insert_rate_AMD_RUB already registered for DAG: exchange_rates
[2022-12-26T13:49:13.752+0000] {taskmixin.py:205} WARNING - Dependency <Task(PostgresOperator): insert_rate_AMD_RUB>, get_rate_AMD_RUB already registered for DAG: exchange_rates
[2022-12-26T13:49:13.921+0000] {task_command.py:384} INFO - Running <TaskInstance: exchange_rates.get_rate_EUR_RUB scheduled__2021-12-17T08:15:00+00:00 [running]> on host d383fbf2a8e7
[2022-12-26T13:49:14.036+0000] {taskinstance.py:1592} INFO - Exporting the following env vars:
AIRFLOW_CTX_DAG_OWNER=***
AIRFLOW_CTX_DAG_ID=exchange_rates
AIRFLOW_CTX_TASK_ID=get_rate_EUR_RUB
AIRFLOW_CTX_EXECUTION_DATE=2021-12-17T08:15:00+00:00
AIRFLOW_CTX_TRY_NUMBER=1
AIRFLOW_CTX_DAG_RUN_ID=scheduled__2021-12-17T08:15:00+00:00
[2022-12-26T13:49:14.038+0000] {warnings.py:110} WARNING - /home/***/.local/lib/python3.7/site-packages/***/utils/context.py:204: AirflowContextDeprecationWarning: Accessing 'execution_date' from the template is deprecated and will be removed in a future version. Please use 'data_interval_start' or 'logical_date' instead.
  warnings.warn(_create_deprecation_warning(key, self._deprecation_replacements[key]))

[2022-12-26T13:49:14.065+0000] {base.py:71} INFO - Using connection ID 'currency_conn_id' for task execution.
[2022-12-26T13:49:14.501+0000] {taskinstance.py:1406} INFO - Marking task as SUCCESS. dag_id=exchange_rates, task_id=get_rate_EUR_RUB, execution_date=20211217T081500, start_date=20221226T134913, end_date=20221226T134914
[2022-12-26T13:49:14.566+0000] {local_task_job.py:164} INFO - Task exited with return code 0
[2022-12-26T13:49:14.615+0000] {local_task_job.py:273} INFO - 1 downstream tasks scheduled from follow-on schedule check
[2023-01-01T14:34:03.313+0000] {taskinstance.py:1165} INFO - Dependencies all met for <TaskInstance: exchange_rates.get_rate_EUR_RUB scheduled__2021-12-17T08:15:00+00:00 [queued]>
[2023-01-01T14:34:03.341+0000] {taskinstance.py:1165} INFO - Dependencies all met for <TaskInstance: exchange_rates.get_rate_EUR_RUB scheduled__2021-12-17T08:15:00+00:00 [queued]>
[2023-01-01T14:34:03.344+0000] {taskinstance.py:1362} INFO - 
--------------------------------------------------------------------------------
[2023-01-01T14:34:03.344+0000] {taskinstance.py:1363} INFO - Starting attempt 1 of 1
[2023-01-01T14:34:03.344+0000] {taskinstance.py:1364} INFO - 
--------------------------------------------------------------------------------
[2023-01-01T14:34:03.387+0000] {taskinstance.py:1383} INFO - Executing <Task(CurrencyScoopOperator): get_rate_EUR_RUB> on 2021-12-17 08:15:00+00:00
[2023-01-01T14:34:03.392+0000] {standard_task_runner.py:54} INFO - Started process 2909 to run task
[2023-01-01T14:34:03.394+0000] {standard_task_runner.py:82} INFO - Running: ['***', 'tasks', 'run', 'exchange_rates', 'get_rate_EUR_RUB', 'scheduled__2021-12-17T08:15:00+00:00', '--job-id', '7457', '--raw', '--subdir', 'DAGS_FOLDER/exchange_rates.py', '--cfg-path', '/tmp/tmp_z7ny9wg']
[2023-01-01T14:34:03.401+0000] {standard_task_runner.py:83} INFO - Job 7457: Subtask get_rate_EUR_RUB
[2023-01-01T14:34:03.404+0000] {dagbag.py:525} INFO - Filling up the DagBag from /opt/***/dags/exchange_rates.py
[2023-01-01T14:34:03.599+0000] {taskmixin.py:205} WARNING - Dependency <Task(CurrencyScoopOperator): get_rate_AMD_RUB>, insert_rate_AMD_RUB already registered for DAG: exchange_rates
[2023-01-01T14:34:03.600+0000] {taskmixin.py:205} WARNING - Dependency <Task(PostgresOperator): insert_rate_AMD_RUB>, get_rate_AMD_RUB already registered for DAG: exchange_rates
[2023-01-01T14:34:03.726+0000] {task_command.py:384} INFO - Running <TaskInstance: exchange_rates.get_rate_EUR_RUB scheduled__2021-12-17T08:15:00+00:00 [running]> on host d383fbf2a8e7
[2023-01-01T14:34:03.898+0000] {taskinstance.py:1592} INFO - Exporting the following env vars:
AIRFLOW_CTX_DAG_OWNER=***
AIRFLOW_CTX_DAG_ID=exchange_rates
AIRFLOW_CTX_TASK_ID=get_rate_EUR_RUB
AIRFLOW_CTX_EXECUTION_DATE=2021-12-17T08:15:00+00:00
AIRFLOW_CTX_TRY_NUMBER=1
AIRFLOW_CTX_DAG_RUN_ID=scheduled__2021-12-17T08:15:00+00:00
[2023-01-01T14:34:03.899+0000] {warnings.py:110} WARNING - /home/***/.local/lib/python3.7/site-packages/***/utils/context.py:204: AirflowContextDeprecationWarning: Accessing 'execution_date' from the template is deprecated and will be removed in a future version. Please use 'data_interval_start' or 'logical_date' instead.
  warnings.warn(_create_deprecation_warning(key, self._deprecation_replacements[key]))

[2023-01-01T14:34:03.916+0000] {base.py:71} INFO - Using connection ID 'currency_conn_id' for task execution.
[2023-01-01T14:34:04.263+0000] {taskinstance.py:1406} INFO - Marking task as SUCCESS. dag_id=exchange_rates, task_id=get_rate_EUR_RUB, execution_date=20211217T081500, start_date=20230101T143403, end_date=20230101T143404
[2023-01-01T14:34:04.383+0000] {local_task_job.py:164} INFO - Task exited with return code 0
[2023-01-01T14:34:04.508+0000] {local_task_job.py:273} INFO - 1 downstream tasks scheduled from follow-on schedule check
