[2022-12-26T13:57:07.327+0000] {taskinstance.py:1165} INFO - Dependencies all met for <TaskInstance: exchange_rates.insert_rate_RUB_USD scheduled__2022-05-22T08:15:00+00:00 [queued]>
[2022-12-26T13:57:07.373+0000] {taskinstance.py:1165} INFO - Dependencies all met for <TaskInstance: exchange_rates.insert_rate_RUB_USD scheduled__2022-05-22T08:15:00+00:00 [queued]>
[2022-12-26T13:57:07.373+0000] {taskinstance.py:1362} INFO - 
--------------------------------------------------------------------------------
[2022-12-26T13:57:07.374+0000] {taskinstance.py:1363} INFO - Starting attempt 1 of 1
[2022-12-26T13:57:07.376+0000] {taskinstance.py:1364} INFO - 
--------------------------------------------------------------------------------
[2022-12-26T13:57:07.409+0000] {taskinstance.py:1383} INFO - Executing <Task(PostgresOperator): insert_rate_RUB_USD> on 2022-05-22 08:15:00+00:00
[2022-12-26T13:57:07.416+0000] {standard_task_runner.py:54} INFO - Started process 7361 to run task
[2022-12-26T13:57:07.420+0000] {standard_task_runner.py:82} INFO - Running: ['***', 'tasks', 'run', 'exchange_rates', 'insert_rate_RUB_USD', 'scheduled__2022-05-22T08:15:00+00:00', '--job-id', '3793', '--raw', '--subdir', 'DAGS_FOLDER/exchange_rates.py', '--cfg-path', '/tmp/tmpxib5060r']
[2022-12-26T13:57:07.421+0000] {standard_task_runner.py:83} INFO - Job 3793: Subtask insert_rate_RUB_USD
[2022-12-26T13:57:07.427+0000] {dagbag.py:525} INFO - Filling up the DagBag from /opt/***/dags/exchange_rates.py
[2022-12-26T13:57:07.970+0000] {taskmixin.py:205} WARNING - Dependency <Task(CurrencyScoopOperator): get_rate_AMD_RUB>, insert_rate_AMD_RUB already registered for DAG: exchange_rates
[2022-12-26T13:57:07.971+0000] {taskmixin.py:205} WARNING - Dependency <Task(PostgresOperator): insert_rate_AMD_RUB>, get_rate_AMD_RUB already registered for DAG: exchange_rates
[2022-12-26T13:57:08.369+0000] {task_command.py:384} INFO - Running <TaskInstance: exchange_rates.insert_rate_RUB_USD scheduled__2022-05-22T08:15:00+00:00 [running]> on host d383fbf2a8e7
[2022-12-26T13:57:08.511+0000] {warnings.py:110} WARNING - /home/***/.local/lib/python3.7/site-packages/***/utils/context.py:204: AirflowContextDeprecationWarning: Accessing 'execution_date' from the template is deprecated and will be removed in a future version. Please use 'data_interval_start' or 'logical_date' instead.
  warnings.warn(_create_deprecation_warning(key, self._deprecation_replacements[key]))

[2022-12-26T13:57:08.670+0000] {taskinstance.py:1592} INFO - Exporting the following env vars:
AIRFLOW_CTX_DAG_OWNER=***
AIRFLOW_CTX_DAG_ID=exchange_rates
AIRFLOW_CTX_TASK_ID=insert_rate_RUB_USD
AIRFLOW_CTX_EXECUTION_DATE=2022-05-22T08:15:00+00:00
AIRFLOW_CTX_TRY_NUMBER=1
AIRFLOW_CTX_DAG_RUN_ID=scheduled__2022-05-22T08:15:00+00:00
[2022-12-26T13:57:08.692+0000] {base.py:71} INFO - Using connection ID 'postgres_default' for task execution.
[2022-12-26T13:57:08.700+0000] {sql.py:315} INFO - Running statement: INSERT INTO
    exchange_rates
VALUES ('RUB', 'USD', 0.01665706, '2022-05-22')
ON CONFLICT (base, currency, date) DO
    UPDATE
        SET rate = excluded.rate;, parameters: None
[2022-12-26T13:57:08.701+0000] {sql.py:324} INFO - Rows affected: 1
[2022-12-26T13:57:08.735+0000] {taskinstance.py:1406} INFO - Marking task as SUCCESS. dag_id=exchange_rates, task_id=insert_rate_RUB_USD, execution_date=20220522T081500, start_date=20221226T135707, end_date=20221226T135708
[2022-12-26T13:57:08.839+0000] {local_task_job.py:164} INFO - Task exited with return code 0
[2022-12-26T13:57:08.867+0000] {local_task_job.py:273} INFO - 0 downstream tasks scheduled from follow-on schedule check
[2023-01-01T14:41:13.997+0000] {taskinstance.py:1165} INFO - Dependencies all met for <TaskInstance: exchange_rates.insert_rate_RUB_USD scheduled__2022-05-22T08:15:00+00:00 [queued]>
[2023-01-01T14:41:14.045+0000] {taskinstance.py:1165} INFO - Dependencies all met for <TaskInstance: exchange_rates.insert_rate_RUB_USD scheduled__2022-05-22T08:15:00+00:00 [queued]>
[2023-01-01T14:41:14.051+0000] {taskinstance.py:1362} INFO - 
--------------------------------------------------------------------------------
[2023-01-01T14:41:14.052+0000] {taskinstance.py:1363} INFO - Starting attempt 1 of 1
[2023-01-01T14:41:14.054+0000] {taskinstance.py:1364} INFO - 
--------------------------------------------------------------------------------
[2023-01-01T14:41:14.087+0000] {taskinstance.py:1383} INFO - Executing <Task(PostgresOperator): insert_rate_RUB_USD> on 2022-05-22 08:15:00+00:00
[2023-01-01T14:41:14.091+0000] {standard_task_runner.py:54} INFO - Started process 7975 to run task
[2023-01-01T14:41:14.113+0000] {standard_task_runner.py:82} INFO - Running: ['***', 'tasks', 'run', 'exchange_rates', 'insert_rate_RUB_USD', 'scheduled__2022-05-22T08:15:00+00:00', '--job-id', '9773', '--raw', '--subdir', 'DAGS_FOLDER/exchange_rates.py', '--cfg-path', '/tmp/tmpxhdjbp3t']
[2023-01-01T14:41:14.122+0000] {standard_task_runner.py:83} INFO - Job 9773: Subtask insert_rate_RUB_USD
[2023-01-01T14:41:14.124+0000] {dagbag.py:525} INFO - Filling up the DagBag from /opt/***/dags/exchange_rates.py
[2023-01-01T14:41:14.245+0000] {taskmixin.py:205} WARNING - Dependency <Task(CurrencyScoopOperator): get_rate_AMD_RUB>, insert_rate_AMD_RUB already registered for DAG: exchange_rates
[2023-01-01T14:41:14.246+0000] {taskmixin.py:205} WARNING - Dependency <Task(PostgresOperator): insert_rate_AMD_RUB>, get_rate_AMD_RUB already registered for DAG: exchange_rates
[2023-01-01T14:41:14.511+0000] {task_command.py:384} INFO - Running <TaskInstance: exchange_rates.insert_rate_RUB_USD scheduled__2022-05-22T08:15:00+00:00 [running]> on host d383fbf2a8e7
[2023-01-01T14:41:14.689+0000] {warnings.py:110} WARNING - /home/***/.local/lib/python3.7/site-packages/***/utils/context.py:204: AirflowContextDeprecationWarning: Accessing 'execution_date' from the template is deprecated and will be removed in a future version. Please use 'data_interval_start' or 'logical_date' instead.
  warnings.warn(_create_deprecation_warning(key, self._deprecation_replacements[key]))

[2023-01-01T14:41:14.816+0000] {taskinstance.py:1592} INFO - Exporting the following env vars:
AIRFLOW_CTX_DAG_OWNER=***
AIRFLOW_CTX_DAG_ID=exchange_rates
AIRFLOW_CTX_TASK_ID=insert_rate_RUB_USD
AIRFLOW_CTX_EXECUTION_DATE=2022-05-22T08:15:00+00:00
AIRFLOW_CTX_TRY_NUMBER=1
AIRFLOW_CTX_DAG_RUN_ID=scheduled__2022-05-22T08:15:00+00:00
[2023-01-01T14:41:14.849+0000] {base.py:71} INFO - Using connection ID 'postgres_default' for task execution.
[2023-01-01T14:41:14.863+0000] {sql.py:315} INFO - Running statement: INSERT INTO
    exchange_rates
VALUES ('RUB', 'USD', 0.01665706, '2022-05-22')
ON CONFLICT (base, currency, date) DO
    UPDATE
        SET rate = excluded.rate;, parameters: None
[2023-01-01T14:41:14.864+0000] {sql.py:324} INFO - Rows affected: 1
[2023-01-01T14:41:14.880+0000] {taskinstance.py:1406} INFO - Marking task as SUCCESS. dag_id=exchange_rates, task_id=insert_rate_RUB_USD, execution_date=20220522T081500, start_date=20230101T144114, end_date=20230101T144114
[2023-01-01T14:41:15.001+0000] {local_task_job.py:164} INFO - Task exited with return code 0
[2023-01-01T14:41:15.062+0000] {local_task_job.py:273} INFO - 0 downstream tasks scheduled from follow-on schedule check
