[2022-12-26T14:01:21.776+0000] {taskinstance.py:1165} INFO - Dependencies all met for <TaskInstance: exchange_rates.get_rate_USD_RUB scheduled__2022-08-25T08:15:00+00:00 [queued]>
[2022-12-26T14:01:21.793+0000] {taskinstance.py:1165} INFO - Dependencies all met for <TaskInstance: exchange_rates.get_rate_USD_RUB scheduled__2022-08-25T08:15:00+00:00 [queued]>
[2022-12-26T14:01:21.794+0000] {taskinstance.py:1362} INFO - 
--------------------------------------------------------------------------------
[2022-12-26T14:01:21.794+0000] {taskinstance.py:1363} INFO - Starting attempt 1 of 1
[2022-12-26T14:01:21.795+0000] {taskinstance.py:1364} INFO - 
--------------------------------------------------------------------------------
[2022-12-26T14:01:21.845+0000] {taskinstance.py:1383} INFO - Executing <Task(CurrencyScoopOperator): get_rate_USD_RUB> on 2022-08-25 08:15:00+00:00
[2022-12-26T14:01:21.854+0000] {standard_task_runner.py:54} INFO - Started process 10113 to run task
[2022-12-26T14:01:21.882+0000] {standard_task_runner.py:82} INFO - Running: ['***', 'tasks', 'run', 'exchange_rates', 'get_rate_USD_RUB', 'scheduled__2022-08-25T08:15:00+00:00', '--job-id', '5046', '--raw', '--subdir', 'DAGS_FOLDER/exchange_rates.py', '--cfg-path', '/tmp/tmpt5kl50m_']
[2022-12-26T14:01:21.890+0000] {standard_task_runner.py:83} INFO - Job 5046: Subtask get_rate_USD_RUB
[2022-12-26T14:01:21.892+0000] {dagbag.py:525} INFO - Filling up the DagBag from /opt/***/dags/exchange_rates.py
[2022-12-26T14:01:22.207+0000] {taskmixin.py:205} WARNING - Dependency <Task(CurrencyScoopOperator): get_rate_AMD_RUB>, insert_rate_AMD_RUB already registered for DAG: exchange_rates
[2022-12-26T14:01:22.213+0000] {taskmixin.py:205} WARNING - Dependency <Task(PostgresOperator): insert_rate_AMD_RUB>, get_rate_AMD_RUB already registered for DAG: exchange_rates
[2022-12-26T14:01:22.380+0000] {task_command.py:384} INFO - Running <TaskInstance: exchange_rates.get_rate_USD_RUB scheduled__2022-08-25T08:15:00+00:00 [running]> on host d383fbf2a8e7
[2022-12-26T14:01:22.551+0000] {taskinstance.py:1592} INFO - Exporting the following env vars:
AIRFLOW_CTX_DAG_OWNER=***
AIRFLOW_CTX_DAG_ID=exchange_rates
AIRFLOW_CTX_TASK_ID=get_rate_USD_RUB
AIRFLOW_CTX_EXECUTION_DATE=2022-08-25T08:15:00+00:00
AIRFLOW_CTX_TRY_NUMBER=1
AIRFLOW_CTX_DAG_RUN_ID=scheduled__2022-08-25T08:15:00+00:00
[2022-12-26T14:01:22.560+0000] {warnings.py:110} WARNING - /home/***/.local/lib/python3.7/site-packages/***/utils/context.py:204: AirflowContextDeprecationWarning: Accessing 'execution_date' from the template is deprecated and will be removed in a future version. Please use 'data_interval_start' or 'logical_date' instead.
  warnings.warn(_create_deprecation_warning(key, self._deprecation_replacements[key]))

[2022-12-26T14:01:22.573+0000] {base.py:71} INFO - Using connection ID 'currency_conn_id' for task execution.
[2022-12-26T14:01:23.199+0000] {taskinstance.py:1406} INFO - Marking task as SUCCESS. dag_id=exchange_rates, task_id=get_rate_USD_RUB, execution_date=20220825T081500, start_date=20221226T140121, end_date=20221226T140123
[2022-12-26T14:01:23.331+0000] {local_task_job.py:164} INFO - Task exited with return code 0
[2022-12-26T14:01:23.417+0000] {local_task_job.py:273} INFO - 0 downstream tasks scheduled from follow-on schedule check
[2023-01-01T14:45:03.372+0000] {taskinstance.py:1165} INFO - Dependencies all met for <TaskInstance: exchange_rates.get_rate_USD_RUB scheduled__2022-08-25T08:15:00+00:00 [queued]>
[2023-01-01T14:45:03.408+0000] {taskinstance.py:1165} INFO - Dependencies all met for <TaskInstance: exchange_rates.get_rate_USD_RUB scheduled__2022-08-25T08:15:00+00:00 [queued]>
[2023-01-01T14:45:03.412+0000] {taskinstance.py:1362} INFO - 
--------------------------------------------------------------------------------
[2023-01-01T14:45:03.412+0000] {taskinstance.py:1363} INFO - Starting attempt 1 of 1
[2023-01-01T14:45:03.412+0000] {taskinstance.py:1364} INFO - 
--------------------------------------------------------------------------------
[2023-01-01T14:45:03.471+0000] {taskinstance.py:1383} INFO - Executing <Task(CurrencyScoopOperator): get_rate_USD_RUB> on 2022-08-25 08:15:00+00:00
[2023-01-01T14:45:03.481+0000] {standard_task_runner.py:54} INFO - Started process 10727 to run task
[2023-01-01T14:45:03.499+0000] {standard_task_runner.py:82} INFO - Running: ['***', 'tasks', 'run', 'exchange_rates', 'get_rate_USD_RUB', 'scheduled__2022-08-25T08:15:00+00:00', '--job-id', '11026', '--raw', '--subdir', 'DAGS_FOLDER/exchange_rates.py', '--cfg-path', '/tmp/tmp11439cw5']
[2023-01-01T14:45:03.502+0000] {standard_task_runner.py:83} INFO - Job 11026: Subtask get_rate_USD_RUB
[2023-01-01T14:45:03.507+0000] {dagbag.py:525} INFO - Filling up the DagBag from /opt/***/dags/exchange_rates.py
[2023-01-01T14:45:03.747+0000] {taskmixin.py:205} WARNING - Dependency <Task(CurrencyScoopOperator): get_rate_AMD_RUB>, insert_rate_AMD_RUB already registered for DAG: exchange_rates
[2023-01-01T14:45:03.748+0000] {taskmixin.py:205} WARNING - Dependency <Task(PostgresOperator): insert_rate_AMD_RUB>, get_rate_AMD_RUB already registered for DAG: exchange_rates
[2023-01-01T14:45:04.009+0000] {task_command.py:384} INFO - Running <TaskInstance: exchange_rates.get_rate_USD_RUB scheduled__2022-08-25T08:15:00+00:00 [running]> on host d383fbf2a8e7
[2023-01-01T14:45:04.202+0000] {taskinstance.py:1592} INFO - Exporting the following env vars:
AIRFLOW_CTX_DAG_OWNER=***
AIRFLOW_CTX_DAG_ID=exchange_rates
AIRFLOW_CTX_TASK_ID=get_rate_USD_RUB
AIRFLOW_CTX_EXECUTION_DATE=2022-08-25T08:15:00+00:00
AIRFLOW_CTX_TRY_NUMBER=1
AIRFLOW_CTX_DAG_RUN_ID=scheduled__2022-08-25T08:15:00+00:00
[2023-01-01T14:45:04.205+0000] {warnings.py:110} WARNING - /home/***/.local/lib/python3.7/site-packages/***/utils/context.py:204: AirflowContextDeprecationWarning: Accessing 'execution_date' from the template is deprecated and will be removed in a future version. Please use 'data_interval_start' or 'logical_date' instead.
  warnings.warn(_create_deprecation_warning(key, self._deprecation_replacements[key]))

[2023-01-01T14:45:04.235+0000] {base.py:71} INFO - Using connection ID 'currency_conn_id' for task execution.
[2023-01-01T14:45:04.879+0000] {taskinstance.py:1406} INFO - Marking task as SUCCESS. dag_id=exchange_rates, task_id=get_rate_USD_RUB, execution_date=20220825T081500, start_date=20230101T144503, end_date=20230101T144504
[2023-01-01T14:45:04.935+0000] {local_task_job.py:164} INFO - Task exited with return code 0
[2023-01-01T14:45:04.985+0000] {local_task_job.py:273} INFO - 1 downstream tasks scheduled from follow-on schedule check
