[2022-12-26T13:56:41.848+0000] {taskinstance.py:1165} INFO - Dependencies all met for <TaskInstance: exchange_rates.create_table_task scheduled__2022-05-21T08:15:00+00:00 [queued]>
[2022-12-26T13:56:41.875+0000] {taskinstance.py:1165} INFO - Dependencies all met for <TaskInstance: exchange_rates.create_table_task scheduled__2022-05-21T08:15:00+00:00 [queued]>
[2022-12-26T13:56:41.881+0000] {taskinstance.py:1362} INFO - 
--------------------------------------------------------------------------------
[2022-12-26T13:56:41.881+0000] {taskinstance.py:1363} INFO - Starting attempt 1 of 1
[2022-12-26T13:56:41.882+0000] {taskinstance.py:1364} INFO - 
--------------------------------------------------------------------------------
[2022-12-26T13:56:41.932+0000] {taskinstance.py:1383} INFO - Executing <Task(PostgresOperator): create_table_task> on 2022-05-21 08:15:00+00:00
[2022-12-26T13:56:41.937+0000] {standard_task_runner.py:54} INFO - Started process 7052 to run task
[2022-12-26T13:56:41.961+0000] {standard_task_runner.py:82} INFO - Running: ['***', 'tasks', 'run', 'exchange_rates', 'create_table_task', 'scheduled__2022-05-21T08:15:00+00:00', '--job-id', '3646', '--raw', '--subdir', 'DAGS_FOLDER/exchange_rates.py', '--cfg-path', '/tmp/tmp756hk91o']
[2022-12-26T13:56:41.972+0000] {standard_task_runner.py:83} INFO - Job 3646: Subtask create_table_task
[2022-12-26T13:56:41.973+0000] {dagbag.py:525} INFO - Filling up the DagBag from /opt/***/dags/exchange_rates.py
[2022-12-26T13:56:42.397+0000] {taskmixin.py:205} WARNING - Dependency <Task(CurrencyScoopOperator): get_rate_AMD_RUB>, insert_rate_AMD_RUB already registered for DAG: exchange_rates
[2022-12-26T13:56:42.398+0000] {taskmixin.py:205} WARNING - Dependency <Task(PostgresOperator): insert_rate_AMD_RUB>, get_rate_AMD_RUB already registered for DAG: exchange_rates
[2022-12-26T13:56:42.627+0000] {task_command.py:384} INFO - Running <TaskInstance: exchange_rates.create_table_task scheduled__2022-05-21T08:15:00+00:00 [running]> on host d383fbf2a8e7
[2022-12-26T13:56:42.816+0000] {taskinstance.py:1592} INFO - Exporting the following env vars:
AIRFLOW_CTX_DAG_OWNER=***
AIRFLOW_CTX_DAG_ID=exchange_rates
AIRFLOW_CTX_TASK_ID=create_table_task
AIRFLOW_CTX_EXECUTION_DATE=2022-05-21T08:15:00+00:00
AIRFLOW_CTX_TRY_NUMBER=1
AIRFLOW_CTX_DAG_RUN_ID=scheduled__2022-05-21T08:15:00+00:00
[2022-12-26T13:56:42.846+0000] {base.py:71} INFO - Using connection ID 'postgres_default' for task execution.
[2022-12-26T13:56:42.856+0000] {sql.py:315} INFO - Running statement: CREATE TABLE IF NOT EXISTS exchange_rates (
    base VARCHAR(3) NOT NULL,
    currency VARCHAR(3) NOT NULL,
    rate NUMERIC(12, 3) NOT NULL,
    date DATE NOT NULL,
    UNIQUE (base, currency, date)
);, parameters: None
[2022-12-26T13:56:42.863+0000] {postgres.py:96} INFO - NOTICE:  relation "exchange_rates" already exists, skipping

[2022-12-26T13:56:42.883+0000] {taskinstance.py:1406} INFO - Marking task as SUCCESS. dag_id=exchange_rates, task_id=create_table_task, execution_date=20220521T081500, start_date=20221226T135641, end_date=20221226T135642
[2022-12-26T13:56:42.977+0000] {local_task_job.py:164} INFO - Task exited with return code 0
[2022-12-26T13:56:43.048+0000] {local_task_job.py:273} INFO - 6 downstream tasks scheduled from follow-on schedule check
[2023-01-01T14:40:51.468+0000] {taskinstance.py:1165} INFO - Dependencies all met for <TaskInstance: exchange_rates.create_table_task scheduled__2022-05-21T08:15:00+00:00 [queued]>
[2023-01-01T14:40:51.515+0000] {taskinstance.py:1165} INFO - Dependencies all met for <TaskInstance: exchange_rates.create_table_task scheduled__2022-05-21T08:15:00+00:00 [queued]>
[2023-01-01T14:40:51.517+0000] {taskinstance.py:1362} INFO - 
--------------------------------------------------------------------------------
[2023-01-01T14:40:51.524+0000] {taskinstance.py:1363} INFO - Starting attempt 1 of 1
[2023-01-01T14:40:51.525+0000] {taskinstance.py:1364} INFO - 
--------------------------------------------------------------------------------
[2023-01-01T14:40:51.589+0000] {taskinstance.py:1383} INFO - Executing <Task(PostgresOperator): create_table_task> on 2022-05-21 08:15:00+00:00
[2023-01-01T14:40:51.596+0000] {standard_task_runner.py:54} INFO - Started process 7682 to run task
[2023-01-01T14:40:51.619+0000] {standard_task_runner.py:82} INFO - Running: ['***', 'tasks', 'run', 'exchange_rates', 'create_table_task', 'scheduled__2022-05-21T08:15:00+00:00', '--job-id', '9631', '--raw', '--subdir', 'DAGS_FOLDER/exchange_rates.py', '--cfg-path', '/tmp/tmpz9ecvvju']
[2023-01-01T14:40:51.624+0000] {standard_task_runner.py:83} INFO - Job 9631: Subtask create_table_task
[2023-01-01T14:40:51.626+0000] {dagbag.py:525} INFO - Filling up the DagBag from /opt/***/dags/exchange_rates.py
[2023-01-01T14:40:52.075+0000] {taskmixin.py:205} WARNING - Dependency <Task(CurrencyScoopOperator): get_rate_AMD_RUB>, insert_rate_AMD_RUB already registered for DAG: exchange_rates
[2023-01-01T14:40:52.075+0000] {taskmixin.py:205} WARNING - Dependency <Task(PostgresOperator): insert_rate_AMD_RUB>, get_rate_AMD_RUB already registered for DAG: exchange_rates
[2023-01-01T14:40:52.282+0000] {task_command.py:384} INFO - Running <TaskInstance: exchange_rates.create_table_task scheduled__2022-05-21T08:15:00+00:00 [running]> on host d383fbf2a8e7
[2023-01-01T14:40:52.423+0000] {taskinstance.py:1592} INFO - Exporting the following env vars:
AIRFLOW_CTX_DAG_OWNER=***
AIRFLOW_CTX_DAG_ID=exchange_rates
AIRFLOW_CTX_TASK_ID=create_table_task
AIRFLOW_CTX_EXECUTION_DATE=2022-05-21T08:15:00+00:00
AIRFLOW_CTX_TRY_NUMBER=1
AIRFLOW_CTX_DAG_RUN_ID=scheduled__2022-05-21T08:15:00+00:00
[2023-01-01T14:40:52.432+0000] {base.py:71} INFO - Using connection ID 'postgres_default' for task execution.
[2023-01-01T14:40:52.435+0000] {sql.py:315} INFO - Running statement: CREATE TABLE IF NOT EXISTS exchange_rates (
    base VARCHAR(3) NOT NULL,
    currency VARCHAR(3) NOT NULL,
    rate NUMERIC(12, 3) NOT NULL,
    date DATE NOT NULL,
    UNIQUE (base, currency, date)
);, parameters: None
[2023-01-01T14:40:52.439+0000] {postgres.py:96} INFO - NOTICE:  relation "exchange_rates" already exists, skipping

[2023-01-01T14:40:52.455+0000] {taskinstance.py:1406} INFO - Marking task as SUCCESS. dag_id=exchange_rates, task_id=create_table_task, execution_date=20220521T081500, start_date=20230101T144051, end_date=20230101T144052
[2023-01-01T14:40:52.511+0000] {local_task_job.py:164} INFO - Task exited with return code 0
[2023-01-01T14:40:52.581+0000] {local_task_job.py:273} INFO - 6 downstream tasks scheduled from follow-on schedule check
