[2022-12-26T13:56:36.196+0000] {taskinstance.py:1165} INFO - Dependencies all met for <TaskInstance: exchange_rates.make_report scheduled__2022-05-08T08:15:00+00:00 [queued]>
[2022-12-26T13:56:36.240+0000] {taskinstance.py:1165} INFO - Dependencies all met for <TaskInstance: exchange_rates.make_report scheduled__2022-05-08T08:15:00+00:00 [queued]>
[2022-12-26T13:56:36.240+0000] {taskinstance.py:1362} INFO - 
--------------------------------------------------------------------------------
[2022-12-26T13:56:36.241+0000] {taskinstance.py:1363} INFO - Starting attempt 1 of 1
[2022-12-26T13:56:36.241+0000] {taskinstance.py:1364} INFO - 
--------------------------------------------------------------------------------
[2022-12-26T13:56:36.282+0000] {taskinstance.py:1383} INFO - Executing <Task(PythonOperator): make_report> on 2022-05-08 08:15:00+00:00
[2022-12-26T13:56:36.292+0000] {standard_task_runner.py:54} INFO - Started process 7001 to run task
[2022-12-26T13:56:36.308+0000] {standard_task_runner.py:82} INFO - Running: ['***', 'tasks', 'run', 'exchange_rates', 'make_report', 'scheduled__2022-05-08T08:15:00+00:00', '--job-id', '3630', '--raw', '--subdir', 'DAGS_FOLDER/exchange_rates.py', '--cfg-path', '/tmp/tmpj8ns5_g1']
[2022-12-26T13:56:36.309+0000] {standard_task_runner.py:83} INFO - Job 3630: Subtask make_report
[2022-12-26T13:56:36.313+0000] {dagbag.py:525} INFO - Filling up the DagBag from /opt/***/dags/exchange_rates.py
[2022-12-26T13:56:36.755+0000] {taskmixin.py:205} WARNING - Dependency <Task(CurrencyScoopOperator): get_rate_AMD_RUB>, insert_rate_AMD_RUB already registered for DAG: exchange_rates
[2022-12-26T13:56:36.759+0000] {taskmixin.py:205} WARNING - Dependency <Task(PostgresOperator): insert_rate_AMD_RUB>, get_rate_AMD_RUB already registered for DAG: exchange_rates
[2022-12-26T13:56:37.033+0000] {task_command.py:384} INFO - Running <TaskInstance: exchange_rates.make_report scheduled__2022-05-08T08:15:00+00:00 [running]> on host d383fbf2a8e7
[2022-12-26T13:56:37.239+0000] {taskinstance.py:1592} INFO - Exporting the following env vars:
AIRFLOW_CTX_DAG_OWNER=***
AIRFLOW_CTX_DAG_ID=exchange_rates
AIRFLOW_CTX_TASK_ID=make_report
AIRFLOW_CTX_EXECUTION_DATE=2022-05-08T08:15:00+00:00
AIRFLOW_CTX_TRY_NUMBER=1
AIRFLOW_CTX_DAG_RUN_ID=scheduled__2022-05-08T08:15:00+00:00
[2022-12-26T13:56:38.269+0000] {python.py:177} INFO - Done. Returned value was: None
[2022-12-26T13:56:38.291+0000] {taskinstance.py:1406} INFO - Marking task as SUCCESS. dag_id=exchange_rates, task_id=make_report, execution_date=20220508T081500, start_date=20221226T135636, end_date=20221226T135638
[2022-12-26T13:56:38.416+0000] {local_task_job.py:164} INFO - Task exited with return code 0
[2022-12-26T13:56:38.436+0000] {local_task_job.py:273} INFO - 0 downstream tasks scheduled from follow-on schedule check
[2023-01-01T14:40:40.456+0000] {taskinstance.py:1165} INFO - Dependencies all met for <TaskInstance: exchange_rates.make_report scheduled__2022-05-08T08:15:00+00:00 [queued]>
[2023-01-01T14:40:40.506+0000] {taskinstance.py:1165} INFO - Dependencies all met for <TaskInstance: exchange_rates.make_report scheduled__2022-05-08T08:15:00+00:00 [queued]>
[2023-01-01T14:40:40.507+0000] {taskinstance.py:1362} INFO - 
--------------------------------------------------------------------------------
[2023-01-01T14:40:40.508+0000] {taskinstance.py:1363} INFO - Starting attempt 1 of 1
[2023-01-01T14:40:40.509+0000] {taskinstance.py:1364} INFO - 
--------------------------------------------------------------------------------
[2023-01-01T14:40:40.561+0000] {taskinstance.py:1383} INFO - Executing <Task(PythonOperator): make_report> on 2022-05-08 08:15:00+00:00
[2023-01-01T14:40:40.579+0000] {standard_task_runner.py:54} INFO - Started process 7611 to run task
[2023-01-01T14:40:40.597+0000] {standard_task_runner.py:82} INFO - Running: ['***', 'tasks', 'run', 'exchange_rates', 'make_report', 'scheduled__2022-05-08T08:15:00+00:00', '--job-id', '9607', '--raw', '--subdir', 'DAGS_FOLDER/exchange_rates.py', '--cfg-path', '/tmp/tmp6898uqmb']
[2023-01-01T14:40:40.601+0000] {standard_task_runner.py:83} INFO - Job 9607: Subtask make_report
[2023-01-01T14:40:40.605+0000] {dagbag.py:525} INFO - Filling up the DagBag from /opt/***/dags/exchange_rates.py
[2023-01-01T14:40:41.010+0000] {taskmixin.py:205} WARNING - Dependency <Task(CurrencyScoopOperator): get_rate_AMD_RUB>, insert_rate_AMD_RUB already registered for DAG: exchange_rates
[2023-01-01T14:40:41.014+0000] {taskmixin.py:205} WARNING - Dependency <Task(PostgresOperator): insert_rate_AMD_RUB>, get_rate_AMD_RUB already registered for DAG: exchange_rates
[2023-01-01T14:40:41.249+0000] {task_command.py:384} INFO - Running <TaskInstance: exchange_rates.make_report scheduled__2022-05-08T08:15:00+00:00 [running]> on host d383fbf2a8e7
[2023-01-01T14:40:41.383+0000] {taskinstance.py:1592} INFO - Exporting the following env vars:
AIRFLOW_CTX_DAG_OWNER=***
AIRFLOW_CTX_DAG_ID=exchange_rates
AIRFLOW_CTX_TASK_ID=make_report
AIRFLOW_CTX_EXECUTION_DATE=2022-05-08T08:15:00+00:00
AIRFLOW_CTX_TRY_NUMBER=1
AIRFLOW_CTX_DAG_RUN_ID=scheduled__2022-05-08T08:15:00+00:00
[2023-01-01T14:40:41.922+0000] {python.py:177} INFO - Done. Returned value was: None
[2023-01-01T14:40:41.941+0000] {taskinstance.py:1406} INFO - Marking task as SUCCESS. dag_id=exchange_rates, task_id=make_report, execution_date=20220508T081500, start_date=20230101T144040, end_date=20230101T144041
[2023-01-01T14:40:42.029+0000] {local_task_job.py:164} INFO - Task exited with return code 0
[2023-01-01T14:40:42.048+0000] {local_task_job.py:273} INFO - 0 downstream tasks scheduled from follow-on schedule check
