[2022-12-26T14:03:13.516+0000] {taskinstance.py:1165} INFO - Dependencies all met for <TaskInstance: exchange_rates.insert_rate_RUB_EUR scheduled__2022-09-26T08:15:00+00:00 [queued]>
[2022-12-26T14:03:13.541+0000] {taskinstance.py:1165} INFO - Dependencies all met for <TaskInstance: exchange_rates.insert_rate_RUB_EUR scheduled__2022-09-26T08:15:00+00:00 [queued]>
[2022-12-26T14:03:13.541+0000] {taskinstance.py:1362} INFO - 
--------------------------------------------------------------------------------
[2022-12-26T14:03:13.542+0000] {taskinstance.py:1363} INFO - Starting attempt 1 of 1
[2022-12-26T14:03:13.542+0000] {taskinstance.py:1364} INFO - 
--------------------------------------------------------------------------------
[2022-12-26T14:03:13.583+0000] {taskinstance.py:1383} INFO - Executing <Task(PostgresOperator): insert_rate_RUB_EUR> on 2022-09-26 08:15:00+00:00
[2022-12-26T14:03:13.597+0000] {standard_task_runner.py:54} INFO - Started process 11347 to run task
[2022-12-26T14:03:13.618+0000] {standard_task_runner.py:82} INFO - Running: ['***', 'tasks', 'run', 'exchange_rates', 'insert_rate_RUB_EUR', 'scheduled__2022-09-26T08:15:00+00:00', '--job-id', '5609', '--raw', '--subdir', 'DAGS_FOLDER/exchange_rates.py', '--cfg-path', '/tmp/tmph6_pnm6_']
[2022-12-26T14:03:13.626+0000] {standard_task_runner.py:83} INFO - Job 5609: Subtask insert_rate_RUB_EUR
[2022-12-26T14:03:13.628+0000] {dagbag.py:525} INFO - Filling up the DagBag from /opt/***/dags/exchange_rates.py
[2022-12-26T14:03:13.810+0000] {taskmixin.py:205} WARNING - Dependency <Task(CurrencyScoopOperator): get_rate_AMD_RUB>, insert_rate_AMD_RUB already registered for DAG: exchange_rates
[2022-12-26T14:03:13.814+0000] {taskmixin.py:205} WARNING - Dependency <Task(PostgresOperator): insert_rate_AMD_RUB>, get_rate_AMD_RUB already registered for DAG: exchange_rates
[2022-12-26T14:03:14.044+0000] {task_command.py:384} INFO - Running <TaskInstance: exchange_rates.insert_rate_RUB_EUR scheduled__2022-09-26T08:15:00+00:00 [running]> on host d383fbf2a8e7
[2022-12-26T14:03:14.111+0000] {warnings.py:110} WARNING - /home/***/.local/lib/python3.7/site-packages/***/utils/context.py:204: AirflowContextDeprecationWarning: Accessing 'execution_date' from the template is deprecated and will be removed in a future version. Please use 'data_interval_start' or 'logical_date' instead.
  warnings.warn(_create_deprecation_warning(key, self._deprecation_replacements[key]))

[2022-12-26T14:03:14.213+0000] {taskinstance.py:1592} INFO - Exporting the following env vars:
AIRFLOW_CTX_DAG_OWNER=***
AIRFLOW_CTX_DAG_ID=exchange_rates
AIRFLOW_CTX_TASK_ID=insert_rate_RUB_EUR
AIRFLOW_CTX_EXECUTION_DATE=2022-09-26T08:15:00+00:00
AIRFLOW_CTX_TRY_NUMBER=1
AIRFLOW_CTX_DAG_RUN_ID=scheduled__2022-09-26T08:15:00+00:00
[2022-12-26T14:03:14.223+0000] {base.py:71} INFO - Using connection ID 'postgres_default' for task execution.
[2022-12-26T14:03:14.228+0000] {sql.py:315} INFO - Running statement: INSERT INTO
    exchange_rates
VALUES ('RUB', 'EUR', 0.01781325, '2022-09-26')
ON CONFLICT (base, currency, date) DO
    UPDATE
        SET rate = excluded.rate;, parameters: None
[2022-12-26T14:03:14.231+0000] {sql.py:324} INFO - Rows affected: 1
[2022-12-26T14:03:14.252+0000] {taskinstance.py:1406} INFO - Marking task as SUCCESS. dag_id=exchange_rates, task_id=insert_rate_RUB_EUR, execution_date=20220926T081500, start_date=20221226T140313, end_date=20221226T140314
[2022-12-26T14:03:14.376+0000] {local_task_job.py:164} INFO - Task exited with return code 0
[2022-12-26T14:03:14.396+0000] {local_task_job.py:273} INFO - 0 downstream tasks scheduled from follow-on schedule check
[2023-01-01T14:46:48.082+0000] {taskinstance.py:1165} INFO - Dependencies all met for <TaskInstance: exchange_rates.insert_rate_RUB_EUR scheduled__2022-09-26T08:15:00+00:00 [queued]>
[2023-01-01T14:46:48.128+0000] {taskinstance.py:1165} INFO - Dependencies all met for <TaskInstance: exchange_rates.insert_rate_RUB_EUR scheduled__2022-09-26T08:15:00+00:00 [queued]>
[2023-01-01T14:46:48.142+0000] {taskinstance.py:1362} INFO - 
--------------------------------------------------------------------------------
[2023-01-01T14:46:48.142+0000] {taskinstance.py:1363} INFO - Starting attempt 1 of 1
[2023-01-01T14:46:48.143+0000] {taskinstance.py:1364} INFO - 
--------------------------------------------------------------------------------
[2023-01-01T14:46:48.183+0000] {taskinstance.py:1383} INFO - Executing <Task(PostgresOperator): insert_rate_RUB_EUR> on 2022-09-26 08:15:00+00:00
[2023-01-01T14:46:48.200+0000] {standard_task_runner.py:54} INFO - Started process 11919 to run task
[2023-01-01T14:46:48.210+0000] {standard_task_runner.py:82} INFO - Running: ['***', 'tasks', 'run', 'exchange_rates', 'insert_rate_RUB_EUR', 'scheduled__2022-09-26T08:15:00+00:00', '--job-id', '11574', '--raw', '--subdir', 'DAGS_FOLDER/exchange_rates.py', '--cfg-path', '/tmp/tmpxxg97i99']
[2023-01-01T14:46:48.216+0000] {standard_task_runner.py:83} INFO - Job 11574: Subtask insert_rate_RUB_EUR
[2023-01-01T14:46:48.220+0000] {dagbag.py:525} INFO - Filling up the DagBag from /opt/***/dags/exchange_rates.py
[2023-01-01T14:46:48.302+0000] {taskmixin.py:205} WARNING - Dependency <Task(CurrencyScoopOperator): get_rate_AMD_RUB>, insert_rate_AMD_RUB already registered for DAG: exchange_rates
[2023-01-01T14:46:48.303+0000] {taskmixin.py:205} WARNING - Dependency <Task(PostgresOperator): insert_rate_AMD_RUB>, get_rate_AMD_RUB already registered for DAG: exchange_rates
[2023-01-01T14:46:48.512+0000] {task_command.py:384} INFO - Running <TaskInstance: exchange_rates.insert_rate_RUB_EUR scheduled__2022-09-26T08:15:00+00:00 [running]> on host d383fbf2a8e7
[2023-01-01T14:46:48.593+0000] {warnings.py:110} WARNING - /home/***/.local/lib/python3.7/site-packages/***/utils/context.py:204: AirflowContextDeprecationWarning: Accessing 'execution_date' from the template is deprecated and will be removed in a future version. Please use 'data_interval_start' or 'logical_date' instead.
  warnings.warn(_create_deprecation_warning(key, self._deprecation_replacements[key]))

[2023-01-01T14:46:48.757+0000] {taskinstance.py:1592} INFO - Exporting the following env vars:
AIRFLOW_CTX_DAG_OWNER=***
AIRFLOW_CTX_DAG_ID=exchange_rates
AIRFLOW_CTX_TASK_ID=insert_rate_RUB_EUR
AIRFLOW_CTX_EXECUTION_DATE=2022-09-26T08:15:00+00:00
AIRFLOW_CTX_TRY_NUMBER=1
AIRFLOW_CTX_DAG_RUN_ID=scheduled__2022-09-26T08:15:00+00:00
[2023-01-01T14:46:48.785+0000] {base.py:71} INFO - Using connection ID 'postgres_default' for task execution.
[2023-01-01T14:46:48.802+0000] {sql.py:315} INFO - Running statement: INSERT INTO
    exchange_rates
VALUES ('RUB', 'EUR', 0.01781325, '2022-09-26')
ON CONFLICT (base, currency, date) DO
    UPDATE
        SET rate = excluded.rate;, parameters: None
[2023-01-01T14:46:48.805+0000] {sql.py:324} INFO - Rows affected: 1
[2023-01-01T14:46:48.854+0000] {taskinstance.py:1406} INFO - Marking task as SUCCESS. dag_id=exchange_rates, task_id=insert_rate_RUB_EUR, execution_date=20220926T081500, start_date=20230101T144648, end_date=20230101T144648
[2023-01-01T14:46:48.949+0000] {local_task_job.py:164} INFO - Task exited with return code 0
[2023-01-01T14:46:49.012+0000] {local_task_job.py:273} INFO - 0 downstream tasks scheduled from follow-on schedule check
