[2022-12-26T13:55:50.696+0000] {taskinstance.py:1165} INFO - Dependencies all met for <TaskInstance: exchange_rates.make_report scheduled__2022-04-26T08:15:00+00:00 [queued]>
[2022-12-26T13:55:50.760+0000] {taskinstance.py:1165} INFO - Dependencies all met for <TaskInstance: exchange_rates.make_report scheduled__2022-04-26T08:15:00+00:00 [queued]>
[2022-12-26T13:55:50.761+0000] {taskinstance.py:1362} INFO - 
--------------------------------------------------------------------------------
[2022-12-26T13:55:50.761+0000] {taskinstance.py:1363} INFO - Starting attempt 1 of 1
[2022-12-26T13:55:50.762+0000] {taskinstance.py:1364} INFO - 
--------------------------------------------------------------------------------
[2022-12-26T13:55:50.775+0000] {taskinstance.py:1383} INFO - Executing <Task(PythonOperator): make_report> on 2022-04-26 08:15:00+00:00
[2022-12-26T13:55:50.804+0000] {standard_task_runner.py:82} INFO - Running: ['***', 'tasks', 'run', 'exchange_rates', 'make_report', 'scheduled__2022-04-26T08:15:00+00:00', '--job-id', '3400', '--raw', '--subdir', 'DAGS_FOLDER/exchange_rates.py', '--cfg-path', '/tmp/tmpqvnjita4']
[2022-12-26T13:55:50.809+0000] {standard_task_runner.py:83} INFO - Job 3400: Subtask make_report
[2022-12-26T13:55:50.802+0000] {standard_task_runner.py:54} INFO - Started process 6486 to run task
[2022-12-26T13:55:50.816+0000] {dagbag.py:525} INFO - Filling up the DagBag from /opt/***/dags/exchange_rates.py
[2022-12-26T13:55:50.990+0000] {taskmixin.py:205} WARNING - Dependency <Task(CurrencyScoopOperator): get_rate_AMD_RUB>, insert_rate_AMD_RUB already registered for DAG: exchange_rates
[2022-12-26T13:55:50.990+0000] {taskmixin.py:205} WARNING - Dependency <Task(PostgresOperator): insert_rate_AMD_RUB>, get_rate_AMD_RUB already registered for DAG: exchange_rates
[2022-12-26T13:55:51.176+0000] {task_command.py:384} INFO - Running <TaskInstance: exchange_rates.make_report scheduled__2022-04-26T08:15:00+00:00 [running]> on host d383fbf2a8e7
[2022-12-26T13:55:51.303+0000] {taskinstance.py:1592} INFO - Exporting the following env vars:
AIRFLOW_CTX_DAG_OWNER=***
AIRFLOW_CTX_DAG_ID=exchange_rates
AIRFLOW_CTX_TASK_ID=make_report
AIRFLOW_CTX_EXECUTION_DATE=2022-04-26T08:15:00+00:00
AIRFLOW_CTX_TRY_NUMBER=1
AIRFLOW_CTX_DAG_RUN_ID=scheduled__2022-04-26T08:15:00+00:00
[2022-12-26T13:55:52.305+0000] {python.py:177} INFO - Done. Returned value was: None
[2022-12-26T13:55:52.314+0000] {taskinstance.py:1406} INFO - Marking task as SUCCESS. dag_id=exchange_rates, task_id=make_report, execution_date=20220426T081500, start_date=20221226T135550, end_date=20221226T135552
[2022-12-26T13:55:52.398+0000] {local_task_job.py:164} INFO - Task exited with return code 0
[2022-12-26T13:55:52.416+0000] {local_task_job.py:273} INFO - 0 downstream tasks scheduled from follow-on schedule check
[2023-01-01T14:39:57.551+0000] {taskinstance.py:1165} INFO - Dependencies all met for <TaskInstance: exchange_rates.make_report scheduled__2022-04-26T08:15:00+00:00 [queued]>
[2023-01-01T14:39:57.571+0000] {taskinstance.py:1165} INFO - Dependencies all met for <TaskInstance: exchange_rates.make_report scheduled__2022-04-26T08:15:00+00:00 [queued]>
[2023-01-01T14:39:57.576+0000] {taskinstance.py:1362} INFO - 
--------------------------------------------------------------------------------
[2023-01-01T14:39:57.577+0000] {taskinstance.py:1363} INFO - Starting attempt 1 of 1
[2023-01-01T14:39:57.578+0000] {taskinstance.py:1364} INFO - 
--------------------------------------------------------------------------------
[2023-01-01T14:39:57.610+0000] {taskinstance.py:1383} INFO - Executing <Task(PythonOperator): make_report> on 2022-04-26 08:15:00+00:00
[2023-01-01T14:39:57.614+0000] {standard_task_runner.py:54} INFO - Started process 7115 to run task
[2023-01-01T14:39:57.688+0000] {standard_task_runner.py:82} INFO - Running: ['***', 'tasks', 'run', 'exchange_rates', 'make_report', 'scheduled__2022-04-26T08:15:00+00:00', '--job-id', '9385', '--raw', '--subdir', 'DAGS_FOLDER/exchange_rates.py', '--cfg-path', '/tmp/tmp215sd3h_']
[2023-01-01T14:39:57.694+0000] {standard_task_runner.py:83} INFO - Job 9385: Subtask make_report
[2023-01-01T14:39:57.695+0000] {dagbag.py:525} INFO - Filling up the DagBag from /opt/***/dags/exchange_rates.py
[2023-01-01T14:39:57.939+0000] {taskmixin.py:205} WARNING - Dependency <Task(CurrencyScoopOperator): get_rate_AMD_RUB>, insert_rate_AMD_RUB already registered for DAG: exchange_rates
[2023-01-01T14:39:57.941+0000] {taskmixin.py:205} WARNING - Dependency <Task(PostgresOperator): insert_rate_AMD_RUB>, get_rate_AMD_RUB already registered for DAG: exchange_rates
[2023-01-01T14:39:58.126+0000] {task_command.py:384} INFO - Running <TaskInstance: exchange_rates.make_report scheduled__2022-04-26T08:15:00+00:00 [running]> on host d383fbf2a8e7
[2023-01-01T14:39:58.252+0000] {taskinstance.py:1592} INFO - Exporting the following env vars:
AIRFLOW_CTX_DAG_OWNER=***
AIRFLOW_CTX_DAG_ID=exchange_rates
AIRFLOW_CTX_TASK_ID=make_report
AIRFLOW_CTX_EXECUTION_DATE=2022-04-26T08:15:00+00:00
AIRFLOW_CTX_TRY_NUMBER=1
AIRFLOW_CTX_DAG_RUN_ID=scheduled__2022-04-26T08:15:00+00:00
[2023-01-01T14:39:59.346+0000] {python.py:177} INFO - Done. Returned value was: None
[2023-01-01T14:39:59.358+0000] {taskinstance.py:1406} INFO - Marking task as SUCCESS. dag_id=exchange_rates, task_id=make_report, execution_date=20220426T081500, start_date=20230101T143957, end_date=20230101T143959
[2023-01-01T14:39:59.497+0000] {local_task_job.py:164} INFO - Task exited with return code 0
[2023-01-01T14:39:59.516+0000] {local_task_job.py:273} INFO - 0 downstream tasks scheduled from follow-on schedule check
