[2022-12-26T13:59:49.770+0000] {taskinstance.py:1165} INFO - Dependencies all met for <TaskInstance: exchange_rates.get_rate_RUB_USD scheduled__2022-07-24T08:15:00+00:00 [queued]>
[2022-12-26T13:59:49.793+0000] {taskinstance.py:1165} INFO - Dependencies all met for <TaskInstance: exchange_rates.get_rate_RUB_USD scheduled__2022-07-24T08:15:00+00:00 [queued]>
[2022-12-26T13:59:49.794+0000] {taskinstance.py:1362} INFO - 
--------------------------------------------------------------------------------
[2022-12-26T13:59:49.794+0000] {taskinstance.py:1363} INFO - Starting attempt 1 of 1
[2022-12-26T13:59:49.795+0000] {taskinstance.py:1364} INFO - 
--------------------------------------------------------------------------------
[2022-12-26T13:59:49.836+0000] {taskinstance.py:1383} INFO - Executing <Task(CurrencyScoopOperator): get_rate_RUB_USD> on 2022-07-24 08:15:00+00:00
[2022-12-26T13:59:49.844+0000] {standard_task_runner.py:54} INFO - Started process 9127 to run task
[2022-12-26T13:59:49.870+0000] {standard_task_runner.py:82} INFO - Running: ['***', 'tasks', 'run', 'exchange_rates', 'get_rate_RUB_USD', 'scheduled__2022-07-24T08:15:00+00:00', '--job-id', '4600', '--raw', '--subdir', 'DAGS_FOLDER/exchange_rates.py', '--cfg-path', '/tmp/tmputze6ea2']
[2022-12-26T13:59:49.872+0000] {standard_task_runner.py:83} INFO - Job 4600: Subtask get_rate_RUB_USD
[2022-12-26T13:59:49.875+0000] {dagbag.py:525} INFO - Filling up the DagBag from /opt/***/dags/exchange_rates.py
[2022-12-26T13:59:50.085+0000] {taskmixin.py:205} WARNING - Dependency <Task(CurrencyScoopOperator): get_rate_AMD_RUB>, insert_rate_AMD_RUB already registered for DAG: exchange_rates
[2022-12-26T13:59:50.089+0000] {taskmixin.py:205} WARNING - Dependency <Task(PostgresOperator): insert_rate_AMD_RUB>, get_rate_AMD_RUB already registered for DAG: exchange_rates
[2022-12-26T13:59:50.321+0000] {task_command.py:384} INFO - Running <TaskInstance: exchange_rates.get_rate_RUB_USD scheduled__2022-07-24T08:15:00+00:00 [running]> on host d383fbf2a8e7
[2022-12-26T13:59:50.523+0000] {taskinstance.py:1592} INFO - Exporting the following env vars:
AIRFLOW_CTX_DAG_OWNER=***
AIRFLOW_CTX_DAG_ID=exchange_rates
AIRFLOW_CTX_TASK_ID=get_rate_RUB_USD
AIRFLOW_CTX_EXECUTION_DATE=2022-07-24T08:15:00+00:00
AIRFLOW_CTX_TRY_NUMBER=1
AIRFLOW_CTX_DAG_RUN_ID=scheduled__2022-07-24T08:15:00+00:00
[2022-12-26T13:59:50.525+0000] {warnings.py:110} WARNING - /home/***/.local/lib/python3.7/site-packages/***/utils/context.py:204: AirflowContextDeprecationWarning: Accessing 'execution_date' from the template is deprecated and will be removed in a future version. Please use 'data_interval_start' or 'logical_date' instead.
  warnings.warn(_create_deprecation_warning(key, self._deprecation_replacements[key]))

[2022-12-26T13:59:50.550+0000] {base.py:71} INFO - Using connection ID 'currency_conn_id' for task execution.
[2022-12-26T13:59:51.269+0000] {taskinstance.py:1406} INFO - Marking task as SUCCESS. dag_id=exchange_rates, task_id=get_rate_RUB_USD, execution_date=20220724T081500, start_date=20221226T135949, end_date=20221226T135951
[2022-12-26T13:59:51.361+0000] {local_task_job.py:164} INFO - Task exited with return code 0
[2022-12-26T13:59:51.411+0000] {local_task_job.py:273} INFO - 1 downstream tasks scheduled from follow-on schedule check
[2023-01-01T14:43:42.860+0000] {taskinstance.py:1165} INFO - Dependencies all met for <TaskInstance: exchange_rates.get_rate_RUB_USD scheduled__2022-07-24T08:15:00+00:00 [queued]>
[2023-01-01T14:43:42.901+0000] {taskinstance.py:1165} INFO - Dependencies all met for <TaskInstance: exchange_rates.get_rate_RUB_USD scheduled__2022-07-24T08:15:00+00:00 [queued]>
[2023-01-01T14:43:42.905+0000] {taskinstance.py:1362} INFO - 
--------------------------------------------------------------------------------
[2023-01-01T14:43:42.905+0000] {taskinstance.py:1363} INFO - Starting attempt 1 of 1
[2023-01-01T14:43:42.906+0000] {taskinstance.py:1364} INFO - 
--------------------------------------------------------------------------------
[2023-01-01T14:43:42.929+0000] {taskinstance.py:1383} INFO - Executing <Task(CurrencyScoopOperator): get_rate_RUB_USD> on 2022-07-24 08:15:00+00:00
[2023-01-01T14:43:42.943+0000] {standard_task_runner.py:54} INFO - Started process 9743 to run task
[2023-01-01T14:43:42.994+0000] {standard_task_runner.py:82} INFO - Running: ['***', 'tasks', 'run', 'exchange_rates', 'get_rate_RUB_USD', 'scheduled__2022-07-24T08:15:00+00:00', '--job-id', '10575', '--raw', '--subdir', 'DAGS_FOLDER/exchange_rates.py', '--cfg-path', '/tmp/tmp4s11qpz_']
[2023-01-01T14:43:42.997+0000] {standard_task_runner.py:83} INFO - Job 10575: Subtask get_rate_RUB_USD
[2023-01-01T14:43:42.997+0000] {dagbag.py:525} INFO - Filling up the DagBag from /opt/***/dags/exchange_rates.py
[2023-01-01T14:43:43.257+0000] {taskmixin.py:205} WARNING - Dependency <Task(CurrencyScoopOperator): get_rate_AMD_RUB>, insert_rate_AMD_RUB already registered for DAG: exchange_rates
[2023-01-01T14:43:43.267+0000] {taskmixin.py:205} WARNING - Dependency <Task(PostgresOperator): insert_rate_AMD_RUB>, get_rate_AMD_RUB already registered for DAG: exchange_rates
[2023-01-01T14:43:43.463+0000] {task_command.py:384} INFO - Running <TaskInstance: exchange_rates.get_rate_RUB_USD scheduled__2022-07-24T08:15:00+00:00 [running]> on host d383fbf2a8e7
[2023-01-01T14:43:43.670+0000] {taskinstance.py:1592} INFO - Exporting the following env vars:
AIRFLOW_CTX_DAG_OWNER=***
AIRFLOW_CTX_DAG_ID=exchange_rates
AIRFLOW_CTX_TASK_ID=get_rate_RUB_USD
AIRFLOW_CTX_EXECUTION_DATE=2022-07-24T08:15:00+00:00
AIRFLOW_CTX_TRY_NUMBER=1
AIRFLOW_CTX_DAG_RUN_ID=scheduled__2022-07-24T08:15:00+00:00
[2023-01-01T14:43:43.672+0000] {warnings.py:110} WARNING - /home/***/.local/lib/python3.7/site-packages/***/utils/context.py:204: AirflowContextDeprecationWarning: Accessing 'execution_date' from the template is deprecated and will be removed in a future version. Please use 'data_interval_start' or 'logical_date' instead.
  warnings.warn(_create_deprecation_warning(key, self._deprecation_replacements[key]))

[2023-01-01T14:43:43.710+0000] {base.py:71} INFO - Using connection ID 'currency_conn_id' for task execution.
[2023-01-01T14:43:44.103+0000] {taskinstance.py:1406} INFO - Marking task as SUCCESS. dag_id=exchange_rates, task_id=get_rate_RUB_USD, execution_date=20220724T081500, start_date=20230101T144342, end_date=20230101T144344
[2023-01-01T14:43:44.158+0000] {local_task_job.py:164} INFO - Task exited with return code 0
[2023-01-01T14:43:44.208+0000] {local_task_job.py:273} INFO - 1 downstream tasks scheduled from follow-on schedule check
