[2022-12-26T13:54:03.346+0000] {taskinstance.py:1165} INFO - Dependencies all met for <TaskInstance: exchange_rates.insert_rate_RUB_EUR scheduled__2022-03-12T08:15:00+00:00 [queued]>
[2022-12-26T13:54:03.425+0000] {taskinstance.py:1165} INFO - Dependencies all met for <TaskInstance: exchange_rates.insert_rate_RUB_EUR scheduled__2022-03-12T08:15:00+00:00 [queued]>
[2022-12-26T13:54:03.436+0000] {taskinstance.py:1362} INFO - 
--------------------------------------------------------------------------------
[2022-12-26T13:54:03.436+0000] {taskinstance.py:1363} INFO - Starting attempt 1 of 1
[2022-12-26T13:54:03.437+0000] {taskinstance.py:1364} INFO - 
--------------------------------------------------------------------------------
[2022-12-26T13:54:03.547+0000] {taskinstance.py:1383} INFO - Executing <Task(PostgresOperator): insert_rate_RUB_EUR> on 2022-03-12 08:15:00+00:00
[2022-12-26T13:54:03.571+0000] {standard_task_runner.py:54} INFO - Started process 5289 to run task
[2022-12-26T13:54:03.602+0000] {standard_task_runner.py:82} INFO - Running: ['***', 'tasks', 'run', 'exchange_rates', 'insert_rate_RUB_EUR', 'scheduled__2022-03-12T08:15:00+00:00', '--job-id', '2853', '--raw', '--subdir', 'DAGS_FOLDER/exchange_rates.py', '--cfg-path', '/tmp/tmpbp5lpdox']
[2022-12-26T13:54:03.606+0000] {standard_task_runner.py:83} INFO - Job 2853: Subtask insert_rate_RUB_EUR
[2022-12-26T13:54:03.608+0000] {dagbag.py:525} INFO - Filling up the DagBag from /opt/***/dags/exchange_rates.py
[2022-12-26T13:54:03.766+0000] {taskmixin.py:205} WARNING - Dependency <Task(CurrencyScoopOperator): get_rate_AMD_RUB>, insert_rate_AMD_RUB already registered for DAG: exchange_rates
[2022-12-26T13:54:03.767+0000] {taskmixin.py:205} WARNING - Dependency <Task(PostgresOperator): insert_rate_AMD_RUB>, get_rate_AMD_RUB already registered for DAG: exchange_rates
[2022-12-26T13:54:03.970+0000] {task_command.py:384} INFO - Running <TaskInstance: exchange_rates.insert_rate_RUB_EUR scheduled__2022-03-12T08:15:00+00:00 [running]> on host d383fbf2a8e7
[2022-12-26T13:54:04.060+0000] {warnings.py:110} WARNING - /home/***/.local/lib/python3.7/site-packages/***/utils/context.py:204: AirflowContextDeprecationWarning: Accessing 'execution_date' from the template is deprecated and will be removed in a future version. Please use 'data_interval_start' or 'logical_date' instead.
  warnings.warn(_create_deprecation_warning(key, self._deprecation_replacements[key]))

[2022-12-26T13:54:04.249+0000] {taskinstance.py:1592} INFO - Exporting the following env vars:
AIRFLOW_CTX_DAG_OWNER=***
AIRFLOW_CTX_DAG_ID=exchange_rates
AIRFLOW_CTX_TASK_ID=insert_rate_RUB_EUR
AIRFLOW_CTX_EXECUTION_DATE=2022-03-12T08:15:00+00:00
AIRFLOW_CTX_TRY_NUMBER=1
AIRFLOW_CTX_DAG_RUN_ID=scheduled__2022-03-12T08:15:00+00:00
[2022-12-26T13:54:04.265+0000] {base.py:71} INFO - Using connection ID 'postgres_default' for task execution.
[2022-12-26T13:54:04.269+0000] {sql.py:315} INFO - Running statement: INSERT INTO
    exchange_rates
VALUES ('RUB', 'EUR', 0.00683941, '2022-03-12')
ON CONFLICT (base, currency, date) DO
    UPDATE
        SET rate = excluded.rate;, parameters: None
[2022-12-26T13:54:04.275+0000] {sql.py:324} INFO - Rows affected: 1
[2022-12-26T13:54:04.299+0000] {taskinstance.py:1406} INFO - Marking task as SUCCESS. dag_id=exchange_rates, task_id=insert_rate_RUB_EUR, execution_date=20220312T081500, start_date=20221226T135403, end_date=20221226T135404
[2022-12-26T13:54:04.383+0000] {local_task_job.py:164} INFO - Task exited with return code 0
[2022-12-26T13:54:04.429+0000] {local_task_job.py:273} INFO - 1 downstream tasks scheduled from follow-on schedule check
[2023-01-01T14:38:27.216+0000] {taskinstance.py:1165} INFO - Dependencies all met for <TaskInstance: exchange_rates.insert_rate_RUB_EUR scheduled__2022-03-12T08:15:00+00:00 [queued]>
[2023-01-01T14:38:27.237+0000] {taskinstance.py:1165} INFO - Dependencies all met for <TaskInstance: exchange_rates.insert_rate_RUB_EUR scheduled__2022-03-12T08:15:00+00:00 [queued]>
[2023-01-01T14:38:27.238+0000] {taskinstance.py:1362} INFO - 
--------------------------------------------------------------------------------
[2023-01-01T14:38:27.238+0000] {taskinstance.py:1363} INFO - Starting attempt 1 of 1
[2023-01-01T14:38:27.238+0000] {taskinstance.py:1364} INFO - 
--------------------------------------------------------------------------------
[2023-01-01T14:38:27.273+0000] {taskinstance.py:1383} INFO - Executing <Task(PostgresOperator): insert_rate_RUB_EUR> on 2022-03-12 08:15:00+00:00
[2023-01-01T14:38:27.283+0000] {standard_task_runner.py:54} INFO - Started process 5950 to run task
[2023-01-01T14:38:27.302+0000] {standard_task_runner.py:82} INFO - Running: ['***', 'tasks', 'run', 'exchange_rates', 'insert_rate_RUB_EUR', 'scheduled__2022-03-12T08:15:00+00:00', '--job-id', '8844', '--raw', '--subdir', 'DAGS_FOLDER/exchange_rates.py', '--cfg-path', '/tmp/tmpldx61kls']
[2023-01-01T14:38:27.310+0000] {standard_task_runner.py:83} INFO - Job 8844: Subtask insert_rate_RUB_EUR
[2023-01-01T14:38:27.314+0000] {dagbag.py:525} INFO - Filling up the DagBag from /opt/***/dags/exchange_rates.py
[2023-01-01T14:38:27.619+0000] {taskmixin.py:205} WARNING - Dependency <Task(CurrencyScoopOperator): get_rate_AMD_RUB>, insert_rate_AMD_RUB already registered for DAG: exchange_rates
[2023-01-01T14:38:27.620+0000] {taskmixin.py:205} WARNING - Dependency <Task(PostgresOperator): insert_rate_AMD_RUB>, get_rate_AMD_RUB already registered for DAG: exchange_rates
[2023-01-01T14:38:27.771+0000] {task_command.py:384} INFO - Running <TaskInstance: exchange_rates.insert_rate_RUB_EUR scheduled__2022-03-12T08:15:00+00:00 [running]> on host d383fbf2a8e7
[2023-01-01T14:38:27.867+0000] {warnings.py:110} WARNING - /home/***/.local/lib/python3.7/site-packages/***/utils/context.py:204: AirflowContextDeprecationWarning: Accessing 'execution_date' from the template is deprecated and will be removed in a future version. Please use 'data_interval_start' or 'logical_date' instead.
  warnings.warn(_create_deprecation_warning(key, self._deprecation_replacements[key]))

[2023-01-01T14:38:27.977+0000] {taskinstance.py:1592} INFO - Exporting the following env vars:
AIRFLOW_CTX_DAG_OWNER=***
AIRFLOW_CTX_DAG_ID=exchange_rates
AIRFLOW_CTX_TASK_ID=insert_rate_RUB_EUR
AIRFLOW_CTX_EXECUTION_DATE=2022-03-12T08:15:00+00:00
AIRFLOW_CTX_TRY_NUMBER=1
AIRFLOW_CTX_DAG_RUN_ID=scheduled__2022-03-12T08:15:00+00:00
[2023-01-01T14:38:27.987+0000] {base.py:71} INFO - Using connection ID 'postgres_default' for task execution.
[2023-01-01T14:38:28.003+0000] {sql.py:315} INFO - Running statement: INSERT INTO
    exchange_rates
VALUES ('RUB', 'EUR', 0.00683941, '2022-03-12')
ON CONFLICT (base, currency, date) DO
    UPDATE
        SET rate = excluded.rate;, parameters: None
[2023-01-01T14:38:28.006+0000] {sql.py:324} INFO - Rows affected: 1
[2023-01-01T14:38:28.018+0000] {taskinstance.py:1406} INFO - Marking task as SUCCESS. dag_id=exchange_rates, task_id=insert_rate_RUB_EUR, execution_date=20220312T081500, start_date=20230101T143827, end_date=20230101T143828
[2023-01-01T14:38:28.112+0000] {local_task_job.py:164} INFO - Task exited with return code 0
[2023-01-01T14:38:28.169+0000] {local_task_job.py:273} INFO - 0 downstream tasks scheduled from follow-on schedule check
