[2022-12-26T13:56:36.808+0000] {taskinstance.py:1165} INFO - Dependencies all met for <TaskInstance: exchange_rates.make_report scheduled__2022-05-06T08:15:00+00:00 [queued]>
[2022-12-26T13:56:36.987+0000] {taskinstance.py:1165} INFO - Dependencies all met for <TaskInstance: exchange_rates.make_report scheduled__2022-05-06T08:15:00+00:00 [queued]>
[2022-12-26T13:56:36.989+0000] {taskinstance.py:1362} INFO - 
--------------------------------------------------------------------------------
[2022-12-26T13:56:36.990+0000] {taskinstance.py:1363} INFO - Starting attempt 1 of 1
[2022-12-26T13:56:36.990+0000] {taskinstance.py:1364} INFO - 
--------------------------------------------------------------------------------
[2022-12-26T13:56:37.066+0000] {taskinstance.py:1383} INFO - Executing <Task(PythonOperator): make_report> on 2022-05-06 08:15:00+00:00
[2022-12-26T13:56:37.092+0000] {standard_task_runner.py:54} INFO - Started process 7009 to run task
[2022-12-26T13:56:37.104+0000] {standard_task_runner.py:82} INFO - Running: ['***', 'tasks', 'run', 'exchange_rates', 'make_report', 'scheduled__2022-05-06T08:15:00+00:00', '--job-id', '3636', '--raw', '--subdir', 'DAGS_FOLDER/exchange_rates.py', '--cfg-path', '/tmp/tmpdsz46g7_']
[2022-12-26T13:56:37.109+0000] {standard_task_runner.py:83} INFO - Job 3636: Subtask make_report
[2022-12-26T13:56:37.110+0000] {dagbag.py:525} INFO - Filling up the DagBag from /opt/***/dags/exchange_rates.py
[2022-12-26T13:56:37.260+0000] {taskmixin.py:205} WARNING - Dependency <Task(CurrencyScoopOperator): get_rate_AMD_RUB>, insert_rate_AMD_RUB already registered for DAG: exchange_rates
[2022-12-26T13:56:37.261+0000] {taskmixin.py:205} WARNING - Dependency <Task(PostgresOperator): insert_rate_AMD_RUB>, get_rate_AMD_RUB already registered for DAG: exchange_rates
[2022-12-26T13:56:37.442+0000] {task_command.py:384} INFO - Running <TaskInstance: exchange_rates.make_report scheduled__2022-05-06T08:15:00+00:00 [running]> on host d383fbf2a8e7
[2022-12-26T13:56:37.615+0000] {taskinstance.py:1592} INFO - Exporting the following env vars:
AIRFLOW_CTX_DAG_OWNER=***
AIRFLOW_CTX_DAG_ID=exchange_rates
AIRFLOW_CTX_TASK_ID=make_report
AIRFLOW_CTX_EXECUTION_DATE=2022-05-06T08:15:00+00:00
AIRFLOW_CTX_TRY_NUMBER=1
AIRFLOW_CTX_DAG_RUN_ID=scheduled__2022-05-06T08:15:00+00:00
[2022-12-26T13:56:38.634+0000] {python.py:177} INFO - Done. Returned value was: None
[2022-12-26T13:56:38.642+0000] {taskinstance.py:1406} INFO - Marking task as SUCCESS. dag_id=exchange_rates, task_id=make_report, execution_date=20220506T081500, start_date=20221226T135636, end_date=20221226T135638
[2022-12-26T13:56:38.767+0000] {local_task_job.py:164} INFO - Task exited with return code 0
[2022-12-26T13:56:38.799+0000] {local_task_job.py:273} INFO - 0 downstream tasks scheduled from follow-on schedule check
[2023-01-01T14:40:39.185+0000] {taskinstance.py:1165} INFO - Dependencies all met for <TaskInstance: exchange_rates.make_report scheduled__2022-05-06T08:15:00+00:00 [queued]>
[2023-01-01T14:40:39.230+0000] {taskinstance.py:1165} INFO - Dependencies all met for <TaskInstance: exchange_rates.make_report scheduled__2022-05-06T08:15:00+00:00 [queued]>
[2023-01-01T14:40:39.231+0000] {taskinstance.py:1362} INFO - 
--------------------------------------------------------------------------------
[2023-01-01T14:40:39.232+0000] {taskinstance.py:1363} INFO - Starting attempt 1 of 1
[2023-01-01T14:40:39.232+0000] {taskinstance.py:1364} INFO - 
--------------------------------------------------------------------------------
[2023-01-01T14:40:39.283+0000] {taskinstance.py:1383} INFO - Executing <Task(PythonOperator): make_report> on 2022-05-06 08:15:00+00:00
[2023-01-01T14:40:39.287+0000] {standard_task_runner.py:54} INFO - Started process 7592 to run task
[2023-01-01T14:40:39.312+0000] {standard_task_runner.py:82} INFO - Running: ['***', 'tasks', 'run', 'exchange_rates', 'make_report', 'scheduled__2022-05-06T08:15:00+00:00', '--job-id', '9603', '--raw', '--subdir', 'DAGS_FOLDER/exchange_rates.py', '--cfg-path', '/tmp/tmpmljp2d11']
[2023-01-01T14:40:39.318+0000] {standard_task_runner.py:83} INFO - Job 9603: Subtask make_report
[2023-01-01T14:40:39.322+0000] {dagbag.py:525} INFO - Filling up the DagBag from /opt/***/dags/exchange_rates.py
[2023-01-01T14:40:39.764+0000] {taskmixin.py:205} WARNING - Dependency <Task(CurrencyScoopOperator): get_rate_AMD_RUB>, insert_rate_AMD_RUB already registered for DAG: exchange_rates
[2023-01-01T14:40:39.765+0000] {taskmixin.py:205} WARNING - Dependency <Task(PostgresOperator): insert_rate_AMD_RUB>, get_rate_AMD_RUB already registered for DAG: exchange_rates
[2023-01-01T14:40:39.949+0000] {task_command.py:384} INFO - Running <TaskInstance: exchange_rates.make_report scheduled__2022-05-06T08:15:00+00:00 [running]> on host d383fbf2a8e7
[2023-01-01T14:40:40.089+0000] {taskinstance.py:1592} INFO - Exporting the following env vars:
AIRFLOW_CTX_DAG_OWNER=***
AIRFLOW_CTX_DAG_ID=exchange_rates
AIRFLOW_CTX_TASK_ID=make_report
AIRFLOW_CTX_EXECUTION_DATE=2022-05-06T08:15:00+00:00
AIRFLOW_CTX_TRY_NUMBER=1
AIRFLOW_CTX_DAG_RUN_ID=scheduled__2022-05-06T08:15:00+00:00
[2023-01-01T14:40:41.056+0000] {python.py:177} INFO - Done. Returned value was: None
[2023-01-01T14:40:41.098+0000] {taskinstance.py:1406} INFO - Marking task as SUCCESS. dag_id=exchange_rates, task_id=make_report, execution_date=20220506T081500, start_date=20230101T144039, end_date=20230101T144041
[2023-01-01T14:40:41.186+0000] {local_task_job.py:164} INFO - Task exited with return code 0
[2023-01-01T14:40:41.211+0000] {local_task_job.py:273} INFO - 0 downstream tasks scheduled from follow-on schedule check
