[2022-12-26T13:52:46.998+0000] {taskinstance.py:1165} INFO - Dependencies all met for <TaskInstance: exchange_rates.make_report scheduled__2022-02-20T08:15:00+00:00 [queued]>
[2022-12-26T13:52:47.077+0000] {taskinstance.py:1165} INFO - Dependencies all met for <TaskInstance: exchange_rates.make_report scheduled__2022-02-20T08:15:00+00:00 [queued]>
[2022-12-26T13:52:47.082+0000] {taskinstance.py:1362} INFO - 
--------------------------------------------------------------------------------
[2022-12-26T13:52:47.086+0000] {taskinstance.py:1363} INFO - Starting attempt 1 of 1
[2022-12-26T13:52:47.087+0000] {taskinstance.py:1364} INFO - 
--------------------------------------------------------------------------------
[2022-12-26T13:52:47.155+0000] {taskinstance.py:1383} INFO - Executing <Task(PythonOperator): make_report> on 2022-02-20 08:15:00+00:00
[2022-12-26T13:52:47.165+0000] {standard_task_runner.py:54} INFO - Started process 4513 to run task
[2022-12-26T13:52:47.194+0000] {standard_task_runner.py:82} INFO - Running: ['***', 'tasks', 'run', 'exchange_rates', 'make_report', 'scheduled__2022-02-20T08:15:00+00:00', '--job-id', '2502', '--raw', '--subdir', 'DAGS_FOLDER/exchange_rates.py', '--cfg-path', '/tmp/tmpk7fzrd6d']
[2022-12-26T13:52:47.218+0000] {standard_task_runner.py:83} INFO - Job 2502: Subtask make_report
[2022-12-26T13:52:47.219+0000] {dagbag.py:525} INFO - Filling up the DagBag from /opt/***/dags/exchange_rates.py
[2022-12-26T13:52:47.614+0000] {taskmixin.py:205} WARNING - Dependency <Task(CurrencyScoopOperator): get_rate_AMD_RUB>, insert_rate_AMD_RUB already registered for DAG: exchange_rates
[2022-12-26T13:52:47.615+0000] {taskmixin.py:205} WARNING - Dependency <Task(PostgresOperator): insert_rate_AMD_RUB>, get_rate_AMD_RUB already registered for DAG: exchange_rates
[2022-12-26T13:52:47.767+0000] {task_command.py:384} INFO - Running <TaskInstance: exchange_rates.make_report scheduled__2022-02-20T08:15:00+00:00 [running]> on host d383fbf2a8e7
[2022-12-26T13:52:47.987+0000] {taskinstance.py:1592} INFO - Exporting the following env vars:
AIRFLOW_CTX_DAG_OWNER=***
AIRFLOW_CTX_DAG_ID=exchange_rates
AIRFLOW_CTX_TASK_ID=make_report
AIRFLOW_CTX_EXECUTION_DATE=2022-02-20T08:15:00+00:00
AIRFLOW_CTX_TRY_NUMBER=1
AIRFLOW_CTX_DAG_RUN_ID=scheduled__2022-02-20T08:15:00+00:00
[2022-12-26T13:52:48.755+0000] {python.py:177} INFO - Done. Returned value was: None
[2022-12-26T13:52:48.768+0000] {taskinstance.py:1406} INFO - Marking task as SUCCESS. dag_id=exchange_rates, task_id=make_report, execution_date=20220220T081500, start_date=20221226T135247, end_date=20221226T135248
[2022-12-26T13:52:48.847+0000] {local_task_job.py:164} INFO - Task exited with return code 0
[2022-12-26T13:52:48.861+0000] {local_task_job.py:273} INFO - 0 downstream tasks scheduled from follow-on schedule check
[2023-01-01T14:37:16.817+0000] {taskinstance.py:1165} INFO - Dependencies all met for <TaskInstance: exchange_rates.make_report scheduled__2022-02-20T08:15:00+00:00 [queued]>
[2023-01-01T14:37:16.929+0000] {taskinstance.py:1165} INFO - Dependencies all met for <TaskInstance: exchange_rates.make_report scheduled__2022-02-20T08:15:00+00:00 [queued]>
[2023-01-01T14:37:16.935+0000] {taskinstance.py:1362} INFO - 
--------------------------------------------------------------------------------
[2023-01-01T14:37:16.940+0000] {taskinstance.py:1363} INFO - Starting attempt 1 of 1
[2023-01-01T14:37:16.943+0000] {taskinstance.py:1364} INFO - 
--------------------------------------------------------------------------------
[2023-01-01T14:37:17.046+0000] {taskinstance.py:1383} INFO - Executing <Task(PythonOperator): make_report> on 2022-02-20 08:15:00+00:00
[2023-01-01T14:37:17.075+0000] {standard_task_runner.py:54} INFO - Started process 5140 to run task
[2023-01-01T14:37:17.131+0000] {standard_task_runner.py:82} INFO - Running: ['***', 'tasks', 'run', 'exchange_rates', 'make_report', 'scheduled__2022-02-20T08:15:00+00:00', '--job-id', '8473', '--raw', '--subdir', 'DAGS_FOLDER/exchange_rates.py', '--cfg-path', '/tmp/tmp_r581bw_']
[2023-01-01T14:37:17.140+0000] {standard_task_runner.py:83} INFO - Job 8473: Subtask make_report
[2023-01-01T14:37:17.142+0000] {dagbag.py:525} INFO - Filling up the DagBag from /opt/***/dags/exchange_rates.py
[2023-01-01T14:37:17.683+0000] {taskmixin.py:205} WARNING - Dependency <Task(CurrencyScoopOperator): get_rate_AMD_RUB>, insert_rate_AMD_RUB already registered for DAG: exchange_rates
[2023-01-01T14:37:17.683+0000] {taskmixin.py:205} WARNING - Dependency <Task(PostgresOperator): insert_rate_AMD_RUB>, get_rate_AMD_RUB already registered for DAG: exchange_rates
[2023-01-01T14:37:17.932+0000] {task_command.py:384} INFO - Running <TaskInstance: exchange_rates.make_report scheduled__2022-02-20T08:15:00+00:00 [running]> on host d383fbf2a8e7
[2023-01-01T14:37:18.071+0000] {taskinstance.py:1592} INFO - Exporting the following env vars:
AIRFLOW_CTX_DAG_OWNER=***
AIRFLOW_CTX_DAG_ID=exchange_rates
AIRFLOW_CTX_TASK_ID=make_report
AIRFLOW_CTX_EXECUTION_DATE=2022-02-20T08:15:00+00:00
AIRFLOW_CTX_TRY_NUMBER=1
AIRFLOW_CTX_DAG_RUN_ID=scheduled__2022-02-20T08:15:00+00:00
[2023-01-01T14:37:18.933+0000] {python.py:177} INFO - Done. Returned value was: None
[2023-01-01T14:37:18.946+0000] {taskinstance.py:1406} INFO - Marking task as SUCCESS. dag_id=exchange_rates, task_id=make_report, execution_date=20220220T081500, start_date=20230101T143716, end_date=20230101T143718
[2023-01-01T14:37:19.077+0000] {local_task_job.py:164} INFO - Task exited with return code 0
[2023-01-01T14:37:19.129+0000] {local_task_job.py:273} INFO - 0 downstream tasks scheduled from follow-on schedule check
