[2022-12-26T14:01:32.379+0000] {taskinstance.py:1165} INFO - Dependencies all met for <TaskInstance: exchange_rates.get_rate_AMD_RUB scheduled__2022-09-04T08:15:00+00:00 [queued]>
[2022-12-26T14:01:32.403+0000] {taskinstance.py:1165} INFO - Dependencies all met for <TaskInstance: exchange_rates.get_rate_AMD_RUB scheduled__2022-09-04T08:15:00+00:00 [queued]>
[2022-12-26T14:01:32.409+0000] {taskinstance.py:1362} INFO - 
--------------------------------------------------------------------------------
[2022-12-26T14:01:32.410+0000] {taskinstance.py:1363} INFO - Starting attempt 1 of 1
[2022-12-26T14:01:32.417+0000] {taskinstance.py:1364} INFO - 
--------------------------------------------------------------------------------
[2022-12-26T14:01:32.449+0000] {taskinstance.py:1383} INFO - Executing <Task(CurrencyScoopOperator): get_rate_AMD_RUB> on 2022-09-04 08:15:00+00:00
[2022-12-26T14:01:32.465+0000] {standard_task_runner.py:54} INFO - Started process 10234 to run task
[2022-12-26T14:01:32.485+0000] {standard_task_runner.py:82} INFO - Running: ['***', 'tasks', 'run', 'exchange_rates', 'get_rate_AMD_RUB', 'scheduled__2022-09-04T08:15:00+00:00', '--job-id', '5104', '--raw', '--subdir', 'DAGS_FOLDER/exchange_rates.py', '--cfg-path', '/tmp/tmp8q30yed0']
[2022-12-26T14:01:32.487+0000] {standard_task_runner.py:83} INFO - Job 5104: Subtask get_rate_AMD_RUB
[2022-12-26T14:01:32.490+0000] {dagbag.py:525} INFO - Filling up the DagBag from /opt/***/dags/exchange_rates.py
[2022-12-26T14:01:32.638+0000] {taskmixin.py:205} WARNING - Dependency <Task(CurrencyScoopOperator): get_rate_AMD_RUB>, insert_rate_AMD_RUB already registered for DAG: exchange_rates
[2022-12-26T14:01:32.638+0000] {taskmixin.py:205} WARNING - Dependency <Task(PostgresOperator): insert_rate_AMD_RUB>, get_rate_AMD_RUB already registered for DAG: exchange_rates
[2022-12-26T14:01:32.734+0000] {task_command.py:384} INFO - Running <TaskInstance: exchange_rates.get_rate_AMD_RUB scheduled__2022-09-04T08:15:00+00:00 [running]> on host d383fbf2a8e7
[2022-12-26T14:01:32.966+0000] {taskinstance.py:1592} INFO - Exporting the following env vars:
AIRFLOW_CTX_DAG_OWNER=***
AIRFLOW_CTX_DAG_ID=exchange_rates
AIRFLOW_CTX_TASK_ID=get_rate_AMD_RUB
AIRFLOW_CTX_EXECUTION_DATE=2022-09-04T08:15:00+00:00
AIRFLOW_CTX_TRY_NUMBER=1
AIRFLOW_CTX_DAG_RUN_ID=scheduled__2022-09-04T08:15:00+00:00
[2022-12-26T14:01:32.968+0000] {warnings.py:110} WARNING - /home/***/.local/lib/python3.7/site-packages/***/utils/context.py:204: AirflowContextDeprecationWarning: Accessing 'execution_date' from the template is deprecated and will be removed in a future version. Please use 'data_interval_start' or 'logical_date' instead.
  warnings.warn(_create_deprecation_warning(key, self._deprecation_replacements[key]))

[2022-12-26T14:01:32.995+0000] {base.py:71} INFO - Using connection ID 'currency_conn_id' for task execution.
[2022-12-26T14:01:33.735+0000] {taskinstance.py:1406} INFO - Marking task as SUCCESS. dag_id=exchange_rates, task_id=get_rate_AMD_RUB, execution_date=20220904T081500, start_date=20221226T140132, end_date=20221226T140133
[2022-12-26T14:01:33.833+0000] {local_task_job.py:164} INFO - Task exited with return code 0
[2022-12-26T14:01:33.960+0000] {local_task_job.py:273} INFO - 0 downstream tasks scheduled from follow-on schedule check
[2023-01-01T14:45:37.989+0000] {taskinstance.py:1165} INFO - Dependencies all met for <TaskInstance: exchange_rates.get_rate_AMD_RUB scheduled__2022-09-04T08:15:00+00:00 [queued]>
[2023-01-01T14:45:37.997+0000] {taskinstance.py:1165} INFO - Dependencies all met for <TaskInstance: exchange_rates.get_rate_AMD_RUB scheduled__2022-09-04T08:15:00+00:00 [queued]>
[2023-01-01T14:45:37.998+0000] {taskinstance.py:1362} INFO - 
--------------------------------------------------------------------------------
[2023-01-01T14:45:37.998+0000] {taskinstance.py:1363} INFO - Starting attempt 1 of 1
[2023-01-01T14:45:37.999+0000] {taskinstance.py:1364} INFO - 
--------------------------------------------------------------------------------
[2023-01-01T14:45:38.011+0000] {taskinstance.py:1383} INFO - Executing <Task(CurrencyScoopOperator): get_rate_AMD_RUB> on 2022-09-04 08:15:00+00:00
[2023-01-01T14:45:38.015+0000] {standard_task_runner.py:54} INFO - Started process 11106 to run task
[2023-01-01T14:45:38.026+0000] {standard_task_runner.py:82} INFO - Running: ['***', 'tasks', 'run', 'exchange_rates', 'get_rate_AMD_RUB', 'scheduled__2022-09-04T08:15:00+00:00', '--job-id', '11199', '--raw', '--subdir', 'DAGS_FOLDER/exchange_rates.py', '--cfg-path', '/tmp/tmpxw1lsc62']
[2023-01-01T14:45:38.028+0000] {standard_task_runner.py:83} INFO - Job 11199: Subtask get_rate_AMD_RUB
[2023-01-01T14:45:38.036+0000] {dagbag.py:525} INFO - Filling up the DagBag from /opt/***/dags/exchange_rates.py
[2023-01-01T14:45:38.125+0000] {taskmixin.py:205} WARNING - Dependency <Task(CurrencyScoopOperator): get_rate_AMD_RUB>, insert_rate_AMD_RUB already registered for DAG: exchange_rates
[2023-01-01T14:45:38.126+0000] {taskmixin.py:205} WARNING - Dependency <Task(PostgresOperator): insert_rate_AMD_RUB>, get_rate_AMD_RUB already registered for DAG: exchange_rates
[2023-01-01T14:45:38.217+0000] {task_command.py:384} INFO - Running <TaskInstance: exchange_rates.get_rate_AMD_RUB scheduled__2022-09-04T08:15:00+00:00 [running]> on host d383fbf2a8e7
[2023-01-01T14:45:38.276+0000] {taskinstance.py:1592} INFO - Exporting the following env vars:
AIRFLOW_CTX_DAG_OWNER=***
AIRFLOW_CTX_DAG_ID=exchange_rates
AIRFLOW_CTX_TASK_ID=get_rate_AMD_RUB
AIRFLOW_CTX_EXECUTION_DATE=2022-09-04T08:15:00+00:00
AIRFLOW_CTX_TRY_NUMBER=1
AIRFLOW_CTX_DAG_RUN_ID=scheduled__2022-09-04T08:15:00+00:00
[2023-01-01T14:45:38.277+0000] {warnings.py:110} WARNING - /home/***/.local/lib/python3.7/site-packages/***/utils/context.py:204: AirflowContextDeprecationWarning: Accessing 'execution_date' from the template is deprecated and will be removed in a future version. Please use 'data_interval_start' or 'logical_date' instead.
  warnings.warn(_create_deprecation_warning(key, self._deprecation_replacements[key]))

[2023-01-01T14:45:38.285+0000] {base.py:71} INFO - Using connection ID 'currency_conn_id' for task execution.
[2023-01-01T14:45:38.637+0000] {taskinstance.py:1406} INFO - Marking task as SUCCESS. dag_id=exchange_rates, task_id=get_rate_AMD_RUB, execution_date=20220904T081500, start_date=20230101T144537, end_date=20230101T144538
[2023-01-01T14:45:38.672+0000] {local_task_job.py:164} INFO - Task exited with return code 0
[2023-01-01T14:45:38.700+0000] {local_task_job.py:273} INFO - 1 downstream tasks scheduled from follow-on schedule check
