[2022-12-26T13:59:26.063+0000] {taskinstance.py:1165} INFO - Dependencies all met for <TaskInstance: exchange_rates.insert_rate_AMD_RUB scheduled__2022-07-13T08:15:00+00:00 [queued]>
[2022-12-26T13:59:26.095+0000] {taskinstance.py:1165} INFO - Dependencies all met for <TaskInstance: exchange_rates.insert_rate_AMD_RUB scheduled__2022-07-13T08:15:00+00:00 [queued]>
[2022-12-26T13:59:26.096+0000] {taskinstance.py:1362} INFO - 
--------------------------------------------------------------------------------
[2022-12-26T13:59:26.096+0000] {taskinstance.py:1363} INFO - Starting attempt 1 of 1
[2022-12-26T13:59:26.097+0000] {taskinstance.py:1364} INFO - 
--------------------------------------------------------------------------------
[2022-12-26T13:59:26.144+0000] {taskinstance.py:1383} INFO - Executing <Task(PostgresOperator): insert_rate_AMD_RUB> on 2022-07-13 08:15:00+00:00
[2022-12-26T13:59:26.166+0000] {standard_task_runner.py:54} INFO - Started process 8901 to run task
[2022-12-26T13:59:26.188+0000] {standard_task_runner.py:82} INFO - Running: ['***', 'tasks', 'run', 'exchange_rates', 'insert_rate_AMD_RUB', 'scheduled__2022-07-13T08:15:00+00:00', '--job-id', '4502', '--raw', '--subdir', 'DAGS_FOLDER/exchange_rates.py', '--cfg-path', '/tmp/tmpbt2v2b69']
[2022-12-26T13:59:26.194+0000] {standard_task_runner.py:83} INFO - Job 4502: Subtask insert_rate_AMD_RUB
[2022-12-26T13:59:26.200+0000] {dagbag.py:525} INFO - Filling up the DagBag from /opt/***/dags/exchange_rates.py
[2022-12-26T13:59:26.329+0000] {taskmixin.py:205} WARNING - Dependency <Task(CurrencyScoopOperator): get_rate_AMD_RUB>, insert_rate_AMD_RUB already registered for DAG: exchange_rates
[2022-12-26T13:59:26.332+0000] {taskmixin.py:205} WARNING - Dependency <Task(PostgresOperator): insert_rate_AMD_RUB>, get_rate_AMD_RUB already registered for DAG: exchange_rates
[2022-12-26T13:59:26.470+0000] {task_command.py:384} INFO - Running <TaskInstance: exchange_rates.insert_rate_AMD_RUB scheduled__2022-07-13T08:15:00+00:00 [running]> on host d383fbf2a8e7
[2022-12-26T13:59:26.542+0000] {warnings.py:110} WARNING - /home/***/.local/lib/python3.7/site-packages/***/utils/context.py:204: AirflowContextDeprecationWarning: Accessing 'execution_date' from the template is deprecated and will be removed in a future version. Please use 'data_interval_start' or 'logical_date' instead.
  warnings.warn(_create_deprecation_warning(key, self._deprecation_replacements[key]))

[2022-12-26T13:59:26.681+0000] {taskinstance.py:1592} INFO - Exporting the following env vars:
AIRFLOW_CTX_DAG_OWNER=***
AIRFLOW_CTX_DAG_ID=exchange_rates
AIRFLOW_CTX_TASK_ID=insert_rate_AMD_RUB
AIRFLOW_CTX_EXECUTION_DATE=2022-07-13T08:15:00+00:00
AIRFLOW_CTX_TRY_NUMBER=1
AIRFLOW_CTX_DAG_RUN_ID=scheduled__2022-07-13T08:15:00+00:00
[2022-12-26T13:59:26.704+0000] {base.py:71} INFO - Using connection ID 'postgres_default' for task execution.
[2022-12-26T13:59:26.713+0000] {sql.py:315} INFO - Running statement: INSERT INTO
    exchange_rates
VALUES ('AMD', 'RUB', 0.14231777, '2022-07-13')
ON CONFLICT (base, currency, date) DO
    UPDATE
        SET rate = excluded.rate;, parameters: None
[2022-12-26T13:59:26.717+0000] {sql.py:324} INFO - Rows affected: 1
[2022-12-26T13:59:26.739+0000] {taskinstance.py:1406} INFO - Marking task as SUCCESS. dag_id=exchange_rates, task_id=insert_rate_AMD_RUB, execution_date=20220713T081500, start_date=20221226T135926, end_date=20221226T135926
[2022-12-26T13:59:26.822+0000] {local_task_job.py:164} INFO - Task exited with return code 0
[2022-12-26T13:59:26.947+0000] {local_task_job.py:273} INFO - 0 downstream tasks scheduled from follow-on schedule check
[2023-01-01T14:43:24.525+0000] {taskinstance.py:1165} INFO - Dependencies all met for <TaskInstance: exchange_rates.insert_rate_AMD_RUB scheduled__2022-07-13T08:15:00+00:00 [queued]>
[2023-01-01T14:43:24.565+0000] {taskinstance.py:1165} INFO - Dependencies all met for <TaskInstance: exchange_rates.insert_rate_AMD_RUB scheduled__2022-07-13T08:15:00+00:00 [queued]>
[2023-01-01T14:43:24.567+0000] {taskinstance.py:1362} INFO - 
--------------------------------------------------------------------------------
[2023-01-01T14:43:24.569+0000] {taskinstance.py:1363} INFO - Starting attempt 1 of 1
[2023-01-01T14:43:24.569+0000] {taskinstance.py:1364} INFO - 
--------------------------------------------------------------------------------
[2023-01-01T14:43:24.621+0000] {taskinstance.py:1383} INFO - Executing <Task(PostgresOperator): insert_rate_AMD_RUB> on 2022-07-13 08:15:00+00:00
[2023-01-01T14:43:24.629+0000] {standard_task_runner.py:54} INFO - Started process 9522 to run task
[2023-01-01T14:43:24.661+0000] {standard_task_runner.py:82} INFO - Running: ['***', 'tasks', 'run', 'exchange_rates', 'insert_rate_AMD_RUB', 'scheduled__2022-07-13T08:15:00+00:00', '--job-id', '10477', '--raw', '--subdir', 'DAGS_FOLDER/exchange_rates.py', '--cfg-path', '/tmp/tmp__itw6vb']
[2023-01-01T14:43:24.672+0000] {standard_task_runner.py:83} INFO - Job 10477: Subtask insert_rate_AMD_RUB
[2023-01-01T14:43:24.673+0000] {dagbag.py:525} INFO - Filling up the DagBag from /opt/***/dags/exchange_rates.py
[2023-01-01T14:43:25.025+0000] {taskmixin.py:205} WARNING - Dependency <Task(CurrencyScoopOperator): get_rate_AMD_RUB>, insert_rate_AMD_RUB already registered for DAG: exchange_rates
[2023-01-01T14:43:25.027+0000] {taskmixin.py:205} WARNING - Dependency <Task(PostgresOperator): insert_rate_AMD_RUB>, get_rate_AMD_RUB already registered for DAG: exchange_rates
[2023-01-01T14:43:25.293+0000] {task_command.py:384} INFO - Running <TaskInstance: exchange_rates.insert_rate_AMD_RUB scheduled__2022-07-13T08:15:00+00:00 [running]> on host d383fbf2a8e7
[2023-01-01T14:43:25.402+0000] {warnings.py:110} WARNING - /home/***/.local/lib/python3.7/site-packages/***/utils/context.py:204: AirflowContextDeprecationWarning: Accessing 'execution_date' from the template is deprecated and will be removed in a future version. Please use 'data_interval_start' or 'logical_date' instead.
  warnings.warn(_create_deprecation_warning(key, self._deprecation_replacements[key]))

[2023-01-01T14:43:25.511+0000] {taskinstance.py:1592} INFO - Exporting the following env vars:
AIRFLOW_CTX_DAG_OWNER=***
AIRFLOW_CTX_DAG_ID=exchange_rates
AIRFLOW_CTX_TASK_ID=insert_rate_AMD_RUB
AIRFLOW_CTX_EXECUTION_DATE=2022-07-13T08:15:00+00:00
AIRFLOW_CTX_TRY_NUMBER=1
AIRFLOW_CTX_DAG_RUN_ID=scheduled__2022-07-13T08:15:00+00:00
[2023-01-01T14:43:25.534+0000] {base.py:71} INFO - Using connection ID 'postgres_default' for task execution.
[2023-01-01T14:43:25.540+0000] {sql.py:315} INFO - Running statement: INSERT INTO
    exchange_rates
VALUES ('AMD', 'RUB', 0.14231777, '2022-07-13')
ON CONFLICT (base, currency, date) DO
    UPDATE
        SET rate = excluded.rate;, parameters: None
[2023-01-01T14:43:25.541+0000] {sql.py:324} INFO - Rows affected: 1
[2023-01-01T14:43:25.557+0000] {taskinstance.py:1406} INFO - Marking task as SUCCESS. dag_id=exchange_rates, task_id=insert_rate_AMD_RUB, execution_date=20220713T081500, start_date=20230101T144324, end_date=20230101T144325
[2023-01-01T14:43:25.662+0000] {local_task_job.py:164} INFO - Task exited with return code 0
[2023-01-01T14:43:25.698+0000] {local_task_job.py:273} INFO - 0 downstream tasks scheduled from follow-on schedule check
