[2022-12-26T13:48:08.673+0000] {taskinstance.py:1165} INFO - Dependencies all met for <TaskInstance: exchange_rates.create_table_task scheduled__2021-11-22T08:15:00+00:00 [queued]>
[2022-12-26T13:48:08.695+0000] {taskinstance.py:1165} INFO - Dependencies all met for <TaskInstance: exchange_rates.create_table_task scheduled__2021-11-22T08:15:00+00:00 [queued]>
[2022-12-26T13:48:08.696+0000] {taskinstance.py:1362} INFO - 
--------------------------------------------------------------------------------
[2022-12-26T13:48:08.696+0000] {taskinstance.py:1363} INFO - Starting attempt 1 of 1
[2022-12-26T13:48:08.717+0000] {taskinstance.py:1364} INFO - 
--------------------------------------------------------------------------------
[2022-12-26T13:48:08.908+0000] {taskinstance.py:1383} INFO - Executing <Task(PostgresOperator): create_table_task> on 2021-11-22 08:15:00+00:00
[2022-12-26T13:48:08.913+0000] {standard_task_runner.py:54} INFO - Started process 1566 to run task
[2022-12-26T13:48:08.932+0000] {standard_task_runner.py:82} INFO - Running: ['***', 'tasks', 'run', 'exchange_rates', 'create_table_task', 'scheduled__2021-11-22T08:15:00+00:00', '--job-id', '1152', '--raw', '--subdir', 'DAGS_FOLDER/exchange_rates.py', '--cfg-path', '/tmp/tmpln4j5v3x']
[2022-12-26T13:48:08.950+0000] {standard_task_runner.py:83} INFO - Job 1152: Subtask create_table_task
[2022-12-26T13:48:08.955+0000] {dagbag.py:525} INFO - Filling up the DagBag from /opt/***/dags/exchange_rates.py
[2022-12-26T13:48:09.327+0000] {taskmixin.py:205} WARNING - Dependency <Task(CurrencyScoopOperator): get_rate_AMD_RUB>, insert_rate_AMD_RUB already registered for DAG: exchange_rates
[2022-12-26T13:48:09.333+0000] {taskmixin.py:205} WARNING - Dependency <Task(PostgresOperator): insert_rate_AMD_RUB>, get_rate_AMD_RUB already registered for DAG: exchange_rates
[2022-12-26T13:48:09.474+0000] {task_command.py:384} INFO - Running <TaskInstance: exchange_rates.create_table_task scheduled__2021-11-22T08:15:00+00:00 [running]> on host d383fbf2a8e7
[2022-12-26T13:48:09.618+0000] {taskinstance.py:1592} INFO - Exporting the following env vars:
AIRFLOW_CTX_DAG_OWNER=***
AIRFLOW_CTX_DAG_ID=exchange_rates
AIRFLOW_CTX_TASK_ID=create_table_task
AIRFLOW_CTX_EXECUTION_DATE=2021-11-22T08:15:00+00:00
AIRFLOW_CTX_TRY_NUMBER=1
AIRFLOW_CTX_DAG_RUN_ID=scheduled__2021-11-22T08:15:00+00:00
[2022-12-26T13:48:09.651+0000] {base.py:71} INFO - Using connection ID 'postgres_default' for task execution.
[2022-12-26T13:48:09.660+0000] {sql.py:315} INFO - Running statement: CREATE TABLE IF NOT EXISTS exchange_rates (
    base VARCHAR(3) NOT NULL,
    currency VARCHAR(3) NOT NULL,
    rate NUMERIC(12, 3) NOT NULL,
    date DATE NOT NULL,
    UNIQUE (base, currency, date)
);, parameters: None
[2022-12-26T13:48:09.670+0000] {postgres.py:96} INFO - NOTICE:  relation "exchange_rates" already exists, skipping

[2022-12-26T13:48:09.712+0000] {taskinstance.py:1406} INFO - Marking task as SUCCESS. dag_id=exchange_rates, task_id=create_table_task, execution_date=20211122T081500, start_date=20221226T134808, end_date=20221226T134809
[2022-12-26T13:48:09.898+0000] {local_task_job.py:164} INFO - Task exited with return code 0
[2022-12-26T13:48:10.054+0000] {local_task_job.py:273} INFO - 6 downstream tasks scheduled from follow-on schedule check
[2023-01-01T14:32:57.110+0000] {taskinstance.py:1165} INFO - Dependencies all met for <TaskInstance: exchange_rates.create_table_task scheduled__2021-11-22T08:15:00+00:00 [queued]>
[2023-01-01T14:32:57.134+0000] {taskinstance.py:1165} INFO - Dependencies all met for <TaskInstance: exchange_rates.create_table_task scheduled__2021-11-22T08:15:00+00:00 [queued]>
[2023-01-01T14:32:57.135+0000] {taskinstance.py:1362} INFO - 
--------------------------------------------------------------------------------
[2023-01-01T14:32:57.135+0000] {taskinstance.py:1363} INFO - Starting attempt 1 of 1
[2023-01-01T14:32:57.140+0000] {taskinstance.py:1364} INFO - 
--------------------------------------------------------------------------------
[2023-01-01T14:32:57.159+0000] {taskinstance.py:1383} INFO - Executing <Task(PostgresOperator): create_table_task> on 2021-11-22 08:15:00+00:00
[2023-01-01T14:32:57.163+0000] {standard_task_runner.py:54} INFO - Started process 2211 to run task
[2023-01-01T14:32:57.198+0000] {standard_task_runner.py:82} INFO - Running: ['***', 'tasks', 'run', 'exchange_rates', 'create_table_task', 'scheduled__2021-11-22T08:15:00+00:00', '--job-id', '7138', '--raw', '--subdir', 'DAGS_FOLDER/exchange_rates.py', '--cfg-path', '/tmp/tmpxn06bum7']
[2023-01-01T14:32:57.200+0000] {standard_task_runner.py:83} INFO - Job 7138: Subtask create_table_task
[2023-01-01T14:32:57.205+0000] {dagbag.py:525} INFO - Filling up the DagBag from /opt/***/dags/exchange_rates.py
[2023-01-01T14:32:57.391+0000] {taskmixin.py:205} WARNING - Dependency <Task(CurrencyScoopOperator): get_rate_AMD_RUB>, insert_rate_AMD_RUB already registered for DAG: exchange_rates
[2023-01-01T14:32:57.392+0000] {taskmixin.py:205} WARNING - Dependency <Task(PostgresOperator): insert_rate_AMD_RUB>, get_rate_AMD_RUB already registered for DAG: exchange_rates
[2023-01-01T14:32:57.606+0000] {task_command.py:384} INFO - Running <TaskInstance: exchange_rates.create_table_task scheduled__2021-11-22T08:15:00+00:00 [running]> on host d383fbf2a8e7
[2023-01-01T14:32:57.859+0000] {taskinstance.py:1592} INFO - Exporting the following env vars:
AIRFLOW_CTX_DAG_OWNER=***
AIRFLOW_CTX_DAG_ID=exchange_rates
AIRFLOW_CTX_TASK_ID=create_table_task
AIRFLOW_CTX_EXECUTION_DATE=2021-11-22T08:15:00+00:00
AIRFLOW_CTX_TRY_NUMBER=1
AIRFLOW_CTX_DAG_RUN_ID=scheduled__2021-11-22T08:15:00+00:00
[2023-01-01T14:32:57.889+0000] {base.py:71} INFO - Using connection ID 'postgres_default' for task execution.
[2023-01-01T14:32:57.891+0000] {sql.py:315} INFO - Running statement: CREATE TABLE IF NOT EXISTS exchange_rates (
    base VARCHAR(3) NOT NULL,
    currency VARCHAR(3) NOT NULL,
    rate NUMERIC(12, 3) NOT NULL,
    date DATE NOT NULL,
    UNIQUE (base, currency, date)
);, parameters: None
[2023-01-01T14:32:57.893+0000] {postgres.py:96} INFO - NOTICE:  relation "exchange_rates" already exists, skipping

[2023-01-01T14:32:57.906+0000] {taskinstance.py:1406} INFO - Marking task as SUCCESS. dag_id=exchange_rates, task_id=create_table_task, execution_date=20211122T081500, start_date=20230101T143257, end_date=20230101T143257
[2023-01-01T14:32:57.963+0000] {local_task_job.py:164} INFO - Task exited with return code 0
[2023-01-01T14:32:58.037+0000] {local_task_job.py:273} INFO - 6 downstream tasks scheduled from follow-on schedule check
