[2022-12-26T13:57:48.920+0000] {taskinstance.py:1165} INFO - Dependencies all met for <TaskInstance: exchange_rates.insert_rate_RUB_AMD scheduled__2022-06-06T08:15:00+00:00 [queued]>
[2022-12-26T13:57:48.973+0000] {taskinstance.py:1165} INFO - Dependencies all met for <TaskInstance: exchange_rates.insert_rate_RUB_AMD scheduled__2022-06-06T08:15:00+00:00 [queued]>
[2022-12-26T13:57:48.978+0000] {taskinstance.py:1362} INFO - 
--------------------------------------------------------------------------------
[2022-12-26T13:57:48.978+0000] {taskinstance.py:1363} INFO - Starting attempt 1 of 1
[2022-12-26T13:57:48.979+0000] {taskinstance.py:1364} INFO - 
--------------------------------------------------------------------------------
[2022-12-26T13:57:49.025+0000] {taskinstance.py:1383} INFO - Executing <Task(PostgresOperator): insert_rate_RUB_AMD> on 2022-06-06 08:15:00+00:00
[2022-12-26T13:57:49.034+0000] {standard_task_runner.py:54} INFO - Started process 7846 to run task
[2022-12-26T13:57:49.055+0000] {standard_task_runner.py:82} INFO - Running: ['***', 'tasks', 'run', 'exchange_rates', 'insert_rate_RUB_AMD', 'scheduled__2022-06-06T08:15:00+00:00', '--job-id', '4018', '--raw', '--subdir', 'DAGS_FOLDER/exchange_rates.py', '--cfg-path', '/tmp/tmpzq8ttx_z']
[2022-12-26T13:57:49.059+0000] {standard_task_runner.py:83} INFO - Job 4018: Subtask insert_rate_RUB_AMD
[2022-12-26T13:57:49.060+0000] {dagbag.py:525} INFO - Filling up the DagBag from /opt/***/dags/exchange_rates.py
[2022-12-26T13:57:49.384+0000] {taskmixin.py:205} WARNING - Dependency <Task(CurrencyScoopOperator): get_rate_AMD_RUB>, insert_rate_AMD_RUB already registered for DAG: exchange_rates
[2022-12-26T13:57:49.389+0000] {taskmixin.py:205} WARNING - Dependency <Task(PostgresOperator): insert_rate_AMD_RUB>, get_rate_AMD_RUB already registered for DAG: exchange_rates
[2022-12-26T13:57:49.738+0000] {task_command.py:384} INFO - Running <TaskInstance: exchange_rates.insert_rate_RUB_AMD scheduled__2022-06-06T08:15:00+00:00 [running]> on host d383fbf2a8e7
[2022-12-26T13:57:49.830+0000] {warnings.py:110} WARNING - /home/***/.local/lib/python3.7/site-packages/***/utils/context.py:204: AirflowContextDeprecationWarning: Accessing 'execution_date' from the template is deprecated and will be removed in a future version. Please use 'data_interval_start' or 'logical_date' instead.
  warnings.warn(_create_deprecation_warning(key, self._deprecation_replacements[key]))

[2022-12-26T13:57:49.943+0000] {taskinstance.py:1592} INFO - Exporting the following env vars:
AIRFLOW_CTX_DAG_OWNER=***
AIRFLOW_CTX_DAG_ID=exchange_rates
AIRFLOW_CTX_TASK_ID=insert_rate_RUB_AMD
AIRFLOW_CTX_EXECUTION_DATE=2022-06-06T08:15:00+00:00
AIRFLOW_CTX_TRY_NUMBER=1
AIRFLOW_CTX_DAG_RUN_ID=scheduled__2022-06-06T08:15:00+00:00
[2022-12-26T13:57:49.988+0000] {base.py:71} INFO - Using connection ID 'postgres_default' for task execution.
[2022-12-26T13:57:49.997+0000] {sql.py:315} INFO - Running statement: INSERT INTO
    exchange_rates
VALUES ('RUB', 'AMD', 7.27763274, '2022-06-06')
ON CONFLICT (base, currency, date) DO
    UPDATE
        SET rate = excluded.rate;, parameters: None
[2022-12-26T13:57:50.000+0000] {sql.py:324} INFO - Rows affected: 1
[2022-12-26T13:57:50.037+0000] {taskinstance.py:1406} INFO - Marking task as SUCCESS. dag_id=exchange_rates, task_id=insert_rate_RUB_AMD, execution_date=20220606T081500, start_date=20221226T135748, end_date=20221226T135750
[2022-12-26T13:57:50.141+0000] {local_task_job.py:164} INFO - Task exited with return code 0
[2022-12-26T13:57:50.183+0000] {local_task_job.py:273} INFO - 1 downstream tasks scheduled from follow-on schedule check
[2023-01-01T14:41:56.886+0000] {taskinstance.py:1165} INFO - Dependencies all met for <TaskInstance: exchange_rates.insert_rate_RUB_AMD scheduled__2022-06-06T08:15:00+00:00 [queued]>
[2023-01-01T14:41:56.925+0000] {taskinstance.py:1165} INFO - Dependencies all met for <TaskInstance: exchange_rates.insert_rate_RUB_AMD scheduled__2022-06-06T08:15:00+00:00 [queued]>
[2023-01-01T14:41:56.927+0000] {taskinstance.py:1362} INFO - 
--------------------------------------------------------------------------------
[2023-01-01T14:41:56.929+0000] {taskinstance.py:1363} INFO - Starting attempt 1 of 1
[2023-01-01T14:41:56.929+0000] {taskinstance.py:1364} INFO - 
--------------------------------------------------------------------------------
[2023-01-01T14:41:57.013+0000] {taskinstance.py:1383} INFO - Executing <Task(PostgresOperator): insert_rate_RUB_AMD> on 2022-06-06 08:15:00+00:00
[2023-01-01T14:41:57.026+0000] {standard_task_runner.py:54} INFO - Started process 8459 to run task
[2023-01-01T14:41:57.031+0000] {standard_task_runner.py:82} INFO - Running: ['***', 'tasks', 'run', 'exchange_rates', 'insert_rate_RUB_AMD', 'scheduled__2022-06-06T08:15:00+00:00', '--job-id', '9990', '--raw', '--subdir', 'DAGS_FOLDER/exchange_rates.py', '--cfg-path', '/tmp/tmpv_ivm38b']
[2023-01-01T14:41:57.050+0000] {standard_task_runner.py:83} INFO - Job 9990: Subtask insert_rate_RUB_AMD
[2023-01-01T14:41:57.053+0000] {dagbag.py:525} INFO - Filling up the DagBag from /opt/***/dags/exchange_rates.py
[2023-01-01T14:41:57.296+0000] {taskmixin.py:205} WARNING - Dependency <Task(CurrencyScoopOperator): get_rate_AMD_RUB>, insert_rate_AMD_RUB already registered for DAG: exchange_rates
[2023-01-01T14:41:57.297+0000] {taskmixin.py:205} WARNING - Dependency <Task(PostgresOperator): insert_rate_AMD_RUB>, get_rate_AMD_RUB already registered for DAG: exchange_rates
[2023-01-01T14:41:57.482+0000] {task_command.py:384} INFO - Running <TaskInstance: exchange_rates.insert_rate_RUB_AMD scheduled__2022-06-06T08:15:00+00:00 [running]> on host d383fbf2a8e7
[2023-01-01T14:41:57.578+0000] {warnings.py:110} WARNING - /home/***/.local/lib/python3.7/site-packages/***/utils/context.py:204: AirflowContextDeprecationWarning: Accessing 'execution_date' from the template is deprecated and will be removed in a future version. Please use 'data_interval_start' or 'logical_date' instead.
  warnings.warn(_create_deprecation_warning(key, self._deprecation_replacements[key]))

[2023-01-01T14:41:57.688+0000] {taskinstance.py:1592} INFO - Exporting the following env vars:
AIRFLOW_CTX_DAG_OWNER=***
AIRFLOW_CTX_DAG_ID=exchange_rates
AIRFLOW_CTX_TASK_ID=insert_rate_RUB_AMD
AIRFLOW_CTX_EXECUTION_DATE=2022-06-06T08:15:00+00:00
AIRFLOW_CTX_TRY_NUMBER=1
AIRFLOW_CTX_DAG_RUN_ID=scheduled__2022-06-06T08:15:00+00:00
[2023-01-01T14:41:57.721+0000] {base.py:71} INFO - Using connection ID 'postgres_default' for task execution.
[2023-01-01T14:41:57.727+0000] {sql.py:315} INFO - Running statement: INSERT INTO
    exchange_rates
VALUES ('RUB', 'AMD', 7.27763274, '2022-06-06')
ON CONFLICT (base, currency, date) DO
    UPDATE
        SET rate = excluded.rate;, parameters: None
[2023-01-01T14:41:57.731+0000] {sql.py:324} INFO - Rows affected: 1
[2023-01-01T14:41:57.761+0000] {taskinstance.py:1406} INFO - Marking task as SUCCESS. dag_id=exchange_rates, task_id=insert_rate_RUB_AMD, execution_date=20220606T081500, start_date=20230101T144156, end_date=20230101T144157
[2023-01-01T14:41:57.827+0000] {local_task_job.py:164} INFO - Task exited with return code 0
[2023-01-01T14:41:57.978+0000] {local_task_job.py:273} INFO - 0 downstream tasks scheduled from follow-on schedule check
