[2022-12-26T13:48:10.042+0000] {taskinstance.py:1165} INFO - Dependencies all met for <TaskInstance: exchange_rates.create_table_task scheduled__2021-11-25T08:15:00+00:00 [queued]>
[2022-12-26T13:48:10.113+0000] {taskinstance.py:1165} INFO - Dependencies all met for <TaskInstance: exchange_rates.create_table_task scheduled__2021-11-25T08:15:00+00:00 [queued]>
[2022-12-26T13:48:10.114+0000] {taskinstance.py:1362} INFO - 
--------------------------------------------------------------------------------
[2022-12-26T13:48:10.115+0000] {taskinstance.py:1363} INFO - Starting attempt 1 of 1
[2022-12-26T13:48:10.116+0000] {taskinstance.py:1364} INFO - 
--------------------------------------------------------------------------------
[2022-12-26T13:48:10.179+0000] {taskinstance.py:1383} INFO - Executing <Task(PostgresOperator): create_table_task> on 2021-11-25 08:15:00+00:00
[2022-12-26T13:48:10.187+0000] {standard_task_runner.py:54} INFO - Started process 1582 to run task
[2022-12-26T13:48:10.214+0000] {standard_task_runner.py:82} INFO - Running: ['***', 'tasks', 'run', 'exchange_rates', 'create_table_task', 'scheduled__2021-11-25T08:15:00+00:00', '--job-id', '1166', '--raw', '--subdir', 'DAGS_FOLDER/exchange_rates.py', '--cfg-path', '/tmp/tmphusg6t6w']
[2022-12-26T13:48:10.221+0000] {standard_task_runner.py:83} INFO - Job 1166: Subtask create_table_task
[2022-12-26T13:48:10.233+0000] {dagbag.py:525} INFO - Filling up the DagBag from /opt/***/dags/exchange_rates.py
[2022-12-26T13:48:10.499+0000] {taskmixin.py:205} WARNING - Dependency <Task(CurrencyScoopOperator): get_rate_AMD_RUB>, insert_rate_AMD_RUB already registered for DAG: exchange_rates
[2022-12-26T13:48:10.499+0000] {taskmixin.py:205} WARNING - Dependency <Task(PostgresOperator): insert_rate_AMD_RUB>, get_rate_AMD_RUB already registered for DAG: exchange_rates
[2022-12-26T13:48:10.702+0000] {task_command.py:384} INFO - Running <TaskInstance: exchange_rates.create_table_task scheduled__2021-11-25T08:15:00+00:00 [running]> on host d383fbf2a8e7
[2022-12-26T13:48:10.974+0000] {taskinstance.py:1592} INFO - Exporting the following env vars:
AIRFLOW_CTX_DAG_OWNER=***
AIRFLOW_CTX_DAG_ID=exchange_rates
AIRFLOW_CTX_TASK_ID=create_table_task
AIRFLOW_CTX_EXECUTION_DATE=2021-11-25T08:15:00+00:00
AIRFLOW_CTX_TRY_NUMBER=1
AIRFLOW_CTX_DAG_RUN_ID=scheduled__2021-11-25T08:15:00+00:00
[2022-12-26T13:48:10.996+0000] {base.py:71} INFO - Using connection ID 'postgres_default' for task execution.
[2022-12-26T13:48:11.007+0000] {sql.py:315} INFO - Running statement: CREATE TABLE IF NOT EXISTS exchange_rates (
    base VARCHAR(3) NOT NULL,
    currency VARCHAR(3) NOT NULL,
    rate NUMERIC(12, 3) NOT NULL,
    date DATE NOT NULL,
    UNIQUE (base, currency, date)
);, parameters: None
[2022-12-26T13:48:11.009+0000] {postgres.py:96} INFO - NOTICE:  relation "exchange_rates" already exists, skipping

[2022-12-26T13:48:11.028+0000] {taskinstance.py:1406} INFO - Marking task as SUCCESS. dag_id=exchange_rates, task_id=create_table_task, execution_date=20211125T081500, start_date=20221226T134810, end_date=20221226T134811
[2022-12-26T13:48:11.106+0000] {local_task_job.py:164} INFO - Task exited with return code 0
[2022-12-26T13:48:11.291+0000] {local_task_job.py:273} INFO - 0 downstream tasks scheduled from follow-on schedule check
[2023-01-01T14:32:58.225+0000] {taskinstance.py:1165} INFO - Dependencies all met for <TaskInstance: exchange_rates.create_table_task scheduled__2021-11-25T08:15:00+00:00 [queued]>
[2023-01-01T14:32:58.261+0000] {taskinstance.py:1165} INFO - Dependencies all met for <TaskInstance: exchange_rates.create_table_task scheduled__2021-11-25T08:15:00+00:00 [queued]>
[2023-01-01T14:32:58.262+0000] {taskinstance.py:1362} INFO - 
--------------------------------------------------------------------------------
[2023-01-01T14:32:58.262+0000] {taskinstance.py:1363} INFO - Starting attempt 1 of 1
[2023-01-01T14:32:58.263+0000] {taskinstance.py:1364} INFO - 
--------------------------------------------------------------------------------
[2023-01-01T14:32:58.286+0000] {taskinstance.py:1383} INFO - Executing <Task(PostgresOperator): create_table_task> on 2021-11-25 08:15:00+00:00
[2023-01-01T14:32:58.296+0000] {standard_task_runner.py:54} INFO - Started process 2229 to run task
[2023-01-01T14:32:58.312+0000] {standard_task_runner.py:82} INFO - Running: ['***', 'tasks', 'run', 'exchange_rates', 'create_table_task', 'scheduled__2021-11-25T08:15:00+00:00', '--job-id', '7148', '--raw', '--subdir', 'DAGS_FOLDER/exchange_rates.py', '--cfg-path', '/tmp/tmpf03ylif9']
[2023-01-01T14:32:58.319+0000] {standard_task_runner.py:83} INFO - Job 7148: Subtask create_table_task
[2023-01-01T14:32:58.320+0000] {dagbag.py:525} INFO - Filling up the DagBag from /opt/***/dags/exchange_rates.py
[2023-01-01T14:32:58.508+0000] {taskmixin.py:205} WARNING - Dependency <Task(CurrencyScoopOperator): get_rate_AMD_RUB>, insert_rate_AMD_RUB already registered for DAG: exchange_rates
[2023-01-01T14:32:58.511+0000] {taskmixin.py:205} WARNING - Dependency <Task(PostgresOperator): insert_rate_AMD_RUB>, get_rate_AMD_RUB already registered for DAG: exchange_rates
[2023-01-01T14:32:58.677+0000] {task_command.py:384} INFO - Running <TaskInstance: exchange_rates.create_table_task scheduled__2021-11-25T08:15:00+00:00 [running]> on host d383fbf2a8e7
[2023-01-01T14:32:58.782+0000] {taskinstance.py:1592} INFO - Exporting the following env vars:
AIRFLOW_CTX_DAG_OWNER=***
AIRFLOW_CTX_DAG_ID=exchange_rates
AIRFLOW_CTX_TASK_ID=create_table_task
AIRFLOW_CTX_EXECUTION_DATE=2021-11-25T08:15:00+00:00
AIRFLOW_CTX_TRY_NUMBER=1
AIRFLOW_CTX_DAG_RUN_ID=scheduled__2021-11-25T08:15:00+00:00
[2023-01-01T14:32:58.793+0000] {base.py:71} INFO - Using connection ID 'postgres_default' for task execution.
[2023-01-01T14:32:58.797+0000] {sql.py:315} INFO - Running statement: CREATE TABLE IF NOT EXISTS exchange_rates (
    base VARCHAR(3) NOT NULL,
    currency VARCHAR(3) NOT NULL,
    rate NUMERIC(12, 3) NOT NULL,
    date DATE NOT NULL,
    UNIQUE (base, currency, date)
);, parameters: None
[2023-01-01T14:32:58.798+0000] {postgres.py:96} INFO - NOTICE:  relation "exchange_rates" already exists, skipping

[2023-01-01T14:32:58.813+0000] {taskinstance.py:1406} INFO - Marking task as SUCCESS. dag_id=exchange_rates, task_id=create_table_task, execution_date=20211125T081500, start_date=20230101T143258, end_date=20230101T143258
[2023-01-01T14:32:58.842+0000] {local_task_job.py:164} INFO - Task exited with return code 0
[2023-01-01T14:32:58.870+0000] {local_task_job.py:273} INFO - 6 downstream tasks scheduled from follow-on schedule check
