[2022-12-26T13:48:38.578+0000] {taskinstance.py:1165} INFO - Dependencies all met for <TaskInstance: exchange_rates.insert_rate_USD_RUB scheduled__2021-11-25T08:15:00+00:00 [queued]>
[2022-12-26T13:48:38.586+0000] {taskinstance.py:1165} INFO - Dependencies all met for <TaskInstance: exchange_rates.insert_rate_USD_RUB scheduled__2021-11-25T08:15:00+00:00 [queued]>
[2022-12-26T13:48:38.587+0000] {taskinstance.py:1362} INFO - 
--------------------------------------------------------------------------------
[2022-12-26T13:48:38.587+0000] {taskinstance.py:1363} INFO - Starting attempt 1 of 1
[2022-12-26T13:48:38.588+0000] {taskinstance.py:1364} INFO - 
--------------------------------------------------------------------------------
[2022-12-26T13:48:38.608+0000] {taskinstance.py:1383} INFO - Executing <Task(PostgresOperator): insert_rate_USD_RUB> on 2021-11-25 08:15:00+00:00
[2022-12-26T13:48:38.634+0000] {standard_task_runner.py:54} INFO - Started process 1889 to run task
[2022-12-26T13:48:38.646+0000] {standard_task_runner.py:82} INFO - Running: ['***', 'tasks', 'run', 'exchange_rates', 'insert_rate_USD_RUB', 'scheduled__2021-11-25T08:15:00+00:00', '--job-id', '1312', '--raw', '--subdir', 'DAGS_FOLDER/exchange_rates.py', '--cfg-path', '/tmp/tmpdtfz4hro']
[2022-12-26T13:48:38.655+0000] {standard_task_runner.py:83} INFO - Job 1312: Subtask insert_rate_USD_RUB
[2022-12-26T13:48:38.658+0000] {dagbag.py:525} INFO - Filling up the DagBag from /opt/***/dags/exchange_rates.py
[2022-12-26T13:48:38.920+0000] {taskmixin.py:205} WARNING - Dependency <Task(CurrencyScoopOperator): get_rate_AMD_RUB>, insert_rate_AMD_RUB already registered for DAG: exchange_rates
[2022-12-26T13:48:38.921+0000] {taskmixin.py:205} WARNING - Dependency <Task(PostgresOperator): insert_rate_AMD_RUB>, get_rate_AMD_RUB already registered for DAG: exchange_rates
[2022-12-26T13:48:39.247+0000] {task_command.py:384} INFO - Running <TaskInstance: exchange_rates.insert_rate_USD_RUB scheduled__2021-11-25T08:15:00+00:00 [running]> on host d383fbf2a8e7
[2022-12-26T13:48:39.354+0000] {warnings.py:110} WARNING - /home/***/.local/lib/python3.7/site-packages/***/utils/context.py:204: AirflowContextDeprecationWarning: Accessing 'execution_date' from the template is deprecated and will be removed in a future version. Please use 'data_interval_start' or 'logical_date' instead.
  warnings.warn(_create_deprecation_warning(key, self._deprecation_replacements[key]))

[2022-12-26T13:48:39.606+0000] {taskinstance.py:1592} INFO - Exporting the following env vars:
AIRFLOW_CTX_DAG_OWNER=***
AIRFLOW_CTX_DAG_ID=exchange_rates
AIRFLOW_CTX_TASK_ID=insert_rate_USD_RUB
AIRFLOW_CTX_EXECUTION_DATE=2021-11-25T08:15:00+00:00
AIRFLOW_CTX_TRY_NUMBER=1
AIRFLOW_CTX_DAG_RUN_ID=scheduled__2021-11-25T08:15:00+00:00
[2022-12-26T13:48:39.620+0000] {base.py:71} INFO - Using connection ID 'postgres_default' for task execution.
[2022-12-26T13:48:39.623+0000] {sql.py:315} INFO - Running statement: INSERT INTO
    exchange_rates
VALUES ('USD', 'RUB', 75.33835942, '2021-11-25')
ON CONFLICT (base, currency, date) DO
    UPDATE
        SET rate = excluded.rate;, parameters: None
[2022-12-26T13:48:39.625+0000] {sql.py:324} INFO - Rows affected: 1
[2022-12-26T13:48:39.647+0000] {taskinstance.py:1406} INFO - Marking task as SUCCESS. dag_id=exchange_rates, task_id=insert_rate_USD_RUB, execution_date=20211125T081500, start_date=20221226T134838, end_date=20221226T134839
[2022-12-26T13:48:39.852+0000] {local_task_job.py:164} INFO - Task exited with return code 0
[2022-12-26T13:48:40.004+0000] {local_task_job.py:273} INFO - 0 downstream tasks scheduled from follow-on schedule check
[2023-01-01T14:33:20.333+0000] {taskinstance.py:1165} INFO - Dependencies all met for <TaskInstance: exchange_rates.insert_rate_USD_RUB scheduled__2021-11-25T08:15:00+00:00 [queued]>
[2023-01-01T14:33:20.361+0000] {taskinstance.py:1165} INFO - Dependencies all met for <TaskInstance: exchange_rates.insert_rate_USD_RUB scheduled__2021-11-25T08:15:00+00:00 [queued]>
[2023-01-01T14:33:20.361+0000] {taskinstance.py:1362} INFO - 
--------------------------------------------------------------------------------
[2023-01-01T14:33:20.362+0000] {taskinstance.py:1363} INFO - Starting attempt 1 of 1
[2023-01-01T14:33:20.362+0000] {taskinstance.py:1364} INFO - 
--------------------------------------------------------------------------------
[2023-01-01T14:33:20.398+0000] {taskinstance.py:1383} INFO - Executing <Task(PostgresOperator): insert_rate_USD_RUB> on 2021-11-25 08:15:00+00:00
[2023-01-01T14:33:20.407+0000] {standard_task_runner.py:54} INFO - Started process 2527 to run task
[2023-01-01T14:33:20.424+0000] {standard_task_runner.py:82} INFO - Running: ['***', 'tasks', 'run', 'exchange_rates', 'insert_rate_USD_RUB', 'scheduled__2021-11-25T08:15:00+00:00', '--job-id', '7290', '--raw', '--subdir', 'DAGS_FOLDER/exchange_rates.py', '--cfg-path', '/tmp/tmpexc1_o2o']
[2023-01-01T14:33:20.426+0000] {standard_task_runner.py:83} INFO - Job 7290: Subtask insert_rate_USD_RUB
[2023-01-01T14:33:20.427+0000] {dagbag.py:525} INFO - Filling up the DagBag from /opt/***/dags/exchange_rates.py
[2023-01-01T14:33:20.643+0000] {taskmixin.py:205} WARNING - Dependency <Task(CurrencyScoopOperator): get_rate_AMD_RUB>, insert_rate_AMD_RUB already registered for DAG: exchange_rates
[2023-01-01T14:33:20.652+0000] {taskmixin.py:205} WARNING - Dependency <Task(PostgresOperator): insert_rate_AMD_RUB>, get_rate_AMD_RUB already registered for DAG: exchange_rates
[2023-01-01T14:33:20.780+0000] {task_command.py:384} INFO - Running <TaskInstance: exchange_rates.insert_rate_USD_RUB scheduled__2021-11-25T08:15:00+00:00 [running]> on host d383fbf2a8e7
[2023-01-01T14:33:20.855+0000] {warnings.py:110} WARNING - /home/***/.local/lib/python3.7/site-packages/***/utils/context.py:204: AirflowContextDeprecationWarning: Accessing 'execution_date' from the template is deprecated and will be removed in a future version. Please use 'data_interval_start' or 'logical_date' instead.
  warnings.warn(_create_deprecation_warning(key, self._deprecation_replacements[key]))

[2023-01-01T14:33:21.030+0000] {taskinstance.py:1592} INFO - Exporting the following env vars:
AIRFLOW_CTX_DAG_OWNER=***
AIRFLOW_CTX_DAG_ID=exchange_rates
AIRFLOW_CTX_TASK_ID=insert_rate_USD_RUB
AIRFLOW_CTX_EXECUTION_DATE=2021-11-25T08:15:00+00:00
AIRFLOW_CTX_TRY_NUMBER=1
AIRFLOW_CTX_DAG_RUN_ID=scheduled__2021-11-25T08:15:00+00:00
[2023-01-01T14:33:21.044+0000] {base.py:71} INFO - Using connection ID 'postgres_default' for task execution.
[2023-01-01T14:33:21.050+0000] {sql.py:315} INFO - Running statement: INSERT INTO
    exchange_rates
VALUES ('USD', 'RUB', 75.33835942, '2021-11-25')
ON CONFLICT (base, currency, date) DO
    UPDATE
        SET rate = excluded.rate;, parameters: None
[2023-01-01T14:33:21.051+0000] {sql.py:324} INFO - Rows affected: 1
[2023-01-01T14:33:21.067+0000] {taskinstance.py:1406} INFO - Marking task as SUCCESS. dag_id=exchange_rates, task_id=insert_rate_USD_RUB, execution_date=20211125T081500, start_date=20230101T143320, end_date=20230101T143321
[2023-01-01T14:33:21.168+0000] {local_task_job.py:164} INFO - Task exited with return code 0
[2023-01-01T14:33:21.229+0000] {local_task_job.py:273} INFO - 0 downstream tasks scheduled from follow-on schedule check
