[2022-12-26T14:02:08.596+0000] {taskinstance.py:1165} INFO - Dependencies all met for <TaskInstance: exchange_rates.get_rate_AMD_RUB scheduled__2022-09-09T08:15:00+00:00 [queued]>
[2022-12-26T14:02:08.655+0000] {taskinstance.py:1165} INFO - Dependencies all met for <TaskInstance: exchange_rates.get_rate_AMD_RUB scheduled__2022-09-09T08:15:00+00:00 [queued]>
[2022-12-26T14:02:08.662+0000] {taskinstance.py:1362} INFO - 
--------------------------------------------------------------------------------
[2022-12-26T14:02:08.663+0000] {taskinstance.py:1363} INFO - Starting attempt 1 of 1
[2022-12-26T14:02:08.664+0000] {taskinstance.py:1364} INFO - 
--------------------------------------------------------------------------------
[2022-12-26T14:02:08.784+0000] {taskinstance.py:1383} INFO - Executing <Task(CurrencyScoopOperator): get_rate_AMD_RUB> on 2022-09-09 08:15:00+00:00
[2022-12-26T14:02:08.788+0000] {standard_task_runner.py:54} INFO - Started process 10602 to run task
[2022-12-26T14:02:08.816+0000] {standard_task_runner.py:82} INFO - Running: ['***', 'tasks', 'run', 'exchange_rates', 'get_rate_AMD_RUB', 'scheduled__2022-09-09T08:15:00+00:00', '--job-id', '5266', '--raw', '--subdir', 'DAGS_FOLDER/exchange_rates.py', '--cfg-path', '/tmp/tmpaeq61voc']
[2022-12-26T14:02:08.823+0000] {standard_task_runner.py:83} INFO - Job 5266: Subtask get_rate_AMD_RUB
[2022-12-26T14:02:08.827+0000] {dagbag.py:525} INFO - Filling up the DagBag from /opt/***/dags/exchange_rates.py
[2022-12-26T14:02:09.108+0000] {taskmixin.py:205} WARNING - Dependency <Task(CurrencyScoopOperator): get_rate_AMD_RUB>, insert_rate_AMD_RUB already registered for DAG: exchange_rates
[2022-12-26T14:02:09.110+0000] {taskmixin.py:205} WARNING - Dependency <Task(PostgresOperator): insert_rate_AMD_RUB>, get_rate_AMD_RUB already registered for DAG: exchange_rates
[2022-12-26T14:02:09.335+0000] {task_command.py:384} INFO - Running <TaskInstance: exchange_rates.get_rate_AMD_RUB scheduled__2022-09-09T08:15:00+00:00 [running]> on host d383fbf2a8e7
[2022-12-26T14:02:09.523+0000] {taskinstance.py:1592} INFO - Exporting the following env vars:
AIRFLOW_CTX_DAG_OWNER=***
AIRFLOW_CTX_DAG_ID=exchange_rates
AIRFLOW_CTX_TASK_ID=get_rate_AMD_RUB
AIRFLOW_CTX_EXECUTION_DATE=2022-09-09T08:15:00+00:00
AIRFLOW_CTX_TRY_NUMBER=1
AIRFLOW_CTX_DAG_RUN_ID=scheduled__2022-09-09T08:15:00+00:00
[2022-12-26T14:02:09.524+0000] {warnings.py:110} WARNING - /home/***/.local/lib/python3.7/site-packages/***/utils/context.py:204: AirflowContextDeprecationWarning: Accessing 'execution_date' from the template is deprecated and will be removed in a future version. Please use 'data_interval_start' or 'logical_date' instead.
  warnings.warn(_create_deprecation_warning(key, self._deprecation_replacements[key]))

[2022-12-26T14:02:09.542+0000] {base.py:71} INFO - Using connection ID 'currency_conn_id' for task execution.
[2022-12-26T14:02:10.052+0000] {taskinstance.py:1406} INFO - Marking task as SUCCESS. dag_id=exchange_rates, task_id=get_rate_AMD_RUB, execution_date=20220909T081500, start_date=20221226T140208, end_date=20221226T140210
[2022-12-26T14:02:10.135+0000] {local_task_job.py:164} INFO - Task exited with return code 0
[2022-12-26T14:02:10.219+0000] {local_task_job.py:273} INFO - 1 downstream tasks scheduled from follow-on schedule check
[2023-01-01T14:45:46.949+0000] {taskinstance.py:1165} INFO - Dependencies all met for <TaskInstance: exchange_rates.get_rate_AMD_RUB scheduled__2022-09-09T08:15:00+00:00 [queued]>
[2023-01-01T14:45:46.990+0000] {taskinstance.py:1165} INFO - Dependencies all met for <TaskInstance: exchange_rates.get_rate_AMD_RUB scheduled__2022-09-09T08:15:00+00:00 [queued]>
[2023-01-01T14:45:46.992+0000] {taskinstance.py:1362} INFO - 
--------------------------------------------------------------------------------
[2023-01-01T14:45:46.993+0000] {taskinstance.py:1363} INFO - Starting attempt 1 of 1
[2023-01-01T14:45:46.993+0000] {taskinstance.py:1364} INFO - 
--------------------------------------------------------------------------------
[2023-01-01T14:45:47.052+0000] {taskinstance.py:1383} INFO - Executing <Task(CurrencyScoopOperator): get_rate_AMD_RUB> on 2022-09-09 08:15:00+00:00
[2023-01-01T14:45:47.059+0000] {standard_task_runner.py:54} INFO - Started process 11226 to run task
[2023-01-01T14:45:47.100+0000] {standard_task_runner.py:82} INFO - Running: ['***', 'tasks', 'run', 'exchange_rates', 'get_rate_AMD_RUB', 'scheduled__2022-09-09T08:15:00+00:00', '--job-id', '11249', '--raw', '--subdir', 'DAGS_FOLDER/exchange_rates.py', '--cfg-path', '/tmp/tmpb7dqtse8']
[2023-01-01T14:45:47.101+0000] {standard_task_runner.py:83} INFO - Job 11249: Subtask get_rate_AMD_RUB
[2023-01-01T14:45:47.102+0000] {dagbag.py:525} INFO - Filling up the DagBag from /opt/***/dags/exchange_rates.py
[2023-01-01T14:45:47.322+0000] {taskmixin.py:205} WARNING - Dependency <Task(CurrencyScoopOperator): get_rate_AMD_RUB>, insert_rate_AMD_RUB already registered for DAG: exchange_rates
[2023-01-01T14:45:47.327+0000] {taskmixin.py:205} WARNING - Dependency <Task(PostgresOperator): insert_rate_AMD_RUB>, get_rate_AMD_RUB already registered for DAG: exchange_rates
[2023-01-01T14:45:47.491+0000] {task_command.py:384} INFO - Running <TaskInstance: exchange_rates.get_rate_AMD_RUB scheduled__2022-09-09T08:15:00+00:00 [running]> on host d383fbf2a8e7
[2023-01-01T14:45:47.656+0000] {taskinstance.py:1592} INFO - Exporting the following env vars:
AIRFLOW_CTX_DAG_OWNER=***
AIRFLOW_CTX_DAG_ID=exchange_rates
AIRFLOW_CTX_TASK_ID=get_rate_AMD_RUB
AIRFLOW_CTX_EXECUTION_DATE=2022-09-09T08:15:00+00:00
AIRFLOW_CTX_TRY_NUMBER=1
AIRFLOW_CTX_DAG_RUN_ID=scheduled__2022-09-09T08:15:00+00:00
[2023-01-01T14:45:47.681+0000] {warnings.py:110} WARNING - /home/***/.local/lib/python3.7/site-packages/***/utils/context.py:204: AirflowContextDeprecationWarning: Accessing 'execution_date' from the template is deprecated and will be removed in a future version. Please use 'data_interval_start' or 'logical_date' instead.
  warnings.warn(_create_deprecation_warning(key, self._deprecation_replacements[key]))

[2023-01-01T14:45:47.713+0000] {base.py:71} INFO - Using connection ID 'currency_conn_id' for task execution.
[2023-01-01T14:45:48.088+0000] {taskinstance.py:1406} INFO - Marking task as SUCCESS. dag_id=exchange_rates, task_id=get_rate_AMD_RUB, execution_date=20220909T081500, start_date=20230101T144546, end_date=20230101T144548
[2023-01-01T14:45:48.136+0000] {local_task_job.py:164} INFO - Task exited with return code 0
[2023-01-01T14:45:48.202+0000] {local_task_job.py:273} INFO - 1 downstream tasks scheduled from follow-on schedule check
