[2022-12-26T13:50:51.240+0000] {taskinstance.py:1165} INFO - Dependencies all met for <TaskInstance: exchange_rates.get_rate_RUB_AMD scheduled__2022-01-13T08:15:00+00:00 [queued]>
[2022-12-26T13:50:51.298+0000] {taskinstance.py:1165} INFO - Dependencies all met for <TaskInstance: exchange_rates.get_rate_RUB_AMD scheduled__2022-01-13T08:15:00+00:00 [queued]>
[2022-12-26T13:50:51.314+0000] {taskinstance.py:1362} INFO - 
--------------------------------------------------------------------------------
[2022-12-26T13:50:51.317+0000] {taskinstance.py:1363} INFO - Starting attempt 1 of 1
[2022-12-26T13:50:51.329+0000] {taskinstance.py:1364} INFO - 
--------------------------------------------------------------------------------
[2022-12-26T13:50:51.409+0000] {taskinstance.py:1383} INFO - Executing <Task(CurrencyScoopOperator): get_rate_RUB_AMD> on 2022-01-13 08:15:00+00:00
[2022-12-26T13:50:51.433+0000] {standard_task_runner.py:54} INFO - Started process 3193 to run task
[2022-12-26T13:50:51.458+0000] {standard_task_runner.py:82} INFO - Running: ['***', 'tasks', 'run', 'exchange_rates', 'get_rate_RUB_AMD', 'scheduled__2022-01-13T08:15:00+00:00', '--job-id', '1897', '--raw', '--subdir', 'DAGS_FOLDER/exchange_rates.py', '--cfg-path', '/tmp/tmpxupawh6b']
[2022-12-26T13:50:51.460+0000] {standard_task_runner.py:83} INFO - Job 1897: Subtask get_rate_RUB_AMD
[2022-12-26T13:50:51.461+0000] {dagbag.py:525} INFO - Filling up the DagBag from /opt/***/dags/exchange_rates.py
[2022-12-26T13:50:51.772+0000] {taskmixin.py:205} WARNING - Dependency <Task(CurrencyScoopOperator): get_rate_AMD_RUB>, insert_rate_AMD_RUB already registered for DAG: exchange_rates
[2022-12-26T13:50:51.774+0000] {taskmixin.py:205} WARNING - Dependency <Task(PostgresOperator): insert_rate_AMD_RUB>, get_rate_AMD_RUB already registered for DAG: exchange_rates
[2022-12-26T13:50:52.114+0000] {task_command.py:384} INFO - Running <TaskInstance: exchange_rates.get_rate_RUB_AMD scheduled__2022-01-13T08:15:00+00:00 [running]> on host d383fbf2a8e7
[2022-12-26T13:50:52.388+0000] {taskinstance.py:1592} INFO - Exporting the following env vars:
AIRFLOW_CTX_DAG_OWNER=***
AIRFLOW_CTX_DAG_ID=exchange_rates
AIRFLOW_CTX_TASK_ID=get_rate_RUB_AMD
AIRFLOW_CTX_EXECUTION_DATE=2022-01-13T08:15:00+00:00
AIRFLOW_CTX_TRY_NUMBER=1
AIRFLOW_CTX_DAG_RUN_ID=scheduled__2022-01-13T08:15:00+00:00
[2022-12-26T13:50:52.391+0000] {warnings.py:110} WARNING - /home/***/.local/lib/python3.7/site-packages/***/utils/context.py:204: AirflowContextDeprecationWarning: Accessing 'execution_date' from the template is deprecated and will be removed in a future version. Please use 'data_interval_start' or 'logical_date' instead.
  warnings.warn(_create_deprecation_warning(key, self._deprecation_replacements[key]))

[2022-12-26T13:50:52.444+0000] {base.py:71} INFO - Using connection ID 'currency_conn_id' for task execution.
[2022-12-26T13:50:52.944+0000] {taskinstance.py:1406} INFO - Marking task as SUCCESS. dag_id=exchange_rates, task_id=get_rate_RUB_AMD, execution_date=20220113T081500, start_date=20221226T135051, end_date=20221226T135052
[2022-12-26T13:50:53.085+0000] {local_task_job.py:164} INFO - Task exited with return code 0
[2022-12-26T13:50:53.170+0000] {local_task_job.py:273} INFO - 1 downstream tasks scheduled from follow-on schedule check
[2023-01-01T14:35:19.801+0000] {taskinstance.py:1165} INFO - Dependencies all met for <TaskInstance: exchange_rates.get_rate_RUB_AMD scheduled__2022-01-13T08:15:00+00:00 [queued]>
[2023-01-01T14:35:19.845+0000] {taskinstance.py:1165} INFO - Dependencies all met for <TaskInstance: exchange_rates.get_rate_RUB_AMD scheduled__2022-01-13T08:15:00+00:00 [queued]>
[2023-01-01T14:35:19.846+0000] {taskinstance.py:1362} INFO - 
--------------------------------------------------------------------------------
[2023-01-01T14:35:19.846+0000] {taskinstance.py:1363} INFO - Starting attempt 1 of 1
[2023-01-01T14:35:19.846+0000] {taskinstance.py:1364} INFO - 
--------------------------------------------------------------------------------
[2023-01-01T14:35:19.920+0000] {taskinstance.py:1383} INFO - Executing <Task(CurrencyScoopOperator): get_rate_RUB_AMD> on 2022-01-13 08:15:00+00:00
[2023-01-01T14:35:19.928+0000] {standard_task_runner.py:54} INFO - Started process 3827 to run task
[2023-01-01T14:35:19.948+0000] {standard_task_runner.py:82} INFO - Running: ['***', 'tasks', 'run', 'exchange_rates', 'get_rate_RUB_AMD', 'scheduled__2022-01-13T08:15:00+00:00', '--job-id', '7873', '--raw', '--subdir', 'DAGS_FOLDER/exchange_rates.py', '--cfg-path', '/tmp/tmp_rgitya8']
[2023-01-01T14:35:19.950+0000] {standard_task_runner.py:83} INFO - Job 7873: Subtask get_rate_RUB_AMD
[2023-01-01T14:35:19.951+0000] {dagbag.py:525} INFO - Filling up the DagBag from /opt/***/dags/exchange_rates.py
[2023-01-01T14:35:20.132+0000] {taskmixin.py:205} WARNING - Dependency <Task(CurrencyScoopOperator): get_rate_AMD_RUB>, insert_rate_AMD_RUB already registered for DAG: exchange_rates
[2023-01-01T14:35:20.133+0000] {taskmixin.py:205} WARNING - Dependency <Task(PostgresOperator): insert_rate_AMD_RUB>, get_rate_AMD_RUB already registered for DAG: exchange_rates
[2023-01-01T14:35:20.258+0000] {task_command.py:384} INFO - Running <TaskInstance: exchange_rates.get_rate_RUB_AMD scheduled__2022-01-13T08:15:00+00:00 [running]> on host d383fbf2a8e7
[2023-01-01T14:35:20.382+0000] {taskinstance.py:1592} INFO - Exporting the following env vars:
AIRFLOW_CTX_DAG_OWNER=***
AIRFLOW_CTX_DAG_ID=exchange_rates
AIRFLOW_CTX_TASK_ID=get_rate_RUB_AMD
AIRFLOW_CTX_EXECUTION_DATE=2022-01-13T08:15:00+00:00
AIRFLOW_CTX_TRY_NUMBER=1
AIRFLOW_CTX_DAG_RUN_ID=scheduled__2022-01-13T08:15:00+00:00
[2023-01-01T14:35:20.383+0000] {warnings.py:110} WARNING - /home/***/.local/lib/python3.7/site-packages/***/utils/context.py:204: AirflowContextDeprecationWarning: Accessing 'execution_date' from the template is deprecated and will be removed in a future version. Please use 'data_interval_start' or 'logical_date' instead.
  warnings.warn(_create_deprecation_warning(key, self._deprecation_replacements[key]))

[2023-01-01T14:35:20.396+0000] {base.py:71} INFO - Using connection ID 'currency_conn_id' for task execution.
[2023-01-01T14:35:20.726+0000] {taskinstance.py:1406} INFO - Marking task as SUCCESS. dag_id=exchange_rates, task_id=get_rate_RUB_AMD, execution_date=20220113T081500, start_date=20230101T143519, end_date=20230101T143520
[2023-01-01T14:35:20.806+0000] {local_task_job.py:164} INFO - Task exited with return code 0
[2023-01-01T14:35:20.860+0000] {local_task_job.py:273} INFO - 1 downstream tasks scheduled from follow-on schedule check
