[2022-12-26T13:52:44.184+0000] {taskinstance.py:1165} INFO - Dependencies all met for <TaskInstance: exchange_rates.make_report scheduled__2022-02-11T08:15:00+00:00 [queued]>
[2022-12-26T13:52:44.279+0000] {taskinstance.py:1165} INFO - Dependencies all met for <TaskInstance: exchange_rates.make_report scheduled__2022-02-11T08:15:00+00:00 [queued]>
[2022-12-26T13:52:44.279+0000] {taskinstance.py:1362} INFO - 
--------------------------------------------------------------------------------
[2022-12-26T13:52:44.280+0000] {taskinstance.py:1363} INFO - Starting attempt 1 of 1
[2022-12-26T13:52:44.281+0000] {taskinstance.py:1364} INFO - 
--------------------------------------------------------------------------------
[2022-12-26T13:52:44.352+0000] {taskinstance.py:1383} INFO - Executing <Task(PythonOperator): make_report> on 2022-02-11 08:15:00+00:00
[2022-12-26T13:52:44.358+0000] {standard_task_runner.py:54} INFO - Started process 4484 to run task
[2022-12-26T13:52:44.383+0000] {standard_task_runner.py:82} INFO - Running: ['***', 'tasks', 'run', 'exchange_rates', 'make_report', 'scheduled__2022-02-11T08:15:00+00:00', '--job-id', '2490', '--raw', '--subdir', 'DAGS_FOLDER/exchange_rates.py', '--cfg-path', '/tmp/tmpe28rjkp1']
[2022-12-26T13:52:44.384+0000] {standard_task_runner.py:83} INFO - Job 2490: Subtask make_report
[2022-12-26T13:52:44.386+0000] {dagbag.py:525} INFO - Filling up the DagBag from /opt/***/dags/exchange_rates.py
[2022-12-26T13:52:44.719+0000] {taskmixin.py:205} WARNING - Dependency <Task(CurrencyScoopOperator): get_rate_AMD_RUB>, insert_rate_AMD_RUB already registered for DAG: exchange_rates
[2022-12-26T13:52:44.720+0000] {taskmixin.py:205} WARNING - Dependency <Task(PostgresOperator): insert_rate_AMD_RUB>, get_rate_AMD_RUB already registered for DAG: exchange_rates
[2022-12-26T13:52:44.982+0000] {task_command.py:384} INFO - Running <TaskInstance: exchange_rates.make_report scheduled__2022-02-11T08:15:00+00:00 [running]> on host d383fbf2a8e7
[2022-12-26T13:52:45.325+0000] {taskinstance.py:1592} INFO - Exporting the following env vars:
AIRFLOW_CTX_DAG_OWNER=***
AIRFLOW_CTX_DAG_ID=exchange_rates
AIRFLOW_CTX_TASK_ID=make_report
AIRFLOW_CTX_EXECUTION_DATE=2022-02-11T08:15:00+00:00
AIRFLOW_CTX_TRY_NUMBER=1
AIRFLOW_CTX_DAG_RUN_ID=scheduled__2022-02-11T08:15:00+00:00
[2022-12-26T13:52:47.318+0000] {python.py:177} INFO - Done. Returned value was: None
[2022-12-26T13:52:47.336+0000] {taskinstance.py:1406} INFO - Marking task as SUCCESS. dag_id=exchange_rates, task_id=make_report, execution_date=20220211T081500, start_date=20221226T135244, end_date=20221226T135247
[2022-12-26T13:52:47.458+0000] {local_task_job.py:164} INFO - Task exited with return code 0
[2022-12-26T13:52:47.481+0000] {local_task_job.py:273} INFO - 0 downstream tasks scheduled from follow-on schedule check
[2023-01-01T14:37:14.511+0000] {taskinstance.py:1165} INFO - Dependencies all met for <TaskInstance: exchange_rates.make_report scheduled__2022-02-11T08:15:00+00:00 [queued]>
[2023-01-01T14:37:14.557+0000] {taskinstance.py:1165} INFO - Dependencies all met for <TaskInstance: exchange_rates.make_report scheduled__2022-02-11T08:15:00+00:00 [queued]>
[2023-01-01T14:37:14.558+0000] {taskinstance.py:1362} INFO - 
--------------------------------------------------------------------------------
[2023-01-01T14:37:14.559+0000] {taskinstance.py:1363} INFO - Starting attempt 1 of 1
[2023-01-01T14:37:14.560+0000] {taskinstance.py:1364} INFO - 
--------------------------------------------------------------------------------
[2023-01-01T14:37:14.634+0000] {taskinstance.py:1383} INFO - Executing <Task(PythonOperator): make_report> on 2022-02-11 08:15:00+00:00
[2023-01-01T14:37:14.652+0000] {standard_task_runner.py:54} INFO - Started process 5120 to run task
[2023-01-01T14:37:14.672+0000] {standard_task_runner.py:82} INFO - Running: ['***', 'tasks', 'run', 'exchange_rates', 'make_report', 'scheduled__2022-02-11T08:15:00+00:00', '--job-id', '8470', '--raw', '--subdir', 'DAGS_FOLDER/exchange_rates.py', '--cfg-path', '/tmp/tmp3cbeuqew']
[2023-01-01T14:37:14.684+0000] {standard_task_runner.py:83} INFO - Job 8470: Subtask make_report
[2023-01-01T14:37:14.688+0000] {dagbag.py:525} INFO - Filling up the DagBag from /opt/***/dags/exchange_rates.py
[2023-01-01T14:37:15.301+0000] {taskmixin.py:205} WARNING - Dependency <Task(CurrencyScoopOperator): get_rate_AMD_RUB>, insert_rate_AMD_RUB already registered for DAG: exchange_rates
[2023-01-01T14:37:15.305+0000] {taskmixin.py:205} WARNING - Dependency <Task(PostgresOperator): insert_rate_AMD_RUB>, get_rate_AMD_RUB already registered for DAG: exchange_rates
[2023-01-01T14:37:15.676+0000] {task_command.py:384} INFO - Running <TaskInstance: exchange_rates.make_report scheduled__2022-02-11T08:15:00+00:00 [running]> on host d383fbf2a8e7
[2023-01-01T14:37:16.117+0000] {taskinstance.py:1592} INFO - Exporting the following env vars:
AIRFLOW_CTX_DAG_OWNER=***
AIRFLOW_CTX_DAG_ID=exchange_rates
AIRFLOW_CTX_TASK_ID=make_report
AIRFLOW_CTX_EXECUTION_DATE=2022-02-11T08:15:00+00:00
AIRFLOW_CTX_TRY_NUMBER=1
AIRFLOW_CTX_DAG_RUN_ID=scheduled__2022-02-11T08:15:00+00:00
[2023-01-01T14:37:18.135+0000] {python.py:177} INFO - Done. Returned value was: None
[2023-01-01T14:37:18.150+0000] {taskinstance.py:1406} INFO - Marking task as SUCCESS. dag_id=exchange_rates, task_id=make_report, execution_date=20220211T081500, start_date=20230101T143714, end_date=20230101T143718
[2023-01-01T14:37:18.312+0000] {local_task_job.py:164} INFO - Task exited with return code 0
[2023-01-01T14:37:18.399+0000] {local_task_job.py:273} INFO - 0 downstream tasks scheduled from follow-on schedule check
