[2022-12-26T13:48:47.212+0000] {taskinstance.py:1165} INFO - Dependencies all met for <TaskInstance: exchange_rates.make_report scheduled__2021-11-21T08:15:00+00:00 [queued]>
[2022-12-26T13:48:47.259+0000] {taskinstance.py:1165} INFO - Dependencies all met for <TaskInstance: exchange_rates.make_report scheduled__2021-11-21T08:15:00+00:00 [queued]>
[2022-12-26T13:48:47.260+0000] {taskinstance.py:1362} INFO - 
--------------------------------------------------------------------------------
[2022-12-26T13:48:47.262+0000] {taskinstance.py:1363} INFO - Starting attempt 1 of 1
[2022-12-26T13:48:47.266+0000] {taskinstance.py:1364} INFO - 
--------------------------------------------------------------------------------
[2022-12-26T13:48:47.318+0000] {taskinstance.py:1383} INFO - Executing <Task(PythonOperator): make_report> on 2021-11-21 08:15:00+00:00
[2022-12-26T13:48:47.341+0000] {standard_task_runner.py:54} INFO - Started process 1992 to run task
[2022-12-26T13:48:47.361+0000] {standard_task_runner.py:82} INFO - Running: ['***', 'tasks', 'run', 'exchange_rates', 'make_report', 'scheduled__2021-11-21T08:15:00+00:00', '--job-id', '1356', '--raw', '--subdir', 'DAGS_FOLDER/exchange_rates.py', '--cfg-path', '/tmp/tmpeg5ia7ay']
[2022-12-26T13:48:47.363+0000] {standard_task_runner.py:83} INFO - Job 1356: Subtask make_report
[2022-12-26T13:48:47.365+0000] {dagbag.py:525} INFO - Filling up the DagBag from /opt/***/dags/exchange_rates.py
[2022-12-26T13:48:47.675+0000] {taskmixin.py:205} WARNING - Dependency <Task(CurrencyScoopOperator): get_rate_AMD_RUB>, insert_rate_AMD_RUB already registered for DAG: exchange_rates
[2022-12-26T13:48:47.676+0000] {taskmixin.py:205} WARNING - Dependency <Task(PostgresOperator): insert_rate_AMD_RUB>, get_rate_AMD_RUB already registered for DAG: exchange_rates
[2022-12-26T13:48:47.867+0000] {task_command.py:384} INFO - Running <TaskInstance: exchange_rates.make_report scheduled__2021-11-21T08:15:00+00:00 [running]> on host d383fbf2a8e7
[2022-12-26T13:48:48.265+0000] {taskinstance.py:1592} INFO - Exporting the following env vars:
AIRFLOW_CTX_DAG_OWNER=***
AIRFLOW_CTX_DAG_ID=exchange_rates
AIRFLOW_CTX_TASK_ID=make_report
AIRFLOW_CTX_EXECUTION_DATE=2021-11-21T08:15:00+00:00
AIRFLOW_CTX_TRY_NUMBER=1
AIRFLOW_CTX_DAG_RUN_ID=scheduled__2021-11-21T08:15:00+00:00
[2022-12-26T13:48:49.788+0000] {python.py:177} INFO - Done. Returned value was: None
[2022-12-26T13:48:49.813+0000] {taskinstance.py:1406} INFO - Marking task as SUCCESS. dag_id=exchange_rates, task_id=make_report, execution_date=20211121T081500, start_date=20221226T134847, end_date=20221226T134849
[2022-12-26T13:48:49.882+0000] {local_task_job.py:164} INFO - Task exited with return code 0
[2022-12-26T13:48:49.907+0000] {local_task_job.py:273} INFO - 0 downstream tasks scheduled from follow-on schedule check
[2023-01-01T14:33:30.156+0000] {taskinstance.py:1165} INFO - Dependencies all met for <TaskInstance: exchange_rates.make_report scheduled__2021-11-21T08:15:00+00:00 [queued]>
[2023-01-01T14:33:30.249+0000] {taskinstance.py:1165} INFO - Dependencies all met for <TaskInstance: exchange_rates.make_report scheduled__2021-11-21T08:15:00+00:00 [queued]>
[2023-01-01T14:33:30.257+0000] {taskinstance.py:1362} INFO - 
--------------------------------------------------------------------------------
[2023-01-01T14:33:30.258+0000] {taskinstance.py:1363} INFO - Starting attempt 1 of 1
[2023-01-01T14:33:30.268+0000] {taskinstance.py:1364} INFO - 
--------------------------------------------------------------------------------
[2023-01-01T14:33:30.317+0000] {taskinstance.py:1383} INFO - Executing <Task(PythonOperator): make_report> on 2021-11-21 08:15:00+00:00
[2023-01-01T14:33:30.324+0000] {standard_task_runner.py:54} INFO - Started process 2669 to run task
[2023-01-01T14:33:30.342+0000] {standard_task_runner.py:82} INFO - Running: ['***', 'tasks', 'run', 'exchange_rates', 'make_report', 'scheduled__2021-11-21T08:15:00+00:00', '--job-id', '7357', '--raw', '--subdir', 'DAGS_FOLDER/exchange_rates.py', '--cfg-path', '/tmp/tmpjdfo0og6']
[2023-01-01T14:33:30.350+0000] {standard_task_runner.py:83} INFO - Job 7357: Subtask make_report
[2023-01-01T14:33:30.351+0000] {dagbag.py:525} INFO - Filling up the DagBag from /opt/***/dags/exchange_rates.py
[2023-01-01T14:33:30.597+0000] {taskmixin.py:205} WARNING - Dependency <Task(CurrencyScoopOperator): get_rate_AMD_RUB>, insert_rate_AMD_RUB already registered for DAG: exchange_rates
[2023-01-01T14:33:30.598+0000] {taskmixin.py:205} WARNING - Dependency <Task(PostgresOperator): insert_rate_AMD_RUB>, get_rate_AMD_RUB already registered for DAG: exchange_rates
[2023-01-01T14:33:30.754+0000] {task_command.py:384} INFO - Running <TaskInstance: exchange_rates.make_report scheduled__2021-11-21T08:15:00+00:00 [running]> on host d383fbf2a8e7
[2023-01-01T14:33:30.899+0000] {taskinstance.py:1592} INFO - Exporting the following env vars:
AIRFLOW_CTX_DAG_OWNER=***
AIRFLOW_CTX_DAG_ID=exchange_rates
AIRFLOW_CTX_TASK_ID=make_report
AIRFLOW_CTX_EXECUTION_DATE=2021-11-21T08:15:00+00:00
AIRFLOW_CTX_TRY_NUMBER=1
AIRFLOW_CTX_DAG_RUN_ID=scheduled__2021-11-21T08:15:00+00:00
[2023-01-01T14:33:32.447+0000] {python.py:177} INFO - Done. Returned value was: None
[2023-01-01T14:33:32.454+0000] {taskinstance.py:1406} INFO - Marking task as SUCCESS. dag_id=exchange_rates, task_id=make_report, execution_date=20211121T081500, start_date=20230101T143330, end_date=20230101T143332
[2023-01-01T14:33:32.488+0000] {local_task_job.py:164} INFO - Task exited with return code 0
[2023-01-01T14:33:32.502+0000] {local_task_job.py:273} INFO - 0 downstream tasks scheduled from follow-on schedule check
