[2022-12-26T14:01:03.180+0000] {taskinstance.py:1165} INFO - Dependencies all met for <TaskInstance: exchange_rates.make_report scheduled__2022-08-11T08:15:00+00:00 [queued]>
[2022-12-26T14:01:03.200+0000] {taskinstance.py:1165} INFO - Dependencies all met for <TaskInstance: exchange_rates.make_report scheduled__2022-08-11T08:15:00+00:00 [queued]>
[2022-12-26T14:01:03.203+0000] {taskinstance.py:1362} INFO - 
--------------------------------------------------------------------------------
[2022-12-26T14:01:03.204+0000] {taskinstance.py:1363} INFO - Starting attempt 1 of 1
[2022-12-26T14:01:03.206+0000] {taskinstance.py:1364} INFO - 
--------------------------------------------------------------------------------
[2022-12-26T14:01:03.230+0000] {taskinstance.py:1383} INFO - Executing <Task(PythonOperator): make_report> on 2022-08-11 08:15:00+00:00
[2022-12-26T14:01:03.241+0000] {standard_task_runner.py:54} INFO - Started process 9965 to run task
[2022-12-26T14:01:03.257+0000] {standard_task_runner.py:82} INFO - Running: ['***', 'tasks', 'run', 'exchange_rates', 'make_report', 'scheduled__2022-08-11T08:15:00+00:00', '--job-id', '4989', '--raw', '--subdir', 'DAGS_FOLDER/exchange_rates.py', '--cfg-path', '/tmp/tmponpjm0dk']
[2022-12-26T14:01:03.257+0000] {standard_task_runner.py:83} INFO - Job 4989: Subtask make_report
[2022-12-26T14:01:03.258+0000] {dagbag.py:525} INFO - Filling up the DagBag from /opt/***/dags/exchange_rates.py
[2022-12-26T14:01:03.652+0000] {taskmixin.py:205} WARNING - Dependency <Task(CurrencyScoopOperator): get_rate_AMD_RUB>, insert_rate_AMD_RUB already registered for DAG: exchange_rates
[2022-12-26T14:01:03.657+0000] {taskmixin.py:205} WARNING - Dependency <Task(PostgresOperator): insert_rate_AMD_RUB>, get_rate_AMD_RUB already registered for DAG: exchange_rates
[2022-12-26T14:01:04.034+0000] {task_command.py:384} INFO - Running <TaskInstance: exchange_rates.make_report scheduled__2022-08-11T08:15:00+00:00 [running]> on host d383fbf2a8e7
[2022-12-26T14:01:04.316+0000] {taskinstance.py:1592} INFO - Exporting the following env vars:
AIRFLOW_CTX_DAG_OWNER=***
AIRFLOW_CTX_DAG_ID=exchange_rates
AIRFLOW_CTX_TASK_ID=make_report
AIRFLOW_CTX_EXECUTION_DATE=2022-08-11T08:15:00+00:00
AIRFLOW_CTX_TRY_NUMBER=1
AIRFLOW_CTX_DAG_RUN_ID=scheduled__2022-08-11T08:15:00+00:00
[2022-12-26T14:01:06.007+0000] {python.py:177} INFO - Done. Returned value was: None
[2022-12-26T14:01:06.023+0000] {taskinstance.py:1406} INFO - Marking task as SUCCESS. dag_id=exchange_rates, task_id=make_report, execution_date=20220811T081500, start_date=20221226T140103, end_date=20221226T140106
[2022-12-26T14:01:06.075+0000] {local_task_job.py:164} INFO - Task exited with return code 0
[2022-12-26T14:01:06.106+0000] {local_task_job.py:273} INFO - 0 downstream tasks scheduled from follow-on schedule check
[2023-01-01T14:44:48.351+0000] {taskinstance.py:1165} INFO - Dependencies all met for <TaskInstance: exchange_rates.make_report scheduled__2022-08-11T08:15:00+00:00 [queued]>
[2023-01-01T14:44:48.409+0000] {taskinstance.py:1165} INFO - Dependencies all met for <TaskInstance: exchange_rates.make_report scheduled__2022-08-11T08:15:00+00:00 [queued]>
[2023-01-01T14:44:48.417+0000] {taskinstance.py:1362} INFO - 
--------------------------------------------------------------------------------
[2023-01-01T14:44:48.417+0000] {taskinstance.py:1363} INFO - Starting attempt 1 of 1
[2023-01-01T14:44:48.418+0000] {taskinstance.py:1364} INFO - 
--------------------------------------------------------------------------------
[2023-01-01T14:44:48.462+0000] {taskinstance.py:1383} INFO - Executing <Task(PythonOperator): make_report> on 2022-08-11 08:15:00+00:00
[2023-01-01T14:44:48.476+0000] {standard_task_runner.py:54} INFO - Started process 10567 to run task
[2023-01-01T14:44:48.500+0000] {standard_task_runner.py:82} INFO - Running: ['***', 'tasks', 'run', 'exchange_rates', 'make_report', 'scheduled__2022-08-11T08:15:00+00:00', '--job-id', '10962', '--raw', '--subdir', 'DAGS_FOLDER/exchange_rates.py', '--cfg-path', '/tmp/tmp9kapc67_']
[2023-01-01T14:44:48.514+0000] {standard_task_runner.py:83} INFO - Job 10962: Subtask make_report
[2023-01-01T14:44:48.516+0000] {dagbag.py:525} INFO - Filling up the DagBag from /opt/***/dags/exchange_rates.py
[2023-01-01T14:44:48.841+0000] {taskmixin.py:205} WARNING - Dependency <Task(CurrencyScoopOperator): get_rate_AMD_RUB>, insert_rate_AMD_RUB already registered for DAG: exchange_rates
[2023-01-01T14:44:48.842+0000] {taskmixin.py:205} WARNING - Dependency <Task(PostgresOperator): insert_rate_AMD_RUB>, get_rate_AMD_RUB already registered for DAG: exchange_rates
[2023-01-01T14:44:49.072+0000] {task_command.py:384} INFO - Running <TaskInstance: exchange_rates.make_report scheduled__2022-08-11T08:15:00+00:00 [running]> on host d383fbf2a8e7
[2023-01-01T14:44:49.233+0000] {taskinstance.py:1592} INFO - Exporting the following env vars:
AIRFLOW_CTX_DAG_OWNER=***
AIRFLOW_CTX_DAG_ID=exchange_rates
AIRFLOW_CTX_TASK_ID=make_report
AIRFLOW_CTX_EXECUTION_DATE=2022-08-11T08:15:00+00:00
AIRFLOW_CTX_TRY_NUMBER=1
AIRFLOW_CTX_DAG_RUN_ID=scheduled__2022-08-11T08:15:00+00:00
[2023-01-01T14:44:50.378+0000] {python.py:177} INFO - Done. Returned value was: None
[2023-01-01T14:44:50.385+0000] {taskinstance.py:1406} INFO - Marking task as SUCCESS. dag_id=exchange_rates, task_id=make_report, execution_date=20220811T081500, start_date=20230101T144448, end_date=20230101T144450
[2023-01-01T14:44:50.444+0000] {local_task_job.py:164} INFO - Task exited with return code 0
[2023-01-01T14:44:50.465+0000] {local_task_job.py:273} INFO - 0 downstream tasks scheduled from follow-on schedule check
