[2022-12-26T14:00:47.508+0000] {taskinstance.py:1165} INFO - Dependencies all met for <TaskInstance: exchange_rates.insert_rate_RUB_AMD scheduled__2022-08-05T08:15:00+00:00 [queued]>
[2022-12-26T14:00:47.515+0000] {taskinstance.py:1165} INFO - Dependencies all met for <TaskInstance: exchange_rates.insert_rate_RUB_AMD scheduled__2022-08-05T08:15:00+00:00 [queued]>
[2022-12-26T14:00:47.518+0000] {taskinstance.py:1362} INFO - 
--------------------------------------------------------------------------------
[2022-12-26T14:00:47.519+0000] {taskinstance.py:1363} INFO - Starting attempt 1 of 1
[2022-12-26T14:00:47.519+0000] {taskinstance.py:1364} INFO - 
--------------------------------------------------------------------------------
[2022-12-26T14:00:47.533+0000] {taskinstance.py:1383} INFO - Executing <Task(PostgresOperator): insert_rate_RUB_AMD> on 2022-08-05 08:15:00+00:00
[2022-12-26T14:00:47.537+0000] {standard_task_runner.py:54} INFO - Started process 9771 to run task
[2022-12-26T14:00:47.552+0000] {standard_task_runner.py:82} INFO - Running: ['***', 'tasks', 'run', 'exchange_rates', 'insert_rate_RUB_AMD', 'scheduled__2022-08-05T08:15:00+00:00', '--job-id', '4896', '--raw', '--subdir', 'DAGS_FOLDER/exchange_rates.py', '--cfg-path', '/tmp/tmp2v4iakui']
[2022-12-26T14:00:47.553+0000] {standard_task_runner.py:83} INFO - Job 4896: Subtask insert_rate_RUB_AMD
[2022-12-26T14:00:47.553+0000] {dagbag.py:525} INFO - Filling up the DagBag from /opt/***/dags/exchange_rates.py
[2022-12-26T14:00:47.607+0000] {taskmixin.py:205} WARNING - Dependency <Task(CurrencyScoopOperator): get_rate_AMD_RUB>, insert_rate_AMD_RUB already registered for DAG: exchange_rates
[2022-12-26T14:00:47.608+0000] {taskmixin.py:205} WARNING - Dependency <Task(PostgresOperator): insert_rate_AMD_RUB>, get_rate_AMD_RUB already registered for DAG: exchange_rates
[2022-12-26T14:00:47.679+0000] {task_command.py:384} INFO - Running <TaskInstance: exchange_rates.insert_rate_RUB_AMD scheduled__2022-08-05T08:15:00+00:00 [running]> on host d383fbf2a8e7
[2022-12-26T14:00:47.710+0000] {warnings.py:110} WARNING - /home/***/.local/lib/python3.7/site-packages/***/utils/context.py:204: AirflowContextDeprecationWarning: Accessing 'execution_date' from the template is deprecated and will be removed in a future version. Please use 'data_interval_start' or 'logical_date' instead.
  warnings.warn(_create_deprecation_warning(key, self._deprecation_replacements[key]))

[2022-12-26T14:00:47.761+0000] {taskinstance.py:1592} INFO - Exporting the following env vars:
AIRFLOW_CTX_DAG_OWNER=***
AIRFLOW_CTX_DAG_ID=exchange_rates
AIRFLOW_CTX_TASK_ID=insert_rate_RUB_AMD
AIRFLOW_CTX_EXECUTION_DATE=2022-08-05T08:15:00+00:00
AIRFLOW_CTX_TRY_NUMBER=1
AIRFLOW_CTX_DAG_RUN_ID=scheduled__2022-08-05T08:15:00+00:00
[2022-12-26T14:00:47.768+0000] {base.py:71} INFO - Using connection ID 'postgres_default' for task execution.
[2022-12-26T14:00:47.771+0000] {sql.py:315} INFO - Running statement: INSERT INTO
    exchange_rates
VALUES ('RUB', 'AMD', 6.67517573, '2022-08-05')
ON CONFLICT (base, currency, date) DO
    UPDATE
        SET rate = excluded.rate;, parameters: None
[2022-12-26T14:00:47.772+0000] {sql.py:324} INFO - Rows affected: 1
[2022-12-26T14:00:47.788+0000] {taskinstance.py:1406} INFO - Marking task as SUCCESS. dag_id=exchange_rates, task_id=insert_rate_RUB_AMD, execution_date=20220805T081500, start_date=20221226T140047, end_date=20221226T140047
[2022-12-26T14:00:47.833+0000] {local_task_job.py:164} INFO - Task exited with return code 0
[2022-12-26T14:00:47.863+0000] {local_task_job.py:273} INFO - 0 downstream tasks scheduled from follow-on schedule check
[2023-01-01T14:44:34.965+0000] {taskinstance.py:1165} INFO - Dependencies all met for <TaskInstance: exchange_rates.insert_rate_RUB_AMD scheduled__2022-08-05T08:15:00+00:00 [queued]>
[2023-01-01T14:44:34.984+0000] {taskinstance.py:1165} INFO - Dependencies all met for <TaskInstance: exchange_rates.insert_rate_RUB_AMD scheduled__2022-08-05T08:15:00+00:00 [queued]>
[2023-01-01T14:44:34.985+0000] {taskinstance.py:1362} INFO - 
--------------------------------------------------------------------------------
[2023-01-01T14:44:34.995+0000] {taskinstance.py:1363} INFO - Starting attempt 1 of 1
[2023-01-01T14:44:34.996+0000] {taskinstance.py:1364} INFO - 
--------------------------------------------------------------------------------
[2023-01-01T14:44:35.014+0000] {taskinstance.py:1383} INFO - Executing <Task(PostgresOperator): insert_rate_RUB_AMD> on 2022-08-05 08:15:00+00:00
[2023-01-01T14:44:35.018+0000] {standard_task_runner.py:54} INFO - Started process 10370 to run task
[2023-01-01T14:44:35.030+0000] {standard_task_runner.py:82} INFO - Running: ['***', 'tasks', 'run', 'exchange_rates', 'insert_rate_RUB_AMD', 'scheduled__2022-08-05T08:15:00+00:00', '--job-id', '10869', '--raw', '--subdir', 'DAGS_FOLDER/exchange_rates.py', '--cfg-path', '/tmp/tmpusdap4de']
[2023-01-01T14:44:35.031+0000] {standard_task_runner.py:83} INFO - Job 10869: Subtask insert_rate_RUB_AMD
[2023-01-01T14:44:35.038+0000] {dagbag.py:525} INFO - Filling up the DagBag from /opt/***/dags/exchange_rates.py
[2023-01-01T14:44:35.114+0000] {taskmixin.py:205} WARNING - Dependency <Task(CurrencyScoopOperator): get_rate_AMD_RUB>, insert_rate_AMD_RUB already registered for DAG: exchange_rates
[2023-01-01T14:44:35.116+0000] {taskmixin.py:205} WARNING - Dependency <Task(PostgresOperator): insert_rate_AMD_RUB>, get_rate_AMD_RUB already registered for DAG: exchange_rates
[2023-01-01T14:44:35.249+0000] {task_command.py:384} INFO - Running <TaskInstance: exchange_rates.insert_rate_RUB_AMD scheduled__2022-08-05T08:15:00+00:00 [running]> on host d383fbf2a8e7
[2023-01-01T14:44:35.386+0000] {warnings.py:110} WARNING - /home/***/.local/lib/python3.7/site-packages/***/utils/context.py:204: AirflowContextDeprecationWarning: Accessing 'execution_date' from the template is deprecated and will be removed in a future version. Please use 'data_interval_start' or 'logical_date' instead.
  warnings.warn(_create_deprecation_warning(key, self._deprecation_replacements[key]))

[2023-01-01T14:44:35.598+0000] {taskinstance.py:1592} INFO - Exporting the following env vars:
AIRFLOW_CTX_DAG_OWNER=***
AIRFLOW_CTX_DAG_ID=exchange_rates
AIRFLOW_CTX_TASK_ID=insert_rate_RUB_AMD
AIRFLOW_CTX_EXECUTION_DATE=2022-08-05T08:15:00+00:00
AIRFLOW_CTX_TRY_NUMBER=1
AIRFLOW_CTX_DAG_RUN_ID=scheduled__2022-08-05T08:15:00+00:00
[2023-01-01T14:44:35.621+0000] {base.py:71} INFO - Using connection ID 'postgres_default' for task execution.
[2023-01-01T14:44:35.623+0000] {sql.py:315} INFO - Running statement: INSERT INTO
    exchange_rates
VALUES ('RUB', 'AMD', 6.67517573, '2022-08-05')
ON CONFLICT (base, currency, date) DO
    UPDATE
        SET rate = excluded.rate;, parameters: None
[2023-01-01T14:44:35.625+0000] {sql.py:324} INFO - Rows affected: 1
[2023-01-01T14:44:35.648+0000] {taskinstance.py:1406} INFO - Marking task as SUCCESS. dag_id=exchange_rates, task_id=insert_rate_RUB_AMD, execution_date=20220805T081500, start_date=20230101T144434, end_date=20230101T144435
[2023-01-01T14:44:35.747+0000] {local_task_job.py:164} INFO - Task exited with return code 0
[2023-01-01T14:44:35.808+0000] {local_task_job.py:273} INFO - 0 downstream tasks scheduled from follow-on schedule check
