[2022-12-26T13:52:41.701+0000] {taskinstance.py:1165} INFO - Dependencies all met for <TaskInstance: exchange_rates.insert_rate_EUR_RUB scheduled__2022-02-20T08:15:00+00:00 [queued]>
[2022-12-26T13:52:41.726+0000] {taskinstance.py:1165} INFO - Dependencies all met for <TaskInstance: exchange_rates.insert_rate_EUR_RUB scheduled__2022-02-20T08:15:00+00:00 [queued]>
[2022-12-26T13:52:41.727+0000] {taskinstance.py:1362} INFO - 
--------------------------------------------------------------------------------
[2022-12-26T13:52:41.730+0000] {taskinstance.py:1363} INFO - Starting attempt 1 of 1
[2022-12-26T13:52:41.731+0000] {taskinstance.py:1364} INFO - 
--------------------------------------------------------------------------------
[2022-12-26T13:52:41.775+0000] {taskinstance.py:1383} INFO - Executing <Task(PostgresOperator): insert_rate_EUR_RUB> on 2022-02-20 08:15:00+00:00
[2022-12-26T13:52:41.795+0000] {standard_task_runner.py:54} INFO - Started process 4456 to run task
[2022-12-26T13:52:41.847+0000] {standard_task_runner.py:82} INFO - Running: ['***', 'tasks', 'run', 'exchange_rates', 'insert_rate_EUR_RUB', 'scheduled__2022-02-20T08:15:00+00:00', '--job-id', '2479', '--raw', '--subdir', 'DAGS_FOLDER/exchange_rates.py', '--cfg-path', '/tmp/tmpywl5ygov']
[2022-12-26T13:52:41.852+0000] {standard_task_runner.py:83} INFO - Job 2479: Subtask insert_rate_EUR_RUB
[2022-12-26T13:52:41.864+0000] {dagbag.py:525} INFO - Filling up the DagBag from /opt/***/dags/exchange_rates.py
[2022-12-26T13:52:42.066+0000] {taskmixin.py:205} WARNING - Dependency <Task(CurrencyScoopOperator): get_rate_AMD_RUB>, insert_rate_AMD_RUB already registered for DAG: exchange_rates
[2022-12-26T13:52:42.068+0000] {taskmixin.py:205} WARNING - Dependency <Task(PostgresOperator): insert_rate_AMD_RUB>, get_rate_AMD_RUB already registered for DAG: exchange_rates
[2022-12-26T13:52:42.216+0000] {task_command.py:384} INFO - Running <TaskInstance: exchange_rates.insert_rate_EUR_RUB scheduled__2022-02-20T08:15:00+00:00 [running]> on host d383fbf2a8e7
[2022-12-26T13:52:42.371+0000] {warnings.py:110} WARNING - /home/***/.local/lib/python3.7/site-packages/***/utils/context.py:204: AirflowContextDeprecationWarning: Accessing 'execution_date' from the template is deprecated and will be removed in a future version. Please use 'data_interval_start' or 'logical_date' instead.
  warnings.warn(_create_deprecation_warning(key, self._deprecation_replacements[key]))

[2022-12-26T13:52:42.584+0000] {taskinstance.py:1592} INFO - Exporting the following env vars:
AIRFLOW_CTX_DAG_OWNER=***
AIRFLOW_CTX_DAG_ID=exchange_rates
AIRFLOW_CTX_TASK_ID=insert_rate_EUR_RUB
AIRFLOW_CTX_EXECUTION_DATE=2022-02-20T08:15:00+00:00
AIRFLOW_CTX_TRY_NUMBER=1
AIRFLOW_CTX_DAG_RUN_ID=scheduled__2022-02-20T08:15:00+00:00
[2022-12-26T13:52:42.607+0000] {base.py:71} INFO - Using connection ID 'postgres_default' for task execution.
[2022-12-26T13:52:42.611+0000] {sql.py:315} INFO - Running statement: INSERT INTO
    exchange_rates
VALUES ('EUR', 'RUB', 87.12774127, '2022-02-20')
ON CONFLICT (base, currency, date) DO
    UPDATE
        SET rate = excluded.rate;, parameters: None
[2022-12-26T13:52:42.612+0000] {sql.py:324} INFO - Rows affected: 1
[2022-12-26T13:52:42.639+0000] {taskinstance.py:1406} INFO - Marking task as SUCCESS. dag_id=exchange_rates, task_id=insert_rate_EUR_RUB, execution_date=20220220T081500, start_date=20221226T135241, end_date=20221226T135242
[2022-12-26T13:52:42.759+0000] {local_task_job.py:164} INFO - Task exited with return code 0
[2022-12-26T13:52:42.844+0000] {local_task_job.py:273} INFO - 0 downstream tasks scheduled from follow-on schedule check
[2023-01-01T14:37:10.098+0000] {taskinstance.py:1165} INFO - Dependencies all met for <TaskInstance: exchange_rates.insert_rate_EUR_RUB scheduled__2022-02-20T08:15:00+00:00 [queued]>
[2023-01-01T14:37:10.140+0000] {taskinstance.py:1165} INFO - Dependencies all met for <TaskInstance: exchange_rates.insert_rate_EUR_RUB scheduled__2022-02-20T08:15:00+00:00 [queued]>
[2023-01-01T14:37:10.141+0000] {taskinstance.py:1362} INFO - 
--------------------------------------------------------------------------------
[2023-01-01T14:37:10.142+0000] {taskinstance.py:1363} INFO - Starting attempt 1 of 1
[2023-01-01T14:37:10.142+0000] {taskinstance.py:1364} INFO - 
--------------------------------------------------------------------------------
[2023-01-01T14:37:10.220+0000] {taskinstance.py:1383} INFO - Executing <Task(PostgresOperator): insert_rate_EUR_RUB> on 2022-02-20 08:15:00+00:00
[2023-01-01T14:37:10.226+0000] {standard_task_runner.py:54} INFO - Started process 5085 to run task
[2023-01-01T14:37:10.244+0000] {standard_task_runner.py:82} INFO - Running: ['***', 'tasks', 'run', 'exchange_rates', 'insert_rate_EUR_RUB', 'scheduled__2022-02-20T08:15:00+00:00', '--job-id', '8453', '--raw', '--subdir', 'DAGS_FOLDER/exchange_rates.py', '--cfg-path', '/tmp/tmpj9uitzp7']
[2023-01-01T14:37:10.245+0000] {standard_task_runner.py:83} INFO - Job 8453: Subtask insert_rate_EUR_RUB
[2023-01-01T14:37:10.246+0000] {dagbag.py:525} INFO - Filling up the DagBag from /opt/***/dags/exchange_rates.py
[2023-01-01T14:37:10.513+0000] {taskmixin.py:205} WARNING - Dependency <Task(CurrencyScoopOperator): get_rate_AMD_RUB>, insert_rate_AMD_RUB already registered for DAG: exchange_rates
[2023-01-01T14:37:10.516+0000] {taskmixin.py:205} WARNING - Dependency <Task(PostgresOperator): insert_rate_AMD_RUB>, get_rate_AMD_RUB already registered for DAG: exchange_rates
[2023-01-01T14:37:10.795+0000] {task_command.py:384} INFO - Running <TaskInstance: exchange_rates.insert_rate_EUR_RUB scheduled__2022-02-20T08:15:00+00:00 [running]> on host d383fbf2a8e7
[2023-01-01T14:37:11.023+0000] {warnings.py:110} WARNING - /home/***/.local/lib/python3.7/site-packages/***/utils/context.py:204: AirflowContextDeprecationWarning: Accessing 'execution_date' from the template is deprecated and will be removed in a future version. Please use 'data_interval_start' or 'logical_date' instead.
  warnings.warn(_create_deprecation_warning(key, self._deprecation_replacements[key]))

[2023-01-01T14:37:11.297+0000] {taskinstance.py:1592} INFO - Exporting the following env vars:
AIRFLOW_CTX_DAG_OWNER=***
AIRFLOW_CTX_DAG_ID=exchange_rates
AIRFLOW_CTX_TASK_ID=insert_rate_EUR_RUB
AIRFLOW_CTX_EXECUTION_DATE=2022-02-20T08:15:00+00:00
AIRFLOW_CTX_TRY_NUMBER=1
AIRFLOW_CTX_DAG_RUN_ID=scheduled__2022-02-20T08:15:00+00:00
[2023-01-01T14:37:11.321+0000] {base.py:71} INFO - Using connection ID 'postgres_default' for task execution.
[2023-01-01T14:37:11.340+0000] {sql.py:315} INFO - Running statement: INSERT INTO
    exchange_rates
VALUES ('EUR', 'RUB', 87.12774127, '2022-02-20')
ON CONFLICT (base, currency, date) DO
    UPDATE
        SET rate = excluded.rate;, parameters: None
[2023-01-01T14:37:11.344+0000] {sql.py:324} INFO - Rows affected: 1
[2023-01-01T14:37:11.383+0000] {taskinstance.py:1406} INFO - Marking task as SUCCESS. dag_id=exchange_rates, task_id=insert_rate_EUR_RUB, execution_date=20220220T081500, start_date=20230101T143710, end_date=20230101T143711
[2023-01-01T14:37:11.605+0000] {local_task_job.py:164} INFO - Task exited with return code 0
[2023-01-01T14:37:11.969+0000] {local_task_job.py:273} INFO - 0 downstream tasks scheduled from follow-on schedule check
