[2022-12-26T13:51:47.839+0000] {taskinstance.py:1165} INFO - Dependencies all met for <TaskInstance: exchange_rates.insert_rate_RUB_AMD scheduled__2022-01-25T08:15:00+00:00 [queued]>
[2022-12-26T13:51:47.919+0000] {taskinstance.py:1165} INFO - Dependencies all met for <TaskInstance: exchange_rates.insert_rate_RUB_AMD scheduled__2022-01-25T08:15:00+00:00 [queued]>
[2022-12-26T13:51:47.920+0000] {taskinstance.py:1362} INFO - 
--------------------------------------------------------------------------------
[2022-12-26T13:51:47.921+0000] {taskinstance.py:1363} INFO - Starting attempt 1 of 1
[2022-12-26T13:51:47.922+0000] {taskinstance.py:1364} INFO - 
--------------------------------------------------------------------------------
[2022-12-26T13:51:47.964+0000] {taskinstance.py:1383} INFO - Executing <Task(PostgresOperator): insert_rate_RUB_AMD> on 2022-01-25 08:15:00+00:00
[2022-12-26T13:51:47.974+0000] {standard_task_runner.py:54} INFO - Started process 3832 to run task
[2022-12-26T13:51:48.008+0000] {standard_task_runner.py:82} INFO - Running: ['***', 'tasks', 'run', 'exchange_rates', 'insert_rate_RUB_AMD', 'scheduled__2022-01-25T08:15:00+00:00', '--job-id', '2192', '--raw', '--subdir', 'DAGS_FOLDER/exchange_rates.py', '--cfg-path', '/tmp/tmp4dmixk1l']
[2022-12-26T13:51:48.011+0000] {standard_task_runner.py:83} INFO - Job 2192: Subtask insert_rate_RUB_AMD
[2022-12-26T13:51:48.015+0000] {dagbag.py:525} INFO - Filling up the DagBag from /opt/***/dags/exchange_rates.py
[2022-12-26T13:51:48.361+0000] {taskmixin.py:205} WARNING - Dependency <Task(CurrencyScoopOperator): get_rate_AMD_RUB>, insert_rate_AMD_RUB already registered for DAG: exchange_rates
[2022-12-26T13:51:48.362+0000] {taskmixin.py:205} WARNING - Dependency <Task(PostgresOperator): insert_rate_AMD_RUB>, get_rate_AMD_RUB already registered for DAG: exchange_rates
[2022-12-26T13:51:48.624+0000] {task_command.py:384} INFO - Running <TaskInstance: exchange_rates.insert_rate_RUB_AMD scheduled__2022-01-25T08:15:00+00:00 [running]> on host d383fbf2a8e7
[2022-12-26T13:51:48.840+0000] {warnings.py:110} WARNING - /home/***/.local/lib/python3.7/site-packages/***/utils/context.py:204: AirflowContextDeprecationWarning: Accessing 'execution_date' from the template is deprecated and will be removed in a future version. Please use 'data_interval_start' or 'logical_date' instead.
  warnings.warn(_create_deprecation_warning(key, self._deprecation_replacements[key]))

[2022-12-26T13:51:49.007+0000] {taskinstance.py:1592} INFO - Exporting the following env vars:
AIRFLOW_CTX_DAG_OWNER=***
AIRFLOW_CTX_DAG_ID=exchange_rates
AIRFLOW_CTX_TASK_ID=insert_rate_RUB_AMD
AIRFLOW_CTX_EXECUTION_DATE=2022-01-25T08:15:00+00:00
AIRFLOW_CTX_TRY_NUMBER=1
AIRFLOW_CTX_DAG_RUN_ID=scheduled__2022-01-25T08:15:00+00:00
[2022-12-26T13:51:49.038+0000] {base.py:71} INFO - Using connection ID 'postgres_default' for task execution.
[2022-12-26T13:51:49.049+0000] {sql.py:315} INFO - Running statement: INSERT INTO
    exchange_rates
VALUES ('RUB', 'AMD', 6.1054683, '2022-01-25')
ON CONFLICT (base, currency, date) DO
    UPDATE
        SET rate = excluded.rate;, parameters: None
[2022-12-26T13:51:49.054+0000] {sql.py:324} INFO - Rows affected: 1
[2022-12-26T13:51:49.067+0000] {taskinstance.py:1406} INFO - Marking task as SUCCESS. dag_id=exchange_rates, task_id=insert_rate_RUB_AMD, execution_date=20220125T081500, start_date=20221226T135147, end_date=20221226T135149
[2022-12-26T13:51:49.189+0000] {local_task_job.py:164} INFO - Task exited with return code 0
[2022-12-26T13:51:49.232+0000] {local_task_job.py:273} INFO - 1 downstream tasks scheduled from follow-on schedule check
[2023-01-01T14:36:13.652+0000] {taskinstance.py:1165} INFO - Dependencies all met for <TaskInstance: exchange_rates.insert_rate_RUB_AMD scheduled__2022-01-25T08:15:00+00:00 [queued]>
[2023-01-01T14:36:13.718+0000] {taskinstance.py:1165} INFO - Dependencies all met for <TaskInstance: exchange_rates.insert_rate_RUB_AMD scheduled__2022-01-25T08:15:00+00:00 [queued]>
[2023-01-01T14:36:13.719+0000] {taskinstance.py:1362} INFO - 
--------------------------------------------------------------------------------
[2023-01-01T14:36:13.720+0000] {taskinstance.py:1363} INFO - Starting attempt 1 of 1
[2023-01-01T14:36:13.721+0000] {taskinstance.py:1364} INFO - 
--------------------------------------------------------------------------------
[2023-01-01T14:36:13.806+0000] {taskinstance.py:1383} INFO - Executing <Task(PostgresOperator): insert_rate_RUB_AMD> on 2022-01-25 08:15:00+00:00
[2023-01-01T14:36:13.826+0000] {standard_task_runner.py:54} INFO - Started process 4456 to run task
[2023-01-01T14:36:13.838+0000] {standard_task_runner.py:82} INFO - Running: ['***', 'tasks', 'run', 'exchange_rates', 'insert_rate_RUB_AMD', 'scheduled__2022-01-25T08:15:00+00:00', '--job-id', '8162', '--raw', '--subdir', 'DAGS_FOLDER/exchange_rates.py', '--cfg-path', '/tmp/tmpj85cwqno']
[2023-01-01T14:36:13.839+0000] {standard_task_runner.py:83} INFO - Job 8162: Subtask insert_rate_RUB_AMD
[2023-01-01T14:36:13.864+0000] {dagbag.py:525} INFO - Filling up the DagBag from /opt/***/dags/exchange_rates.py
[2023-01-01T14:36:14.039+0000] {taskmixin.py:205} WARNING - Dependency <Task(CurrencyScoopOperator): get_rate_AMD_RUB>, insert_rate_AMD_RUB already registered for DAG: exchange_rates
[2023-01-01T14:36:14.042+0000] {taskmixin.py:205} WARNING - Dependency <Task(PostgresOperator): insert_rate_AMD_RUB>, get_rate_AMD_RUB already registered for DAG: exchange_rates
[2023-01-01T14:36:14.219+0000] {task_command.py:384} INFO - Running <TaskInstance: exchange_rates.insert_rate_RUB_AMD scheduled__2022-01-25T08:15:00+00:00 [running]> on host d383fbf2a8e7
[2023-01-01T14:36:14.298+0000] {warnings.py:110} WARNING - /home/***/.local/lib/python3.7/site-packages/***/utils/context.py:204: AirflowContextDeprecationWarning: Accessing 'execution_date' from the template is deprecated and will be removed in a future version. Please use 'data_interval_start' or 'logical_date' instead.
  warnings.warn(_create_deprecation_warning(key, self._deprecation_replacements[key]))

[2023-01-01T14:36:14.582+0000] {taskinstance.py:1592} INFO - Exporting the following env vars:
AIRFLOW_CTX_DAG_OWNER=***
AIRFLOW_CTX_DAG_ID=exchange_rates
AIRFLOW_CTX_TASK_ID=insert_rate_RUB_AMD
AIRFLOW_CTX_EXECUTION_DATE=2022-01-25T08:15:00+00:00
AIRFLOW_CTX_TRY_NUMBER=1
AIRFLOW_CTX_DAG_RUN_ID=scheduled__2022-01-25T08:15:00+00:00
[2023-01-01T14:36:14.615+0000] {base.py:71} INFO - Using connection ID 'postgres_default' for task execution.
[2023-01-01T14:36:14.629+0000] {sql.py:315} INFO - Running statement: INSERT INTO
    exchange_rates
VALUES ('RUB', 'AMD', 6.1054683, '2022-01-25')
ON CONFLICT (base, currency, date) DO
    UPDATE
        SET rate = excluded.rate;, parameters: None
[2023-01-01T14:36:14.631+0000] {sql.py:324} INFO - Rows affected: 1
[2023-01-01T14:36:14.658+0000] {taskinstance.py:1406} INFO - Marking task as SUCCESS. dag_id=exchange_rates, task_id=insert_rate_RUB_AMD, execution_date=20220125T081500, start_date=20230101T143613, end_date=20230101T143614
[2023-01-01T14:36:14.809+0000] {local_task_job.py:164} INFO - Task exited with return code 0
[2023-01-01T14:36:14.874+0000] {local_task_job.py:273} INFO - 0 downstream tasks scheduled from follow-on schedule check
