[2022-12-26T13:55:06.605+0000] {taskinstance.py:1165} INFO - Dependencies all met for <TaskInstance: exchange_rates.make_report scheduled__2022-04-10T08:15:00+00:00 [queued]>
[2022-12-26T13:55:06.655+0000] {taskinstance.py:1165} INFO - Dependencies all met for <TaskInstance: exchange_rates.make_report scheduled__2022-04-10T08:15:00+00:00 [queued]>
[2022-12-26T13:55:06.656+0000] {taskinstance.py:1362} INFO - 
--------------------------------------------------------------------------------
[2022-12-26T13:55:06.656+0000] {taskinstance.py:1363} INFO - Starting attempt 1 of 1
[2022-12-26T13:55:06.657+0000] {taskinstance.py:1364} INFO - 
--------------------------------------------------------------------------------
[2022-12-26T13:55:06.700+0000] {taskinstance.py:1383} INFO - Executing <Task(PythonOperator): make_report> on 2022-04-10 08:15:00+00:00
[2022-12-26T13:55:06.713+0000] {standard_task_runner.py:54} INFO - Started process 5990 to run task
[2022-12-26T13:55:06.728+0000] {standard_task_runner.py:82} INFO - Running: ['***', 'tasks', 'run', 'exchange_rates', 'make_report', 'scheduled__2022-04-10T08:15:00+00:00', '--job-id', '3176', '--raw', '--subdir', 'DAGS_FOLDER/exchange_rates.py', '--cfg-path', '/tmp/tmpng868qvs']
[2022-12-26T13:55:06.736+0000] {standard_task_runner.py:83} INFO - Job 3176: Subtask make_report
[2022-12-26T13:55:06.741+0000] {dagbag.py:525} INFO - Filling up the DagBag from /opt/***/dags/exchange_rates.py
[2022-12-26T13:55:06.983+0000] {taskmixin.py:205} WARNING - Dependency <Task(CurrencyScoopOperator): get_rate_AMD_RUB>, insert_rate_AMD_RUB already registered for DAG: exchange_rates
[2022-12-26T13:55:06.985+0000] {taskmixin.py:205} WARNING - Dependency <Task(PostgresOperator): insert_rate_AMD_RUB>, get_rate_AMD_RUB already registered for DAG: exchange_rates
[2022-12-26T13:55:07.284+0000] {task_command.py:384} INFO - Running <TaskInstance: exchange_rates.make_report scheduled__2022-04-10T08:15:00+00:00 [running]> on host d383fbf2a8e7
[2022-12-26T13:55:07.572+0000] {taskinstance.py:1592} INFO - Exporting the following env vars:
AIRFLOW_CTX_DAG_OWNER=***
AIRFLOW_CTX_DAG_ID=exchange_rates
AIRFLOW_CTX_TASK_ID=make_report
AIRFLOW_CTX_EXECUTION_DATE=2022-04-10T08:15:00+00:00
AIRFLOW_CTX_TRY_NUMBER=1
AIRFLOW_CTX_DAG_RUN_ID=scheduled__2022-04-10T08:15:00+00:00
[2022-12-26T13:55:09.042+0000] {python.py:177} INFO - Done. Returned value was: None
[2022-12-26T13:55:09.054+0000] {taskinstance.py:1406} INFO - Marking task as SUCCESS. dag_id=exchange_rates, task_id=make_report, execution_date=20220410T081500, start_date=20221226T135506, end_date=20221226T135509
[2022-12-26T13:55:09.222+0000] {local_task_job.py:164} INFO - Task exited with return code 0
[2022-12-26T13:55:09.241+0000] {local_task_job.py:273} INFO - 0 downstream tasks scheduled from follow-on schedule check
[2023-01-01T14:39:19.265+0000] {taskinstance.py:1165} INFO - Dependencies all met for <TaskInstance: exchange_rates.make_report scheduled__2022-04-10T08:15:00+00:00 [queued]>
[2023-01-01T14:39:19.305+0000] {taskinstance.py:1165} INFO - Dependencies all met for <TaskInstance: exchange_rates.make_report scheduled__2022-04-10T08:15:00+00:00 [queued]>
[2023-01-01T14:39:19.309+0000] {taskinstance.py:1362} INFO - 
--------------------------------------------------------------------------------
[2023-01-01T14:39:19.309+0000] {taskinstance.py:1363} INFO - Starting attempt 1 of 1
[2023-01-01T14:39:19.310+0000] {taskinstance.py:1364} INFO - 
--------------------------------------------------------------------------------
[2023-01-01T14:39:19.336+0000] {taskinstance.py:1383} INFO - Executing <Task(PythonOperator): make_report> on 2022-04-10 08:15:00+00:00
[2023-01-01T14:39:19.352+0000] {standard_task_runner.py:54} INFO - Started process 6623 to run task
[2023-01-01T14:39:19.372+0000] {standard_task_runner.py:82} INFO - Running: ['***', 'tasks', 'run', 'exchange_rates', 'make_report', 'scheduled__2022-04-10T08:15:00+00:00', '--job-id', '9156', '--raw', '--subdir', 'DAGS_FOLDER/exchange_rates.py', '--cfg-path', '/tmp/tmps1oqdrb0']
[2023-01-01T14:39:19.384+0000] {standard_task_runner.py:83} INFO - Job 9156: Subtask make_report
[2023-01-01T14:39:19.386+0000] {dagbag.py:525} INFO - Filling up the DagBag from /opt/***/dags/exchange_rates.py
[2023-01-01T14:39:19.631+0000] {taskmixin.py:205} WARNING - Dependency <Task(CurrencyScoopOperator): get_rate_AMD_RUB>, insert_rate_AMD_RUB already registered for DAG: exchange_rates
[2023-01-01T14:39:19.634+0000] {taskmixin.py:205} WARNING - Dependency <Task(PostgresOperator): insert_rate_AMD_RUB>, get_rate_AMD_RUB already registered for DAG: exchange_rates
[2023-01-01T14:39:19.800+0000] {task_command.py:384} INFO - Running <TaskInstance: exchange_rates.make_report scheduled__2022-04-10T08:15:00+00:00 [running]> on host d383fbf2a8e7
[2023-01-01T14:39:19.982+0000] {taskinstance.py:1592} INFO - Exporting the following env vars:
AIRFLOW_CTX_DAG_OWNER=***
AIRFLOW_CTX_DAG_ID=exchange_rates
AIRFLOW_CTX_TASK_ID=make_report
AIRFLOW_CTX_EXECUTION_DATE=2022-04-10T08:15:00+00:00
AIRFLOW_CTX_TRY_NUMBER=1
AIRFLOW_CTX_DAG_RUN_ID=scheduled__2022-04-10T08:15:00+00:00
[2023-01-01T14:39:20.791+0000] {python.py:177} INFO - Done. Returned value was: None
[2023-01-01T14:39:20.819+0000] {taskinstance.py:1406} INFO - Marking task as SUCCESS. dag_id=exchange_rates, task_id=make_report, execution_date=20220410T081500, start_date=20230101T143919, end_date=20230101T143920
[2023-01-01T14:39:20.981+0000] {local_task_job.py:164} INFO - Task exited with return code 0
[2023-01-01T14:39:21.002+0000] {local_task_job.py:273} INFO - 0 downstream tasks scheduled from follow-on schedule check
