[2022-12-26T13:53:02.241+0000] {taskinstance.py:1165} INFO - Dependencies all met for <TaskInstance: exchange_rates.create_table_task scheduled__2022-03-08T08:15:00+00:00 [queued]>
[2022-12-26T13:53:02.248+0000] {taskinstance.py:1165} INFO - Dependencies all met for <TaskInstance: exchange_rates.create_table_task scheduled__2022-03-08T08:15:00+00:00 [queued]>
[2022-12-26T13:53:02.249+0000] {taskinstance.py:1362} INFO - 
--------------------------------------------------------------------------------
[2022-12-26T13:53:02.249+0000] {taskinstance.py:1363} INFO - Starting attempt 1 of 1
[2022-12-26T13:53:02.250+0000] {taskinstance.py:1364} INFO - 
--------------------------------------------------------------------------------
[2022-12-26T13:53:02.270+0000] {taskinstance.py:1383} INFO - Executing <Task(PostgresOperator): create_table_task> on 2022-03-08 08:15:00+00:00
[2022-12-26T13:53:02.277+0000] {standard_task_runner.py:54} INFO - Started process 4613 to run task
[2022-12-26T13:53:02.293+0000] {standard_task_runner.py:82} INFO - Running: ['***', 'tasks', 'run', 'exchange_rates', 'create_table_task', 'scheduled__2022-03-08T08:15:00+00:00', '--job-id', '2544', '--raw', '--subdir', 'DAGS_FOLDER/exchange_rates.py', '--cfg-path', '/tmp/tmpa4manlae']
[2022-12-26T13:53:02.296+0000] {standard_task_runner.py:83} INFO - Job 2544: Subtask create_table_task
[2022-12-26T13:53:02.297+0000] {dagbag.py:525} INFO - Filling up the DagBag from /opt/***/dags/exchange_rates.py
[2022-12-26T13:53:02.446+0000] {taskmixin.py:205} WARNING - Dependency <Task(CurrencyScoopOperator): get_rate_AMD_RUB>, insert_rate_AMD_RUB already registered for DAG: exchange_rates
[2022-12-26T13:53:02.446+0000] {taskmixin.py:205} WARNING - Dependency <Task(PostgresOperator): insert_rate_AMD_RUB>, get_rate_AMD_RUB already registered for DAG: exchange_rates
[2022-12-26T13:53:02.575+0000] {task_command.py:384} INFO - Running <TaskInstance: exchange_rates.create_table_task scheduled__2022-03-08T08:15:00+00:00 [running]> on host d383fbf2a8e7
[2022-12-26T13:53:02.720+0000] {taskinstance.py:1592} INFO - Exporting the following env vars:
AIRFLOW_CTX_DAG_OWNER=***
AIRFLOW_CTX_DAG_ID=exchange_rates
AIRFLOW_CTX_TASK_ID=create_table_task
AIRFLOW_CTX_EXECUTION_DATE=2022-03-08T08:15:00+00:00
AIRFLOW_CTX_TRY_NUMBER=1
AIRFLOW_CTX_DAG_RUN_ID=scheduled__2022-03-08T08:15:00+00:00
[2022-12-26T13:53:02.732+0000] {base.py:71} INFO - Using connection ID 'postgres_default' for task execution.
[2022-12-26T13:53:02.736+0000] {sql.py:315} INFO - Running statement: CREATE TABLE IF NOT EXISTS exchange_rates (
    base VARCHAR(3) NOT NULL,
    currency VARCHAR(3) NOT NULL,
    rate NUMERIC(12, 3) NOT NULL,
    date DATE NOT NULL,
    UNIQUE (base, currency, date)
);, parameters: None
[2022-12-26T13:53:02.738+0000] {postgres.py:96} INFO - NOTICE:  relation "exchange_rates" already exists, skipping

[2022-12-26T13:53:02.760+0000] {taskinstance.py:1406} INFO - Marking task as SUCCESS. dag_id=exchange_rates, task_id=create_table_task, execution_date=20220308T081500, start_date=20221226T135302, end_date=20221226T135302
[2022-12-26T13:53:02.888+0000] {local_task_job.py:164} INFO - Task exited with return code 0
[2022-12-26T13:53:03.002+0000] {local_task_job.py:273} INFO - 6 downstream tasks scheduled from follow-on schedule check
[2023-01-01T14:37:27.939+0000] {taskinstance.py:1165} INFO - Dependencies all met for <TaskInstance: exchange_rates.create_table_task scheduled__2022-03-08T08:15:00+00:00 [queued]>
[2023-01-01T14:37:27.985+0000] {taskinstance.py:1165} INFO - Dependencies all met for <TaskInstance: exchange_rates.create_table_task scheduled__2022-03-08T08:15:00+00:00 [queued]>
[2023-01-01T14:37:27.986+0000] {taskinstance.py:1362} INFO - 
--------------------------------------------------------------------------------
[2023-01-01T14:37:27.987+0000] {taskinstance.py:1363} INFO - Starting attempt 1 of 1
[2023-01-01T14:37:27.987+0000] {taskinstance.py:1364} INFO - 
--------------------------------------------------------------------------------
[2023-01-01T14:37:28.037+0000] {taskinstance.py:1383} INFO - Executing <Task(PostgresOperator): create_table_task> on 2022-03-08 08:15:00+00:00
[2023-01-01T14:37:28.053+0000] {standard_task_runner.py:54} INFO - Started process 5213 to run task
[2023-01-01T14:37:28.084+0000] {standard_task_runner.py:82} INFO - Running: ['***', 'tasks', 'run', 'exchange_rates', 'create_table_task', 'scheduled__2022-03-08T08:15:00+00:00', '--job-id', '8507', '--raw', '--subdir', 'DAGS_FOLDER/exchange_rates.py', '--cfg-path', '/tmp/tmpfm3ziqht']
[2023-01-01T14:37:28.089+0000] {standard_task_runner.py:83} INFO - Job 8507: Subtask create_table_task
[2023-01-01T14:37:28.097+0000] {dagbag.py:525} INFO - Filling up the DagBag from /opt/***/dags/exchange_rates.py
[2023-01-01T14:37:28.356+0000] {taskmixin.py:205} WARNING - Dependency <Task(CurrencyScoopOperator): get_rate_AMD_RUB>, insert_rate_AMD_RUB already registered for DAG: exchange_rates
[2023-01-01T14:37:28.356+0000] {taskmixin.py:205} WARNING - Dependency <Task(PostgresOperator): insert_rate_AMD_RUB>, get_rate_AMD_RUB already registered for DAG: exchange_rates
[2023-01-01T14:37:28.567+0000] {task_command.py:384} INFO - Running <TaskInstance: exchange_rates.create_table_task scheduled__2022-03-08T08:15:00+00:00 [running]> on host d383fbf2a8e7
[2023-01-01T14:37:28.813+0000] {taskinstance.py:1592} INFO - Exporting the following env vars:
AIRFLOW_CTX_DAG_OWNER=***
AIRFLOW_CTX_DAG_ID=exchange_rates
AIRFLOW_CTX_TASK_ID=create_table_task
AIRFLOW_CTX_EXECUTION_DATE=2022-03-08T08:15:00+00:00
AIRFLOW_CTX_TRY_NUMBER=1
AIRFLOW_CTX_DAG_RUN_ID=scheduled__2022-03-08T08:15:00+00:00
[2023-01-01T14:37:28.841+0000] {base.py:71} INFO - Using connection ID 'postgres_default' for task execution.
[2023-01-01T14:37:28.846+0000] {sql.py:315} INFO - Running statement: CREATE TABLE IF NOT EXISTS exchange_rates (
    base VARCHAR(3) NOT NULL,
    currency VARCHAR(3) NOT NULL,
    rate NUMERIC(12, 3) NOT NULL,
    date DATE NOT NULL,
    UNIQUE (base, currency, date)
);, parameters: None
[2023-01-01T14:37:28.859+0000] {postgres.py:96} INFO - NOTICE:  relation "exchange_rates" already exists, skipping

[2023-01-01T14:37:28.889+0000] {taskinstance.py:1406} INFO - Marking task as SUCCESS. dag_id=exchange_rates, task_id=create_table_task, execution_date=20220308T081500, start_date=20230101T143727, end_date=20230101T143728
[2023-01-01T14:37:29.023+0000] {local_task_job.py:164} INFO - Task exited with return code 0
[2023-01-01T14:37:29.117+0000] {local_task_job.py:273} INFO - 6 downstream tasks scheduled from follow-on schedule check
