[2022-12-26T13:58:35.965+0000] {taskinstance.py:1165} INFO - Dependencies all met for <TaskInstance: exchange_rates.insert_rate_EUR_RUB scheduled__2022-06-24T08:15:00+00:00 [queued]>
[2022-12-26T13:58:35.982+0000] {taskinstance.py:1165} INFO - Dependencies all met for <TaskInstance: exchange_rates.insert_rate_EUR_RUB scheduled__2022-06-24T08:15:00+00:00 [queued]>
[2022-12-26T13:58:35.983+0000] {taskinstance.py:1362} INFO - 
--------------------------------------------------------------------------------
[2022-12-26T13:58:35.983+0000] {taskinstance.py:1363} INFO - Starting attempt 1 of 1
[2022-12-26T13:58:35.984+0000] {taskinstance.py:1364} INFO - 
--------------------------------------------------------------------------------
[2022-12-26T13:58:36.046+0000] {taskinstance.py:1383} INFO - Executing <Task(PostgresOperator): insert_rate_EUR_RUB> on 2022-06-24 08:15:00+00:00
[2022-12-26T13:58:36.077+0000] {standard_task_runner.py:54} INFO - Started process 8369 to run task
[2022-12-26T13:58:36.088+0000] {standard_task_runner.py:82} INFO - Running: ['***', 'tasks', 'run', 'exchange_rates', 'insert_rate_EUR_RUB', 'scheduled__2022-06-24T08:15:00+00:00', '--job-id', '4256', '--raw', '--subdir', 'DAGS_FOLDER/exchange_rates.py', '--cfg-path', '/tmp/tmptg8zti38']
[2022-12-26T13:58:36.092+0000] {standard_task_runner.py:83} INFO - Job 4256: Subtask insert_rate_EUR_RUB
[2022-12-26T13:58:36.098+0000] {dagbag.py:525} INFO - Filling up the DagBag from /opt/***/dags/exchange_rates.py
[2022-12-26T13:58:36.407+0000] {taskmixin.py:205} WARNING - Dependency <Task(CurrencyScoopOperator): get_rate_AMD_RUB>, insert_rate_AMD_RUB already registered for DAG: exchange_rates
[2022-12-26T13:58:36.408+0000] {taskmixin.py:205} WARNING - Dependency <Task(PostgresOperator): insert_rate_AMD_RUB>, get_rate_AMD_RUB already registered for DAG: exchange_rates
[2022-12-26T13:58:36.594+0000] {task_command.py:384} INFO - Running <TaskInstance: exchange_rates.insert_rate_EUR_RUB scheduled__2022-06-24T08:15:00+00:00 [running]> on host d383fbf2a8e7
[2022-12-26T13:58:36.743+0000] {warnings.py:110} WARNING - /home/***/.local/lib/python3.7/site-packages/***/utils/context.py:204: AirflowContextDeprecationWarning: Accessing 'execution_date' from the template is deprecated and will be removed in a future version. Please use 'data_interval_start' or 'logical_date' instead.
  warnings.warn(_create_deprecation_warning(key, self._deprecation_replacements[key]))

[2022-12-26T13:58:36.867+0000] {taskinstance.py:1592} INFO - Exporting the following env vars:
AIRFLOW_CTX_DAG_OWNER=***
AIRFLOW_CTX_DAG_ID=exchange_rates
AIRFLOW_CTX_TASK_ID=insert_rate_EUR_RUB
AIRFLOW_CTX_EXECUTION_DATE=2022-06-24T08:15:00+00:00
AIRFLOW_CTX_TRY_NUMBER=1
AIRFLOW_CTX_DAG_RUN_ID=scheduled__2022-06-24T08:15:00+00:00
[2022-12-26T13:58:36.885+0000] {base.py:71} INFO - Using connection ID 'postgres_default' for task execution.
[2022-12-26T13:58:36.891+0000] {sql.py:315} INFO - Running statement: INSERT INTO
    exchange_rates
VALUES ('EUR', 'RUB', 59.8726356, '2022-06-24')
ON CONFLICT (base, currency, date) DO
    UPDATE
        SET rate = excluded.rate;, parameters: None
[2022-12-26T13:58:36.893+0000] {sql.py:324} INFO - Rows affected: 1
[2022-12-26T13:58:36.927+0000] {taskinstance.py:1406} INFO - Marking task as SUCCESS. dag_id=exchange_rates, task_id=insert_rate_EUR_RUB, execution_date=20220624T081500, start_date=20221226T135835, end_date=20221226T135836
[2022-12-26T13:58:37.037+0000] {local_task_job.py:164} INFO - Task exited with return code 0
[2022-12-26T13:58:37.093+0000] {local_task_job.py:273} INFO - 0 downstream tasks scheduled from follow-on schedule check
[2023-01-01T14:42:40.326+0000] {taskinstance.py:1165} INFO - Dependencies all met for <TaskInstance: exchange_rates.insert_rate_EUR_RUB scheduled__2022-06-24T08:15:00+00:00 [queued]>
[2023-01-01T14:42:40.378+0000] {taskinstance.py:1165} INFO - Dependencies all met for <TaskInstance: exchange_rates.insert_rate_EUR_RUB scheduled__2022-06-24T08:15:00+00:00 [queued]>
[2023-01-01T14:42:40.380+0000] {taskinstance.py:1362} INFO - 
--------------------------------------------------------------------------------
[2023-01-01T14:42:40.386+0000] {taskinstance.py:1363} INFO - Starting attempt 1 of 1
[2023-01-01T14:42:40.387+0000] {taskinstance.py:1364} INFO - 
--------------------------------------------------------------------------------
[2023-01-01T14:42:40.399+0000] {taskinstance.py:1383} INFO - Executing <Task(PostgresOperator): insert_rate_EUR_RUB> on 2022-06-24 08:15:00+00:00
[2023-01-01T14:42:40.412+0000] {standard_task_runner.py:54} INFO - Started process 8962 to run task
[2023-01-01T14:42:40.423+0000] {standard_task_runner.py:82} INFO - Running: ['***', 'tasks', 'run', 'exchange_rates', 'insert_rate_EUR_RUB', 'scheduled__2022-06-24T08:15:00+00:00', '--job-id', '10221', '--raw', '--subdir', 'DAGS_FOLDER/exchange_rates.py', '--cfg-path', '/tmp/tmp3kf__deq']
[2023-01-01T14:42:40.428+0000] {standard_task_runner.py:83} INFO - Job 10221: Subtask insert_rate_EUR_RUB
[2023-01-01T14:42:40.431+0000] {dagbag.py:525} INFO - Filling up the DagBag from /opt/***/dags/exchange_rates.py
[2023-01-01T14:42:40.648+0000] {taskmixin.py:205} WARNING - Dependency <Task(CurrencyScoopOperator): get_rate_AMD_RUB>, insert_rate_AMD_RUB already registered for DAG: exchange_rates
[2023-01-01T14:42:40.649+0000] {taskmixin.py:205} WARNING - Dependency <Task(PostgresOperator): insert_rate_AMD_RUB>, get_rate_AMD_RUB already registered for DAG: exchange_rates
[2023-01-01T14:42:40.914+0000] {task_command.py:384} INFO - Running <TaskInstance: exchange_rates.insert_rate_EUR_RUB scheduled__2022-06-24T08:15:00+00:00 [running]> on host d383fbf2a8e7
[2023-01-01T14:42:41.051+0000] {warnings.py:110} WARNING - /home/***/.local/lib/python3.7/site-packages/***/utils/context.py:204: AirflowContextDeprecationWarning: Accessing 'execution_date' from the template is deprecated and will be removed in a future version. Please use 'data_interval_start' or 'logical_date' instead.
  warnings.warn(_create_deprecation_warning(key, self._deprecation_replacements[key]))

[2023-01-01T14:42:41.229+0000] {taskinstance.py:1592} INFO - Exporting the following env vars:
AIRFLOW_CTX_DAG_OWNER=***
AIRFLOW_CTX_DAG_ID=exchange_rates
AIRFLOW_CTX_TASK_ID=insert_rate_EUR_RUB
AIRFLOW_CTX_EXECUTION_DATE=2022-06-24T08:15:00+00:00
AIRFLOW_CTX_TRY_NUMBER=1
AIRFLOW_CTX_DAG_RUN_ID=scheduled__2022-06-24T08:15:00+00:00
[2023-01-01T14:42:41.301+0000] {base.py:71} INFO - Using connection ID 'postgres_default' for task execution.
[2023-01-01T14:42:41.306+0000] {sql.py:315} INFO - Running statement: INSERT INTO
    exchange_rates
VALUES ('EUR', 'RUB', 59.8726356, '2022-06-24')
ON CONFLICT (base, currency, date) DO
    UPDATE
        SET rate = excluded.rate;, parameters: None
[2023-01-01T14:42:41.313+0000] {sql.py:324} INFO - Rows affected: 1
[2023-01-01T14:42:41.349+0000] {taskinstance.py:1406} INFO - Marking task as SUCCESS. dag_id=exchange_rates, task_id=insert_rate_EUR_RUB, execution_date=20220624T081500, start_date=20230101T144240, end_date=20230101T144241
[2023-01-01T14:42:41.504+0000] {local_task_job.py:164} INFO - Task exited with return code 0
[2023-01-01T14:42:41.571+0000] {local_task_job.py:273} INFO - 0 downstream tasks scheduled from follow-on schedule check
