[2022-12-26T13:55:23.215+0000] {taskinstance.py:1165} INFO - Dependencies all met for <TaskInstance: exchange_rates.get_rate_RUB_USD scheduled__2022-04-19T08:15:00+00:00 [queued]>
[2022-12-26T13:55:23.251+0000] {taskinstance.py:1165} INFO - Dependencies all met for <TaskInstance: exchange_rates.get_rate_RUB_USD scheduled__2022-04-19T08:15:00+00:00 [queued]>
[2022-12-26T13:55:23.252+0000] {taskinstance.py:1362} INFO - 
--------------------------------------------------------------------------------
[2022-12-26T13:55:23.253+0000] {taskinstance.py:1363} INFO - Starting attempt 1 of 1
[2022-12-26T13:55:23.253+0000] {taskinstance.py:1364} INFO - 
--------------------------------------------------------------------------------
[2022-12-26T13:55:23.275+0000] {taskinstance.py:1383} INFO - Executing <Task(CurrencyScoopOperator): get_rate_RUB_USD> on 2022-04-19 08:15:00+00:00
[2022-12-26T13:55:23.279+0000] {standard_task_runner.py:54} INFO - Started process 6148 to run task
[2022-12-26T13:55:23.284+0000] {standard_task_runner.py:82} INFO - Running: ['***', 'tasks', 'run', 'exchange_rates', 'get_rate_RUB_USD', 'scheduled__2022-04-19T08:15:00+00:00', '--job-id', '3243', '--raw', '--subdir', 'DAGS_FOLDER/exchange_rates.py', '--cfg-path', '/tmp/tmp9dodvigg']
[2022-12-26T13:55:23.285+0000] {standard_task_runner.py:83} INFO - Job 3243: Subtask get_rate_RUB_USD
[2022-12-26T13:55:23.292+0000] {dagbag.py:525} INFO - Filling up the DagBag from /opt/***/dags/exchange_rates.py
[2022-12-26T13:55:23.361+0000] {taskmixin.py:205} WARNING - Dependency <Task(CurrencyScoopOperator): get_rate_AMD_RUB>, insert_rate_AMD_RUB already registered for DAG: exchange_rates
[2022-12-26T13:55:23.362+0000] {taskmixin.py:205} WARNING - Dependency <Task(PostgresOperator): insert_rate_AMD_RUB>, get_rate_AMD_RUB already registered for DAG: exchange_rates
[2022-12-26T13:55:23.429+0000] {task_command.py:384} INFO - Running <TaskInstance: exchange_rates.get_rate_RUB_USD scheduled__2022-04-19T08:15:00+00:00 [running]> on host d383fbf2a8e7
[2022-12-26T13:55:23.527+0000] {taskinstance.py:1592} INFO - Exporting the following env vars:
AIRFLOW_CTX_DAG_OWNER=***
AIRFLOW_CTX_DAG_ID=exchange_rates
AIRFLOW_CTX_TASK_ID=get_rate_RUB_USD
AIRFLOW_CTX_EXECUTION_DATE=2022-04-19T08:15:00+00:00
AIRFLOW_CTX_TRY_NUMBER=1
AIRFLOW_CTX_DAG_RUN_ID=scheduled__2022-04-19T08:15:00+00:00
[2022-12-26T13:55:23.528+0000] {warnings.py:110} WARNING - /home/***/.local/lib/python3.7/site-packages/***/utils/context.py:204: AirflowContextDeprecationWarning: Accessing 'execution_date' from the template is deprecated and will be removed in a future version. Please use 'data_interval_start' or 'logical_date' instead.
  warnings.warn(_create_deprecation_warning(key, self._deprecation_replacements[key]))

[2022-12-26T13:55:23.544+0000] {base.py:71} INFO - Using connection ID 'currency_conn_id' for task execution.
[2022-12-26T13:55:23.967+0000] {taskinstance.py:1406} INFO - Marking task as SUCCESS. dag_id=exchange_rates, task_id=get_rate_RUB_USD, execution_date=20220419T081500, start_date=20221226T135523, end_date=20221226T135523
[2022-12-26T13:55:24.068+0000] {local_task_job.py:164} INFO - Task exited with return code 0
[2022-12-26T13:55:24.147+0000] {local_task_job.py:273} INFO - 1 downstream tasks scheduled from follow-on schedule check
[2023-01-01T14:39:31.729+0000] {taskinstance.py:1165} INFO - Dependencies all met for <TaskInstance: exchange_rates.get_rate_RUB_USD scheduled__2022-04-19T08:15:00+00:00 [queued]>
[2023-01-01T14:39:31.744+0000] {taskinstance.py:1165} INFO - Dependencies all met for <TaskInstance: exchange_rates.get_rate_RUB_USD scheduled__2022-04-19T08:15:00+00:00 [queued]>
[2023-01-01T14:39:31.744+0000] {taskinstance.py:1362} INFO - 
--------------------------------------------------------------------------------
[2023-01-01T14:39:31.748+0000] {taskinstance.py:1363} INFO - Starting attempt 1 of 1
[2023-01-01T14:39:31.748+0000] {taskinstance.py:1364} INFO - 
--------------------------------------------------------------------------------
[2023-01-01T14:39:31.805+0000] {taskinstance.py:1383} INFO - Executing <Task(CurrencyScoopOperator): get_rate_RUB_USD> on 2022-04-19 08:15:00+00:00
[2023-01-01T14:39:31.820+0000] {standard_task_runner.py:54} INFO - Started process 6772 to run task
[2023-01-01T14:39:31.853+0000] {standard_task_runner.py:82} INFO - Running: ['***', 'tasks', 'run', 'exchange_rates', 'get_rate_RUB_USD', 'scheduled__2022-04-19T08:15:00+00:00', '--job-id', '9219', '--raw', '--subdir', 'DAGS_FOLDER/exchange_rates.py', '--cfg-path', '/tmp/tmp49bpw4yj']
[2023-01-01T14:39:31.855+0000] {standard_task_runner.py:83} INFO - Job 9219: Subtask get_rate_RUB_USD
[2023-01-01T14:39:31.858+0000] {dagbag.py:525} INFO - Filling up the DagBag from /opt/***/dags/exchange_rates.py
[2023-01-01T14:39:32.134+0000] {taskmixin.py:205} WARNING - Dependency <Task(CurrencyScoopOperator): get_rate_AMD_RUB>, insert_rate_AMD_RUB already registered for DAG: exchange_rates
[2023-01-01T14:39:32.137+0000] {taskmixin.py:205} WARNING - Dependency <Task(PostgresOperator): insert_rate_AMD_RUB>, get_rate_AMD_RUB already registered for DAG: exchange_rates
[2023-01-01T14:39:32.288+0000] {task_command.py:384} INFO - Running <TaskInstance: exchange_rates.get_rate_RUB_USD scheduled__2022-04-19T08:15:00+00:00 [running]> on host d383fbf2a8e7
[2023-01-01T14:39:32.469+0000] {taskinstance.py:1592} INFO - Exporting the following env vars:
AIRFLOW_CTX_DAG_OWNER=***
AIRFLOW_CTX_DAG_ID=exchange_rates
AIRFLOW_CTX_TASK_ID=get_rate_RUB_USD
AIRFLOW_CTX_EXECUTION_DATE=2022-04-19T08:15:00+00:00
AIRFLOW_CTX_TRY_NUMBER=1
AIRFLOW_CTX_DAG_RUN_ID=scheduled__2022-04-19T08:15:00+00:00
[2023-01-01T14:39:32.471+0000] {warnings.py:110} WARNING - /home/***/.local/lib/python3.7/site-packages/***/utils/context.py:204: AirflowContextDeprecationWarning: Accessing 'execution_date' from the template is deprecated and will be removed in a future version. Please use 'data_interval_start' or 'logical_date' instead.
  warnings.warn(_create_deprecation_warning(key, self._deprecation_replacements[key]))

[2023-01-01T14:39:32.490+0000] {base.py:71} INFO - Using connection ID 'currency_conn_id' for task execution.
[2023-01-01T14:39:32.864+0000] {taskinstance.py:1406} INFO - Marking task as SUCCESS. dag_id=exchange_rates, task_id=get_rate_RUB_USD, execution_date=20220419T081500, start_date=20230101T143931, end_date=20230101T143932
[2023-01-01T14:39:32.901+0000] {local_task_job.py:164} INFO - Task exited with return code 0
[2023-01-01T14:39:32.939+0000] {local_task_job.py:273} INFO - 1 downstream tasks scheduled from follow-on schedule check
