[2022-12-26T13:53:32.742+0000] {taskinstance.py:1165} INFO - Dependencies all met for <TaskInstance: exchange_rates.make_report scheduled__2022-02-24T08:15:00+00:00 [queued]>
[2022-12-26T13:53:32.776+0000] {taskinstance.py:1165} INFO - Dependencies all met for <TaskInstance: exchange_rates.make_report scheduled__2022-02-24T08:15:00+00:00 [queued]>
[2022-12-26T13:53:32.777+0000] {taskinstance.py:1362} INFO - 
--------------------------------------------------------------------------------
[2022-12-26T13:53:32.777+0000] {taskinstance.py:1363} INFO - Starting attempt 1 of 1
[2022-12-26T13:53:32.778+0000] {taskinstance.py:1364} INFO - 
--------------------------------------------------------------------------------
[2022-12-26T13:53:32.811+0000] {taskinstance.py:1383} INFO - Executing <Task(PythonOperator): make_report> on 2022-02-24 08:15:00+00:00
[2022-12-26T13:53:32.825+0000] {standard_task_runner.py:54} INFO - Started process 4966 to run task
[2022-12-26T13:53:32.869+0000] {standard_task_runner.py:82} INFO - Running: ['***', 'tasks', 'run', 'exchange_rates', 'make_report', 'scheduled__2022-02-24T08:15:00+00:00', '--job-id', '2711', '--raw', '--subdir', 'DAGS_FOLDER/exchange_rates.py', '--cfg-path', '/tmp/tmps9_yf1ww']
[2022-12-26T13:53:32.876+0000] {standard_task_runner.py:83} INFO - Job 2711: Subtask make_report
[2022-12-26T13:53:32.882+0000] {dagbag.py:525} INFO - Filling up the DagBag from /opt/***/dags/exchange_rates.py
[2022-12-26T13:53:33.083+0000] {taskmixin.py:205} WARNING - Dependency <Task(CurrencyScoopOperator): get_rate_AMD_RUB>, insert_rate_AMD_RUB already registered for DAG: exchange_rates
[2022-12-26T13:53:33.084+0000] {taskmixin.py:205} WARNING - Dependency <Task(PostgresOperator): insert_rate_AMD_RUB>, get_rate_AMD_RUB already registered for DAG: exchange_rates
[2022-12-26T13:53:33.243+0000] {task_command.py:384} INFO - Running <TaskInstance: exchange_rates.make_report scheduled__2022-02-24T08:15:00+00:00 [running]> on host d383fbf2a8e7
[2022-12-26T13:53:33.388+0000] {taskinstance.py:1592} INFO - Exporting the following env vars:
AIRFLOW_CTX_DAG_OWNER=***
AIRFLOW_CTX_DAG_ID=exchange_rates
AIRFLOW_CTX_TASK_ID=make_report
AIRFLOW_CTX_EXECUTION_DATE=2022-02-24T08:15:00+00:00
AIRFLOW_CTX_TRY_NUMBER=1
AIRFLOW_CTX_DAG_RUN_ID=scheduled__2022-02-24T08:15:00+00:00
[2022-12-26T13:53:35.018+0000] {python.py:177} INFO - Done. Returned value was: None
[2022-12-26T13:53:35.042+0000] {taskinstance.py:1406} INFO - Marking task as SUCCESS. dag_id=exchange_rates, task_id=make_report, execution_date=20220224T081500, start_date=20221226T135332, end_date=20221226T135335
[2022-12-26T13:53:35.256+0000] {local_task_job.py:164} INFO - Task exited with return code 0
[2022-12-26T13:53:35.274+0000] {local_task_job.py:273} INFO - 0 downstream tasks scheduled from follow-on schedule check
[2023-01-01T14:37:57.262+0000] {taskinstance.py:1165} INFO - Dependencies all met for <TaskInstance: exchange_rates.make_report scheduled__2022-02-24T08:15:00+00:00 [queued]>
[2023-01-01T14:37:57.307+0000] {taskinstance.py:1165} INFO - Dependencies all met for <TaskInstance: exchange_rates.make_report scheduled__2022-02-24T08:15:00+00:00 [queued]>
[2023-01-01T14:37:57.310+0000] {taskinstance.py:1362} INFO - 
--------------------------------------------------------------------------------
[2023-01-01T14:37:57.313+0000] {taskinstance.py:1363} INFO - Starting attempt 1 of 1
[2023-01-01T14:37:57.313+0000] {taskinstance.py:1364} INFO - 
--------------------------------------------------------------------------------
[2023-01-01T14:37:57.427+0000] {taskinstance.py:1383} INFO - Executing <Task(PythonOperator): make_report> on 2022-02-24 08:15:00+00:00
[2023-01-01T14:37:57.472+0000] {standard_task_runner.py:54} INFO - Started process 5595 to run task
[2023-01-01T14:37:57.496+0000] {standard_task_runner.py:82} INFO - Running: ['***', 'tasks', 'run', 'exchange_rates', 'make_report', 'scheduled__2022-02-24T08:15:00+00:00', '--job-id', '8687', '--raw', '--subdir', 'DAGS_FOLDER/exchange_rates.py', '--cfg-path', '/tmp/tmpba6t2zp9']
[2023-01-01T14:37:57.513+0000] {standard_task_runner.py:83} INFO - Job 8687: Subtask make_report
[2023-01-01T14:37:57.515+0000] {dagbag.py:525} INFO - Filling up the DagBag from /opt/***/dags/exchange_rates.py
[2023-01-01T14:37:57.775+0000] {taskmixin.py:205} WARNING - Dependency <Task(CurrencyScoopOperator): get_rate_AMD_RUB>, insert_rate_AMD_RUB already registered for DAG: exchange_rates
[2023-01-01T14:37:57.777+0000] {taskmixin.py:205} WARNING - Dependency <Task(PostgresOperator): insert_rate_AMD_RUB>, get_rate_AMD_RUB already registered for DAG: exchange_rates
[2023-01-01T14:37:58.178+0000] {task_command.py:384} INFO - Running <TaskInstance: exchange_rates.make_report scheduled__2022-02-24T08:15:00+00:00 [running]> on host d383fbf2a8e7
[2023-01-01T14:37:58.459+0000] {taskinstance.py:1592} INFO - Exporting the following env vars:
AIRFLOW_CTX_DAG_OWNER=***
AIRFLOW_CTX_DAG_ID=exchange_rates
AIRFLOW_CTX_TASK_ID=make_report
AIRFLOW_CTX_EXECUTION_DATE=2022-02-24T08:15:00+00:00
AIRFLOW_CTX_TRY_NUMBER=1
AIRFLOW_CTX_DAG_RUN_ID=scheduled__2022-02-24T08:15:00+00:00
[2023-01-01T14:38:00.053+0000] {python.py:177} INFO - Done. Returned value was: None
[2023-01-01T14:38:00.094+0000] {taskinstance.py:1406} INFO - Marking task as SUCCESS. dag_id=exchange_rates, task_id=make_report, execution_date=20220224T081500, start_date=20230101T143757, end_date=20230101T143800
[2023-01-01T14:38:00.218+0000] {local_task_job.py:164} INFO - Task exited with return code 0
[2023-01-01T14:38:00.243+0000] {local_task_job.py:273} INFO - 0 downstream tasks scheduled from follow-on schedule check
