[2022-12-26T13:56:05.947+0000] {taskinstance.py:1165} INFO - Dependencies all met for <TaskInstance: exchange_rates.get_rate_AMD_RUB scheduled__2022-05-03T08:15:00+00:00 [queued]>
[2022-12-26T13:56:05.958+0000] {taskinstance.py:1165} INFO - Dependencies all met for <TaskInstance: exchange_rates.get_rate_AMD_RUB scheduled__2022-05-03T08:15:00+00:00 [queued]>
[2022-12-26T13:56:05.958+0000] {taskinstance.py:1362} INFO - 
--------------------------------------------------------------------------------
[2022-12-26T13:56:05.961+0000] {taskinstance.py:1363} INFO - Starting attempt 1 of 1
[2022-12-26T13:56:05.962+0000] {taskinstance.py:1364} INFO - 
--------------------------------------------------------------------------------
[2022-12-26T13:56:05.983+0000] {taskinstance.py:1383} INFO - Executing <Task(CurrencyScoopOperator): get_rate_AMD_RUB> on 2022-05-03 08:15:00+00:00
[2022-12-26T13:56:05.996+0000] {standard_task_runner.py:54} INFO - Started process 6618 to run task
[2022-12-26T13:56:06.031+0000] {standard_task_runner.py:82} INFO - Running: ['***', 'tasks', 'run', 'exchange_rates', 'get_rate_AMD_RUB', 'scheduled__2022-05-03T08:15:00+00:00', '--job-id', '3453', '--raw', '--subdir', 'DAGS_FOLDER/exchange_rates.py', '--cfg-path', '/tmp/tmpx5eudkbg']
[2022-12-26T13:56:06.032+0000] {standard_task_runner.py:83} INFO - Job 3453: Subtask get_rate_AMD_RUB
[2022-12-26T13:56:06.038+0000] {dagbag.py:525} INFO - Filling up the DagBag from /opt/***/dags/exchange_rates.py
[2022-12-26T13:56:06.195+0000] {taskmixin.py:205} WARNING - Dependency <Task(CurrencyScoopOperator): get_rate_AMD_RUB>, insert_rate_AMD_RUB already registered for DAG: exchange_rates
[2022-12-26T13:56:06.200+0000] {taskmixin.py:205} WARNING - Dependency <Task(PostgresOperator): insert_rate_AMD_RUB>, get_rate_AMD_RUB already registered for DAG: exchange_rates
[2022-12-26T13:56:06.338+0000] {task_command.py:384} INFO - Running <TaskInstance: exchange_rates.get_rate_AMD_RUB scheduled__2022-05-03T08:15:00+00:00 [running]> on host d383fbf2a8e7
[2022-12-26T13:56:06.488+0000] {taskinstance.py:1592} INFO - Exporting the following env vars:
AIRFLOW_CTX_DAG_OWNER=***
AIRFLOW_CTX_DAG_ID=exchange_rates
AIRFLOW_CTX_TASK_ID=get_rate_AMD_RUB
AIRFLOW_CTX_EXECUTION_DATE=2022-05-03T08:15:00+00:00
AIRFLOW_CTX_TRY_NUMBER=1
AIRFLOW_CTX_DAG_RUN_ID=scheduled__2022-05-03T08:15:00+00:00
[2022-12-26T13:56:06.490+0000] {warnings.py:110} WARNING - /home/***/.local/lib/python3.7/site-packages/***/utils/context.py:204: AirflowContextDeprecationWarning: Accessing 'execution_date' from the template is deprecated and will be removed in a future version. Please use 'data_interval_start' or 'logical_date' instead.
  warnings.warn(_create_deprecation_warning(key, self._deprecation_replacements[key]))

[2022-12-26T13:56:06.499+0000] {base.py:71} INFO - Using connection ID 'currency_conn_id' for task execution.
[2022-12-26T13:56:07.191+0000] {taskinstance.py:1406} INFO - Marking task as SUCCESS. dag_id=exchange_rates, task_id=get_rate_AMD_RUB, execution_date=20220503T081500, start_date=20221226T135605, end_date=20221226T135607
[2022-12-26T13:56:07.303+0000] {local_task_job.py:164} INFO - Task exited with return code 0
[2022-12-26T13:56:07.367+0000] {local_task_job.py:273} INFO - 1 downstream tasks scheduled from follow-on schedule check
[2023-01-01T14:40:10.825+0000] {taskinstance.py:1165} INFO - Dependencies all met for <TaskInstance: exchange_rates.get_rate_AMD_RUB scheduled__2022-05-03T08:15:00+00:00 [queued]>
[2023-01-01T14:40:10.908+0000] {taskinstance.py:1165} INFO - Dependencies all met for <TaskInstance: exchange_rates.get_rate_AMD_RUB scheduled__2022-05-03T08:15:00+00:00 [queued]>
[2023-01-01T14:40:10.927+0000] {taskinstance.py:1362} INFO - 
--------------------------------------------------------------------------------
[2023-01-01T14:40:10.928+0000] {taskinstance.py:1363} INFO - Starting attempt 1 of 1
[2023-01-01T14:40:10.935+0000] {taskinstance.py:1364} INFO - 
--------------------------------------------------------------------------------
[2023-01-01T14:40:11.024+0000] {taskinstance.py:1383} INFO - Executing <Task(CurrencyScoopOperator): get_rate_AMD_RUB> on 2022-05-03 08:15:00+00:00
[2023-01-01T14:40:11.054+0000] {standard_task_runner.py:82} INFO - Running: ['***', 'tasks', 'run', 'exchange_rates', 'get_rate_AMD_RUB', 'scheduled__2022-05-03T08:15:00+00:00', '--job-id', '9437', '--raw', '--subdir', 'DAGS_FOLDER/exchange_rates.py', '--cfg-path', '/tmp/tmp09b5deyb']
[2023-01-01T14:40:11.041+0000] {standard_task_runner.py:54} INFO - Started process 7253 to run task
[2023-01-01T14:40:11.057+0000] {standard_task_runner.py:83} INFO - Job 9437: Subtask get_rate_AMD_RUB
[2023-01-01T14:40:11.065+0000] {dagbag.py:525} INFO - Filling up the DagBag from /opt/***/dags/exchange_rates.py
[2023-01-01T14:40:11.610+0000] {taskmixin.py:205} WARNING - Dependency <Task(CurrencyScoopOperator): get_rate_AMD_RUB>, insert_rate_AMD_RUB already registered for DAG: exchange_rates
[2023-01-01T14:40:11.630+0000] {taskmixin.py:205} WARNING - Dependency <Task(PostgresOperator): insert_rate_AMD_RUB>, get_rate_AMD_RUB already registered for DAG: exchange_rates
[2023-01-01T14:40:11.973+0000] {task_command.py:384} INFO - Running <TaskInstance: exchange_rates.get_rate_AMD_RUB scheduled__2022-05-03T08:15:00+00:00 [running]> on host d383fbf2a8e7
[2023-01-01T14:40:12.444+0000] {taskinstance.py:1592} INFO - Exporting the following env vars:
AIRFLOW_CTX_DAG_OWNER=***
AIRFLOW_CTX_DAG_ID=exchange_rates
AIRFLOW_CTX_TASK_ID=get_rate_AMD_RUB
AIRFLOW_CTX_EXECUTION_DATE=2022-05-03T08:15:00+00:00
AIRFLOW_CTX_TRY_NUMBER=1
AIRFLOW_CTX_DAG_RUN_ID=scheduled__2022-05-03T08:15:00+00:00
[2023-01-01T14:40:12.448+0000] {warnings.py:110} WARNING - /home/***/.local/lib/python3.7/site-packages/***/utils/context.py:204: AirflowContextDeprecationWarning: Accessing 'execution_date' from the template is deprecated and will be removed in a future version. Please use 'data_interval_start' or 'logical_date' instead.
  warnings.warn(_create_deprecation_warning(key, self._deprecation_replacements[key]))

[2023-01-01T14:40:12.459+0000] {base.py:71} INFO - Using connection ID 'currency_conn_id' for task execution.
[2023-01-01T14:40:13.091+0000] {taskinstance.py:1406} INFO - Marking task as SUCCESS. dag_id=exchange_rates, task_id=get_rate_AMD_RUB, execution_date=20220503T081500, start_date=20230101T144010, end_date=20230101T144013
[2023-01-01T14:40:13.236+0000] {local_task_job.py:164} INFO - Task exited with return code 0
[2023-01-01T14:40:13.395+0000] {local_task_job.py:273} INFO - 1 downstream tasks scheduled from follow-on schedule check
