[2022-12-26T14:03:04.228+0000] {taskinstance.py:1165} INFO - Dependencies all met for <TaskInstance: exchange_rates.get_rate_RUB_USD scheduled__2022-10-06T08:15:00+00:00 [queued]>
[2022-12-26T14:03:04.270+0000] {taskinstance.py:1165} INFO - Dependencies all met for <TaskInstance: exchange_rates.get_rate_RUB_USD scheduled__2022-10-06T08:15:00+00:00 [queued]>
[2022-12-26T14:03:04.271+0000] {taskinstance.py:1362} INFO - 
--------------------------------------------------------------------------------
[2022-12-26T14:03:04.277+0000] {taskinstance.py:1363} INFO - Starting attempt 1 of 1
[2022-12-26T14:03:04.278+0000] {taskinstance.py:1364} INFO - 
--------------------------------------------------------------------------------
[2022-12-26T14:03:04.318+0000] {taskinstance.py:1383} INFO - Executing <Task(CurrencyScoopOperator): get_rate_RUB_USD> on 2022-10-06 08:15:00+00:00
[2022-12-26T14:03:04.324+0000] {standard_task_runner.py:54} INFO - Started process 11230 to run task
[2022-12-26T14:03:04.336+0000] {standard_task_runner.py:82} INFO - Running: ['***', 'tasks', 'run', 'exchange_rates', 'get_rate_RUB_USD', 'scheduled__2022-10-06T08:15:00+00:00', '--job-id', '5558', '--raw', '--subdir', 'DAGS_FOLDER/exchange_rates.py', '--cfg-path', '/tmp/tmp83zf08_c']
[2022-12-26T14:03:04.338+0000] {standard_task_runner.py:83} INFO - Job 5558: Subtask get_rate_RUB_USD
[2022-12-26T14:03:04.339+0000] {dagbag.py:525} INFO - Filling up the DagBag from /opt/***/dags/exchange_rates.py
[2022-12-26T14:03:04.464+0000] {taskmixin.py:205} WARNING - Dependency <Task(CurrencyScoopOperator): get_rate_AMD_RUB>, insert_rate_AMD_RUB already registered for DAG: exchange_rates
[2022-12-26T14:03:04.464+0000] {taskmixin.py:205} WARNING - Dependency <Task(PostgresOperator): insert_rate_AMD_RUB>, get_rate_AMD_RUB already registered for DAG: exchange_rates
[2022-12-26T14:03:04.579+0000] {task_command.py:384} INFO - Running <TaskInstance: exchange_rates.get_rate_RUB_USD scheduled__2022-10-06T08:15:00+00:00 [running]> on host d383fbf2a8e7
[2022-12-26T14:03:04.664+0000] {taskinstance.py:1592} INFO - Exporting the following env vars:
AIRFLOW_CTX_DAG_OWNER=***
AIRFLOW_CTX_DAG_ID=exchange_rates
AIRFLOW_CTX_TASK_ID=get_rate_RUB_USD
AIRFLOW_CTX_EXECUTION_DATE=2022-10-06T08:15:00+00:00
AIRFLOW_CTX_TRY_NUMBER=1
AIRFLOW_CTX_DAG_RUN_ID=scheduled__2022-10-06T08:15:00+00:00
[2022-12-26T14:03:04.666+0000] {warnings.py:110} WARNING - /home/***/.local/lib/python3.7/site-packages/***/utils/context.py:204: AirflowContextDeprecationWarning: Accessing 'execution_date' from the template is deprecated and will be removed in a future version. Please use 'data_interval_start' or 'logical_date' instead.
  warnings.warn(_create_deprecation_warning(key, self._deprecation_replacements[key]))

[2022-12-26T14:03:04.687+0000] {base.py:71} INFO - Using connection ID 'currency_conn_id' for task execution.
[2022-12-26T14:03:05.308+0000] {taskinstance.py:1851} ERROR - Task failed with exception
Traceback (most recent call last):
  File "/opt/airflow/dags/exchange_rates.py", line 56, in execute
    return api.get_rate(context['execution_date'].date(), self.base_currency, self.currency)
  File "/opt/airflow/dags/exchange_rates.py", line 31, in get_rate
    response.raise_for_status()
  File "/home/airflow/.local/lib/python3.7/site-packages/requests/models.py", line 1021, in raise_for_status
    raise HTTPError(http_error_msg, response=self)
requests.exceptions.HTTPError: 426 Client Error: Upgrade Required for url: https://api.currencyscoop.com/v1/historical?base=RUB&symbols=USD&api_key=***&date=2022-10-06
[2022-12-26T14:03:05.318+0000] {taskinstance.py:1406} INFO - Marking task as FAILED. dag_id=exchange_rates, task_id=get_rate_RUB_USD, execution_date=20221006T081500, start_date=20221226T140304, end_date=20221226T140305
[2022-12-26T14:03:05.338+0000] {standard_task_runner.py:107} ERROR - Failed to execute job 5558 for task get_rate_RUB_USD (426 Client Error: Upgrade Required for url: https://api.currencyscoop.com/v1/historical?base=RUB&symbols=USD&api_key=***&date=2022-10-06; 11230)
[2022-12-26T14:03:05.372+0000] {local_task_job.py:164} INFO - Task exited with return code 1
[2022-12-26T14:03:05.437+0000] {local_task_job.py:273} INFO - 0 downstream tasks scheduled from follow-on schedule check
[2023-01-01T14:46:42.925+0000] {taskinstance.py:1165} INFO - Dependencies all met for <TaskInstance: exchange_rates.get_rate_RUB_USD scheduled__2022-10-06T08:15:00+00:00 [queued]>
[2023-01-01T14:46:42.938+0000] {taskinstance.py:1165} INFO - Dependencies all met for <TaskInstance: exchange_rates.get_rate_RUB_USD scheduled__2022-10-06T08:15:00+00:00 [queued]>
[2023-01-01T14:46:42.941+0000] {taskinstance.py:1362} INFO - 
--------------------------------------------------------------------------------
[2023-01-01T14:46:42.942+0000] {taskinstance.py:1363} INFO - Starting attempt 1 of 1
[2023-01-01T14:46:42.942+0000] {taskinstance.py:1364} INFO - 
--------------------------------------------------------------------------------
[2023-01-01T14:46:42.978+0000] {taskinstance.py:1383} INFO - Executing <Task(CurrencyScoopOperator): get_rate_RUB_USD> on 2022-10-06 08:15:00+00:00
[2023-01-01T14:46:42.982+0000] {standard_task_runner.py:54} INFO - Started process 11851 to run task
[2023-01-01T14:46:42.995+0000] {standard_task_runner.py:82} INFO - Running: ['***', 'tasks', 'run', 'exchange_rates', 'get_rate_RUB_USD', 'scheduled__2022-10-06T08:15:00+00:00', '--job-id', '11541', '--raw', '--subdir', 'DAGS_FOLDER/exchange_rates.py', '--cfg-path', '/tmp/tmp926r5j45']
[2023-01-01T14:46:42.999+0000] {standard_task_runner.py:83} INFO - Job 11541: Subtask get_rate_RUB_USD
[2023-01-01T14:46:43.000+0000] {dagbag.py:525} INFO - Filling up the DagBag from /opt/***/dags/exchange_rates.py
[2023-01-01T14:46:43.260+0000] {taskmixin.py:205} WARNING - Dependency <Task(CurrencyScoopOperator): get_rate_AMD_RUB>, insert_rate_AMD_RUB already registered for DAG: exchange_rates
[2023-01-01T14:46:43.261+0000] {taskmixin.py:205} WARNING - Dependency <Task(PostgresOperator): insert_rate_AMD_RUB>, get_rate_AMD_RUB already registered for DAG: exchange_rates
[2023-01-01T14:46:43.370+0000] {task_command.py:384} INFO - Running <TaskInstance: exchange_rates.get_rate_RUB_USD scheduled__2022-10-06T08:15:00+00:00 [running]> on host d383fbf2a8e7
[2023-01-01T14:46:43.507+0000] {taskinstance.py:1592} INFO - Exporting the following env vars:
AIRFLOW_CTX_DAG_OWNER=***
AIRFLOW_CTX_DAG_ID=exchange_rates
AIRFLOW_CTX_TASK_ID=get_rate_RUB_USD
AIRFLOW_CTX_EXECUTION_DATE=2022-10-06T08:15:00+00:00
AIRFLOW_CTX_TRY_NUMBER=1
AIRFLOW_CTX_DAG_RUN_ID=scheduled__2022-10-06T08:15:00+00:00
[2023-01-01T14:46:43.512+0000] {warnings.py:110} WARNING - /home/***/.local/lib/python3.7/site-packages/***/utils/context.py:204: AirflowContextDeprecationWarning: Accessing 'execution_date' from the template is deprecated and will be removed in a future version. Please use 'data_interval_start' or 'logical_date' instead.
  warnings.warn(_create_deprecation_warning(key, self._deprecation_replacements[key]))

[2023-01-01T14:46:43.530+0000] {base.py:71} INFO - Using connection ID 'currency_conn_id' for task execution.
[2023-01-01T14:46:43.898+0000] {taskinstance.py:1406} INFO - Marking task as SUCCESS. dag_id=exchange_rates, task_id=get_rate_RUB_USD, execution_date=20221006T081500, start_date=20230101T144642, end_date=20230101T144643
[2023-01-01T14:46:43.962+0000] {local_task_job.py:164} INFO - Task exited with return code 0
[2023-01-01T14:46:44.016+0000] {local_task_job.py:273} INFO - 1 downstream tasks scheduled from follow-on schedule check
