[2022-12-26T13:47:12.018+0000] {taskinstance.py:1165} INFO - Dependencies all met for <TaskInstance: exchange_rates.insert_rate_RUB_AMD scheduled__2021-10-31T08:15:00+00:00 [queued]>
[2022-12-26T13:47:12.060+0000] {taskinstance.py:1165} INFO - Dependencies all met for <TaskInstance: exchange_rates.insert_rate_RUB_AMD scheduled__2021-10-31T08:15:00+00:00 [queued]>
[2022-12-26T13:47:12.068+0000] {taskinstance.py:1362} INFO - 
--------------------------------------------------------------------------------
[2022-12-26T13:47:12.070+0000] {taskinstance.py:1363} INFO - Starting attempt 1 of 1
[2022-12-26T13:47:12.073+0000] {taskinstance.py:1364} INFO - 
--------------------------------------------------------------------------------
[2022-12-26T13:47:12.143+0000] {taskinstance.py:1383} INFO - Executing <Task(PostgresOperator): insert_rate_RUB_AMD> on 2021-10-31 08:15:00+00:00
[2022-12-26T13:47:12.148+0000] {standard_task_runner.py:54} INFO - Started process 983 to run task
[2022-12-26T13:47:12.164+0000] {standard_task_runner.py:82} INFO - Running: ['***', 'tasks', 'run', 'exchange_rates', 'insert_rate_RUB_AMD', 'scheduled__2021-10-31T08:15:00+00:00', '--job-id', '893', '--raw', '--subdir', 'DAGS_FOLDER/exchange_rates.py', '--cfg-path', '/tmp/tmp65jvmekk']
[2022-12-26T13:47:12.171+0000] {standard_task_runner.py:83} INFO - Job 893: Subtask insert_rate_RUB_AMD
[2022-12-26T13:47:12.173+0000] {dagbag.py:525} INFO - Filling up the DagBag from /opt/***/dags/exchange_rates.py
[2022-12-26T13:47:12.429+0000] {taskmixin.py:205} WARNING - Dependency <Task(CurrencyScoopOperator): get_rate_AMD_RUB>, insert_rate_AMD_RUB already registered for DAG: exchange_rates
[2022-12-26T13:47:12.430+0000] {taskmixin.py:205} WARNING - Dependency <Task(PostgresOperator): insert_rate_AMD_RUB>, get_rate_AMD_RUB already registered for DAG: exchange_rates
[2022-12-26T13:47:12.612+0000] {task_command.py:384} INFO - Running <TaskInstance: exchange_rates.insert_rate_RUB_AMD scheduled__2021-10-31T08:15:00+00:00 [running]> on host d383fbf2a8e7
[2022-12-26T13:47:12.804+0000] {warnings.py:110} WARNING - /home/***/.local/lib/python3.7/site-packages/***/utils/context.py:204: AirflowContextDeprecationWarning: Accessing 'execution_date' from the template is deprecated and will be removed in a future version. Please use 'data_interval_start' or 'logical_date' instead.
  warnings.warn(_create_deprecation_warning(key, self._deprecation_replacements[key]))

[2022-12-26T13:47:12.960+0000] {taskinstance.py:1592} INFO - Exporting the following env vars:
AIRFLOW_CTX_DAG_OWNER=***
AIRFLOW_CTX_DAG_ID=exchange_rates
AIRFLOW_CTX_TASK_ID=insert_rate_RUB_AMD
AIRFLOW_CTX_EXECUTION_DATE=2021-10-31T08:15:00+00:00
AIRFLOW_CTX_TRY_NUMBER=1
AIRFLOW_CTX_DAG_RUN_ID=scheduled__2021-10-31T08:15:00+00:00
[2022-12-26T13:47:13.002+0000] {base.py:71} INFO - Using connection ID 'postgres_default' for task execution.
[2022-12-26T13:47:13.008+0000] {sql.py:315} INFO - Running statement: INSERT INTO
    exchange_rates
VALUES ('RUB', 'AMD', 6.71550935, '2021-10-31')
ON CONFLICT (base, currency, date) DO
    UPDATE
        SET rate = excluded.rate;, parameters: None
[2022-12-26T13:47:13.009+0000] {sql.py:324} INFO - Rows affected: 1
[2022-12-26T13:47:13.041+0000] {taskinstance.py:1406} INFO - Marking task as SUCCESS. dag_id=exchange_rates, task_id=insert_rate_RUB_AMD, execution_date=20211031T081500, start_date=20221226T134712, end_date=20221226T134713
[2022-12-26T13:47:13.181+0000] {local_task_job.py:164} INFO - Task exited with return code 0
[2022-12-26T13:47:13.255+0000] {local_task_job.py:273} INFO - 0 downstream tasks scheduled from follow-on schedule check
[2023-01-01T14:32:03.934+0000] {taskinstance.py:1165} INFO - Dependencies all met for <TaskInstance: exchange_rates.insert_rate_RUB_AMD scheduled__2021-10-31T08:15:00+00:00 [queued]>
[2023-01-01T14:32:03.977+0000] {taskinstance.py:1165} INFO - Dependencies all met for <TaskInstance: exchange_rates.insert_rate_RUB_AMD scheduled__2021-10-31T08:15:00+00:00 [queued]>
[2023-01-01T14:32:03.977+0000] {taskinstance.py:1362} INFO - 
--------------------------------------------------------------------------------
[2023-01-01T14:32:03.978+0000] {taskinstance.py:1363} INFO - Starting attempt 1 of 1
[2023-01-01T14:32:03.979+0000] {taskinstance.py:1364} INFO - 
--------------------------------------------------------------------------------
[2023-01-01T14:32:04.047+0000] {taskinstance.py:1383} INFO - Executing <Task(PostgresOperator): insert_rate_RUB_AMD> on 2021-10-31 08:15:00+00:00
[2023-01-01T14:32:04.059+0000] {standard_task_runner.py:54} INFO - Started process 1649 to run task
[2023-01-01T14:32:04.082+0000] {standard_task_runner.py:82} INFO - Running: ['***', 'tasks', 'run', 'exchange_rates', 'insert_rate_RUB_AMD', 'scheduled__2021-10-31T08:15:00+00:00', '--job-id', '6889', '--raw', '--subdir', 'DAGS_FOLDER/exchange_rates.py', '--cfg-path', '/tmp/tmpn3f4hwo6']
[2023-01-01T14:32:04.091+0000] {standard_task_runner.py:83} INFO - Job 6889: Subtask insert_rate_RUB_AMD
[2023-01-01T14:32:04.094+0000] {dagbag.py:525} INFO - Filling up the DagBag from /opt/***/dags/exchange_rates.py
[2023-01-01T14:32:04.297+0000] {taskmixin.py:205} WARNING - Dependency <Task(CurrencyScoopOperator): get_rate_AMD_RUB>, insert_rate_AMD_RUB already registered for DAG: exchange_rates
[2023-01-01T14:32:04.297+0000] {taskmixin.py:205} WARNING - Dependency <Task(PostgresOperator): insert_rate_AMD_RUB>, get_rate_AMD_RUB already registered for DAG: exchange_rates
[2023-01-01T14:32:04.435+0000] {task_command.py:384} INFO - Running <TaskInstance: exchange_rates.insert_rate_RUB_AMD scheduled__2021-10-31T08:15:00+00:00 [running]> on host d383fbf2a8e7
[2023-01-01T14:32:04.560+0000] {warnings.py:110} WARNING - /home/***/.local/lib/python3.7/site-packages/***/utils/context.py:204: AirflowContextDeprecationWarning: Accessing 'execution_date' from the template is deprecated and will be removed in a future version. Please use 'data_interval_start' or 'logical_date' instead.
  warnings.warn(_create_deprecation_warning(key, self._deprecation_replacements[key]))

[2023-01-01T14:32:04.702+0000] {taskinstance.py:1592} INFO - Exporting the following env vars:
AIRFLOW_CTX_DAG_OWNER=***
AIRFLOW_CTX_DAG_ID=exchange_rates
AIRFLOW_CTX_TASK_ID=insert_rate_RUB_AMD
AIRFLOW_CTX_EXECUTION_DATE=2021-10-31T08:15:00+00:00
AIRFLOW_CTX_TRY_NUMBER=1
AIRFLOW_CTX_DAG_RUN_ID=scheduled__2021-10-31T08:15:00+00:00
[2023-01-01T14:32:04.719+0000] {base.py:71} INFO - Using connection ID 'postgres_default' for task execution.
[2023-01-01T14:32:04.726+0000] {sql.py:315} INFO - Running statement: INSERT INTO
    exchange_rates
VALUES ('RUB', 'AMD', 6.71550935, '2021-10-31')
ON CONFLICT (base, currency, date) DO
    UPDATE
        SET rate = excluded.rate;, parameters: None
[2023-01-01T14:32:04.727+0000] {sql.py:324} INFO - Rows affected: 1
[2023-01-01T14:32:04.748+0000] {taskinstance.py:1406} INFO - Marking task as SUCCESS. dag_id=exchange_rates, task_id=insert_rate_RUB_AMD, execution_date=20211031T081500, start_date=20230101T143203, end_date=20230101T143204
[2023-01-01T14:32:04.832+0000] {local_task_job.py:164} INFO - Task exited with return code 0
[2023-01-01T14:32:04.897+0000] {local_task_job.py:273} INFO - 0 downstream tasks scheduled from follow-on schedule check
