[2022-12-26T13:58:44.039+0000] {taskinstance.py:1165} INFO - Dependencies all met for <TaskInstance: exchange_rates.make_report scheduled__2022-06-27T08:15:00+00:00 [queued]>
[2022-12-26T13:58:44.080+0000] {taskinstance.py:1165} INFO - Dependencies all met for <TaskInstance: exchange_rates.make_report scheduled__2022-06-27T08:15:00+00:00 [queued]>
[2022-12-26T13:58:44.080+0000] {taskinstance.py:1362} INFO - 
--------------------------------------------------------------------------------
[2022-12-26T13:58:44.081+0000] {taskinstance.py:1363} INFO - Starting attempt 1 of 1
[2022-12-26T13:58:44.081+0000] {taskinstance.py:1364} INFO - 
--------------------------------------------------------------------------------
[2022-12-26T13:58:44.113+0000] {taskinstance.py:1383} INFO - Executing <Task(PythonOperator): make_report> on 2022-06-27 08:15:00+00:00
[2022-12-26T13:58:44.119+0000] {standard_task_runner.py:54} INFO - Started process 8467 to run task
[2022-12-26T13:58:44.136+0000] {standard_task_runner.py:82} INFO - Running: ['***', 'tasks', 'run', 'exchange_rates', 'make_report', 'scheduled__2022-06-27T08:15:00+00:00', '--job-id', '4306', '--raw', '--subdir', 'DAGS_FOLDER/exchange_rates.py', '--cfg-path', '/tmp/tmpnvn45hgw']
[2022-12-26T13:58:44.155+0000] {standard_task_runner.py:83} INFO - Job 4306: Subtask make_report
[2022-12-26T13:58:44.157+0000] {dagbag.py:525} INFO - Filling up the DagBag from /opt/***/dags/exchange_rates.py
[2022-12-26T13:58:44.350+0000] {taskmixin.py:205} WARNING - Dependency <Task(CurrencyScoopOperator): get_rate_AMD_RUB>, insert_rate_AMD_RUB already registered for DAG: exchange_rates
[2022-12-26T13:58:44.357+0000] {taskmixin.py:205} WARNING - Dependency <Task(PostgresOperator): insert_rate_AMD_RUB>, get_rate_AMD_RUB already registered for DAG: exchange_rates
[2022-12-26T13:58:44.575+0000] {task_command.py:384} INFO - Running <TaskInstance: exchange_rates.make_report scheduled__2022-06-27T08:15:00+00:00 [running]> on host d383fbf2a8e7
[2022-12-26T13:58:44.878+0000] {taskinstance.py:1592} INFO - Exporting the following env vars:
AIRFLOW_CTX_DAG_OWNER=***
AIRFLOW_CTX_DAG_ID=exchange_rates
AIRFLOW_CTX_TASK_ID=make_report
AIRFLOW_CTX_EXECUTION_DATE=2022-06-27T08:15:00+00:00
AIRFLOW_CTX_TRY_NUMBER=1
AIRFLOW_CTX_DAG_RUN_ID=scheduled__2022-06-27T08:15:00+00:00
[2022-12-26T13:58:46.217+0000] {python.py:177} INFO - Done. Returned value was: None
[2022-12-26T13:58:46.233+0000] {taskinstance.py:1406} INFO - Marking task as SUCCESS. dag_id=exchange_rates, task_id=make_report, execution_date=20220627T081500, start_date=20221226T135844, end_date=20221226T135846
[2022-12-26T13:58:46.330+0000] {local_task_job.py:164} INFO - Task exited with return code 0
[2022-12-26T13:58:46.467+0000] {local_task_job.py:273} INFO - 0 downstream tasks scheduled from follow-on schedule check
[2023-01-01T14:42:50.455+0000] {taskinstance.py:1165} INFO - Dependencies all met for <TaskInstance: exchange_rates.make_report scheduled__2022-06-27T08:15:00+00:00 [queued]>
[2023-01-01T14:42:50.463+0000] {taskinstance.py:1165} INFO - Dependencies all met for <TaskInstance: exchange_rates.make_report scheduled__2022-06-27T08:15:00+00:00 [queued]>
[2023-01-01T14:42:50.466+0000] {taskinstance.py:1362} INFO - 
--------------------------------------------------------------------------------
[2023-01-01T14:42:50.469+0000] {taskinstance.py:1363} INFO - Starting attempt 1 of 1
[2023-01-01T14:42:50.474+0000] {taskinstance.py:1364} INFO - 
--------------------------------------------------------------------------------
[2023-01-01T14:42:50.530+0000] {taskinstance.py:1383} INFO - Executing <Task(PythonOperator): make_report> on 2022-06-27 08:15:00+00:00
[2023-01-01T14:42:50.534+0000] {standard_task_runner.py:54} INFO - Started process 9101 to run task
[2023-01-01T14:42:50.538+0000] {standard_task_runner.py:82} INFO - Running: ['***', 'tasks', 'run', 'exchange_rates', 'make_report', 'scheduled__2022-06-27T08:15:00+00:00', '--job-id', '10282', '--raw', '--subdir', 'DAGS_FOLDER/exchange_rates.py', '--cfg-path', '/tmp/tmp8mu0xj_d']
[2023-01-01T14:42:50.539+0000] {standard_task_runner.py:83} INFO - Job 10282: Subtask make_report
[2023-01-01T14:42:50.541+0000] {dagbag.py:525} INFO - Filling up the DagBag from /opt/***/dags/exchange_rates.py
[2023-01-01T14:42:50.652+0000] {taskmixin.py:205} WARNING - Dependency <Task(CurrencyScoopOperator): get_rate_AMD_RUB>, insert_rate_AMD_RUB already registered for DAG: exchange_rates
[2023-01-01T14:42:50.653+0000] {taskmixin.py:205} WARNING - Dependency <Task(PostgresOperator): insert_rate_AMD_RUB>, get_rate_AMD_RUB already registered for DAG: exchange_rates
[2023-01-01T14:42:50.851+0000] {task_command.py:384} INFO - Running <TaskInstance: exchange_rates.make_report scheduled__2022-06-27T08:15:00+00:00 [running]> on host d383fbf2a8e7
[2023-01-01T14:42:51.066+0000] {taskinstance.py:1592} INFO - Exporting the following env vars:
AIRFLOW_CTX_DAG_OWNER=***
AIRFLOW_CTX_DAG_ID=exchange_rates
AIRFLOW_CTX_TASK_ID=make_report
AIRFLOW_CTX_EXECUTION_DATE=2022-06-27T08:15:00+00:00
AIRFLOW_CTX_TRY_NUMBER=1
AIRFLOW_CTX_DAG_RUN_ID=scheduled__2022-06-27T08:15:00+00:00
[2023-01-01T14:42:51.742+0000] {python.py:177} INFO - Done. Returned value was: None
[2023-01-01T14:42:51.753+0000] {taskinstance.py:1406} INFO - Marking task as SUCCESS. dag_id=exchange_rates, task_id=make_report, execution_date=20220627T081500, start_date=20230101T144250, end_date=20230101T144251
[2023-01-01T14:42:51.843+0000] {local_task_job.py:164} INFO - Task exited with return code 0
[2023-01-01T14:42:51.861+0000] {local_task_job.py:273} INFO - 0 downstream tasks scheduled from follow-on schedule check
