[2022-12-26T13:51:28.795+0000] {taskinstance.py:1165} INFO - Dependencies all met for <TaskInstance: exchange_rates.get_rate_USD_RUB scheduled__2022-01-23T08:15:00+00:00 [queued]>
[2022-12-26T13:51:28.850+0000] {taskinstance.py:1165} INFO - Dependencies all met for <TaskInstance: exchange_rates.get_rate_USD_RUB scheduled__2022-01-23T08:15:00+00:00 [queued]>
[2022-12-26T13:51:28.856+0000] {taskinstance.py:1362} INFO - 
--------------------------------------------------------------------------------
[2022-12-26T13:51:28.862+0000] {taskinstance.py:1363} INFO - Starting attempt 1 of 1
[2022-12-26T13:51:28.869+0000] {taskinstance.py:1364} INFO - 
--------------------------------------------------------------------------------
[2022-12-26T13:51:28.932+0000] {taskinstance.py:1383} INFO - Executing <Task(CurrencyScoopOperator): get_rate_USD_RUB> on 2022-01-23 08:15:00+00:00
[2022-12-26T13:51:28.937+0000] {standard_task_runner.py:54} INFO - Started process 3613 to run task
[2022-12-26T13:51:28.969+0000] {standard_task_runner.py:82} INFO - Running: ['***', 'tasks', 'run', 'exchange_rates', 'get_rate_USD_RUB', 'scheduled__2022-01-23T08:15:00+00:00', '--job-id', '2084', '--raw', '--subdir', 'DAGS_FOLDER/exchange_rates.py', '--cfg-path', '/tmp/tmpuv0g06ej']
[2022-12-26T13:51:28.992+0000] {standard_task_runner.py:83} INFO - Job 2084: Subtask get_rate_USD_RUB
[2022-12-26T13:51:28.997+0000] {dagbag.py:525} INFO - Filling up the DagBag from /opt/***/dags/exchange_rates.py
[2022-12-26T13:51:29.429+0000] {taskmixin.py:205} WARNING - Dependency <Task(CurrencyScoopOperator): get_rate_AMD_RUB>, insert_rate_AMD_RUB already registered for DAG: exchange_rates
[2022-12-26T13:51:29.433+0000] {taskmixin.py:205} WARNING - Dependency <Task(PostgresOperator): insert_rate_AMD_RUB>, get_rate_AMD_RUB already registered for DAG: exchange_rates
[2022-12-26T13:51:29.618+0000] {task_command.py:384} INFO - Running <TaskInstance: exchange_rates.get_rate_USD_RUB scheduled__2022-01-23T08:15:00+00:00 [running]> on host d383fbf2a8e7
[2022-12-26T13:51:29.781+0000] {taskinstance.py:1592} INFO - Exporting the following env vars:
AIRFLOW_CTX_DAG_OWNER=***
AIRFLOW_CTX_DAG_ID=exchange_rates
AIRFLOW_CTX_TASK_ID=get_rate_USD_RUB
AIRFLOW_CTX_EXECUTION_DATE=2022-01-23T08:15:00+00:00
AIRFLOW_CTX_TRY_NUMBER=1
AIRFLOW_CTX_DAG_RUN_ID=scheduled__2022-01-23T08:15:00+00:00
[2022-12-26T13:51:29.784+0000] {warnings.py:110} WARNING - /home/***/.local/lib/python3.7/site-packages/***/utils/context.py:204: AirflowContextDeprecationWarning: Accessing 'execution_date' from the template is deprecated and will be removed in a future version. Please use 'data_interval_start' or 'logical_date' instead.
  warnings.warn(_create_deprecation_warning(key, self._deprecation_replacements[key]))

[2022-12-26T13:51:29.819+0000] {base.py:71} INFO - Using connection ID 'currency_conn_id' for task execution.
[2022-12-26T13:51:30.498+0000] {taskinstance.py:1406} INFO - Marking task as SUCCESS. dag_id=exchange_rates, task_id=get_rate_USD_RUB, execution_date=20220123T081500, start_date=20221226T135128, end_date=20221226T135130
[2022-12-26T13:51:30.670+0000] {local_task_job.py:164} INFO - Task exited with return code 0
[2022-12-26T13:51:30.952+0000] {local_task_job.py:273} INFO - 1 downstream tasks scheduled from follow-on schedule check
[2023-01-01T14:35:56.028+0000] {taskinstance.py:1165} INFO - Dependencies all met for <TaskInstance: exchange_rates.get_rate_USD_RUB scheduled__2022-01-23T08:15:00+00:00 [queued]>
[2023-01-01T14:35:56.051+0000] {taskinstance.py:1165} INFO - Dependencies all met for <TaskInstance: exchange_rates.get_rate_USD_RUB scheduled__2022-01-23T08:15:00+00:00 [queued]>
[2023-01-01T14:35:56.052+0000] {taskinstance.py:1362} INFO - 
--------------------------------------------------------------------------------
[2023-01-01T14:35:56.053+0000] {taskinstance.py:1363} INFO - Starting attempt 1 of 1
[2023-01-01T14:35:56.053+0000] {taskinstance.py:1364} INFO - 
--------------------------------------------------------------------------------
[2023-01-01T14:35:56.088+0000] {taskinstance.py:1383} INFO - Executing <Task(CurrencyScoopOperator): get_rate_USD_RUB> on 2022-01-23 08:15:00+00:00
[2023-01-01T14:35:56.092+0000] {standard_task_runner.py:54} INFO - Started process 4223 to run task
[2023-01-01T14:35:56.108+0000] {standard_task_runner.py:82} INFO - Running: ['***', 'tasks', 'run', 'exchange_rates', 'get_rate_USD_RUB', 'scheduled__2022-01-23T08:15:00+00:00', '--job-id', '8055', '--raw', '--subdir', 'DAGS_FOLDER/exchange_rates.py', '--cfg-path', '/tmp/tmpvjbxvoi3']
[2023-01-01T14:35:56.112+0000] {standard_task_runner.py:83} INFO - Job 8055: Subtask get_rate_USD_RUB
[2023-01-01T14:35:56.114+0000] {dagbag.py:525} INFO - Filling up the DagBag from /opt/***/dags/exchange_rates.py
[2023-01-01T14:35:56.219+0000] {taskmixin.py:205} WARNING - Dependency <Task(CurrencyScoopOperator): get_rate_AMD_RUB>, insert_rate_AMD_RUB already registered for DAG: exchange_rates
[2023-01-01T14:35:56.219+0000] {taskmixin.py:205} WARNING - Dependency <Task(PostgresOperator): insert_rate_AMD_RUB>, get_rate_AMD_RUB already registered for DAG: exchange_rates
[2023-01-01T14:35:56.358+0000] {task_command.py:384} INFO - Running <TaskInstance: exchange_rates.get_rate_USD_RUB scheduled__2022-01-23T08:15:00+00:00 [running]> on host d383fbf2a8e7
[2023-01-01T14:35:56.505+0000] {taskinstance.py:1592} INFO - Exporting the following env vars:
AIRFLOW_CTX_DAG_OWNER=***
AIRFLOW_CTX_DAG_ID=exchange_rates
AIRFLOW_CTX_TASK_ID=get_rate_USD_RUB
AIRFLOW_CTX_EXECUTION_DATE=2022-01-23T08:15:00+00:00
AIRFLOW_CTX_TRY_NUMBER=1
AIRFLOW_CTX_DAG_RUN_ID=scheduled__2022-01-23T08:15:00+00:00
[2023-01-01T14:35:56.506+0000] {warnings.py:110} WARNING - /home/***/.local/lib/python3.7/site-packages/***/utils/context.py:204: AirflowContextDeprecationWarning: Accessing 'execution_date' from the template is deprecated and will be removed in a future version. Please use 'data_interval_start' or 'logical_date' instead.
  warnings.warn(_create_deprecation_warning(key, self._deprecation_replacements[key]))

[2023-01-01T14:35:56.533+0000] {base.py:71} INFO - Using connection ID 'currency_conn_id' for task execution.
[2023-01-01T14:35:58.621+0000] {taskinstance.py:1406} INFO - Marking task as SUCCESS. dag_id=exchange_rates, task_id=get_rate_USD_RUB, execution_date=20220123T081500, start_date=20230101T143556, end_date=20230101T143558
[2023-01-01T14:35:58.831+0000] {local_task_job.py:164} INFO - Task exited with return code 0
[2023-01-01T14:35:58.918+0000] {local_task_job.py:273} INFO - 1 downstream tasks scheduled from follow-on schedule check
