[2022-12-26T13:49:45.248+0000] {taskinstance.py:1165} INFO - Dependencies all met for <TaskInstance: exchange_rates.create_table_task scheduled__2021-12-24T08:15:00+00:00 [queued]>
[2022-12-26T13:49:45.257+0000] {taskinstance.py:1165} INFO - Dependencies all met for <TaskInstance: exchange_rates.create_table_task scheduled__2021-12-24T08:15:00+00:00 [queued]>
[2022-12-26T13:49:45.279+0000] {taskinstance.py:1362} INFO - 
--------------------------------------------------------------------------------
[2022-12-26T13:49:45.280+0000] {taskinstance.py:1363} INFO - Starting attempt 1 of 1
[2022-12-26T13:49:45.280+0000] {taskinstance.py:1364} INFO - 
--------------------------------------------------------------------------------
[2022-12-26T13:49:45.320+0000] {taskinstance.py:1383} INFO - Executing <Task(PostgresOperator): create_table_task> on 2021-12-24 08:15:00+00:00
[2022-12-26T13:49:45.343+0000] {standard_task_runner.py:54} INFO - Started process 2562 to run task
[2022-12-26T13:49:45.356+0000] {standard_task_runner.py:82} INFO - Running: ['***', 'tasks', 'run', 'exchange_rates', 'create_table_task', 'scheduled__2021-12-24T08:15:00+00:00', '--job-id', '1613', '--raw', '--subdir', 'DAGS_FOLDER/exchange_rates.py', '--cfg-path', '/tmp/tmpoghttq9c']
[2022-12-26T13:49:45.357+0000] {standard_task_runner.py:83} INFO - Job 1613: Subtask create_table_task
[2022-12-26T13:49:45.358+0000] {dagbag.py:525} INFO - Filling up the DagBag from /opt/***/dags/exchange_rates.py
[2022-12-26T13:49:45.645+0000] {taskmixin.py:205} WARNING - Dependency <Task(CurrencyScoopOperator): get_rate_AMD_RUB>, insert_rate_AMD_RUB already registered for DAG: exchange_rates
[2022-12-26T13:49:45.647+0000] {taskmixin.py:205} WARNING - Dependency <Task(PostgresOperator): insert_rate_AMD_RUB>, get_rate_AMD_RUB already registered for DAG: exchange_rates
[2022-12-26T13:49:45.798+0000] {task_command.py:384} INFO - Running <TaskInstance: exchange_rates.create_table_task scheduled__2021-12-24T08:15:00+00:00 [running]> on host d383fbf2a8e7
[2022-12-26T13:49:46.092+0000] {taskinstance.py:1592} INFO - Exporting the following env vars:
AIRFLOW_CTX_DAG_OWNER=***
AIRFLOW_CTX_DAG_ID=exchange_rates
AIRFLOW_CTX_TASK_ID=create_table_task
AIRFLOW_CTX_EXECUTION_DATE=2021-12-24T08:15:00+00:00
AIRFLOW_CTX_TRY_NUMBER=1
AIRFLOW_CTX_DAG_RUN_ID=scheduled__2021-12-24T08:15:00+00:00
[2022-12-26T13:49:46.121+0000] {base.py:71} INFO - Using connection ID 'postgres_default' for task execution.
[2022-12-26T13:49:46.127+0000] {sql.py:315} INFO - Running statement: CREATE TABLE IF NOT EXISTS exchange_rates (
    base VARCHAR(3) NOT NULL,
    currency VARCHAR(3) NOT NULL,
    rate NUMERIC(12, 3) NOT NULL,
    date DATE NOT NULL,
    UNIQUE (base, currency, date)
);, parameters: None
[2022-12-26T13:49:46.131+0000] {postgres.py:96} INFO - NOTICE:  relation "exchange_rates" already exists, skipping

[2022-12-26T13:49:46.138+0000] {taskinstance.py:1406} INFO - Marking task as SUCCESS. dag_id=exchange_rates, task_id=create_table_task, execution_date=20211224T081500, start_date=20221226T134945, end_date=20221226T134946
[2022-12-26T13:49:46.238+0000] {local_task_job.py:164} INFO - Task exited with return code 0
[2022-12-26T13:49:46.325+0000] {local_task_job.py:273} INFO - 6 downstream tasks scheduled from follow-on schedule check
[2023-01-01T14:34:31.251+0000] {taskinstance.py:1165} INFO - Dependencies all met for <TaskInstance: exchange_rates.create_table_task scheduled__2021-12-24T08:15:00+00:00 [queued]>
[2023-01-01T14:34:31.267+0000] {taskinstance.py:1165} INFO - Dependencies all met for <TaskInstance: exchange_rates.create_table_task scheduled__2021-12-24T08:15:00+00:00 [queued]>
[2023-01-01T14:34:31.267+0000] {taskinstance.py:1362} INFO - 
--------------------------------------------------------------------------------
[2023-01-01T14:34:31.274+0000] {taskinstance.py:1363} INFO - Starting attempt 1 of 1
[2023-01-01T14:34:31.276+0000] {taskinstance.py:1364} INFO - 
--------------------------------------------------------------------------------
[2023-01-01T14:34:31.332+0000] {taskinstance.py:1383} INFO - Executing <Task(PostgresOperator): create_table_task> on 2021-12-24 08:15:00+00:00
[2023-01-01T14:34:31.338+0000] {standard_task_runner.py:54} INFO - Started process 3222 to run task
[2023-01-01T14:34:31.342+0000] {standard_task_runner.py:82} INFO - Running: ['***', 'tasks', 'run', 'exchange_rates', 'create_table_task', 'scheduled__2021-12-24T08:15:00+00:00', '--job-id', '7599', '--raw', '--subdir', 'DAGS_FOLDER/exchange_rates.py', '--cfg-path', '/tmp/tmpcuasx6z7']
[2023-01-01T14:34:31.343+0000] {standard_task_runner.py:83} INFO - Job 7599: Subtask create_table_task
[2023-01-01T14:34:31.344+0000] {dagbag.py:525} INFO - Filling up the DagBag from /opt/***/dags/exchange_rates.py
[2023-01-01T14:34:31.406+0000] {taskmixin.py:205} WARNING - Dependency <Task(CurrencyScoopOperator): get_rate_AMD_RUB>, insert_rate_AMD_RUB already registered for DAG: exchange_rates
[2023-01-01T14:34:31.406+0000] {taskmixin.py:205} WARNING - Dependency <Task(PostgresOperator): insert_rate_AMD_RUB>, get_rate_AMD_RUB already registered for DAG: exchange_rates
[2023-01-01T14:34:31.472+0000] {task_command.py:384} INFO - Running <TaskInstance: exchange_rates.create_table_task scheduled__2021-12-24T08:15:00+00:00 [running]> on host d383fbf2a8e7
[2023-01-01T14:34:31.526+0000] {taskinstance.py:1592} INFO - Exporting the following env vars:
AIRFLOW_CTX_DAG_OWNER=***
AIRFLOW_CTX_DAG_ID=exchange_rates
AIRFLOW_CTX_TASK_ID=create_table_task
AIRFLOW_CTX_EXECUTION_DATE=2021-12-24T08:15:00+00:00
AIRFLOW_CTX_TRY_NUMBER=1
AIRFLOW_CTX_DAG_RUN_ID=scheduled__2021-12-24T08:15:00+00:00
[2023-01-01T14:34:31.533+0000] {base.py:71} INFO - Using connection ID 'postgres_default' for task execution.
[2023-01-01T14:34:31.536+0000] {sql.py:315} INFO - Running statement: CREATE TABLE IF NOT EXISTS exchange_rates (
    base VARCHAR(3) NOT NULL,
    currency VARCHAR(3) NOT NULL,
    rate NUMERIC(12, 3) NOT NULL,
    date DATE NOT NULL,
    UNIQUE (base, currency, date)
);, parameters: None
[2023-01-01T14:34:31.537+0000] {postgres.py:96} INFO - NOTICE:  relation "exchange_rates" already exists, skipping

[2023-01-01T14:34:31.543+0000] {taskinstance.py:1406} INFO - Marking task as SUCCESS. dag_id=exchange_rates, task_id=create_table_task, execution_date=20211224T081500, start_date=20230101T143431, end_date=20230101T143431
[2023-01-01T14:34:31.593+0000] {local_task_job.py:164} INFO - Task exited with return code 0
[2023-01-01T14:34:31.763+0000] {local_task_job.py:273} INFO - 0 downstream tasks scheduled from follow-on schedule check
