[2022-12-26T13:56:36.754+0000] {taskinstance.py:1165} INFO - Dependencies all met for <TaskInstance: exchange_rates.make_report scheduled__2022-05-05T08:15:00+00:00 [queued]>
[2022-12-26T13:56:36.894+0000] {taskinstance.py:1165} INFO - Dependencies all met for <TaskInstance: exchange_rates.make_report scheduled__2022-05-05T08:15:00+00:00 [queued]>
[2022-12-26T13:56:36.895+0000] {taskinstance.py:1362} INFO - 
--------------------------------------------------------------------------------
[2022-12-26T13:56:36.895+0000] {taskinstance.py:1363} INFO - Starting attempt 1 of 1
[2022-12-26T13:56:36.895+0000] {taskinstance.py:1364} INFO - 
--------------------------------------------------------------------------------
[2022-12-26T13:56:36.919+0000] {taskinstance.py:1383} INFO - Executing <Task(PythonOperator): make_report> on 2022-05-05 08:15:00+00:00
[2022-12-26T13:56:36.931+0000] {standard_task_runner.py:54} INFO - Started process 7004 to run task
[2022-12-26T13:56:36.964+0000] {standard_task_runner.py:82} INFO - Running: ['***', 'tasks', 'run', 'exchange_rates', 'make_report', 'scheduled__2022-05-05T08:15:00+00:00', '--job-id', '3635', '--raw', '--subdir', 'DAGS_FOLDER/exchange_rates.py', '--cfg-path', '/tmp/tmp11314szu']
[2022-12-26T13:56:36.966+0000] {standard_task_runner.py:83} INFO - Job 3635: Subtask make_report
[2022-12-26T13:56:36.969+0000] {dagbag.py:525} INFO - Filling up the DagBag from /opt/***/dags/exchange_rates.py
[2022-12-26T13:56:37.084+0000] {taskmixin.py:205} WARNING - Dependency <Task(CurrencyScoopOperator): get_rate_AMD_RUB>, insert_rate_AMD_RUB already registered for DAG: exchange_rates
[2022-12-26T13:56:37.086+0000] {taskmixin.py:205} WARNING - Dependency <Task(PostgresOperator): insert_rate_AMD_RUB>, get_rate_AMD_RUB already registered for DAG: exchange_rates
[2022-12-26T13:56:37.260+0000] {task_command.py:384} INFO - Running <TaskInstance: exchange_rates.make_report scheduled__2022-05-05T08:15:00+00:00 [running]> on host d383fbf2a8e7
[2022-12-26T13:56:37.394+0000] {taskinstance.py:1592} INFO - Exporting the following env vars:
AIRFLOW_CTX_DAG_OWNER=***
AIRFLOW_CTX_DAG_ID=exchange_rates
AIRFLOW_CTX_TASK_ID=make_report
AIRFLOW_CTX_EXECUTION_DATE=2022-05-05T08:15:00+00:00
AIRFLOW_CTX_TRY_NUMBER=1
AIRFLOW_CTX_DAG_RUN_ID=scheduled__2022-05-05T08:15:00+00:00
[2022-12-26T13:56:38.542+0000] {python.py:177} INFO - Done. Returned value was: None
[2022-12-26T13:56:38.559+0000] {taskinstance.py:1406} INFO - Marking task as SUCCESS. dag_id=exchange_rates, task_id=make_report, execution_date=20220505T081500, start_date=20221226T135636, end_date=20221226T135638
[2022-12-26T13:56:38.680+0000] {local_task_job.py:164} INFO - Task exited with return code 0
[2022-12-26T13:56:38.700+0000] {local_task_job.py:273} INFO - 0 downstream tasks scheduled from follow-on schedule check
[2023-01-01T14:40:38.691+0000] {taskinstance.py:1165} INFO - Dependencies all met for <TaskInstance: exchange_rates.make_report scheduled__2022-05-05T08:15:00+00:00 [queued]>
[2023-01-01T14:40:38.730+0000] {taskinstance.py:1165} INFO - Dependencies all met for <TaskInstance: exchange_rates.make_report scheduled__2022-05-05T08:15:00+00:00 [queued]>
[2023-01-01T14:40:38.734+0000] {taskinstance.py:1362} INFO - 
--------------------------------------------------------------------------------
[2023-01-01T14:40:38.735+0000] {taskinstance.py:1363} INFO - Starting attempt 1 of 1
[2023-01-01T14:40:38.735+0000] {taskinstance.py:1364} INFO - 
--------------------------------------------------------------------------------
[2023-01-01T14:40:38.774+0000] {taskinstance.py:1383} INFO - Executing <Task(PythonOperator): make_report> on 2022-05-05 08:15:00+00:00
[2023-01-01T14:40:38.790+0000] {standard_task_runner.py:54} INFO - Started process 7585 to run task
[2023-01-01T14:40:38.807+0000] {standard_task_runner.py:82} INFO - Running: ['***', 'tasks', 'run', 'exchange_rates', 'make_report', 'scheduled__2022-05-05T08:15:00+00:00', '--job-id', '9597', '--raw', '--subdir', 'DAGS_FOLDER/exchange_rates.py', '--cfg-path', '/tmp/tmpc16k91_0']
[2023-01-01T14:40:38.825+0000] {standard_task_runner.py:83} INFO - Job 9597: Subtask make_report
[2023-01-01T14:40:38.827+0000] {dagbag.py:525} INFO - Filling up the DagBag from /opt/***/dags/exchange_rates.py
[2023-01-01T14:40:39.117+0000] {taskmixin.py:205} WARNING - Dependency <Task(CurrencyScoopOperator): get_rate_AMD_RUB>, insert_rate_AMD_RUB already registered for DAG: exchange_rates
[2023-01-01T14:40:39.118+0000] {taskmixin.py:205} WARNING - Dependency <Task(PostgresOperator): insert_rate_AMD_RUB>, get_rate_AMD_RUB already registered for DAG: exchange_rates
[2023-01-01T14:40:39.316+0000] {task_command.py:384} INFO - Running <TaskInstance: exchange_rates.make_report scheduled__2022-05-05T08:15:00+00:00 [running]> on host d383fbf2a8e7
[2023-01-01T14:40:39.636+0000] {taskinstance.py:1592} INFO - Exporting the following env vars:
AIRFLOW_CTX_DAG_OWNER=***
AIRFLOW_CTX_DAG_ID=exchange_rates
AIRFLOW_CTX_TASK_ID=make_report
AIRFLOW_CTX_EXECUTION_DATE=2022-05-05T08:15:00+00:00
AIRFLOW_CTX_TRY_NUMBER=1
AIRFLOW_CTX_DAG_RUN_ID=scheduled__2022-05-05T08:15:00+00:00
[2023-01-01T14:40:40.916+0000] {python.py:177} INFO - Done. Returned value was: None
[2023-01-01T14:40:40.943+0000] {taskinstance.py:1406} INFO - Marking task as SUCCESS. dag_id=exchange_rates, task_id=make_report, execution_date=20220505T081500, start_date=20230101T144038, end_date=20230101T144040
[2023-01-01T14:40:41.062+0000] {local_task_job.py:164} INFO - Task exited with return code 0
[2023-01-01T14:40:41.092+0000] {local_task_job.py:273} INFO - 0 downstream tasks scheduled from follow-on schedule check
