[2022-12-26T13:57:05.396+0000] {taskinstance.py:1165} INFO - Dependencies all met for <TaskInstance: exchange_rates.insert_rate_AMD_RUB scheduled__2022-05-19T08:15:00+00:00 [queued]>
[2022-12-26T13:57:05.430+0000] {taskinstance.py:1165} INFO - Dependencies all met for <TaskInstance: exchange_rates.insert_rate_AMD_RUB scheduled__2022-05-19T08:15:00+00:00 [queued]>
[2022-12-26T13:57:05.431+0000] {taskinstance.py:1362} INFO - 
--------------------------------------------------------------------------------
[2022-12-26T13:57:05.432+0000] {taskinstance.py:1363} INFO - Starting attempt 1 of 1
[2022-12-26T13:57:05.433+0000] {taskinstance.py:1364} INFO - 
--------------------------------------------------------------------------------
[2022-12-26T13:57:05.480+0000] {taskinstance.py:1383} INFO - Executing <Task(PostgresOperator): insert_rate_AMD_RUB> on 2022-05-19 08:15:00+00:00
[2022-12-26T13:57:05.501+0000] {standard_task_runner.py:54} INFO - Started process 7337 to run task
[2022-12-26T13:57:05.521+0000] {standard_task_runner.py:82} INFO - Running: ['***', 'tasks', 'run', 'exchange_rates', 'insert_rate_AMD_RUB', 'scheduled__2022-05-19T08:15:00+00:00', '--job-id', '3782', '--raw', '--subdir', 'DAGS_FOLDER/exchange_rates.py', '--cfg-path', '/tmp/tmpwjear54o']
[2022-12-26T13:57:05.532+0000] {standard_task_runner.py:83} INFO - Job 3782: Subtask insert_rate_AMD_RUB
[2022-12-26T13:57:05.534+0000] {dagbag.py:525} INFO - Filling up the DagBag from /opt/***/dags/exchange_rates.py
[2022-12-26T13:57:05.988+0000] {taskmixin.py:205} WARNING - Dependency <Task(CurrencyScoopOperator): get_rate_AMD_RUB>, insert_rate_AMD_RUB already registered for DAG: exchange_rates
[2022-12-26T13:57:05.992+0000] {taskmixin.py:205} WARNING - Dependency <Task(PostgresOperator): insert_rate_AMD_RUB>, get_rate_AMD_RUB already registered for DAG: exchange_rates
[2022-12-26T13:57:06.276+0000] {task_command.py:384} INFO - Running <TaskInstance: exchange_rates.insert_rate_AMD_RUB scheduled__2022-05-19T08:15:00+00:00 [running]> on host d383fbf2a8e7
[2022-12-26T13:57:06.493+0000] {warnings.py:110} WARNING - /home/***/.local/lib/python3.7/site-packages/***/utils/context.py:204: AirflowContextDeprecationWarning: Accessing 'execution_date' from the template is deprecated and will be removed in a future version. Please use 'data_interval_start' or 'logical_date' instead.
  warnings.warn(_create_deprecation_warning(key, self._deprecation_replacements[key]))

[2022-12-26T13:57:06.756+0000] {taskinstance.py:1592} INFO - Exporting the following env vars:
AIRFLOW_CTX_DAG_OWNER=***
AIRFLOW_CTX_DAG_ID=exchange_rates
AIRFLOW_CTX_TASK_ID=insert_rate_AMD_RUB
AIRFLOW_CTX_EXECUTION_DATE=2022-05-19T08:15:00+00:00
AIRFLOW_CTX_TRY_NUMBER=1
AIRFLOW_CTX_DAG_RUN_ID=scheduled__2022-05-19T08:15:00+00:00
[2022-12-26T13:57:06.787+0000] {base.py:71} INFO - Using connection ID 'postgres_default' for task execution.
[2022-12-26T13:57:06.790+0000] {sql.py:315} INFO - Running statement: INSERT INTO
    exchange_rates
VALUES ('AMD', 'RUB', 0.13579419, '2022-05-19')
ON CONFLICT (base, currency, date) DO
    UPDATE
        SET rate = excluded.rate;, parameters: None
[2022-12-26T13:57:06.796+0000] {sql.py:324} INFO - Rows affected: 1
[2022-12-26T13:57:06.821+0000] {taskinstance.py:1406} INFO - Marking task as SUCCESS. dag_id=exchange_rates, task_id=insert_rate_AMD_RUB, execution_date=20220519T081500, start_date=20221226T135705, end_date=20221226T135706
[2022-12-26T13:57:06.921+0000] {local_task_job.py:164} INFO - Task exited with return code 0
[2022-12-26T13:57:06.969+0000] {local_task_job.py:273} INFO - 0 downstream tasks scheduled from follow-on schedule check
[2023-01-01T14:41:11.086+0000] {taskinstance.py:1165} INFO - Dependencies all met for <TaskInstance: exchange_rates.insert_rate_AMD_RUB scheduled__2022-05-19T08:15:00+00:00 [queued]>
[2023-01-01T14:41:11.134+0000] {taskinstance.py:1165} INFO - Dependencies all met for <TaskInstance: exchange_rates.insert_rate_AMD_RUB scheduled__2022-05-19T08:15:00+00:00 [queued]>
[2023-01-01T14:41:11.143+0000] {taskinstance.py:1362} INFO - 
--------------------------------------------------------------------------------
[2023-01-01T14:41:11.145+0000] {taskinstance.py:1363} INFO - Starting attempt 1 of 1
[2023-01-01T14:41:11.146+0000] {taskinstance.py:1364} INFO - 
--------------------------------------------------------------------------------
[2023-01-01T14:41:11.230+0000] {taskinstance.py:1383} INFO - Executing <Task(PostgresOperator): insert_rate_AMD_RUB> on 2022-05-19 08:15:00+00:00
[2023-01-01T14:41:11.247+0000] {standard_task_runner.py:54} INFO - Started process 7942 to run task
[2023-01-01T14:41:11.268+0000] {standard_task_runner.py:82} INFO - Running: ['***', 'tasks', 'run', 'exchange_rates', 'insert_rate_AMD_RUB', 'scheduled__2022-05-19T08:15:00+00:00', '--job-id', '9757', '--raw', '--subdir', 'DAGS_FOLDER/exchange_rates.py', '--cfg-path', '/tmp/tmpthonbk8w']
[2023-01-01T14:41:11.271+0000] {standard_task_runner.py:83} INFO - Job 9757: Subtask insert_rate_AMD_RUB
[2023-01-01T14:41:11.272+0000] {dagbag.py:525} INFO - Filling up the DagBag from /opt/***/dags/exchange_rates.py
[2023-01-01T14:41:11.497+0000] {taskmixin.py:205} WARNING - Dependency <Task(CurrencyScoopOperator): get_rate_AMD_RUB>, insert_rate_AMD_RUB already registered for DAG: exchange_rates
[2023-01-01T14:41:11.497+0000] {taskmixin.py:205} WARNING - Dependency <Task(PostgresOperator): insert_rate_AMD_RUB>, get_rate_AMD_RUB already registered for DAG: exchange_rates
[2023-01-01T14:41:11.826+0000] {task_command.py:384} INFO - Running <TaskInstance: exchange_rates.insert_rate_AMD_RUB scheduled__2022-05-19T08:15:00+00:00 [running]> on host d383fbf2a8e7
[2023-01-01T14:41:11.979+0000] {warnings.py:110} WARNING - /home/***/.local/lib/python3.7/site-packages/***/utils/context.py:204: AirflowContextDeprecationWarning: Accessing 'execution_date' from the template is deprecated and will be removed in a future version. Please use 'data_interval_start' or 'logical_date' instead.
  warnings.warn(_create_deprecation_warning(key, self._deprecation_replacements[key]))

[2023-01-01T14:41:12.251+0000] {taskinstance.py:1592} INFO - Exporting the following env vars:
AIRFLOW_CTX_DAG_OWNER=***
AIRFLOW_CTX_DAG_ID=exchange_rates
AIRFLOW_CTX_TASK_ID=insert_rate_AMD_RUB
AIRFLOW_CTX_EXECUTION_DATE=2022-05-19T08:15:00+00:00
AIRFLOW_CTX_TRY_NUMBER=1
AIRFLOW_CTX_DAG_RUN_ID=scheduled__2022-05-19T08:15:00+00:00
[2023-01-01T14:41:12.295+0000] {base.py:71} INFO - Using connection ID 'postgres_default' for task execution.
[2023-01-01T14:41:12.308+0000] {sql.py:315} INFO - Running statement: INSERT INTO
    exchange_rates
VALUES ('AMD', 'RUB', 0.13579419, '2022-05-19')
ON CONFLICT (base, currency, date) DO
    UPDATE
        SET rate = excluded.rate;, parameters: None
[2023-01-01T14:41:12.311+0000] {sql.py:324} INFO - Rows affected: 1
[2023-01-01T14:41:12.349+0000] {taskinstance.py:1406} INFO - Marking task as SUCCESS. dag_id=exchange_rates, task_id=insert_rate_AMD_RUB, execution_date=20220519T081500, start_date=20230101T144111, end_date=20230101T144112
[2023-01-01T14:41:12.479+0000] {local_task_job.py:164} INFO - Task exited with return code 0
[2023-01-01T14:41:12.531+0000] {local_task_job.py:273} INFO - 0 downstream tasks scheduled from follow-on schedule check
