[2022-12-26T13:48:22.393+0000] {taskinstance.py:1165} INFO - Dependencies all met for <TaskInstance: exchange_rates.get_rate_AMD_RUB scheduled__2021-11-28T08:15:00+00:00 [queued]>
[2022-12-26T13:48:22.441+0000] {taskinstance.py:1165} INFO - Dependencies all met for <TaskInstance: exchange_rates.get_rate_AMD_RUB scheduled__2021-11-28T08:15:00+00:00 [queued]>
[2022-12-26T13:48:22.442+0000] {taskinstance.py:1362} INFO - 
--------------------------------------------------------------------------------
[2022-12-26T13:48:22.449+0000] {taskinstance.py:1363} INFO - Starting attempt 1 of 1
[2022-12-26T13:48:22.450+0000] {taskinstance.py:1364} INFO - 
--------------------------------------------------------------------------------
[2022-12-26T13:48:22.594+0000] {taskinstance.py:1383} INFO - Executing <Task(CurrencyScoopOperator): get_rate_AMD_RUB> on 2021-11-28 08:15:00+00:00
[2022-12-26T13:48:22.598+0000] {standard_task_runner.py:54} INFO - Started process 1710 to run task
[2022-12-26T13:48:22.647+0000] {standard_task_runner.py:82} INFO - Running: ['***', 'tasks', 'run', 'exchange_rates', 'get_rate_AMD_RUB', 'scheduled__2021-11-28T08:15:00+00:00', '--job-id', '1219', '--raw', '--subdir', 'DAGS_FOLDER/exchange_rates.py', '--cfg-path', '/tmp/tmpchx0xn5x']
[2022-12-26T13:48:22.663+0000] {standard_task_runner.py:83} INFO - Job 1219: Subtask get_rate_AMD_RUB
[2022-12-26T13:48:22.665+0000] {dagbag.py:525} INFO - Filling up the DagBag from /opt/***/dags/exchange_rates.py
[2022-12-26T13:48:22.906+0000] {taskmixin.py:205} WARNING - Dependency <Task(CurrencyScoopOperator): get_rate_AMD_RUB>, insert_rate_AMD_RUB already registered for DAG: exchange_rates
[2022-12-26T13:48:22.906+0000] {taskmixin.py:205} WARNING - Dependency <Task(PostgresOperator): insert_rate_AMD_RUB>, get_rate_AMD_RUB already registered for DAG: exchange_rates
[2022-12-26T13:48:23.100+0000] {task_command.py:384} INFO - Running <TaskInstance: exchange_rates.get_rate_AMD_RUB scheduled__2021-11-28T08:15:00+00:00 [running]> on host d383fbf2a8e7
[2022-12-26T13:48:23.333+0000] {taskinstance.py:1592} INFO - Exporting the following env vars:
AIRFLOW_CTX_DAG_OWNER=***
AIRFLOW_CTX_DAG_ID=exchange_rates
AIRFLOW_CTX_TASK_ID=get_rate_AMD_RUB
AIRFLOW_CTX_EXECUTION_DATE=2021-11-28T08:15:00+00:00
AIRFLOW_CTX_TRY_NUMBER=1
AIRFLOW_CTX_DAG_RUN_ID=scheduled__2021-11-28T08:15:00+00:00
[2022-12-26T13:48:23.336+0000] {warnings.py:110} WARNING - /home/***/.local/lib/python3.7/site-packages/***/utils/context.py:204: AirflowContextDeprecationWarning: Accessing 'execution_date' from the template is deprecated and will be removed in a future version. Please use 'data_interval_start' or 'logical_date' instead.
  warnings.warn(_create_deprecation_warning(key, self._deprecation_replacements[key]))

[2022-12-26T13:48:23.362+0000] {base.py:71} INFO - Using connection ID 'currency_conn_id' for task execution.
[2022-12-26T13:48:24.034+0000] {taskinstance.py:1406} INFO - Marking task as SUCCESS. dag_id=exchange_rates, task_id=get_rate_AMD_RUB, execution_date=20211128T081500, start_date=20221226T134822, end_date=20221226T134824
[2022-12-26T13:48:24.088+0000] {local_task_job.py:164} INFO - Task exited with return code 0
[2022-12-26T13:48:24.128+0000] {local_task_job.py:273} INFO - 1 downstream tasks scheduled from follow-on schedule check
[2023-01-01T14:33:07.812+0000] {taskinstance.py:1165} INFO - Dependencies all met for <TaskInstance: exchange_rates.get_rate_AMD_RUB scheduled__2021-11-28T08:15:00+00:00 [queued]>
[2023-01-01T14:33:07.845+0000] {taskinstance.py:1165} INFO - Dependencies all met for <TaskInstance: exchange_rates.get_rate_AMD_RUB scheduled__2021-11-28T08:15:00+00:00 [queued]>
[2023-01-01T14:33:07.848+0000] {taskinstance.py:1362} INFO - 
--------------------------------------------------------------------------------
[2023-01-01T14:33:07.849+0000] {taskinstance.py:1363} INFO - Starting attempt 1 of 1
[2023-01-01T14:33:07.849+0000] {taskinstance.py:1364} INFO - 
--------------------------------------------------------------------------------
[2023-01-01T14:33:07.897+0000] {taskinstance.py:1383} INFO - Executing <Task(CurrencyScoopOperator): get_rate_AMD_RUB> on 2021-11-28 08:15:00+00:00
[2023-01-01T14:33:07.911+0000] {standard_task_runner.py:54} INFO - Started process 2363 to run task
[2023-01-01T14:33:07.934+0000] {standard_task_runner.py:82} INFO - Running: ['***', 'tasks', 'run', 'exchange_rates', 'get_rate_AMD_RUB', 'scheduled__2021-11-28T08:15:00+00:00', '--job-id', '7211', '--raw', '--subdir', 'DAGS_FOLDER/exchange_rates.py', '--cfg-path', '/tmp/tmpfngggkwg']
[2023-01-01T14:33:07.940+0000] {standard_task_runner.py:83} INFO - Job 7211: Subtask get_rate_AMD_RUB
[2023-01-01T14:33:07.942+0000] {dagbag.py:525} INFO - Filling up the DagBag from /opt/***/dags/exchange_rates.py
[2023-01-01T14:33:08.323+0000] {taskmixin.py:205} WARNING - Dependency <Task(CurrencyScoopOperator): get_rate_AMD_RUB>, insert_rate_AMD_RUB already registered for DAG: exchange_rates
[2023-01-01T14:33:08.324+0000] {taskmixin.py:205} WARNING - Dependency <Task(PostgresOperator): insert_rate_AMD_RUB>, get_rate_AMD_RUB already registered for DAG: exchange_rates
[2023-01-01T14:33:08.495+0000] {task_command.py:384} INFO - Running <TaskInstance: exchange_rates.get_rate_AMD_RUB scheduled__2021-11-28T08:15:00+00:00 [running]> on host d383fbf2a8e7
[2023-01-01T14:33:08.624+0000] {taskinstance.py:1592} INFO - Exporting the following env vars:
AIRFLOW_CTX_DAG_OWNER=***
AIRFLOW_CTX_DAG_ID=exchange_rates
AIRFLOW_CTX_TASK_ID=get_rate_AMD_RUB
AIRFLOW_CTX_EXECUTION_DATE=2021-11-28T08:15:00+00:00
AIRFLOW_CTX_TRY_NUMBER=1
AIRFLOW_CTX_DAG_RUN_ID=scheduled__2021-11-28T08:15:00+00:00
[2023-01-01T14:33:08.626+0000] {warnings.py:110} WARNING - /home/***/.local/lib/python3.7/site-packages/***/utils/context.py:204: AirflowContextDeprecationWarning: Accessing 'execution_date' from the template is deprecated and will be removed in a future version. Please use 'data_interval_start' or 'logical_date' instead.
  warnings.warn(_create_deprecation_warning(key, self._deprecation_replacements[key]))

[2023-01-01T14:33:08.643+0000] {base.py:71} INFO - Using connection ID 'currency_conn_id' for task execution.
[2023-01-01T14:33:08.987+0000] {taskinstance.py:1406} INFO - Marking task as SUCCESS. dag_id=exchange_rates, task_id=get_rate_AMD_RUB, execution_date=20211128T081500, start_date=20230101T143307, end_date=20230101T143308
[2023-01-01T14:33:09.065+0000] {local_task_job.py:164} INFO - Task exited with return code 0
[2023-01-01T14:33:09.127+0000] {local_task_job.py:273} INFO - 1 downstream tasks scheduled from follow-on schedule check
