[2022-12-26T13:52:46.617+0000] {taskinstance.py:1165} INFO - Dependencies all met for <TaskInstance: exchange_rates.make_report scheduled__2022-02-14T08:15:00+00:00 [queued]>
[2022-12-26T13:52:46.676+0000] {taskinstance.py:1165} INFO - Dependencies all met for <TaskInstance: exchange_rates.make_report scheduled__2022-02-14T08:15:00+00:00 [queued]>
[2022-12-26T13:52:46.678+0000] {taskinstance.py:1362} INFO - 
--------------------------------------------------------------------------------
[2022-12-26T13:52:46.678+0000] {taskinstance.py:1363} INFO - Starting attempt 1 of 1
[2022-12-26T13:52:46.679+0000] {taskinstance.py:1364} INFO - 
--------------------------------------------------------------------------------
[2022-12-26T13:52:46.716+0000] {taskinstance.py:1383} INFO - Executing <Task(PythonOperator): make_report> on 2022-02-14 08:15:00+00:00
[2022-12-26T13:52:46.721+0000] {standard_task_runner.py:54} INFO - Started process 4506 to run task
[2022-12-26T13:52:46.754+0000] {standard_task_runner.py:82} INFO - Running: ['***', 'tasks', 'run', 'exchange_rates', 'make_report', 'scheduled__2022-02-14T08:15:00+00:00', '--job-id', '2499', '--raw', '--subdir', 'DAGS_FOLDER/exchange_rates.py', '--cfg-path', '/tmp/tmpligifggs']
[2022-12-26T13:52:46.761+0000] {standard_task_runner.py:83} INFO - Job 2499: Subtask make_report
[2022-12-26T13:52:46.762+0000] {dagbag.py:525} INFO - Filling up the DagBag from /opt/***/dags/exchange_rates.py
[2022-12-26T13:52:47.038+0000] {taskmixin.py:205} WARNING - Dependency <Task(CurrencyScoopOperator): get_rate_AMD_RUB>, insert_rate_AMD_RUB already registered for DAG: exchange_rates
[2022-12-26T13:52:47.043+0000] {taskmixin.py:205} WARNING - Dependency <Task(PostgresOperator): insert_rate_AMD_RUB>, get_rate_AMD_RUB already registered for DAG: exchange_rates
[2022-12-26T13:52:47.264+0000] {task_command.py:384} INFO - Running <TaskInstance: exchange_rates.make_report scheduled__2022-02-14T08:15:00+00:00 [running]> on host d383fbf2a8e7
[2022-12-26T13:52:47.440+0000] {taskinstance.py:1592} INFO - Exporting the following env vars:
AIRFLOW_CTX_DAG_OWNER=***
AIRFLOW_CTX_DAG_ID=exchange_rates
AIRFLOW_CTX_TASK_ID=make_report
AIRFLOW_CTX_EXECUTION_DATE=2022-02-14T08:15:00+00:00
AIRFLOW_CTX_TRY_NUMBER=1
AIRFLOW_CTX_DAG_RUN_ID=scheduled__2022-02-14T08:15:00+00:00
[2022-12-26T13:52:48.546+0000] {python.py:177} INFO - Done. Returned value was: None
[2022-12-26T13:52:48.567+0000] {taskinstance.py:1406} INFO - Marking task as SUCCESS. dag_id=exchange_rates, task_id=make_report, execution_date=20220214T081500, start_date=20221226T135246, end_date=20221226T135248
[2022-12-26T13:52:48.674+0000] {local_task_job.py:164} INFO - Task exited with return code 0
[2022-12-26T13:52:48.709+0000] {local_task_job.py:273} INFO - 0 downstream tasks scheduled from follow-on schedule check
[2023-01-01T14:37:14.164+0000] {taskinstance.py:1165} INFO - Dependencies all met for <TaskInstance: exchange_rates.make_report scheduled__2022-02-14T08:15:00+00:00 [queued]>
[2023-01-01T14:37:14.265+0000] {taskinstance.py:1165} INFO - Dependencies all met for <TaskInstance: exchange_rates.make_report scheduled__2022-02-14T08:15:00+00:00 [queued]>
[2023-01-01T14:37:14.266+0000] {taskinstance.py:1362} INFO - 
--------------------------------------------------------------------------------
[2023-01-01T14:37:14.268+0000] {taskinstance.py:1363} INFO - Starting attempt 1 of 1
[2023-01-01T14:37:14.269+0000] {taskinstance.py:1364} INFO - 
--------------------------------------------------------------------------------
[2023-01-01T14:37:14.362+0000] {taskinstance.py:1383} INFO - Executing <Task(PythonOperator): make_report> on 2022-02-14 08:15:00+00:00
[2023-01-01T14:37:14.382+0000] {standard_task_runner.py:54} INFO - Started process 5119 to run task
[2023-01-01T14:37:14.412+0000] {standard_task_runner.py:82} INFO - Running: ['***', 'tasks', 'run', 'exchange_rates', 'make_report', 'scheduled__2022-02-14T08:15:00+00:00', '--job-id', '8467', '--raw', '--subdir', 'DAGS_FOLDER/exchange_rates.py', '--cfg-path', '/tmp/tmpyx9liom4']
[2023-01-01T14:37:14.433+0000] {standard_task_runner.py:83} INFO - Job 8467: Subtask make_report
[2023-01-01T14:37:14.435+0000] {dagbag.py:525} INFO - Filling up the DagBag from /opt/***/dags/exchange_rates.py
[2023-01-01T14:37:14.720+0000] {taskmixin.py:205} WARNING - Dependency <Task(CurrencyScoopOperator): get_rate_AMD_RUB>, insert_rate_AMD_RUB already registered for DAG: exchange_rates
[2023-01-01T14:37:14.722+0000] {taskmixin.py:205} WARNING - Dependency <Task(PostgresOperator): insert_rate_AMD_RUB>, get_rate_AMD_RUB already registered for DAG: exchange_rates
[2023-01-01T14:37:15.068+0000] {task_command.py:384} INFO - Running <TaskInstance: exchange_rates.make_report scheduled__2022-02-14T08:15:00+00:00 [running]> on host d383fbf2a8e7
[2023-01-01T14:37:15.538+0000] {taskinstance.py:1592} INFO - Exporting the following env vars:
AIRFLOW_CTX_DAG_OWNER=***
AIRFLOW_CTX_DAG_ID=exchange_rates
AIRFLOW_CTX_TASK_ID=make_report
AIRFLOW_CTX_EXECUTION_DATE=2022-02-14T08:15:00+00:00
AIRFLOW_CTX_TRY_NUMBER=1
AIRFLOW_CTX_DAG_RUN_ID=scheduled__2022-02-14T08:15:00+00:00
[2023-01-01T14:37:17.470+0000] {python.py:177} INFO - Done. Returned value was: None
[2023-01-01T14:37:17.556+0000] {taskinstance.py:1406} INFO - Marking task as SUCCESS. dag_id=exchange_rates, task_id=make_report, execution_date=20220214T081500, start_date=20230101T143714, end_date=20230101T143717
[2023-01-01T14:37:17.816+0000] {local_task_job.py:164} INFO - Task exited with return code 0
[2023-01-01T14:37:17.850+0000] {local_task_job.py:273} INFO - 0 downstream tasks scheduled from follow-on schedule check
