[2022-12-26T14:01:27.473+0000] {taskinstance.py:1165} INFO - Dependencies all met for <TaskInstance: exchange_rates.get_rate_RUB_USD scheduled__2022-08-30T08:15:00+00:00 [queued]>
[2022-12-26T14:01:27.492+0000] {taskinstance.py:1165} INFO - Dependencies all met for <TaskInstance: exchange_rates.get_rate_RUB_USD scheduled__2022-08-30T08:15:00+00:00 [queued]>
[2022-12-26T14:01:27.494+0000] {taskinstance.py:1362} INFO - 
--------------------------------------------------------------------------------
[2022-12-26T14:01:27.500+0000] {taskinstance.py:1363} INFO - Starting attempt 1 of 1
[2022-12-26T14:01:27.500+0000] {taskinstance.py:1364} INFO - 
--------------------------------------------------------------------------------
[2022-12-26T14:01:27.533+0000] {taskinstance.py:1383} INFO - Executing <Task(CurrencyScoopOperator): get_rate_RUB_USD> on 2022-08-30 08:15:00+00:00
[2022-12-26T14:01:27.547+0000] {standard_task_runner.py:54} INFO - Started process 10177 to run task
[2022-12-26T14:01:27.562+0000] {standard_task_runner.py:82} INFO - Running: ['***', 'tasks', 'run', 'exchange_rates', 'get_rate_RUB_USD', 'scheduled__2022-08-30T08:15:00+00:00', '--job-id', '5078', '--raw', '--subdir', 'DAGS_FOLDER/exchange_rates.py', '--cfg-path', '/tmp/tmpnuoyxc4_']
[2022-12-26T14:01:27.563+0000] {standard_task_runner.py:83} INFO - Job 5078: Subtask get_rate_RUB_USD
[2022-12-26T14:01:27.569+0000] {dagbag.py:525} INFO - Filling up the DagBag from /opt/***/dags/exchange_rates.py
[2022-12-26T14:01:27.790+0000] {taskmixin.py:205} WARNING - Dependency <Task(CurrencyScoopOperator): get_rate_AMD_RUB>, insert_rate_AMD_RUB already registered for DAG: exchange_rates
[2022-12-26T14:01:27.791+0000] {taskmixin.py:205} WARNING - Dependency <Task(PostgresOperator): insert_rate_AMD_RUB>, get_rate_AMD_RUB already registered for DAG: exchange_rates
[2022-12-26T14:01:27.989+0000] {task_command.py:384} INFO - Running <TaskInstance: exchange_rates.get_rate_RUB_USD scheduled__2022-08-30T08:15:00+00:00 [running]> on host d383fbf2a8e7
[2022-12-26T14:01:28.151+0000] {taskinstance.py:1592} INFO - Exporting the following env vars:
AIRFLOW_CTX_DAG_OWNER=***
AIRFLOW_CTX_DAG_ID=exchange_rates
AIRFLOW_CTX_TASK_ID=get_rate_RUB_USD
AIRFLOW_CTX_EXECUTION_DATE=2022-08-30T08:15:00+00:00
AIRFLOW_CTX_TRY_NUMBER=1
AIRFLOW_CTX_DAG_RUN_ID=scheduled__2022-08-30T08:15:00+00:00
[2022-12-26T14:01:28.152+0000] {warnings.py:110} WARNING - /home/***/.local/lib/python3.7/site-packages/***/utils/context.py:204: AirflowContextDeprecationWarning: Accessing 'execution_date' from the template is deprecated and will be removed in a future version. Please use 'data_interval_start' or 'logical_date' instead.
  warnings.warn(_create_deprecation_warning(key, self._deprecation_replacements[key]))

[2022-12-26T14:01:28.163+0000] {base.py:71} INFO - Using connection ID 'currency_conn_id' for task execution.
[2022-12-26T14:01:28.811+0000] {taskinstance.py:1406} INFO - Marking task as SUCCESS. dag_id=exchange_rates, task_id=get_rate_RUB_USD, execution_date=20220830T081500, start_date=20221226T140127, end_date=20221226T140128
[2022-12-26T14:01:28.909+0000] {local_task_job.py:164} INFO - Task exited with return code 0
[2022-12-26T14:01:29.085+0000] {local_task_job.py:273} INFO - 0 downstream tasks scheduled from follow-on schedule check
[2023-01-01T14:45:07.535+0000] {taskinstance.py:1165} INFO - Dependencies all met for <TaskInstance: exchange_rates.get_rate_RUB_USD scheduled__2022-08-30T08:15:00+00:00 [queued]>
[2023-01-01T14:45:07.544+0000] {taskinstance.py:1165} INFO - Dependencies all met for <TaskInstance: exchange_rates.get_rate_RUB_USD scheduled__2022-08-30T08:15:00+00:00 [queued]>
[2023-01-01T14:45:07.545+0000] {taskinstance.py:1362} INFO - 
--------------------------------------------------------------------------------
[2023-01-01T14:45:07.545+0000] {taskinstance.py:1363} INFO - Starting attempt 1 of 1
[2023-01-01T14:45:07.545+0000] {taskinstance.py:1364} INFO - 
--------------------------------------------------------------------------------
[2023-01-01T14:45:07.559+0000] {taskinstance.py:1383} INFO - Executing <Task(CurrencyScoopOperator): get_rate_RUB_USD> on 2022-08-30 08:15:00+00:00
[2023-01-01T14:45:07.563+0000] {standard_task_runner.py:54} INFO - Started process 10781 to run task
[2023-01-01T14:45:07.572+0000] {standard_task_runner.py:82} INFO - Running: ['***', 'tasks', 'run', 'exchange_rates', 'get_rate_RUB_USD', 'scheduled__2022-08-30T08:15:00+00:00', '--job-id', '11053', '--raw', '--subdir', 'DAGS_FOLDER/exchange_rates.py', '--cfg-path', '/tmp/tmpo778c5_m']
[2023-01-01T14:45:07.573+0000] {standard_task_runner.py:83} INFO - Job 11053: Subtask get_rate_RUB_USD
[2023-01-01T14:45:07.576+0000] {dagbag.py:525} INFO - Filling up the DagBag from /opt/***/dags/exchange_rates.py
[2023-01-01T14:45:07.634+0000] {taskmixin.py:205} WARNING - Dependency <Task(CurrencyScoopOperator): get_rate_AMD_RUB>, insert_rate_AMD_RUB already registered for DAG: exchange_rates
[2023-01-01T14:45:07.635+0000] {taskmixin.py:205} WARNING - Dependency <Task(PostgresOperator): insert_rate_AMD_RUB>, get_rate_AMD_RUB already registered for DAG: exchange_rates
[2023-01-01T14:45:07.694+0000] {task_command.py:384} INFO - Running <TaskInstance: exchange_rates.get_rate_RUB_USD scheduled__2022-08-30T08:15:00+00:00 [running]> on host d383fbf2a8e7
[2023-01-01T14:45:07.744+0000] {taskinstance.py:1592} INFO - Exporting the following env vars:
AIRFLOW_CTX_DAG_OWNER=***
AIRFLOW_CTX_DAG_ID=exchange_rates
AIRFLOW_CTX_TASK_ID=get_rate_RUB_USD
AIRFLOW_CTX_EXECUTION_DATE=2022-08-30T08:15:00+00:00
AIRFLOW_CTX_TRY_NUMBER=1
AIRFLOW_CTX_DAG_RUN_ID=scheduled__2022-08-30T08:15:00+00:00
[2023-01-01T14:45:07.745+0000] {warnings.py:110} WARNING - /home/***/.local/lib/python3.7/site-packages/***/utils/context.py:204: AirflowContextDeprecationWarning: Accessing 'execution_date' from the template is deprecated and will be removed in a future version. Please use 'data_interval_start' or 'logical_date' instead.
  warnings.warn(_create_deprecation_warning(key, self._deprecation_replacements[key]))

[2023-01-01T14:45:07.752+0000] {base.py:71} INFO - Using connection ID 'currency_conn_id' for task execution.
[2023-01-01T14:45:14.819+0000] {taskinstance.py:1406} INFO - Marking task as SUCCESS. dag_id=exchange_rates, task_id=get_rate_RUB_USD, execution_date=20220830T081500, start_date=20230101T144507, end_date=20230101T144514
[2023-01-01T14:45:14.852+0000] {local_task_job.py:164} INFO - Task exited with return code 0
[2023-01-01T14:45:14.875+0000] {local_task_job.py:273} INFO - 1 downstream tasks scheduled from follow-on schedule check
