[2022-12-26T13:48:28.369+0000] {taskinstance.py:1165} INFO - Dependencies all met for <TaskInstance: exchange_rates.get_rate_EUR_RUB scheduled__2021-12-03T08:15:00+00:00 [queued]>
[2022-12-26T13:48:28.405+0000] {taskinstance.py:1165} INFO - Dependencies all met for <TaskInstance: exchange_rates.get_rate_EUR_RUB scheduled__2021-12-03T08:15:00+00:00 [queued]>
[2022-12-26T13:48:28.409+0000] {taskinstance.py:1362} INFO - 
--------------------------------------------------------------------------------
[2022-12-26T13:48:28.414+0000] {taskinstance.py:1363} INFO - Starting attempt 1 of 1
[2022-12-26T13:48:28.415+0000] {taskinstance.py:1364} INFO - 
--------------------------------------------------------------------------------
[2022-12-26T13:48:28.453+0000] {taskinstance.py:1383} INFO - Executing <Task(CurrencyScoopOperator): get_rate_EUR_RUB> on 2021-12-03 08:15:00+00:00
[2022-12-26T13:48:28.463+0000] {standard_task_runner.py:54} INFO - Started process 1774 to run task
[2022-12-26T13:48:28.489+0000] {standard_task_runner.py:82} INFO - Running: ['***', 'tasks', 'run', 'exchange_rates', 'get_rate_EUR_RUB', 'scheduled__2021-12-03T08:15:00+00:00', '--job-id', '1252', '--raw', '--subdir', 'DAGS_FOLDER/exchange_rates.py', '--cfg-path', '/tmp/tmpr6crpnzt']
[2022-12-26T13:48:28.505+0000] {standard_task_runner.py:83} INFO - Job 1252: Subtask get_rate_EUR_RUB
[2022-12-26T13:48:28.518+0000] {dagbag.py:525} INFO - Filling up the DagBag from /opt/***/dags/exchange_rates.py
[2022-12-26T13:48:28.877+0000] {taskmixin.py:205} WARNING - Dependency <Task(CurrencyScoopOperator): get_rate_AMD_RUB>, insert_rate_AMD_RUB already registered for DAG: exchange_rates
[2022-12-26T13:48:28.883+0000] {taskmixin.py:205} WARNING - Dependency <Task(PostgresOperator): insert_rate_AMD_RUB>, get_rate_AMD_RUB already registered for DAG: exchange_rates
[2022-12-26T13:48:29.097+0000] {task_command.py:384} INFO - Running <TaskInstance: exchange_rates.get_rate_EUR_RUB scheduled__2021-12-03T08:15:00+00:00 [running]> on host d383fbf2a8e7
[2022-12-26T13:48:29.309+0000] {taskinstance.py:1592} INFO - Exporting the following env vars:
AIRFLOW_CTX_DAG_OWNER=***
AIRFLOW_CTX_DAG_ID=exchange_rates
AIRFLOW_CTX_TASK_ID=get_rate_EUR_RUB
AIRFLOW_CTX_EXECUTION_DATE=2021-12-03T08:15:00+00:00
AIRFLOW_CTX_TRY_NUMBER=1
AIRFLOW_CTX_DAG_RUN_ID=scheduled__2021-12-03T08:15:00+00:00
[2022-12-26T13:48:29.312+0000] {warnings.py:110} WARNING - /home/***/.local/lib/python3.7/site-packages/***/utils/context.py:204: AirflowContextDeprecationWarning: Accessing 'execution_date' from the template is deprecated and will be removed in a future version. Please use 'data_interval_start' or 'logical_date' instead.
  warnings.warn(_create_deprecation_warning(key, self._deprecation_replacements[key]))

[2022-12-26T13:48:29.336+0000] {base.py:71} INFO - Using connection ID 'currency_conn_id' for task execution.
[2022-12-26T13:48:29.844+0000] {taskinstance.py:1406} INFO - Marking task as SUCCESS. dag_id=exchange_rates, task_id=get_rate_EUR_RUB, execution_date=20211203T081500, start_date=20221226T134828, end_date=20221226T134829
[2022-12-26T13:48:29.951+0000] {local_task_job.py:164} INFO - Task exited with return code 0
[2022-12-26T13:48:30.022+0000] {local_task_job.py:273} INFO - 1 downstream tasks scheduled from follow-on schedule check
[2023-01-01T14:33:13.195+0000] {taskinstance.py:1165} INFO - Dependencies all met for <TaskInstance: exchange_rates.get_rate_EUR_RUB scheduled__2021-12-03T08:15:00+00:00 [queued]>
[2023-01-01T14:33:13.213+0000] {taskinstance.py:1165} INFO - Dependencies all met for <TaskInstance: exchange_rates.get_rate_EUR_RUB scheduled__2021-12-03T08:15:00+00:00 [queued]>
[2023-01-01T14:33:13.214+0000] {taskinstance.py:1362} INFO - 
--------------------------------------------------------------------------------
[2023-01-01T14:33:13.215+0000] {taskinstance.py:1363} INFO - Starting attempt 1 of 1
[2023-01-01T14:33:13.216+0000] {taskinstance.py:1364} INFO - 
--------------------------------------------------------------------------------
[2023-01-01T14:33:13.234+0000] {taskinstance.py:1383} INFO - Executing <Task(CurrencyScoopOperator): get_rate_EUR_RUB> on 2021-12-03 08:15:00+00:00
[2023-01-01T14:33:13.238+0000] {standard_task_runner.py:54} INFO - Started process 2432 to run task
[2023-01-01T14:33:13.244+0000] {standard_task_runner.py:82} INFO - Running: ['***', 'tasks', 'run', 'exchange_rates', 'get_rate_EUR_RUB', 'scheduled__2021-12-03T08:15:00+00:00', '--job-id', '7247', '--raw', '--subdir', 'DAGS_FOLDER/exchange_rates.py', '--cfg-path', '/tmp/tmp4q869k6v']
[2023-01-01T14:33:13.245+0000] {standard_task_runner.py:83} INFO - Job 7247: Subtask get_rate_EUR_RUB
[2023-01-01T14:33:13.246+0000] {dagbag.py:525} INFO - Filling up the DagBag from /opt/***/dags/exchange_rates.py
[2023-01-01T14:33:13.294+0000] {taskmixin.py:205} WARNING - Dependency <Task(CurrencyScoopOperator): get_rate_AMD_RUB>, insert_rate_AMD_RUB already registered for DAG: exchange_rates
[2023-01-01T14:33:13.294+0000] {taskmixin.py:205} WARNING - Dependency <Task(PostgresOperator): insert_rate_AMD_RUB>, get_rate_AMD_RUB already registered for DAG: exchange_rates
[2023-01-01T14:33:13.350+0000] {task_command.py:384} INFO - Running <TaskInstance: exchange_rates.get_rate_EUR_RUB scheduled__2021-12-03T08:15:00+00:00 [running]> on host d383fbf2a8e7
[2023-01-01T14:33:13.399+0000] {taskinstance.py:1592} INFO - Exporting the following env vars:
AIRFLOW_CTX_DAG_OWNER=***
AIRFLOW_CTX_DAG_ID=exchange_rates
AIRFLOW_CTX_TASK_ID=get_rate_EUR_RUB
AIRFLOW_CTX_EXECUTION_DATE=2021-12-03T08:15:00+00:00
AIRFLOW_CTX_TRY_NUMBER=1
AIRFLOW_CTX_DAG_RUN_ID=scheduled__2021-12-03T08:15:00+00:00
[2023-01-01T14:33:13.400+0000] {warnings.py:110} WARNING - /home/***/.local/lib/python3.7/site-packages/***/utils/context.py:204: AirflowContextDeprecationWarning: Accessing 'execution_date' from the template is deprecated and will be removed in a future version. Please use 'data_interval_start' or 'logical_date' instead.
  warnings.warn(_create_deprecation_warning(key, self._deprecation_replacements[key]))

[2023-01-01T14:33:13.411+0000] {base.py:71} INFO - Using connection ID 'currency_conn_id' for task execution.
[2023-01-01T14:33:13.818+0000] {taskinstance.py:1406} INFO - Marking task as SUCCESS. dag_id=exchange_rates, task_id=get_rate_EUR_RUB, execution_date=20211203T081500, start_date=20230101T143313, end_date=20230101T143313
[2023-01-01T14:33:13.965+0000] {local_task_job.py:164} INFO - Task exited with return code 0
[2023-01-01T14:33:14.028+0000] {local_task_job.py:273} INFO - 1 downstream tasks scheduled from follow-on schedule check
