[2022-12-26T13:57:17.027+0000] {taskinstance.py:1165} INFO - Dependencies all met for <TaskInstance: exchange_rates.make_report scheduled__2022-05-18T08:15:00+00:00 [queued]>
[2022-12-26T13:57:17.098+0000] {taskinstance.py:1165} INFO - Dependencies all met for <TaskInstance: exchange_rates.make_report scheduled__2022-05-18T08:15:00+00:00 [queued]>
[2022-12-26T13:57:17.099+0000] {taskinstance.py:1362} INFO - 
--------------------------------------------------------------------------------
[2022-12-26T13:57:17.100+0000] {taskinstance.py:1363} INFO - Starting attempt 1 of 1
[2022-12-26T13:57:17.101+0000] {taskinstance.py:1364} INFO - 
--------------------------------------------------------------------------------
[2022-12-26T13:57:17.236+0000] {taskinstance.py:1383} INFO - Executing <Task(PythonOperator): make_report> on 2022-05-18 08:15:00+00:00
[2022-12-26T13:57:17.256+0000] {standard_task_runner.py:54} INFO - Started process 7475 to run task
[2022-12-26T13:57:17.285+0000] {standard_task_runner.py:82} INFO - Running: ['***', 'tasks', 'run', 'exchange_rates', 'make_report', 'scheduled__2022-05-18T08:15:00+00:00', '--job-id', '3853', '--raw', '--subdir', 'DAGS_FOLDER/exchange_rates.py', '--cfg-path', '/tmp/tmps53fvntl']
[2022-12-26T13:57:17.287+0000] {standard_task_runner.py:83} INFO - Job 3853: Subtask make_report
[2022-12-26T13:57:17.291+0000] {dagbag.py:525} INFO - Filling up the DagBag from /opt/***/dags/exchange_rates.py
[2022-12-26T13:57:17.595+0000] {taskmixin.py:205} WARNING - Dependency <Task(CurrencyScoopOperator): get_rate_AMD_RUB>, insert_rate_AMD_RUB already registered for DAG: exchange_rates
[2022-12-26T13:57:17.595+0000] {taskmixin.py:205} WARNING - Dependency <Task(PostgresOperator): insert_rate_AMD_RUB>, get_rate_AMD_RUB already registered for DAG: exchange_rates
[2022-12-26T13:57:17.776+0000] {task_command.py:384} INFO - Running <TaskInstance: exchange_rates.make_report scheduled__2022-05-18T08:15:00+00:00 [running]> on host d383fbf2a8e7
[2022-12-26T13:57:18.001+0000] {taskinstance.py:1592} INFO - Exporting the following env vars:
AIRFLOW_CTX_DAG_OWNER=***
AIRFLOW_CTX_DAG_ID=exchange_rates
AIRFLOW_CTX_TASK_ID=make_report
AIRFLOW_CTX_EXECUTION_DATE=2022-05-18T08:15:00+00:00
AIRFLOW_CTX_TRY_NUMBER=1
AIRFLOW_CTX_DAG_RUN_ID=scheduled__2022-05-18T08:15:00+00:00
[2022-12-26T13:57:19.575+0000] {python.py:177} INFO - Done. Returned value was: None
[2022-12-26T13:57:19.603+0000] {taskinstance.py:1406} INFO - Marking task as SUCCESS. dag_id=exchange_rates, task_id=make_report, execution_date=20220518T081500, start_date=20221226T135717, end_date=20221226T135719
[2022-12-26T13:57:19.822+0000] {local_task_job.py:164} INFO - Task exited with return code 0
[2022-12-26T13:57:19.849+0000] {local_task_job.py:273} INFO - 0 downstream tasks scheduled from follow-on schedule check
[2023-01-01T14:41:21.631+0000] {taskinstance.py:1165} INFO - Dependencies all met for <TaskInstance: exchange_rates.make_report scheduled__2022-05-18T08:15:00+00:00 [queued]>
[2023-01-01T14:41:21.639+0000] {taskinstance.py:1165} INFO - Dependencies all met for <TaskInstance: exchange_rates.make_report scheduled__2022-05-18T08:15:00+00:00 [queued]>
[2023-01-01T14:41:21.640+0000] {taskinstance.py:1362} INFO - 
--------------------------------------------------------------------------------
[2023-01-01T14:41:21.640+0000] {taskinstance.py:1363} INFO - Starting attempt 1 of 1
[2023-01-01T14:41:21.641+0000] {taskinstance.py:1364} INFO - 
--------------------------------------------------------------------------------
[2023-01-01T14:41:21.670+0000] {taskinstance.py:1383} INFO - Executing <Task(PythonOperator): make_report> on 2022-05-18 08:15:00+00:00
[2023-01-01T14:41:21.674+0000] {standard_task_runner.py:54} INFO - Started process 8077 to run task
[2023-01-01T14:41:21.685+0000] {standard_task_runner.py:82} INFO - Running: ['***', 'tasks', 'run', 'exchange_rates', 'make_report', 'scheduled__2022-05-18T08:15:00+00:00', '--job-id', '9822', '--raw', '--subdir', 'DAGS_FOLDER/exchange_rates.py', '--cfg-path', '/tmp/tmpg1qho67b']
[2023-01-01T14:41:21.689+0000] {standard_task_runner.py:83} INFO - Job 9822: Subtask make_report
[2023-01-01T14:41:21.698+0000] {dagbag.py:525} INFO - Filling up the DagBag from /opt/***/dags/exchange_rates.py
[2023-01-01T14:41:21.745+0000] {taskmixin.py:205} WARNING - Dependency <Task(CurrencyScoopOperator): get_rate_AMD_RUB>, insert_rate_AMD_RUB already registered for DAG: exchange_rates
[2023-01-01T14:41:21.745+0000] {taskmixin.py:205} WARNING - Dependency <Task(PostgresOperator): insert_rate_AMD_RUB>, get_rate_AMD_RUB already registered for DAG: exchange_rates
[2023-01-01T14:41:21.818+0000] {task_command.py:384} INFO - Running <TaskInstance: exchange_rates.make_report scheduled__2022-05-18T08:15:00+00:00 [running]> on host d383fbf2a8e7
[2023-01-01T14:41:21.914+0000] {taskinstance.py:1592} INFO - Exporting the following env vars:
AIRFLOW_CTX_DAG_OWNER=***
AIRFLOW_CTX_DAG_ID=exchange_rates
AIRFLOW_CTX_TASK_ID=make_report
AIRFLOW_CTX_EXECUTION_DATE=2022-05-18T08:15:00+00:00
AIRFLOW_CTX_TRY_NUMBER=1
AIRFLOW_CTX_DAG_RUN_ID=scheduled__2022-05-18T08:15:00+00:00
[2023-01-01T14:41:22.917+0000] {python.py:177} INFO - Done. Returned value was: None
[2023-01-01T14:41:22.934+0000] {taskinstance.py:1406} INFO - Marking task as SUCCESS. dag_id=exchange_rates, task_id=make_report, execution_date=20220518T081500, start_date=20230101T144121, end_date=20230101T144122
[2023-01-01T14:41:23.058+0000] {local_task_job.py:164} INFO - Task exited with return code 0
[2023-01-01T14:41:23.077+0000] {local_task_job.py:273} INFO - 0 downstream tasks scheduled from follow-on schedule check
