[2022-12-26T13:52:03.296+0000] {taskinstance.py:1165} INFO - Dependencies all met for <TaskInstance: exchange_rates.make_report scheduled__2022-02-02T08:15:00+00:00 [queued]>
[2022-12-26T13:52:03.335+0000] {taskinstance.py:1165} INFO - Dependencies all met for <TaskInstance: exchange_rates.make_report scheduled__2022-02-02T08:15:00+00:00 [queued]>
[2022-12-26T13:52:03.335+0000] {taskinstance.py:1362} INFO - 
--------------------------------------------------------------------------------
[2022-12-26T13:52:03.335+0000] {taskinstance.py:1363} INFO - Starting attempt 1 of 1
[2022-12-26T13:52:03.336+0000] {taskinstance.py:1364} INFO - 
--------------------------------------------------------------------------------
[2022-12-26T13:52:03.363+0000] {taskinstance.py:1383} INFO - Executing <Task(PythonOperator): make_report> on 2022-02-02 08:15:00+00:00
[2022-12-26T13:52:03.371+0000] {standard_task_runner.py:54} INFO - Started process 4023 to run task
[2022-12-26T13:52:03.391+0000] {standard_task_runner.py:82} INFO - Running: ['***', 'tasks', 'run', 'exchange_rates', 'make_report', 'scheduled__2022-02-02T08:15:00+00:00', '--job-id', '2279', '--raw', '--subdir', 'DAGS_FOLDER/exchange_rates.py', '--cfg-path', '/tmp/tmpgmvfj6u7']
[2022-12-26T13:52:03.402+0000] {standard_task_runner.py:83} INFO - Job 2279: Subtask make_report
[2022-12-26T13:52:03.406+0000] {dagbag.py:525} INFO - Filling up the DagBag from /opt/***/dags/exchange_rates.py
[2022-12-26T13:52:03.750+0000] {taskmixin.py:205} WARNING - Dependency <Task(CurrencyScoopOperator): get_rate_AMD_RUB>, insert_rate_AMD_RUB already registered for DAG: exchange_rates
[2022-12-26T13:52:03.750+0000] {taskmixin.py:205} WARNING - Dependency <Task(PostgresOperator): insert_rate_AMD_RUB>, get_rate_AMD_RUB already registered for DAG: exchange_rates
[2022-12-26T13:52:03.954+0000] {task_command.py:384} INFO - Running <TaskInstance: exchange_rates.make_report scheduled__2022-02-02T08:15:00+00:00 [running]> on host d383fbf2a8e7
[2022-12-26T13:52:04.133+0000] {taskinstance.py:1592} INFO - Exporting the following env vars:
AIRFLOW_CTX_DAG_OWNER=***
AIRFLOW_CTX_DAG_ID=exchange_rates
AIRFLOW_CTX_TASK_ID=make_report
AIRFLOW_CTX_EXECUTION_DATE=2022-02-02T08:15:00+00:00
AIRFLOW_CTX_TRY_NUMBER=1
AIRFLOW_CTX_DAG_RUN_ID=scheduled__2022-02-02T08:15:00+00:00
[2022-12-26T13:52:05.212+0000] {python.py:177} INFO - Done. Returned value was: None
[2022-12-26T13:52:05.223+0000] {taskinstance.py:1406} INFO - Marking task as SUCCESS. dag_id=exchange_rates, task_id=make_report, execution_date=20220202T081500, start_date=20221226T135203, end_date=20221226T135205
[2022-12-26T13:52:05.281+0000] {local_task_job.py:164} INFO - Task exited with return code 0
[2022-12-26T13:52:05.301+0000] {local_task_job.py:273} INFO - 0 downstream tasks scheduled from follow-on schedule check
[2023-01-01T14:36:28.243+0000] {taskinstance.py:1165} INFO - Dependencies all met for <TaskInstance: exchange_rates.make_report scheduled__2022-02-02T08:15:00+00:00 [queued]>
[2023-01-01T14:36:28.306+0000] {taskinstance.py:1165} INFO - Dependencies all met for <TaskInstance: exchange_rates.make_report scheduled__2022-02-02T08:15:00+00:00 [queued]>
[2023-01-01T14:36:28.309+0000] {taskinstance.py:1362} INFO - 
--------------------------------------------------------------------------------
[2023-01-01T14:36:28.317+0000] {taskinstance.py:1363} INFO - Starting attempt 1 of 1
[2023-01-01T14:36:28.323+0000] {taskinstance.py:1364} INFO - 
--------------------------------------------------------------------------------
[2023-01-01T14:36:28.409+0000] {taskinstance.py:1383} INFO - Executing <Task(PythonOperator): make_report> on 2022-02-02 08:15:00+00:00
[2023-01-01T14:36:28.417+0000] {standard_task_runner.py:54} INFO - Started process 4645 to run task
[2023-01-01T14:36:28.459+0000] {standard_task_runner.py:82} INFO - Running: ['***', 'tasks', 'run', 'exchange_rates', 'make_report', 'scheduled__2022-02-02T08:15:00+00:00', '--job-id', '8248', '--raw', '--subdir', 'DAGS_FOLDER/exchange_rates.py', '--cfg-path', '/tmp/tmp8qjyagza']
[2023-01-01T14:36:28.465+0000] {standard_task_runner.py:83} INFO - Job 8248: Subtask make_report
[2023-01-01T14:36:28.475+0000] {dagbag.py:525} INFO - Filling up the DagBag from /opt/***/dags/exchange_rates.py
[2023-01-01T14:36:28.618+0000] {taskmixin.py:205} WARNING - Dependency <Task(CurrencyScoopOperator): get_rate_AMD_RUB>, insert_rate_AMD_RUB already registered for DAG: exchange_rates
[2023-01-01T14:36:28.619+0000] {taskmixin.py:205} WARNING - Dependency <Task(PostgresOperator): insert_rate_AMD_RUB>, get_rate_AMD_RUB already registered for DAG: exchange_rates
[2023-01-01T14:36:28.719+0000] {task_command.py:384} INFO - Running <TaskInstance: exchange_rates.make_report scheduled__2022-02-02T08:15:00+00:00 [running]> on host d383fbf2a8e7
[2023-01-01T14:36:28.821+0000] {taskinstance.py:1592} INFO - Exporting the following env vars:
AIRFLOW_CTX_DAG_OWNER=***
AIRFLOW_CTX_DAG_ID=exchange_rates
AIRFLOW_CTX_TASK_ID=make_report
AIRFLOW_CTX_EXECUTION_DATE=2022-02-02T08:15:00+00:00
AIRFLOW_CTX_TRY_NUMBER=1
AIRFLOW_CTX_DAG_RUN_ID=scheduled__2022-02-02T08:15:00+00:00
[2023-01-01T14:36:29.437+0000] {python.py:177} INFO - Done. Returned value was: None
[2023-01-01T14:36:29.445+0000] {taskinstance.py:1406} INFO - Marking task as SUCCESS. dag_id=exchange_rates, task_id=make_report, execution_date=20220202T081500, start_date=20230101T143628, end_date=20230101T143629
[2023-01-01T14:36:29.523+0000] {local_task_job.py:164} INFO - Task exited with return code 0
[2023-01-01T14:36:29.550+0000] {local_task_job.py:273} INFO - 0 downstream tasks scheduled from follow-on schedule check
