[2022-12-26T14:01:52.012+0000] {taskinstance.py:1165} INFO - Dependencies all met for <TaskInstance: exchange_rates.make_report scheduled__2022-09-01T08:15:00+00:00 [queued]>
[2022-12-26T14:01:52.049+0000] {taskinstance.py:1165} INFO - Dependencies all met for <TaskInstance: exchange_rates.make_report scheduled__2022-09-01T08:15:00+00:00 [queued]>
[2022-12-26T14:01:52.052+0000] {taskinstance.py:1362} INFO - 
--------------------------------------------------------------------------------
[2022-12-26T14:01:52.053+0000] {taskinstance.py:1363} INFO - Starting attempt 1 of 1
[2022-12-26T14:01:52.054+0000] {taskinstance.py:1364} INFO - 
--------------------------------------------------------------------------------
[2022-12-26T14:01:52.146+0000] {taskinstance.py:1383} INFO - Executing <Task(PythonOperator): make_report> on 2022-09-01 08:15:00+00:00
[2022-12-26T14:01:52.176+0000] {standard_task_runner.py:54} INFO - Started process 10479 to run task
[2022-12-26T14:01:52.202+0000] {standard_task_runner.py:82} INFO - Running: ['***', 'tasks', 'run', 'exchange_rates', 'make_report', 'scheduled__2022-09-01T08:15:00+00:00', '--job-id', '5219', '--raw', '--subdir', 'DAGS_FOLDER/exchange_rates.py', '--cfg-path', '/tmp/tmpx1u9f2ke']
[2022-12-26T14:01:52.227+0000] {standard_task_runner.py:83} INFO - Job 5219: Subtask make_report
[2022-12-26T14:01:52.228+0000] {dagbag.py:525} INFO - Filling up the DagBag from /opt/***/dags/exchange_rates.py
[2022-12-26T14:01:52.566+0000] {taskmixin.py:205} WARNING - Dependency <Task(CurrencyScoopOperator): get_rate_AMD_RUB>, insert_rate_AMD_RUB already registered for DAG: exchange_rates
[2022-12-26T14:01:52.567+0000] {taskmixin.py:205} WARNING - Dependency <Task(PostgresOperator): insert_rate_AMD_RUB>, get_rate_AMD_RUB already registered for DAG: exchange_rates
[2022-12-26T14:01:52.759+0000] {task_command.py:384} INFO - Running <TaskInstance: exchange_rates.make_report scheduled__2022-09-01T08:15:00+00:00 [running]> on host d383fbf2a8e7
[2022-12-26T14:01:52.965+0000] {taskinstance.py:1592} INFO - Exporting the following env vars:
AIRFLOW_CTX_DAG_OWNER=***
AIRFLOW_CTX_DAG_ID=exchange_rates
AIRFLOW_CTX_TASK_ID=make_report
AIRFLOW_CTX_EXECUTION_DATE=2022-09-01T08:15:00+00:00
AIRFLOW_CTX_TRY_NUMBER=1
AIRFLOW_CTX_DAG_RUN_ID=scheduled__2022-09-01T08:15:00+00:00
[2022-12-26T14:01:54.193+0000] {python.py:177} INFO - Done. Returned value was: None
[2022-12-26T14:01:54.200+0000] {taskinstance.py:1406} INFO - Marking task as SUCCESS. dag_id=exchange_rates, task_id=make_report, execution_date=20220901T081500, start_date=20221226T140152, end_date=20221226T140154
[2022-12-26T14:01:54.257+0000] {local_task_job.py:164} INFO - Task exited with return code 0
[2022-12-26T14:01:54.272+0000] {local_task_job.py:273} INFO - 0 downstream tasks scheduled from follow-on schedule check
[2023-01-01T14:45:34.989+0000] {taskinstance.py:1165} INFO - Dependencies all met for <TaskInstance: exchange_rates.make_report scheduled__2022-09-01T08:15:00+00:00 [queued]>
[2023-01-01T14:45:35.058+0000] {taskinstance.py:1165} INFO - Dependencies all met for <TaskInstance: exchange_rates.make_report scheduled__2022-09-01T08:15:00+00:00 [queued]>
[2023-01-01T14:45:35.060+0000] {taskinstance.py:1362} INFO - 
--------------------------------------------------------------------------------
[2023-01-01T14:45:35.061+0000] {taskinstance.py:1363} INFO - Starting attempt 1 of 1
[2023-01-01T14:45:35.061+0000] {taskinstance.py:1364} INFO - 
--------------------------------------------------------------------------------
[2023-01-01T14:45:35.157+0000] {taskinstance.py:1383} INFO - Executing <Task(PythonOperator): make_report> on 2022-09-01 08:15:00+00:00
[2023-01-01T14:45:35.179+0000] {standard_task_runner.py:54} INFO - Started process 11087 to run task
[2023-01-01T14:45:35.209+0000] {standard_task_runner.py:82} INFO - Running: ['***', 'tasks', 'run', 'exchange_rates', 'make_report', 'scheduled__2022-09-01T08:15:00+00:00', '--job-id', '11190', '--raw', '--subdir', 'DAGS_FOLDER/exchange_rates.py', '--cfg-path', '/tmp/tmpoag9go1_']
[2023-01-01T14:45:35.210+0000] {standard_task_runner.py:83} INFO - Job 11190: Subtask make_report
[2023-01-01T14:45:35.213+0000] {dagbag.py:525} INFO - Filling up the DagBag from /opt/***/dags/exchange_rates.py
[2023-01-01T14:45:35.670+0000] {taskmixin.py:205} WARNING - Dependency <Task(CurrencyScoopOperator): get_rate_AMD_RUB>, insert_rate_AMD_RUB already registered for DAG: exchange_rates
[2023-01-01T14:45:35.671+0000] {taskmixin.py:205} WARNING - Dependency <Task(PostgresOperator): insert_rate_AMD_RUB>, get_rate_AMD_RUB already registered for DAG: exchange_rates
[2023-01-01T14:45:35.823+0000] {task_command.py:384} INFO - Running <TaskInstance: exchange_rates.make_report scheduled__2022-09-01T08:15:00+00:00 [running]> on host d383fbf2a8e7
[2023-01-01T14:45:35.987+0000] {taskinstance.py:1592} INFO - Exporting the following env vars:
AIRFLOW_CTX_DAG_OWNER=***
AIRFLOW_CTX_DAG_ID=exchange_rates
AIRFLOW_CTX_TASK_ID=make_report
AIRFLOW_CTX_EXECUTION_DATE=2022-09-01T08:15:00+00:00
AIRFLOW_CTX_TRY_NUMBER=1
AIRFLOW_CTX_DAG_RUN_ID=scheduled__2022-09-01T08:15:00+00:00
[2023-01-01T14:45:36.291+0000] {python.py:177} INFO - Done. Returned value was: None
[2023-01-01T14:45:36.298+0000] {taskinstance.py:1406} INFO - Marking task as SUCCESS. dag_id=exchange_rates, task_id=make_report, execution_date=20220901T081500, start_date=20230101T144534, end_date=20230101T144536
[2023-01-01T14:45:36.359+0000] {local_task_job.py:164} INFO - Task exited with return code 0
[2023-01-01T14:45:36.448+0000] {local_task_job.py:273} INFO - 0 downstream tasks scheduled from follow-on schedule check
