[2022-12-26T14:04:33.762+0000] {taskinstance.py:1165} INFO - Dependencies all met for <TaskInstance: exchange_rates.create_table_task scheduled__2022-12-12T08:15:00+00:00 [queued]>
[2022-12-26T14:04:33.846+0000] {taskinstance.py:1165} INFO - Dependencies all met for <TaskInstance: exchange_rates.create_table_task scheduled__2022-12-12T08:15:00+00:00 [queued]>
[2022-12-26T14:04:33.847+0000] {taskinstance.py:1362} INFO - 
--------------------------------------------------------------------------------
[2022-12-26T14:04:33.848+0000] {taskinstance.py:1363} INFO - Starting attempt 1 of 1
[2022-12-26T14:04:33.849+0000] {taskinstance.py:1364} INFO - 
--------------------------------------------------------------------------------
[2022-12-26T14:04:33.912+0000] {taskinstance.py:1383} INFO - Executing <Task(PostgresOperator): create_table_task> on 2022-12-12 08:15:00+00:00
[2022-12-26T14:04:33.932+0000] {standard_task_runner.py:54} INFO - Started process 12264 to run task
[2022-12-26T14:04:33.966+0000] {standard_task_runner.py:82} INFO - Running: ['***', 'tasks', 'run', 'exchange_rates', 'create_table_task', 'scheduled__2022-12-12T08:15:00+00:00', '--job-id', '6039', '--raw', '--subdir', 'DAGS_FOLDER/exchange_rates.py', '--cfg-path', '/tmp/tmpxenpgvot']
[2022-12-26T14:04:33.983+0000] {standard_task_runner.py:83} INFO - Job 6039: Subtask create_table_task
[2022-12-26T14:04:33.984+0000] {dagbag.py:525} INFO - Filling up the DagBag from /opt/***/dags/exchange_rates.py
[2022-12-26T14:04:34.231+0000] {taskmixin.py:205} WARNING - Dependency <Task(CurrencyScoopOperator): get_rate_AMD_RUB>, insert_rate_AMD_RUB already registered for DAG: exchange_rates
[2022-12-26T14:04:34.231+0000] {taskmixin.py:205} WARNING - Dependency <Task(PostgresOperator): insert_rate_AMD_RUB>, get_rate_AMD_RUB already registered for DAG: exchange_rates
[2022-12-26T14:04:34.397+0000] {task_command.py:384} INFO - Running <TaskInstance: exchange_rates.create_table_task scheduled__2022-12-12T08:15:00+00:00 [running]> on host d383fbf2a8e7
[2022-12-26T14:04:34.720+0000] {taskinstance.py:1592} INFO - Exporting the following env vars:
AIRFLOW_CTX_DAG_OWNER=***
AIRFLOW_CTX_DAG_ID=exchange_rates
AIRFLOW_CTX_TASK_ID=create_table_task
AIRFLOW_CTX_EXECUTION_DATE=2022-12-12T08:15:00+00:00
AIRFLOW_CTX_TRY_NUMBER=1
AIRFLOW_CTX_DAG_RUN_ID=scheduled__2022-12-12T08:15:00+00:00
[2022-12-26T14:04:34.773+0000] {base.py:71} INFO - Using connection ID 'postgres_default' for task execution.
[2022-12-26T14:04:34.782+0000] {sql.py:315} INFO - Running statement: CREATE TABLE IF NOT EXISTS exchange_rates (
    base VARCHAR(3) NOT NULL,
    currency VARCHAR(3) NOT NULL,
    rate NUMERIC(12, 3) NOT NULL,
    date DATE NOT NULL,
    UNIQUE (base, currency, date)
);, parameters: None
[2022-12-26T14:04:34.799+0000] {postgres.py:96} INFO - NOTICE:  relation "exchange_rates" already exists, skipping

[2022-12-26T14:04:34.816+0000] {taskinstance.py:1406} INFO - Marking task as SUCCESS. dag_id=exchange_rates, task_id=create_table_task, execution_date=20221212T081500, start_date=20221226T140433, end_date=20221226T140434
[2022-12-26T14:04:34.933+0000] {local_task_job.py:164} INFO - Task exited with return code 0
[2022-12-26T14:04:35.114+0000] {local_task_job.py:273} INFO - 6 downstream tasks scheduled from follow-on schedule check
[2023-01-01T14:49:53.718+0000] {taskinstance.py:1165} INFO - Dependencies all met for <TaskInstance: exchange_rates.create_table_task scheduled__2022-12-12T08:15:00+00:00 [queued]>
[2023-01-01T14:49:53.729+0000] {taskinstance.py:1165} INFO - Dependencies all met for <TaskInstance: exchange_rates.create_table_task scheduled__2022-12-12T08:15:00+00:00 [queued]>
[2023-01-01T14:49:53.730+0000] {taskinstance.py:1362} INFO - 
--------------------------------------------------------------------------------
[2023-01-01T14:49:53.731+0000] {taskinstance.py:1363} INFO - Starting attempt 1 of 1
[2023-01-01T14:49:53.731+0000] {taskinstance.py:1364} INFO - 
--------------------------------------------------------------------------------
[2023-01-01T14:49:53.754+0000] {taskinstance.py:1383} INFO - Executing <Task(PostgresOperator): create_table_task> on 2022-12-12 08:15:00+00:00
[2023-01-01T14:49:53.758+0000] {standard_task_runner.py:54} INFO - Started process 14073 to run task
[2023-01-01T14:49:53.762+0000] {standard_task_runner.py:82} INFO - Running: ['***', 'tasks', 'run', 'exchange_rates', 'create_table_task', 'scheduled__2022-12-12T08:15:00+00:00', '--job-id', '12553', '--raw', '--subdir', 'DAGS_FOLDER/exchange_rates.py', '--cfg-path', '/tmp/tmpnb_l9sbx']
[2023-01-01T14:49:53.763+0000] {standard_task_runner.py:83} INFO - Job 12553: Subtask create_table_task
[2023-01-01T14:49:53.764+0000] {dagbag.py:525} INFO - Filling up the DagBag from /opt/***/dags/exchange_rates.py
[2023-01-01T14:49:53.823+0000] {taskmixin.py:205} WARNING - Dependency <Task(CurrencyScoopOperator): get_rate_AMD_RUB>, insert_rate_AMD_RUB already registered for DAG: exchange_rates
[2023-01-01T14:49:53.823+0000] {taskmixin.py:205} WARNING - Dependency <Task(PostgresOperator): insert_rate_AMD_RUB>, get_rate_AMD_RUB already registered for DAG: exchange_rates
[2023-01-01T14:49:53.947+0000] {task_command.py:384} INFO - Running <TaskInstance: exchange_rates.create_table_task scheduled__2022-12-12T08:15:00+00:00 [running]> on host d383fbf2a8e7
[2023-01-01T14:49:54.095+0000] {taskinstance.py:1592} INFO - Exporting the following env vars:
AIRFLOW_CTX_DAG_OWNER=***
AIRFLOW_CTX_DAG_ID=exchange_rates
AIRFLOW_CTX_TASK_ID=create_table_task
AIRFLOW_CTX_EXECUTION_DATE=2022-12-12T08:15:00+00:00
AIRFLOW_CTX_TRY_NUMBER=1
AIRFLOW_CTX_DAG_RUN_ID=scheduled__2022-12-12T08:15:00+00:00
[2023-01-01T14:49:54.106+0000] {base.py:71} INFO - Using connection ID 'postgres_default' for task execution.
[2023-01-01T14:49:54.109+0000] {sql.py:315} INFO - Running statement: CREATE TABLE IF NOT EXISTS exchange_rates (
    base VARCHAR(3) NOT NULL,
    currency VARCHAR(3) NOT NULL,
    rate NUMERIC(12, 3) NOT NULL,
    date DATE NOT NULL,
    UNIQUE (base, currency, date)
);, parameters: None
[2023-01-01T14:49:54.111+0000] {postgres.py:96} INFO - NOTICE:  relation "exchange_rates" already exists, skipping

[2023-01-01T14:49:54.128+0000] {taskinstance.py:1406} INFO - Marking task as SUCCESS. dag_id=exchange_rates, task_id=create_table_task, execution_date=20221212T081500, start_date=20230101T144953, end_date=20230101T144954
[2023-01-01T14:49:54.181+0000] {local_task_job.py:164} INFO - Task exited with return code 0
[2023-01-01T14:49:54.227+0000] {local_task_job.py:273} INFO - 0 downstream tasks scheduled from follow-on schedule check
