[2022-12-26T13:55:36.614+0000] {taskinstance.py:1165} INFO - Dependencies all met for <TaskInstance: exchange_rates.insert_rate_USD_RUB scheduled__2022-04-16T08:15:00+00:00 [queued]>
[2022-12-26T13:55:36.637+0000] {taskinstance.py:1165} INFO - Dependencies all met for <TaskInstance: exchange_rates.insert_rate_USD_RUB scheduled__2022-04-16T08:15:00+00:00 [queued]>
[2022-12-26T13:55:36.638+0000] {taskinstance.py:1362} INFO - 
--------------------------------------------------------------------------------
[2022-12-26T13:55:36.639+0000] {taskinstance.py:1363} INFO - Starting attempt 1 of 1
[2022-12-26T13:55:36.639+0000] {taskinstance.py:1364} INFO - 
--------------------------------------------------------------------------------
[2022-12-26T13:55:36.765+0000] {taskinstance.py:1383} INFO - Executing <Task(PostgresOperator): insert_rate_USD_RUB> on 2022-04-16 08:15:00+00:00
[2022-12-26T13:55:36.770+0000] {standard_task_runner.py:54} INFO - Started process 6310 to run task
[2022-12-26T13:55:36.779+0000] {standard_task_runner.py:82} INFO - Running: ['***', 'tasks', 'run', 'exchange_rates', 'insert_rate_USD_RUB', 'scheduled__2022-04-16T08:15:00+00:00', '--job-id', '3317', '--raw', '--subdir', 'DAGS_FOLDER/exchange_rates.py', '--cfg-path', '/tmp/tmpctjb6_u8']
[2022-12-26T13:55:36.780+0000] {standard_task_runner.py:83} INFO - Job 3317: Subtask insert_rate_USD_RUB
[2022-12-26T13:55:36.782+0000] {dagbag.py:525} INFO - Filling up the DagBag from /opt/***/dags/exchange_rates.py
[2022-12-26T13:55:36.976+0000] {taskmixin.py:205} WARNING - Dependency <Task(CurrencyScoopOperator): get_rate_AMD_RUB>, insert_rate_AMD_RUB already registered for DAG: exchange_rates
[2022-12-26T13:55:36.976+0000] {taskmixin.py:205} WARNING - Dependency <Task(PostgresOperator): insert_rate_AMD_RUB>, get_rate_AMD_RUB already registered for DAG: exchange_rates
[2022-12-26T13:55:37.210+0000] {task_command.py:384} INFO - Running <TaskInstance: exchange_rates.insert_rate_USD_RUB scheduled__2022-04-16T08:15:00+00:00 [running]> on host d383fbf2a8e7
[2022-12-26T13:55:37.425+0000] {warnings.py:110} WARNING - /home/***/.local/lib/python3.7/site-packages/***/utils/context.py:204: AirflowContextDeprecationWarning: Accessing 'execution_date' from the template is deprecated and will be removed in a future version. Please use 'data_interval_start' or 'logical_date' instead.
  warnings.warn(_create_deprecation_warning(key, self._deprecation_replacements[key]))

[2022-12-26T13:55:37.628+0000] {taskinstance.py:1592} INFO - Exporting the following env vars:
AIRFLOW_CTX_DAG_OWNER=***
AIRFLOW_CTX_DAG_ID=exchange_rates
AIRFLOW_CTX_TASK_ID=insert_rate_USD_RUB
AIRFLOW_CTX_EXECUTION_DATE=2022-04-16T08:15:00+00:00
AIRFLOW_CTX_TRY_NUMBER=1
AIRFLOW_CTX_DAG_RUN_ID=scheduled__2022-04-16T08:15:00+00:00
[2022-12-26T13:55:37.689+0000] {base.py:71} INFO - Using connection ID 'postgres_default' for task execution.
[2022-12-26T13:55:37.693+0000] {sql.py:315} INFO - Running statement: INSERT INTO
    exchange_rates
VALUES ('USD', 'RUB', 82.84954052, '2022-04-16')
ON CONFLICT (base, currency, date) DO
    UPDATE
        SET rate = excluded.rate;, parameters: None
[2022-12-26T13:55:37.697+0000] {sql.py:324} INFO - Rows affected: 1
[2022-12-26T13:55:37.725+0000] {taskinstance.py:1406} INFO - Marking task as SUCCESS. dag_id=exchange_rates, task_id=insert_rate_USD_RUB, execution_date=20220416T081500, start_date=20221226T135536, end_date=20221226T135537
[2022-12-26T13:55:37.893+0000] {local_task_job.py:164} INFO - Task exited with return code 0
[2022-12-26T13:55:37.962+0000] {local_task_job.py:273} INFO - 0 downstream tasks scheduled from follow-on schedule check
[2023-01-01T14:39:45.532+0000] {taskinstance.py:1165} INFO - Dependencies all met for <TaskInstance: exchange_rates.insert_rate_USD_RUB scheduled__2022-04-16T08:15:00+00:00 [queued]>
[2023-01-01T14:39:45.590+0000] {taskinstance.py:1165} INFO - Dependencies all met for <TaskInstance: exchange_rates.insert_rate_USD_RUB scheduled__2022-04-16T08:15:00+00:00 [queued]>
[2023-01-01T14:39:45.598+0000] {taskinstance.py:1362} INFO - 
--------------------------------------------------------------------------------
[2023-01-01T14:39:45.607+0000] {taskinstance.py:1363} INFO - Starting attempt 1 of 1
[2023-01-01T14:39:45.608+0000] {taskinstance.py:1364} INFO - 
--------------------------------------------------------------------------------
[2023-01-01T14:39:45.666+0000] {taskinstance.py:1383} INFO - Executing <Task(PostgresOperator): insert_rate_USD_RUB> on 2022-04-16 08:15:00+00:00
[2023-01-01T14:39:45.685+0000] {standard_task_runner.py:54} INFO - Started process 6955 to run task
[2023-01-01T14:39:45.685+0000] {standard_task_runner.py:82} INFO - Running: ['***', 'tasks', 'run', 'exchange_rates', 'insert_rate_USD_RUB', 'scheduled__2022-04-16T08:15:00+00:00', '--job-id', '9302', '--raw', '--subdir', 'DAGS_FOLDER/exchange_rates.py', '--cfg-path', '/tmp/tmpn_t1nsrn']
[2023-01-01T14:39:45.691+0000] {standard_task_runner.py:83} INFO - Job 9302: Subtask insert_rate_USD_RUB
[2023-01-01T14:39:45.692+0000] {dagbag.py:525} INFO - Filling up the DagBag from /opt/***/dags/exchange_rates.py
[2023-01-01T14:39:45.969+0000] {taskmixin.py:205} WARNING - Dependency <Task(CurrencyScoopOperator): get_rate_AMD_RUB>, insert_rate_AMD_RUB already registered for DAG: exchange_rates
[2023-01-01T14:39:45.974+0000] {taskmixin.py:205} WARNING - Dependency <Task(PostgresOperator): insert_rate_AMD_RUB>, get_rate_AMD_RUB already registered for DAG: exchange_rates
[2023-01-01T14:39:46.165+0000] {task_command.py:384} INFO - Running <TaskInstance: exchange_rates.insert_rate_USD_RUB scheduled__2022-04-16T08:15:00+00:00 [running]> on host d383fbf2a8e7
[2023-01-01T14:39:46.271+0000] {warnings.py:110} WARNING - /home/***/.local/lib/python3.7/site-packages/***/utils/context.py:204: AirflowContextDeprecationWarning: Accessing 'execution_date' from the template is deprecated and will be removed in a future version. Please use 'data_interval_start' or 'logical_date' instead.
  warnings.warn(_create_deprecation_warning(key, self._deprecation_replacements[key]))

[2023-01-01T14:39:46.433+0000] {taskinstance.py:1592} INFO - Exporting the following env vars:
AIRFLOW_CTX_DAG_OWNER=***
AIRFLOW_CTX_DAG_ID=exchange_rates
AIRFLOW_CTX_TASK_ID=insert_rate_USD_RUB
AIRFLOW_CTX_EXECUTION_DATE=2022-04-16T08:15:00+00:00
AIRFLOW_CTX_TRY_NUMBER=1
AIRFLOW_CTX_DAG_RUN_ID=scheduled__2022-04-16T08:15:00+00:00
[2023-01-01T14:39:46.448+0000] {base.py:71} INFO - Using connection ID 'postgres_default' for task execution.
[2023-01-01T14:39:46.451+0000] {sql.py:315} INFO - Running statement: INSERT INTO
    exchange_rates
VALUES ('USD', 'RUB', 82.84954052, '2022-04-16')
ON CONFLICT (base, currency, date) DO
    UPDATE
        SET rate = excluded.rate;, parameters: None
[2023-01-01T14:39:46.455+0000] {sql.py:324} INFO - Rows affected: 1
[2023-01-01T14:39:46.473+0000] {taskinstance.py:1406} INFO - Marking task as SUCCESS. dag_id=exchange_rates, task_id=insert_rate_USD_RUB, execution_date=20220416T081500, start_date=20230101T143945, end_date=20230101T143946
[2023-01-01T14:39:46.600+0000] {local_task_job.py:164} INFO - Task exited with return code 0
[2023-01-01T14:39:46.633+0000] {local_task_job.py:273} INFO - 0 downstream tasks scheduled from follow-on schedule check
