[2022-12-26T14:02:11.488+0000] {taskinstance.py:1165} INFO - Dependencies all met for <TaskInstance: exchange_rates.get_rate_RUB_USD scheduled__2022-09-12T08:15:00+00:00 [queued]>
[2022-12-26T14:02:11.499+0000] {taskinstance.py:1165} INFO - Dependencies all met for <TaskInstance: exchange_rates.get_rate_RUB_USD scheduled__2022-09-12T08:15:00+00:00 [queued]>
[2022-12-26T14:02:11.501+0000] {taskinstance.py:1362} INFO - 
--------------------------------------------------------------------------------
[2022-12-26T14:02:11.501+0000] {taskinstance.py:1363} INFO - Starting attempt 1 of 1
[2022-12-26T14:02:11.502+0000] {taskinstance.py:1364} INFO - 
--------------------------------------------------------------------------------
[2022-12-26T14:02:11.535+0000] {taskinstance.py:1383} INFO - Executing <Task(CurrencyScoopOperator): get_rate_RUB_USD> on 2022-09-12 08:15:00+00:00
[2022-12-26T14:02:11.545+0000] {standard_task_runner.py:54} INFO - Started process 10633 to run task
[2022-12-26T14:02:11.574+0000] {standard_task_runner.py:82} INFO - Running: ['***', 'tasks', 'run', 'exchange_rates', 'get_rate_RUB_USD', 'scheduled__2022-09-12T08:15:00+00:00', '--job-id', '5282', '--raw', '--subdir', 'DAGS_FOLDER/exchange_rates.py', '--cfg-path', '/tmp/tmp959v2qin']
[2022-12-26T14:02:11.595+0000] {standard_task_runner.py:83} INFO - Job 5282: Subtask get_rate_RUB_USD
[2022-12-26T14:02:11.598+0000] {dagbag.py:525} INFO - Filling up the DagBag from /opt/***/dags/exchange_rates.py
[2022-12-26T14:02:12.130+0000] {taskmixin.py:205} WARNING - Dependency <Task(CurrencyScoopOperator): get_rate_AMD_RUB>, insert_rate_AMD_RUB already registered for DAG: exchange_rates
[2022-12-26T14:02:12.131+0000] {taskmixin.py:205} WARNING - Dependency <Task(PostgresOperator): insert_rate_AMD_RUB>, get_rate_AMD_RUB already registered for DAG: exchange_rates
[2022-12-26T14:02:12.393+0000] {task_command.py:384} INFO - Running <TaskInstance: exchange_rates.get_rate_RUB_USD scheduled__2022-09-12T08:15:00+00:00 [running]> on host d383fbf2a8e7
[2022-12-26T14:02:12.654+0000] {taskinstance.py:1592} INFO - Exporting the following env vars:
AIRFLOW_CTX_DAG_OWNER=***
AIRFLOW_CTX_DAG_ID=exchange_rates
AIRFLOW_CTX_TASK_ID=get_rate_RUB_USD
AIRFLOW_CTX_EXECUTION_DATE=2022-09-12T08:15:00+00:00
AIRFLOW_CTX_TRY_NUMBER=1
AIRFLOW_CTX_DAG_RUN_ID=scheduled__2022-09-12T08:15:00+00:00
[2022-12-26T14:02:12.657+0000] {warnings.py:110} WARNING - /home/***/.local/lib/python3.7/site-packages/***/utils/context.py:204: AirflowContextDeprecationWarning: Accessing 'execution_date' from the template is deprecated and will be removed in a future version. Please use 'data_interval_start' or 'logical_date' instead.
  warnings.warn(_create_deprecation_warning(key, self._deprecation_replacements[key]))

[2022-12-26T14:02:12.674+0000] {base.py:71} INFO - Using connection ID 'currency_conn_id' for task execution.
[2022-12-26T14:02:14.264+0000] {taskinstance.py:1406} INFO - Marking task as SUCCESS. dag_id=exchange_rates, task_id=get_rate_RUB_USD, execution_date=20220912T081500, start_date=20221226T140211, end_date=20221226T140214
[2022-12-26T14:02:14.352+0000] {local_task_job.py:164} INFO - Task exited with return code 0
[2022-12-26T14:02:14.430+0000] {local_task_job.py:273} INFO - 1 downstream tasks scheduled from follow-on schedule check
[2023-01-01T14:45:49.772+0000] {taskinstance.py:1165} INFO - Dependencies all met for <TaskInstance: exchange_rates.get_rate_RUB_USD scheduled__2022-09-12T08:15:00+00:00 [queued]>
[2023-01-01T14:45:49.795+0000] {taskinstance.py:1165} INFO - Dependencies all met for <TaskInstance: exchange_rates.get_rate_RUB_USD scheduled__2022-09-12T08:15:00+00:00 [queued]>
[2023-01-01T14:45:49.801+0000] {taskinstance.py:1362} INFO - 
--------------------------------------------------------------------------------
[2023-01-01T14:45:49.804+0000] {taskinstance.py:1363} INFO - Starting attempt 1 of 1
[2023-01-01T14:45:49.805+0000] {taskinstance.py:1364} INFO - 
--------------------------------------------------------------------------------
[2023-01-01T14:45:49.859+0000] {taskinstance.py:1383} INFO - Executing <Task(CurrencyScoopOperator): get_rate_RUB_USD> on 2022-09-12 08:15:00+00:00
[2023-01-01T14:45:49.879+0000] {standard_task_runner.py:54} INFO - Started process 11264 to run task
[2023-01-01T14:45:49.904+0000] {standard_task_runner.py:82} INFO - Running: ['***', 'tasks', 'run', 'exchange_rates', 'get_rate_RUB_USD', 'scheduled__2022-09-12T08:15:00+00:00', '--job-id', '11268', '--raw', '--subdir', 'DAGS_FOLDER/exchange_rates.py', '--cfg-path', '/tmp/tmpd5jqf1sh']
[2023-01-01T14:45:49.918+0000] {standard_task_runner.py:83} INFO - Job 11268: Subtask get_rate_RUB_USD
[2023-01-01T14:45:49.924+0000] {dagbag.py:525} INFO - Filling up the DagBag from /opt/***/dags/exchange_rates.py
[2023-01-01T14:45:50.134+0000] {taskmixin.py:205} WARNING - Dependency <Task(CurrencyScoopOperator): get_rate_AMD_RUB>, insert_rate_AMD_RUB already registered for DAG: exchange_rates
[2023-01-01T14:45:50.136+0000] {taskmixin.py:205} WARNING - Dependency <Task(PostgresOperator): insert_rate_AMD_RUB>, get_rate_AMD_RUB already registered for DAG: exchange_rates
[2023-01-01T14:45:50.333+0000] {task_command.py:384} INFO - Running <TaskInstance: exchange_rates.get_rate_RUB_USD scheduled__2022-09-12T08:15:00+00:00 [running]> on host d383fbf2a8e7
[2023-01-01T14:45:50.524+0000] {taskinstance.py:1592} INFO - Exporting the following env vars:
AIRFLOW_CTX_DAG_OWNER=***
AIRFLOW_CTX_DAG_ID=exchange_rates
AIRFLOW_CTX_TASK_ID=get_rate_RUB_USD
AIRFLOW_CTX_EXECUTION_DATE=2022-09-12T08:15:00+00:00
AIRFLOW_CTX_TRY_NUMBER=1
AIRFLOW_CTX_DAG_RUN_ID=scheduled__2022-09-12T08:15:00+00:00
[2023-01-01T14:45:50.526+0000] {warnings.py:110} WARNING - /home/***/.local/lib/python3.7/site-packages/***/utils/context.py:204: AirflowContextDeprecationWarning: Accessing 'execution_date' from the template is deprecated and will be removed in a future version. Please use 'data_interval_start' or 'logical_date' instead.
  warnings.warn(_create_deprecation_warning(key, self._deprecation_replacements[key]))

[2023-01-01T14:45:50.545+0000] {base.py:71} INFO - Using connection ID 'currency_conn_id' for task execution.
[2023-01-01T14:45:50.878+0000] {taskinstance.py:1406} INFO - Marking task as SUCCESS. dag_id=exchange_rates, task_id=get_rate_RUB_USD, execution_date=20220912T081500, start_date=20230101T144549, end_date=20230101T144550
[2023-01-01T14:45:50.949+0000] {local_task_job.py:164} INFO - Task exited with return code 0
[2023-01-01T14:45:51.007+0000] {local_task_job.py:273} INFO - 1 downstream tasks scheduled from follow-on schedule check
