[2022-12-26T13:50:27.594+0000] {taskinstance.py:1165} INFO - Dependencies all met for <TaskInstance: exchange_rates.make_report scheduled__2021-12-27T08:15:00+00:00 [queued]>
[2022-12-26T13:50:27.643+0000] {taskinstance.py:1165} INFO - Dependencies all met for <TaskInstance: exchange_rates.make_report scheduled__2021-12-27T08:15:00+00:00 [queued]>
[2022-12-26T13:50:27.663+0000] {taskinstance.py:1362} INFO - 
--------------------------------------------------------------------------------
[2022-12-26T13:50:27.666+0000] {taskinstance.py:1363} INFO - Starting attempt 1 of 1
[2022-12-26T13:50:27.667+0000] {taskinstance.py:1364} INFO - 
--------------------------------------------------------------------------------
[2022-12-26T13:50:27.766+0000] {taskinstance.py:1383} INFO - Executing <Task(PythonOperator): make_report> on 2021-12-27 08:15:00+00:00
[2022-12-26T13:50:27.799+0000] {standard_task_runner.py:54} INFO - Started process 3008 to run task
[2022-12-26T13:50:27.808+0000] {standard_task_runner.py:82} INFO - Running: ['***', 'tasks', 'run', 'exchange_rates', 'make_report', 'scheduled__2021-12-27T08:15:00+00:00', '--job-id', '1823', '--raw', '--subdir', 'DAGS_FOLDER/exchange_rates.py', '--cfg-path', '/tmp/tmpbx0ekwdl']
[2022-12-26T13:50:27.810+0000] {standard_task_runner.py:83} INFO - Job 1823: Subtask make_report
[2022-12-26T13:50:27.832+0000] {dagbag.py:525} INFO - Filling up the DagBag from /opt/***/dags/exchange_rates.py
[2022-12-26T13:50:28.080+0000] {taskmixin.py:205} WARNING - Dependency <Task(CurrencyScoopOperator): get_rate_AMD_RUB>, insert_rate_AMD_RUB already registered for DAG: exchange_rates
[2022-12-26T13:50:28.090+0000] {taskmixin.py:205} WARNING - Dependency <Task(PostgresOperator): insert_rate_AMD_RUB>, get_rate_AMD_RUB already registered for DAG: exchange_rates
[2022-12-26T13:50:28.432+0000] {task_command.py:384} INFO - Running <TaskInstance: exchange_rates.make_report scheduled__2021-12-27T08:15:00+00:00 [running]> on host d383fbf2a8e7
[2022-12-26T13:50:28.559+0000] {taskinstance.py:1592} INFO - Exporting the following env vars:
AIRFLOW_CTX_DAG_OWNER=***
AIRFLOW_CTX_DAG_ID=exchange_rates
AIRFLOW_CTX_TASK_ID=make_report
AIRFLOW_CTX_EXECUTION_DATE=2021-12-27T08:15:00+00:00
AIRFLOW_CTX_TRY_NUMBER=1
AIRFLOW_CTX_DAG_RUN_ID=scheduled__2021-12-27T08:15:00+00:00
[2022-12-26T13:50:30.012+0000] {python.py:177} INFO - Done. Returned value was: None
[2022-12-26T13:50:30.057+0000] {taskinstance.py:1406} INFO - Marking task as SUCCESS. dag_id=exchange_rates, task_id=make_report, execution_date=20211227T081500, start_date=20221226T135027, end_date=20221226T135030
[2022-12-26T13:50:30.186+0000] {local_task_job.py:164} INFO - Task exited with return code 0
[2022-12-26T13:50:30.208+0000] {local_task_job.py:273} INFO - 0 downstream tasks scheduled from follow-on schedule check
[2023-01-01T14:35:02.375+0000] {taskinstance.py:1165} INFO - Dependencies all met for <TaskInstance: exchange_rates.make_report scheduled__2021-12-27T08:15:00+00:00 [queued]>
[2023-01-01T14:35:02.432+0000] {taskinstance.py:1165} INFO - Dependencies all met for <TaskInstance: exchange_rates.make_report scheduled__2021-12-27T08:15:00+00:00 [queued]>
[2023-01-01T14:35:02.435+0000] {taskinstance.py:1362} INFO - 
--------------------------------------------------------------------------------
[2023-01-01T14:35:02.437+0000] {taskinstance.py:1363} INFO - Starting attempt 1 of 1
[2023-01-01T14:35:02.440+0000] {taskinstance.py:1364} INFO - 
--------------------------------------------------------------------------------
[2023-01-01T14:35:02.534+0000] {taskinstance.py:1383} INFO - Executing <Task(PythonOperator): make_report> on 2021-12-27 08:15:00+00:00
[2023-01-01T14:35:02.550+0000] {standard_task_runner.py:54} INFO - Started process 3640 to run task
[2023-01-01T14:35:02.564+0000] {standard_task_runner.py:82} INFO - Running: ['***', 'tasks', 'run', 'exchange_rates', 'make_report', 'scheduled__2021-12-27T08:15:00+00:00', '--job-id', '7796', '--raw', '--subdir', 'DAGS_FOLDER/exchange_rates.py', '--cfg-path', '/tmp/tmpi71uvtyt']
[2023-01-01T14:35:02.576+0000] {standard_task_runner.py:83} INFO - Job 7796: Subtask make_report
[2023-01-01T14:35:02.580+0000] {dagbag.py:525} INFO - Filling up the DagBag from /opt/***/dags/exchange_rates.py
[2023-01-01T14:35:02.817+0000] {taskmixin.py:205} WARNING - Dependency <Task(CurrencyScoopOperator): get_rate_AMD_RUB>, insert_rate_AMD_RUB already registered for DAG: exchange_rates
[2023-01-01T14:35:02.818+0000] {taskmixin.py:205} WARNING - Dependency <Task(PostgresOperator): insert_rate_AMD_RUB>, get_rate_AMD_RUB already registered for DAG: exchange_rates
[2023-01-01T14:35:03.026+0000] {task_command.py:384} INFO - Running <TaskInstance: exchange_rates.make_report scheduled__2021-12-27T08:15:00+00:00 [running]> on host d383fbf2a8e7
[2023-01-01T14:35:03.349+0000] {taskinstance.py:1592} INFO - Exporting the following env vars:
AIRFLOW_CTX_DAG_OWNER=***
AIRFLOW_CTX_DAG_ID=exchange_rates
AIRFLOW_CTX_TASK_ID=make_report
AIRFLOW_CTX_EXECUTION_DATE=2021-12-27T08:15:00+00:00
AIRFLOW_CTX_TRY_NUMBER=1
AIRFLOW_CTX_DAG_RUN_ID=scheduled__2021-12-27T08:15:00+00:00
[2023-01-01T14:35:05.066+0000] {python.py:177} INFO - Done. Returned value was: None
[2023-01-01T14:35:05.094+0000] {taskinstance.py:1406} INFO - Marking task as SUCCESS. dag_id=exchange_rates, task_id=make_report, execution_date=20211227T081500, start_date=20230101T143502, end_date=20230101T143505
[2023-01-01T14:35:05.206+0000] {local_task_job.py:164} INFO - Task exited with return code 0
[2023-01-01T14:35:05.226+0000] {local_task_job.py:273} INFO - 0 downstream tasks scheduled from follow-on schedule check
