[2022-12-26T13:47:33.405+0000] {taskinstance.py:1165} INFO - Dependencies all met for <TaskInstance: exchange_rates.get_rate_RUB_EUR scheduled__2021-11-10T08:15:00+00:00 [queued]>
[2022-12-26T13:47:33.492+0000] {taskinstance.py:1165} INFO - Dependencies all met for <TaskInstance: exchange_rates.get_rate_RUB_EUR scheduled__2021-11-10T08:15:00+00:00 [queued]>
[2022-12-26T13:47:33.493+0000] {taskinstance.py:1362} INFO - 
--------------------------------------------------------------------------------
[2022-12-26T13:47:33.493+0000] {taskinstance.py:1363} INFO - Starting attempt 1 of 1
[2022-12-26T13:47:33.494+0000] {taskinstance.py:1364} INFO - 
--------------------------------------------------------------------------------
[2022-12-26T13:47:33.515+0000] {taskinstance.py:1383} INFO - Executing <Task(CurrencyScoopOperator): get_rate_RUB_EUR> on 2021-11-10 08:15:00+00:00
[2022-12-26T13:47:33.531+0000] {standard_task_runner.py:54} INFO - Started process 1193 to run task
[2022-12-26T13:47:33.569+0000] {standard_task_runner.py:82} INFO - Running: ['***', 'tasks', 'run', 'exchange_rates', 'get_rate_RUB_EUR', 'scheduled__2021-11-10T08:15:00+00:00', '--job-id', '988', '--raw', '--subdir', 'DAGS_FOLDER/exchange_rates.py', '--cfg-path', '/tmp/tmpy2b_fa2b']
[2022-12-26T13:47:33.577+0000] {standard_task_runner.py:83} INFO - Job 988: Subtask get_rate_RUB_EUR
[2022-12-26T13:47:33.580+0000] {dagbag.py:525} INFO - Filling up the DagBag from /opt/***/dags/exchange_rates.py
[2022-12-26T13:47:33.657+0000] {taskmixin.py:205} WARNING - Dependency <Task(CurrencyScoopOperator): get_rate_AMD_RUB>, insert_rate_AMD_RUB already registered for DAG: exchange_rates
[2022-12-26T13:47:33.661+0000] {taskmixin.py:205} WARNING - Dependency <Task(PostgresOperator): insert_rate_AMD_RUB>, get_rate_AMD_RUB already registered for DAG: exchange_rates
[2022-12-26T13:47:33.897+0000] {task_command.py:384} INFO - Running <TaskInstance: exchange_rates.get_rate_RUB_EUR scheduled__2021-11-10T08:15:00+00:00 [running]> on host d383fbf2a8e7
[2022-12-26T13:47:34.240+0000] {taskinstance.py:1592} INFO - Exporting the following env vars:
AIRFLOW_CTX_DAG_OWNER=***
AIRFLOW_CTX_DAG_ID=exchange_rates
AIRFLOW_CTX_TASK_ID=get_rate_RUB_EUR
AIRFLOW_CTX_EXECUTION_DATE=2021-11-10T08:15:00+00:00
AIRFLOW_CTX_TRY_NUMBER=1
AIRFLOW_CTX_DAG_RUN_ID=scheduled__2021-11-10T08:15:00+00:00
[2022-12-26T13:47:34.244+0000] {warnings.py:110} WARNING - /home/***/.local/lib/python3.7/site-packages/***/utils/context.py:204: AirflowContextDeprecationWarning: Accessing 'execution_date' from the template is deprecated and will be removed in a future version. Please use 'data_interval_start' or 'logical_date' instead.
  warnings.warn(_create_deprecation_warning(key, self._deprecation_replacements[key]))

[2022-12-26T13:47:34.313+0000] {base.py:71} INFO - Using connection ID 'currency_conn_id' for task execution.
[2022-12-26T13:47:34.842+0000] {taskinstance.py:1406} INFO - Marking task as SUCCESS. dag_id=exchange_rates, task_id=get_rate_RUB_EUR, execution_date=20211110T081500, start_date=20221226T134733, end_date=20221226T134734
[2022-12-26T13:47:34.929+0000] {local_task_job.py:164} INFO - Task exited with return code 0
[2022-12-26T13:47:35.081+0000] {local_task_job.py:273} INFO - 0 downstream tasks scheduled from follow-on schedule check
[2023-01-01T14:32:26.668+0000] {taskinstance.py:1165} INFO - Dependencies all met for <TaskInstance: exchange_rates.get_rate_RUB_EUR scheduled__2021-11-10T08:15:00+00:00 [queued]>
[2023-01-01T14:32:26.679+0000] {taskinstance.py:1165} INFO - Dependencies all met for <TaskInstance: exchange_rates.get_rate_RUB_EUR scheduled__2021-11-10T08:15:00+00:00 [queued]>
[2023-01-01T14:32:26.680+0000] {taskinstance.py:1362} INFO - 
--------------------------------------------------------------------------------
[2023-01-01T14:32:26.682+0000] {taskinstance.py:1363} INFO - Starting attempt 1 of 1
[2023-01-01T14:32:26.682+0000] {taskinstance.py:1364} INFO - 
--------------------------------------------------------------------------------
[2023-01-01T14:32:26.718+0000] {taskinstance.py:1383} INFO - Executing <Task(CurrencyScoopOperator): get_rate_RUB_EUR> on 2021-11-10 08:15:00+00:00
[2023-01-01T14:32:26.732+0000] {standard_task_runner.py:54} INFO - Started process 1857 to run task
[2023-01-01T14:32:26.760+0000] {standard_task_runner.py:82} INFO - Running: ['***', 'tasks', 'run', 'exchange_rates', 'get_rate_RUB_EUR', 'scheduled__2021-11-10T08:15:00+00:00', '--job-id', '6979', '--raw', '--subdir', 'DAGS_FOLDER/exchange_rates.py', '--cfg-path', '/tmp/tmpkmsmgn8v']
[2023-01-01T14:32:26.765+0000] {standard_task_runner.py:83} INFO - Job 6979: Subtask get_rate_RUB_EUR
[2023-01-01T14:32:26.770+0000] {dagbag.py:525} INFO - Filling up the DagBag from /opt/***/dags/exchange_rates.py
[2023-01-01T14:32:27.025+0000] {taskmixin.py:205} WARNING - Dependency <Task(CurrencyScoopOperator): get_rate_AMD_RUB>, insert_rate_AMD_RUB already registered for DAG: exchange_rates
[2023-01-01T14:32:27.025+0000] {taskmixin.py:205} WARNING - Dependency <Task(PostgresOperator): insert_rate_AMD_RUB>, get_rate_AMD_RUB already registered for DAG: exchange_rates
[2023-01-01T14:32:27.157+0000] {task_command.py:384} INFO - Running <TaskInstance: exchange_rates.get_rate_RUB_EUR scheduled__2021-11-10T08:15:00+00:00 [running]> on host d383fbf2a8e7
[2023-01-01T14:32:27.414+0000] {taskinstance.py:1592} INFO - Exporting the following env vars:
AIRFLOW_CTX_DAG_OWNER=***
AIRFLOW_CTX_DAG_ID=exchange_rates
AIRFLOW_CTX_TASK_ID=get_rate_RUB_EUR
AIRFLOW_CTX_EXECUTION_DATE=2021-11-10T08:15:00+00:00
AIRFLOW_CTX_TRY_NUMBER=1
AIRFLOW_CTX_DAG_RUN_ID=scheduled__2021-11-10T08:15:00+00:00
[2023-01-01T14:32:27.415+0000] {warnings.py:110} WARNING - /home/***/.local/lib/python3.7/site-packages/***/utils/context.py:204: AirflowContextDeprecationWarning: Accessing 'execution_date' from the template is deprecated and will be removed in a future version. Please use 'data_interval_start' or 'logical_date' instead.
  warnings.warn(_create_deprecation_warning(key, self._deprecation_replacements[key]))

[2023-01-01T14:32:27.437+0000] {base.py:71} INFO - Using connection ID 'currency_conn_id' for task execution.
[2023-01-01T14:32:27.799+0000] {taskinstance.py:1406} INFO - Marking task as SUCCESS. dag_id=exchange_rates, task_id=get_rate_RUB_EUR, execution_date=20211110T081500, start_date=20230101T143226, end_date=20230101T143227
[2023-01-01T14:32:27.844+0000] {local_task_job.py:164} INFO - Task exited with return code 0
[2023-01-01T14:32:27.890+0000] {local_task_job.py:273} INFO - 1 downstream tasks scheduled from follow-on schedule check
