[2022-12-26T13:59:30.856+0000] {taskinstance.py:1165} INFO - Dependencies all met for <TaskInstance: exchange_rates.make_report scheduled__2022-07-05T08:15:00+00:00 [queued]>
[2022-12-26T13:59:30.883+0000] {taskinstance.py:1165} INFO - Dependencies all met for <TaskInstance: exchange_rates.make_report scheduled__2022-07-05T08:15:00+00:00 [queued]>
[2022-12-26T13:59:30.884+0000] {taskinstance.py:1362} INFO - 
--------------------------------------------------------------------------------
[2022-12-26T13:59:30.885+0000] {taskinstance.py:1363} INFO - Starting attempt 1 of 1
[2022-12-26T13:59:30.888+0000] {taskinstance.py:1364} INFO - 
--------------------------------------------------------------------------------
[2022-12-26T13:59:30.933+0000] {taskinstance.py:1383} INFO - Executing <Task(PythonOperator): make_report> on 2022-07-05 08:15:00+00:00
[2022-12-26T13:59:30.943+0000] {standard_task_runner.py:54} INFO - Started process 8970 to run task
[2022-12-26T13:59:30.975+0000] {standard_task_runner.py:82} INFO - Running: ['***', 'tasks', 'run', 'exchange_rates', 'make_report', 'scheduled__2022-07-05T08:15:00+00:00', '--job-id', '4532', '--raw', '--subdir', 'DAGS_FOLDER/exchange_rates.py', '--cfg-path', '/tmp/tmpgv_qjseg']
[2022-12-26T13:59:30.976+0000] {standard_task_runner.py:83} INFO - Job 4532: Subtask make_report
[2022-12-26T13:59:30.979+0000] {dagbag.py:525} INFO - Filling up the DagBag from /opt/***/dags/exchange_rates.py
[2022-12-26T13:59:31.277+0000] {taskmixin.py:205} WARNING - Dependency <Task(CurrencyScoopOperator): get_rate_AMD_RUB>, insert_rate_AMD_RUB already registered for DAG: exchange_rates
[2022-12-26T13:59:31.278+0000] {taskmixin.py:205} WARNING - Dependency <Task(PostgresOperator): insert_rate_AMD_RUB>, get_rate_AMD_RUB already registered for DAG: exchange_rates
[2022-12-26T13:59:31.491+0000] {task_command.py:384} INFO - Running <TaskInstance: exchange_rates.make_report scheduled__2022-07-05T08:15:00+00:00 [running]> on host d383fbf2a8e7
[2022-12-26T13:59:31.720+0000] {taskinstance.py:1592} INFO - Exporting the following env vars:
AIRFLOW_CTX_DAG_OWNER=***
AIRFLOW_CTX_DAG_ID=exchange_rates
AIRFLOW_CTX_TASK_ID=make_report
AIRFLOW_CTX_EXECUTION_DATE=2022-07-05T08:15:00+00:00
AIRFLOW_CTX_TRY_NUMBER=1
AIRFLOW_CTX_DAG_RUN_ID=scheduled__2022-07-05T08:15:00+00:00
[2022-12-26T13:59:32.874+0000] {python.py:177} INFO - Done. Returned value was: None
[2022-12-26T13:59:32.901+0000] {taskinstance.py:1406} INFO - Marking task as SUCCESS. dag_id=exchange_rates, task_id=make_report, execution_date=20220705T081500, start_date=20221226T135930, end_date=20221226T135932
[2022-12-26T13:59:33.083+0000] {local_task_job.py:164} INFO - Task exited with return code 0
[2022-12-26T13:59:33.106+0000] {local_task_job.py:273} INFO - 0 downstream tasks scheduled from follow-on schedule check
[2023-01-01T14:43:30.050+0000] {taskinstance.py:1165} INFO - Dependencies all met for <TaskInstance: exchange_rates.make_report scheduled__2022-07-05T08:15:00+00:00 [queued]>
[2023-01-01T14:43:30.096+0000] {taskinstance.py:1165} INFO - Dependencies all met for <TaskInstance: exchange_rates.make_report scheduled__2022-07-05T08:15:00+00:00 [queued]>
[2023-01-01T14:43:30.098+0000] {taskinstance.py:1362} INFO - 
--------------------------------------------------------------------------------
[2023-01-01T14:43:30.099+0000] {taskinstance.py:1363} INFO - Starting attempt 1 of 1
[2023-01-01T14:43:30.099+0000] {taskinstance.py:1364} INFO - 
--------------------------------------------------------------------------------
[2023-01-01T14:43:30.145+0000] {taskinstance.py:1383} INFO - Executing <Task(PythonOperator): make_report> on 2022-07-05 08:15:00+00:00
[2023-01-01T14:43:30.154+0000] {standard_task_runner.py:54} INFO - Started process 9598 to run task
[2023-01-01T14:43:30.171+0000] {standard_task_runner.py:82} INFO - Running: ['***', 'tasks', 'run', 'exchange_rates', 'make_report', 'scheduled__2022-07-05T08:15:00+00:00', '--job-id', '10513', '--raw', '--subdir', 'DAGS_FOLDER/exchange_rates.py', '--cfg-path', '/tmp/tmp5j9oppfi']
[2023-01-01T14:43:30.175+0000] {standard_task_runner.py:83} INFO - Job 10513: Subtask make_report
[2023-01-01T14:43:30.180+0000] {dagbag.py:525} INFO - Filling up the DagBag from /opt/***/dags/exchange_rates.py
[2023-01-01T14:43:30.321+0000] {taskmixin.py:205} WARNING - Dependency <Task(CurrencyScoopOperator): get_rate_AMD_RUB>, insert_rate_AMD_RUB already registered for DAG: exchange_rates
[2023-01-01T14:43:30.323+0000] {taskmixin.py:205} WARNING - Dependency <Task(PostgresOperator): insert_rate_AMD_RUB>, get_rate_AMD_RUB already registered for DAG: exchange_rates
[2023-01-01T14:43:30.525+0000] {task_command.py:384} INFO - Running <TaskInstance: exchange_rates.make_report scheduled__2022-07-05T08:15:00+00:00 [running]> on host d383fbf2a8e7
[2023-01-01T14:43:30.698+0000] {taskinstance.py:1592} INFO - Exporting the following env vars:
AIRFLOW_CTX_DAG_OWNER=***
AIRFLOW_CTX_DAG_ID=exchange_rates
AIRFLOW_CTX_TASK_ID=make_report
AIRFLOW_CTX_EXECUTION_DATE=2022-07-05T08:15:00+00:00
AIRFLOW_CTX_TRY_NUMBER=1
AIRFLOW_CTX_DAG_RUN_ID=scheduled__2022-07-05T08:15:00+00:00
[2023-01-01T14:43:32.047+0000] {python.py:177} INFO - Done. Returned value was: None
[2023-01-01T14:43:32.066+0000] {taskinstance.py:1406} INFO - Marking task as SUCCESS. dag_id=exchange_rates, task_id=make_report, execution_date=20220705T081500, start_date=20230101T144330, end_date=20230101T144332
[2023-01-01T14:43:32.182+0000] {local_task_job.py:164} INFO - Task exited with return code 0
[2023-01-01T14:43:32.201+0000] {local_task_job.py:273} INFO - 0 downstream tasks scheduled from follow-on schedule check
