[2022-12-26T13:55:50.789+0000] {taskinstance.py:1165} INFO - Dependencies all met for <TaskInstance: exchange_rates.make_report scheduled__2022-04-27T08:15:00+00:00 [queued]>
[2022-12-26T13:55:50.829+0000] {taskinstance.py:1165} INFO - Dependencies all met for <TaskInstance: exchange_rates.make_report scheduled__2022-04-27T08:15:00+00:00 [queued]>
[2022-12-26T13:55:50.836+0000] {taskinstance.py:1362} INFO - 
--------------------------------------------------------------------------------
[2022-12-26T13:55:50.841+0000] {taskinstance.py:1363} INFO - Starting attempt 1 of 1
[2022-12-26T13:55:50.843+0000] {taskinstance.py:1364} INFO - 
--------------------------------------------------------------------------------
[2022-12-26T13:55:50.882+0000] {taskinstance.py:1383} INFO - Executing <Task(PythonOperator): make_report> on 2022-04-27 08:15:00+00:00
[2022-12-26T13:55:50.898+0000] {standard_task_runner.py:54} INFO - Started process 6488 to run task
[2022-12-26T13:55:50.911+0000] {standard_task_runner.py:82} INFO - Running: ['***', 'tasks', 'run', 'exchange_rates', 'make_report', 'scheduled__2022-04-27T08:15:00+00:00', '--job-id', '3401', '--raw', '--subdir', 'DAGS_FOLDER/exchange_rates.py', '--cfg-path', '/tmp/tmpuatlwuuh']
[2022-12-26T13:55:50.919+0000] {standard_task_runner.py:83} INFO - Job 3401: Subtask make_report
[2022-12-26T13:55:50.921+0000] {dagbag.py:525} INFO - Filling up the DagBag from /opt/***/dags/exchange_rates.py
[2022-12-26T13:55:51.127+0000] {taskmixin.py:205} WARNING - Dependency <Task(CurrencyScoopOperator): get_rate_AMD_RUB>, insert_rate_AMD_RUB already registered for DAG: exchange_rates
[2022-12-26T13:55:51.128+0000] {taskmixin.py:205} WARNING - Dependency <Task(PostgresOperator): insert_rate_AMD_RUB>, get_rate_AMD_RUB already registered for DAG: exchange_rates
[2022-12-26T13:55:51.246+0000] {task_command.py:384} INFO - Running <TaskInstance: exchange_rates.make_report scheduled__2022-04-27T08:15:00+00:00 [running]> on host d383fbf2a8e7
[2022-12-26T13:55:51.358+0000] {taskinstance.py:1592} INFO - Exporting the following env vars:
AIRFLOW_CTX_DAG_OWNER=***
AIRFLOW_CTX_DAG_ID=exchange_rates
AIRFLOW_CTX_TASK_ID=make_report
AIRFLOW_CTX_EXECUTION_DATE=2022-04-27T08:15:00+00:00
AIRFLOW_CTX_TRY_NUMBER=1
AIRFLOW_CTX_DAG_RUN_ID=scheduled__2022-04-27T08:15:00+00:00
[2022-12-26T13:55:52.101+0000] {python.py:177} INFO - Done. Returned value was: None
[2022-12-26T13:55:52.115+0000] {taskinstance.py:1406} INFO - Marking task as SUCCESS. dag_id=exchange_rates, task_id=make_report, execution_date=20220427T081500, start_date=20221226T135550, end_date=20221226T135552
[2022-12-26T13:55:52.222+0000] {local_task_job.py:164} INFO - Task exited with return code 0
[2022-12-26T13:55:52.312+0000] {local_task_job.py:273} INFO - 0 downstream tasks scheduled from follow-on schedule check
[2023-01-01T14:39:58.102+0000] {taskinstance.py:1165} INFO - Dependencies all met for <TaskInstance: exchange_rates.make_report scheduled__2022-04-27T08:15:00+00:00 [queued]>
[2023-01-01T14:39:58.148+0000] {taskinstance.py:1165} INFO - Dependencies all met for <TaskInstance: exchange_rates.make_report scheduled__2022-04-27T08:15:00+00:00 [queued]>
[2023-01-01T14:39:58.153+0000] {taskinstance.py:1362} INFO - 
--------------------------------------------------------------------------------
[2023-01-01T14:39:58.156+0000] {taskinstance.py:1363} INFO - Starting attempt 1 of 1
[2023-01-01T14:39:58.164+0000] {taskinstance.py:1364} INFO - 
--------------------------------------------------------------------------------
[2023-01-01T14:39:58.211+0000] {taskinstance.py:1383} INFO - Executing <Task(PythonOperator): make_report> on 2022-04-27 08:15:00+00:00
[2023-01-01T14:39:58.225+0000] {standard_task_runner.py:54} INFO - Started process 7121 to run task
[2023-01-01T14:39:58.258+0000] {standard_task_runner.py:82} INFO - Running: ['***', 'tasks', 'run', 'exchange_rates', 'make_report', 'scheduled__2022-04-27T08:15:00+00:00', '--job-id', '9387', '--raw', '--subdir', 'DAGS_FOLDER/exchange_rates.py', '--cfg-path', '/tmp/tmpzk8q10s1']
[2023-01-01T14:39:58.260+0000] {standard_task_runner.py:83} INFO - Job 9387: Subtask make_report
[2023-01-01T14:39:58.261+0000] {dagbag.py:525} INFO - Filling up the DagBag from /opt/***/dags/exchange_rates.py
[2023-01-01T14:39:58.488+0000] {taskmixin.py:205} WARNING - Dependency <Task(CurrencyScoopOperator): get_rate_AMD_RUB>, insert_rate_AMD_RUB already registered for DAG: exchange_rates
[2023-01-01T14:39:58.489+0000] {taskmixin.py:205} WARNING - Dependency <Task(PostgresOperator): insert_rate_AMD_RUB>, get_rate_AMD_RUB already registered for DAG: exchange_rates
[2023-01-01T14:39:58.662+0000] {task_command.py:384} INFO - Running <TaskInstance: exchange_rates.make_report scheduled__2022-04-27T08:15:00+00:00 [running]> on host d383fbf2a8e7
[2023-01-01T14:39:58.842+0000] {taskinstance.py:1592} INFO - Exporting the following env vars:
AIRFLOW_CTX_DAG_OWNER=***
AIRFLOW_CTX_DAG_ID=exchange_rates
AIRFLOW_CTX_TASK_ID=make_report
AIRFLOW_CTX_EXECUTION_DATE=2022-04-27T08:15:00+00:00
AIRFLOW_CTX_TRY_NUMBER=1
AIRFLOW_CTX_DAG_RUN_ID=scheduled__2022-04-27T08:15:00+00:00
[2023-01-01T14:39:59.684+0000] {python.py:177} INFO - Done. Returned value was: None
[2023-01-01T14:39:59.693+0000] {taskinstance.py:1406} INFO - Marking task as SUCCESS. dag_id=exchange_rates, task_id=make_report, execution_date=20220427T081500, start_date=20230101T143958, end_date=20230101T143959
[2023-01-01T14:39:59.759+0000] {local_task_job.py:164} INFO - Task exited with return code 0
[2023-01-01T14:39:59.774+0000] {local_task_job.py:273} INFO - 0 downstream tasks scheduled from follow-on schedule check
