[2022-12-26T13:54:30.979+0000] {taskinstance.py:1165} INFO - Dependencies all met for <TaskInstance: exchange_rates.create_table_task scheduled__2022-04-07T08:15:00+00:00 [queued]>
[2022-12-26T13:54:31.009+0000] {taskinstance.py:1165} INFO - Dependencies all met for <TaskInstance: exchange_rates.create_table_task scheduled__2022-04-07T08:15:00+00:00 [queued]>
[2022-12-26T13:54:31.011+0000] {taskinstance.py:1362} INFO - 
--------------------------------------------------------------------------------
[2022-12-26T13:54:31.013+0000] {taskinstance.py:1363} INFO - Starting attempt 1 of 1
[2022-12-26T13:54:31.014+0000] {taskinstance.py:1364} INFO - 
--------------------------------------------------------------------------------
[2022-12-26T13:54:31.071+0000] {taskinstance.py:1383} INFO - Executing <Task(PostgresOperator): create_table_task> on 2022-04-07 08:15:00+00:00
[2022-12-26T13:54:31.087+0000] {standard_task_runner.py:54} INFO - Started process 5581 to run task
[2022-12-26T13:54:31.106+0000] {standard_task_runner.py:82} INFO - Running: ['***', 'tasks', 'run', 'exchange_rates', 'create_table_task', 'scheduled__2022-04-07T08:15:00+00:00', '--job-id', '2985', '--raw', '--subdir', 'DAGS_FOLDER/exchange_rates.py', '--cfg-path', '/tmp/tmpdld2p6no']
[2022-12-26T13:54:31.115+0000] {standard_task_runner.py:83} INFO - Job 2985: Subtask create_table_task
[2022-12-26T13:54:31.117+0000] {dagbag.py:525} INFO - Filling up the DagBag from /opt/***/dags/exchange_rates.py
[2022-12-26T13:54:31.451+0000] {taskmixin.py:205} WARNING - Dependency <Task(CurrencyScoopOperator): get_rate_AMD_RUB>, insert_rate_AMD_RUB already registered for DAG: exchange_rates
[2022-12-26T13:54:31.452+0000] {taskmixin.py:205} WARNING - Dependency <Task(PostgresOperator): insert_rate_AMD_RUB>, get_rate_AMD_RUB already registered for DAG: exchange_rates
[2022-12-26T13:54:31.666+0000] {task_command.py:384} INFO - Running <TaskInstance: exchange_rates.create_table_task scheduled__2022-04-07T08:15:00+00:00 [running]> on host d383fbf2a8e7
[2022-12-26T13:54:31.835+0000] {taskinstance.py:1592} INFO - Exporting the following env vars:
AIRFLOW_CTX_DAG_OWNER=***
AIRFLOW_CTX_DAG_ID=exchange_rates
AIRFLOW_CTX_TASK_ID=create_table_task
AIRFLOW_CTX_EXECUTION_DATE=2022-04-07T08:15:00+00:00
AIRFLOW_CTX_TRY_NUMBER=1
AIRFLOW_CTX_DAG_RUN_ID=scheduled__2022-04-07T08:15:00+00:00
[2022-12-26T13:54:31.854+0000] {base.py:71} INFO - Using connection ID 'postgres_default' for task execution.
[2022-12-26T13:54:31.858+0000] {sql.py:315} INFO - Running statement: CREATE TABLE IF NOT EXISTS exchange_rates (
    base VARCHAR(3) NOT NULL,
    currency VARCHAR(3) NOT NULL,
    rate NUMERIC(12, 3) NOT NULL,
    date DATE NOT NULL,
    UNIQUE (base, currency, date)
);, parameters: None
[2022-12-26T13:54:31.859+0000] {postgres.py:96} INFO - NOTICE:  relation "exchange_rates" already exists, skipping

[2022-12-26T13:54:31.876+0000] {taskinstance.py:1406} INFO - Marking task as SUCCESS. dag_id=exchange_rates, task_id=create_table_task, execution_date=20220407T081500, start_date=20221226T135430, end_date=20221226T135431
[2022-12-26T13:54:31.922+0000] {local_task_job.py:164} INFO - Task exited with return code 0
[2022-12-26T13:54:31.975+0000] {local_task_job.py:273} INFO - 6 downstream tasks scheduled from follow-on schedule check
[2023-01-01T14:38:48.738+0000] {taskinstance.py:1165} INFO - Dependencies all met for <TaskInstance: exchange_rates.create_table_task scheduled__2022-04-07T08:15:00+00:00 [queued]>
[2023-01-01T14:38:48.808+0000] {taskinstance.py:1165} INFO - Dependencies all met for <TaskInstance: exchange_rates.create_table_task scheduled__2022-04-07T08:15:00+00:00 [queued]>
[2023-01-01T14:38:48.810+0000] {taskinstance.py:1362} INFO - 
--------------------------------------------------------------------------------
[2023-01-01T14:38:48.810+0000] {taskinstance.py:1363} INFO - Starting attempt 1 of 1
[2023-01-01T14:38:48.816+0000] {taskinstance.py:1364} INFO - 
--------------------------------------------------------------------------------
[2023-01-01T14:38:48.881+0000] {taskinstance.py:1383} INFO - Executing <Task(PostgresOperator): create_table_task> on 2022-04-07 08:15:00+00:00
[2023-01-01T14:38:48.908+0000] {standard_task_runner.py:54} INFO - Started process 6225 to run task
[2023-01-01T14:38:48.899+0000] {standard_task_runner.py:82} INFO - Running: ['***', 'tasks', 'run', 'exchange_rates', 'create_table_task', 'scheduled__2022-04-07T08:15:00+00:00', '--job-id', '8968', '--raw', '--subdir', 'DAGS_FOLDER/exchange_rates.py', '--cfg-path', '/tmp/tmpt5o01i_x']
[2023-01-01T14:38:48.919+0000] {standard_task_runner.py:83} INFO - Job 8968: Subtask create_table_task
[2023-01-01T14:38:48.920+0000] {dagbag.py:525} INFO - Filling up the DagBag from /opt/***/dags/exchange_rates.py
[2023-01-01T14:38:49.086+0000] {taskmixin.py:205} WARNING - Dependency <Task(CurrencyScoopOperator): get_rate_AMD_RUB>, insert_rate_AMD_RUB already registered for DAG: exchange_rates
[2023-01-01T14:38:49.092+0000] {taskmixin.py:205} WARNING - Dependency <Task(PostgresOperator): insert_rate_AMD_RUB>, get_rate_AMD_RUB already registered for DAG: exchange_rates
[2023-01-01T14:38:49.214+0000] {task_command.py:384} INFO - Running <TaskInstance: exchange_rates.create_table_task scheduled__2022-04-07T08:15:00+00:00 [running]> on host d383fbf2a8e7
[2023-01-01T14:38:49.531+0000] {taskinstance.py:1592} INFO - Exporting the following env vars:
AIRFLOW_CTX_DAG_OWNER=***
AIRFLOW_CTX_DAG_ID=exchange_rates
AIRFLOW_CTX_TASK_ID=create_table_task
AIRFLOW_CTX_EXECUTION_DATE=2022-04-07T08:15:00+00:00
AIRFLOW_CTX_TRY_NUMBER=1
AIRFLOW_CTX_DAG_RUN_ID=scheduled__2022-04-07T08:15:00+00:00
[2023-01-01T14:38:49.546+0000] {base.py:71} INFO - Using connection ID 'postgres_default' for task execution.
[2023-01-01T14:38:49.551+0000] {sql.py:315} INFO - Running statement: CREATE TABLE IF NOT EXISTS exchange_rates (
    base VARCHAR(3) NOT NULL,
    currency VARCHAR(3) NOT NULL,
    rate NUMERIC(12, 3) NOT NULL,
    date DATE NOT NULL,
    UNIQUE (base, currency, date)
);, parameters: None
[2023-01-01T14:38:49.552+0000] {postgres.py:96} INFO - NOTICE:  relation "exchange_rates" already exists, skipping

[2023-01-01T14:38:49.569+0000] {taskinstance.py:1406} INFO - Marking task as SUCCESS. dag_id=exchange_rates, task_id=create_table_task, execution_date=20220407T081500, start_date=20230101T143848, end_date=20230101T143849
[2023-01-01T14:38:49.669+0000] {local_task_job.py:164} INFO - Task exited with return code 0
[2023-01-01T14:38:49.817+0000] {local_task_job.py:273} INFO - 0 downstream tasks scheduled from follow-on schedule check
