[2022-12-26T13:55:00.986+0000] {taskinstance.py:1165} INFO - Dependencies all met for <TaskInstance: exchange_rates.insert_rate_EUR_RUB scheduled__2022-04-09T08:15:00+00:00 [queued]>
[2022-12-26T13:55:01.018+0000] {taskinstance.py:1165} INFO - Dependencies all met for <TaskInstance: exchange_rates.insert_rate_EUR_RUB scheduled__2022-04-09T08:15:00+00:00 [queued]>
[2022-12-26T13:55:01.019+0000] {taskinstance.py:1362} INFO - 
--------------------------------------------------------------------------------
[2022-12-26T13:55:01.020+0000] {taskinstance.py:1363} INFO - Starting attempt 1 of 1
[2022-12-26T13:55:01.025+0000] {taskinstance.py:1364} INFO - 
--------------------------------------------------------------------------------
[2022-12-26T13:55:01.063+0000] {taskinstance.py:1383} INFO - Executing <Task(PostgresOperator): insert_rate_EUR_RUB> on 2022-04-09 08:15:00+00:00
[2022-12-26T13:55:01.080+0000] {standard_task_runner.py:54} INFO - Started process 5915 to run task
[2022-12-26T13:55:01.114+0000] {standard_task_runner.py:82} INFO - Running: ['***', 'tasks', 'run', 'exchange_rates', 'insert_rate_EUR_RUB', 'scheduled__2022-04-09T08:15:00+00:00', '--job-id', '3145', '--raw', '--subdir', 'DAGS_FOLDER/exchange_rates.py', '--cfg-path', '/tmp/tmps1rtfwic']
[2022-12-26T13:55:01.120+0000] {standard_task_runner.py:83} INFO - Job 3145: Subtask insert_rate_EUR_RUB
[2022-12-26T13:55:01.123+0000] {dagbag.py:525} INFO - Filling up the DagBag from /opt/***/dags/exchange_rates.py
[2022-12-26T13:55:01.215+0000] {taskmixin.py:205} WARNING - Dependency <Task(CurrencyScoopOperator): get_rate_AMD_RUB>, insert_rate_AMD_RUB already registered for DAG: exchange_rates
[2022-12-26T13:55:01.216+0000] {taskmixin.py:205} WARNING - Dependency <Task(PostgresOperator): insert_rate_AMD_RUB>, get_rate_AMD_RUB already registered for DAG: exchange_rates
[2022-12-26T13:55:01.386+0000] {task_command.py:384} INFO - Running <TaskInstance: exchange_rates.insert_rate_EUR_RUB scheduled__2022-04-09T08:15:00+00:00 [running]> on host d383fbf2a8e7
[2022-12-26T13:55:01.548+0000] {warnings.py:110} WARNING - /home/***/.local/lib/python3.7/site-packages/***/utils/context.py:204: AirflowContextDeprecationWarning: Accessing 'execution_date' from the template is deprecated and will be removed in a future version. Please use 'data_interval_start' or 'logical_date' instead.
  warnings.warn(_create_deprecation_warning(key, self._deprecation_replacements[key]))

[2022-12-26T13:55:01.790+0000] {taskinstance.py:1592} INFO - Exporting the following env vars:
AIRFLOW_CTX_DAG_OWNER=***
AIRFLOW_CTX_DAG_ID=exchange_rates
AIRFLOW_CTX_TASK_ID=insert_rate_EUR_RUB
AIRFLOW_CTX_EXECUTION_DATE=2022-04-09T08:15:00+00:00
AIRFLOW_CTX_TRY_NUMBER=1
AIRFLOW_CTX_DAG_RUN_ID=scheduled__2022-04-09T08:15:00+00:00
[2022-12-26T13:55:01.817+0000] {base.py:71} INFO - Using connection ID 'postgres_default' for task execution.
[2022-12-26T13:55:01.828+0000] {sql.py:315} INFO - Running statement: INSERT INTO
    exchange_rates
VALUES ('EUR', 'RUB', 87.28023564, '2022-04-09')
ON CONFLICT (base, currency, date) DO
    UPDATE
        SET rate = excluded.rate;, parameters: None
[2022-12-26T13:55:01.831+0000] {sql.py:324} INFO - Rows affected: 1
[2022-12-26T13:55:01.863+0000] {taskinstance.py:1406} INFO - Marking task as SUCCESS. dag_id=exchange_rates, task_id=insert_rate_EUR_RUB, execution_date=20220409T081500, start_date=20221226T135500, end_date=20221226T135501
[2022-12-26T13:55:01.979+0000] {local_task_job.py:164} INFO - Task exited with return code 0
[2022-12-26T13:55:02.059+0000] {local_task_job.py:273} INFO - 0 downstream tasks scheduled from follow-on schedule check
[2023-01-01T14:39:14.583+0000] {taskinstance.py:1165} INFO - Dependencies all met for <TaskInstance: exchange_rates.insert_rate_EUR_RUB scheduled__2022-04-09T08:15:00+00:00 [queued]>
[2023-01-01T14:39:14.601+0000] {taskinstance.py:1165} INFO - Dependencies all met for <TaskInstance: exchange_rates.insert_rate_EUR_RUB scheduled__2022-04-09T08:15:00+00:00 [queued]>
[2023-01-01T14:39:14.602+0000] {taskinstance.py:1362} INFO - 
--------------------------------------------------------------------------------
[2023-01-01T14:39:14.603+0000] {taskinstance.py:1363} INFO - Starting attempt 1 of 1
[2023-01-01T14:39:14.605+0000] {taskinstance.py:1364} INFO - 
--------------------------------------------------------------------------------
[2023-01-01T14:39:14.668+0000] {taskinstance.py:1383} INFO - Executing <Task(PostgresOperator): insert_rate_EUR_RUB> on 2022-04-09 08:15:00+00:00
[2023-01-01T14:39:14.681+0000] {standard_task_runner.py:54} INFO - Started process 6563 to run task
[2023-01-01T14:39:14.690+0000] {standard_task_runner.py:82} INFO - Running: ['***', 'tasks', 'run', 'exchange_rates', 'insert_rate_EUR_RUB', 'scheduled__2022-04-09T08:15:00+00:00', '--job-id', '9127', '--raw', '--subdir', 'DAGS_FOLDER/exchange_rates.py', '--cfg-path', '/tmp/tmplbdkub8u']
[2023-01-01T14:39:14.707+0000] {standard_task_runner.py:83} INFO - Job 9127: Subtask insert_rate_EUR_RUB
[2023-01-01T14:39:14.713+0000] {dagbag.py:525} INFO - Filling up the DagBag from /opt/***/dags/exchange_rates.py
[2023-01-01T14:39:15.102+0000] {taskmixin.py:205} WARNING - Dependency <Task(CurrencyScoopOperator): get_rate_AMD_RUB>, insert_rate_AMD_RUB already registered for DAG: exchange_rates
[2023-01-01T14:39:15.110+0000] {taskmixin.py:205} WARNING - Dependency <Task(PostgresOperator): insert_rate_AMD_RUB>, get_rate_AMD_RUB already registered for DAG: exchange_rates
[2023-01-01T14:39:15.392+0000] {task_command.py:384} INFO - Running <TaskInstance: exchange_rates.insert_rate_EUR_RUB scheduled__2022-04-09T08:15:00+00:00 [running]> on host d383fbf2a8e7
[2023-01-01T14:39:15.605+0000] {warnings.py:110} WARNING - /home/***/.local/lib/python3.7/site-packages/***/utils/context.py:204: AirflowContextDeprecationWarning: Accessing 'execution_date' from the template is deprecated and will be removed in a future version. Please use 'data_interval_start' or 'logical_date' instead.
  warnings.warn(_create_deprecation_warning(key, self._deprecation_replacements[key]))

[2023-01-01T14:39:15.772+0000] {taskinstance.py:1592} INFO - Exporting the following env vars:
AIRFLOW_CTX_DAG_OWNER=***
AIRFLOW_CTX_DAG_ID=exchange_rates
AIRFLOW_CTX_TASK_ID=insert_rate_EUR_RUB
AIRFLOW_CTX_EXECUTION_DATE=2022-04-09T08:15:00+00:00
AIRFLOW_CTX_TRY_NUMBER=1
AIRFLOW_CTX_DAG_RUN_ID=scheduled__2022-04-09T08:15:00+00:00
[2023-01-01T14:39:15.827+0000] {base.py:71} INFO - Using connection ID 'postgres_default' for task execution.
[2023-01-01T14:39:15.857+0000] {sql.py:315} INFO - Running statement: INSERT INTO
    exchange_rates
VALUES ('EUR', 'RUB', 87.28023564, '2022-04-09')
ON CONFLICT (base, currency, date) DO
    UPDATE
        SET rate = excluded.rate;, parameters: None
[2023-01-01T14:39:15.858+0000] {sql.py:324} INFO - Rows affected: 1
[2023-01-01T14:39:15.901+0000] {taskinstance.py:1406} INFO - Marking task as SUCCESS. dag_id=exchange_rates, task_id=insert_rate_EUR_RUB, execution_date=20220409T081500, start_date=20230101T143914, end_date=20230101T143915
[2023-01-01T14:39:16.005+0000] {local_task_job.py:164} INFO - Task exited with return code 0
[2023-01-01T14:39:16.075+0000] {local_task_job.py:273} INFO - 0 downstream tasks scheduled from follow-on schedule check
