[2022-12-26T14:02:37.269+0000] {taskinstance.py:1165} INFO - Dependencies all met for <TaskInstance: exchange_rates.make_report scheduled__2022-09-10T08:15:00+00:00 [queued]>
[2022-12-26T14:02:37.321+0000] {taskinstance.py:1165} INFO - Dependencies all met for <TaskInstance: exchange_rates.make_report scheduled__2022-09-10T08:15:00+00:00 [queued]>
[2022-12-26T14:02:37.321+0000] {taskinstance.py:1362} INFO - 
--------------------------------------------------------------------------------
[2022-12-26T14:02:37.322+0000] {taskinstance.py:1363} INFO - Starting attempt 1 of 1
[2022-12-26T14:02:37.322+0000] {taskinstance.py:1364} INFO - 
--------------------------------------------------------------------------------
[2022-12-26T14:02:37.375+0000] {taskinstance.py:1383} INFO - Executing <Task(PythonOperator): make_report> on 2022-09-10 08:15:00+00:00
[2022-12-26T14:02:37.388+0000] {standard_task_runner.py:54} INFO - Started process 10957 to run task
[2022-12-26T14:02:37.407+0000] {standard_task_runner.py:82} INFO - Running: ['***', 'tasks', 'run', 'exchange_rates', 'make_report', 'scheduled__2022-09-10T08:15:00+00:00', '--job-id', '5435', '--raw', '--subdir', 'DAGS_FOLDER/exchange_rates.py', '--cfg-path', '/tmp/tmppkr08o69']
[2022-12-26T14:02:37.416+0000] {standard_task_runner.py:83} INFO - Job 5435: Subtask make_report
[2022-12-26T14:02:37.418+0000] {dagbag.py:525} INFO - Filling up the DagBag from /opt/***/dags/exchange_rates.py
[2022-12-26T14:02:37.682+0000] {taskmixin.py:205} WARNING - Dependency <Task(CurrencyScoopOperator): get_rate_AMD_RUB>, insert_rate_AMD_RUB already registered for DAG: exchange_rates
[2022-12-26T14:02:37.684+0000] {taskmixin.py:205} WARNING - Dependency <Task(PostgresOperator): insert_rate_AMD_RUB>, get_rate_AMD_RUB already registered for DAG: exchange_rates
[2022-12-26T14:02:37.909+0000] {task_command.py:384} INFO - Running <TaskInstance: exchange_rates.make_report scheduled__2022-09-10T08:15:00+00:00 [running]> on host d383fbf2a8e7
[2022-12-26T14:02:38.152+0000] {taskinstance.py:1592} INFO - Exporting the following env vars:
AIRFLOW_CTX_DAG_OWNER=***
AIRFLOW_CTX_DAG_ID=exchange_rates
AIRFLOW_CTX_TASK_ID=make_report
AIRFLOW_CTX_EXECUTION_DATE=2022-09-10T08:15:00+00:00
AIRFLOW_CTX_TRY_NUMBER=1
AIRFLOW_CTX_DAG_RUN_ID=scheduled__2022-09-10T08:15:00+00:00
[2022-12-26T14:02:39.491+0000] {python.py:177} INFO - Done. Returned value was: None
[2022-12-26T14:02:39.506+0000] {taskinstance.py:1406} INFO - Marking task as SUCCESS. dag_id=exchange_rates, task_id=make_report, execution_date=20220910T081500, start_date=20221226T140237, end_date=20221226T140239
[2022-12-26T14:02:39.571+0000] {local_task_job.py:164} INFO - Task exited with return code 0
[2022-12-26T14:02:39.589+0000] {local_task_job.py:273} INFO - 0 downstream tasks scheduled from follow-on schedule check
[2023-01-01T14:46:13.107+0000] {taskinstance.py:1165} INFO - Dependencies all met for <TaskInstance: exchange_rates.make_report scheduled__2022-09-10T08:15:00+00:00 [queued]>
[2023-01-01T14:46:13.147+0000] {taskinstance.py:1165} INFO - Dependencies all met for <TaskInstance: exchange_rates.make_report scheduled__2022-09-10T08:15:00+00:00 [queued]>
[2023-01-01T14:46:13.148+0000] {taskinstance.py:1362} INFO - 
--------------------------------------------------------------------------------
[2023-01-01T14:46:13.150+0000] {taskinstance.py:1363} INFO - Starting attempt 1 of 1
[2023-01-01T14:46:13.157+0000] {taskinstance.py:1364} INFO - 
--------------------------------------------------------------------------------
[2023-01-01T14:46:13.220+0000] {taskinstance.py:1383} INFO - Executing <Task(PythonOperator): make_report> on 2022-09-10 08:15:00+00:00
[2023-01-01T14:46:13.235+0000] {standard_task_runner.py:54} INFO - Started process 11573 to run task
[2023-01-01T14:46:13.259+0000] {standard_task_runner.py:82} INFO - Running: ['***', 'tasks', 'run', 'exchange_rates', 'make_report', 'scheduled__2022-09-10T08:15:00+00:00', '--job-id', '11420', '--raw', '--subdir', 'DAGS_FOLDER/exchange_rates.py', '--cfg-path', '/tmp/tmpkv81j5eq']
[2023-01-01T14:46:13.264+0000] {standard_task_runner.py:83} INFO - Job 11420: Subtask make_report
[2023-01-01T14:46:13.273+0000] {dagbag.py:525} INFO - Filling up the DagBag from /opt/***/dags/exchange_rates.py
[2023-01-01T14:46:13.770+0000] {taskmixin.py:205} WARNING - Dependency <Task(CurrencyScoopOperator): get_rate_AMD_RUB>, insert_rate_AMD_RUB already registered for DAG: exchange_rates
[2023-01-01T14:46:13.778+0000] {taskmixin.py:205} WARNING - Dependency <Task(PostgresOperator): insert_rate_AMD_RUB>, get_rate_AMD_RUB already registered for DAG: exchange_rates
[2023-01-01T14:46:13.986+0000] {task_command.py:384} INFO - Running <TaskInstance: exchange_rates.make_report scheduled__2022-09-10T08:15:00+00:00 [running]> on host d383fbf2a8e7
[2023-01-01T14:46:14.183+0000] {taskinstance.py:1592} INFO - Exporting the following env vars:
AIRFLOW_CTX_DAG_OWNER=***
AIRFLOW_CTX_DAG_ID=exchange_rates
AIRFLOW_CTX_TASK_ID=make_report
AIRFLOW_CTX_EXECUTION_DATE=2022-09-10T08:15:00+00:00
AIRFLOW_CTX_TRY_NUMBER=1
AIRFLOW_CTX_DAG_RUN_ID=scheduled__2022-09-10T08:15:00+00:00
[2023-01-01T14:46:15.429+0000] {python.py:177} INFO - Done. Returned value was: None
[2023-01-01T14:46:15.483+0000] {taskinstance.py:1406} INFO - Marking task as SUCCESS. dag_id=exchange_rates, task_id=make_report, execution_date=20220910T081500, start_date=20230101T144613, end_date=20230101T144615
[2023-01-01T14:46:15.622+0000] {local_task_job.py:164} INFO - Task exited with return code 0
[2023-01-01T14:46:15.650+0000] {local_task_job.py:273} INFO - 0 downstream tasks scheduled from follow-on schedule check
