[2022-12-26T13:51:18.815+0000] {taskinstance.py:1165} INFO - Dependencies all met for <TaskInstance: exchange_rates.make_report scheduled__2022-01-16T08:15:00+00:00 [queued]>
[2022-12-26T13:51:18.871+0000] {taskinstance.py:1165} INFO - Dependencies all met for <TaskInstance: exchange_rates.make_report scheduled__2022-01-16T08:15:00+00:00 [queued]>
[2022-12-26T13:51:18.873+0000] {taskinstance.py:1362} INFO - 
--------------------------------------------------------------------------------
[2022-12-26T13:51:18.874+0000] {taskinstance.py:1363} INFO - Starting attempt 1 of 1
[2022-12-26T13:51:18.875+0000] {taskinstance.py:1364} INFO - 
--------------------------------------------------------------------------------
[2022-12-26T13:51:18.965+0000] {taskinstance.py:1383} INFO - Executing <Task(PythonOperator): make_report> on 2022-01-16 08:15:00+00:00
[2022-12-26T13:51:18.982+0000] {standard_task_runner.py:54} INFO - Started process 3525 to run task
[2022-12-26T13:51:19.007+0000] {standard_task_runner.py:82} INFO - Running: ['***', 'tasks', 'run', 'exchange_rates', 'make_report', 'scheduled__2022-01-16T08:15:00+00:00', '--job-id', '2052', '--raw', '--subdir', 'DAGS_FOLDER/exchange_rates.py', '--cfg-path', '/tmp/tmpkdxwria6']
[2022-12-26T13:51:19.034+0000] {standard_task_runner.py:83} INFO - Job 2052: Subtask make_report
[2022-12-26T13:51:19.037+0000] {dagbag.py:525} INFO - Filling up the DagBag from /opt/***/dags/exchange_rates.py
[2022-12-26T13:51:19.402+0000] {taskmixin.py:205} WARNING - Dependency <Task(CurrencyScoopOperator): get_rate_AMD_RUB>, insert_rate_AMD_RUB already registered for DAG: exchange_rates
[2022-12-26T13:51:19.403+0000] {taskmixin.py:205} WARNING - Dependency <Task(PostgresOperator): insert_rate_AMD_RUB>, get_rate_AMD_RUB already registered for DAG: exchange_rates
[2022-12-26T13:51:19.566+0000] {task_command.py:384} INFO - Running <TaskInstance: exchange_rates.make_report scheduled__2022-01-16T08:15:00+00:00 [running]> on host d383fbf2a8e7
[2022-12-26T13:51:19.790+0000] {taskinstance.py:1592} INFO - Exporting the following env vars:
AIRFLOW_CTX_DAG_OWNER=***
AIRFLOW_CTX_DAG_ID=exchange_rates
AIRFLOW_CTX_TASK_ID=make_report
AIRFLOW_CTX_EXECUTION_DATE=2022-01-16T08:15:00+00:00
AIRFLOW_CTX_TRY_NUMBER=1
AIRFLOW_CTX_DAG_RUN_ID=scheduled__2022-01-16T08:15:00+00:00
[2022-12-26T13:51:20.912+0000] {python.py:177} INFO - Done. Returned value was: None
[2022-12-26T13:51:20.940+0000] {taskinstance.py:1406} INFO - Marking task as SUCCESS. dag_id=exchange_rates, task_id=make_report, execution_date=20220116T081500, start_date=20221226T135118, end_date=20221226T135120
[2022-12-26T13:51:21.060+0000] {local_task_job.py:164} INFO - Task exited with return code 0
[2022-12-26T13:51:21.078+0000] {local_task_job.py:273} INFO - 0 downstream tasks scheduled from follow-on schedule check
[2023-01-01T14:35:44.469+0000] {taskinstance.py:1165} INFO - Dependencies all met for <TaskInstance: exchange_rates.make_report scheduled__2022-01-16T08:15:00+00:00 [queued]>
[2023-01-01T14:35:44.477+0000] {taskinstance.py:1165} INFO - Dependencies all met for <TaskInstance: exchange_rates.make_report scheduled__2022-01-16T08:15:00+00:00 [queued]>
[2023-01-01T14:35:44.485+0000] {taskinstance.py:1362} INFO - 
--------------------------------------------------------------------------------
[2023-01-01T14:35:44.485+0000] {taskinstance.py:1363} INFO - Starting attempt 1 of 1
[2023-01-01T14:35:44.486+0000] {taskinstance.py:1364} INFO - 
--------------------------------------------------------------------------------
[2023-01-01T14:35:44.498+0000] {taskinstance.py:1383} INFO - Executing <Task(PythonOperator): make_report> on 2022-01-16 08:15:00+00:00
[2023-01-01T14:35:44.501+0000] {standard_task_runner.py:54} INFO - Started process 4145 to run task
[2023-01-01T14:35:44.515+0000] {standard_task_runner.py:82} INFO - Running: ['***', 'tasks', 'run', 'exchange_rates', 'make_report', 'scheduled__2022-01-16T08:15:00+00:00', '--job-id', '8025', '--raw', '--subdir', 'DAGS_FOLDER/exchange_rates.py', '--cfg-path', '/tmp/tmpdv7bwnry']
[2023-01-01T14:35:44.530+0000] {standard_task_runner.py:83} INFO - Job 8025: Subtask make_report
[2023-01-01T14:35:44.531+0000] {dagbag.py:525} INFO - Filling up the DagBag from /opt/***/dags/exchange_rates.py
[2023-01-01T14:35:44.776+0000] {taskmixin.py:205} WARNING - Dependency <Task(CurrencyScoopOperator): get_rate_AMD_RUB>, insert_rate_AMD_RUB already registered for DAG: exchange_rates
[2023-01-01T14:35:44.777+0000] {taskmixin.py:205} WARNING - Dependency <Task(PostgresOperator): insert_rate_AMD_RUB>, get_rate_AMD_RUB already registered for DAG: exchange_rates
[2023-01-01T14:35:44.892+0000] {task_command.py:384} INFO - Running <TaskInstance: exchange_rates.make_report scheduled__2022-01-16T08:15:00+00:00 [running]> on host d383fbf2a8e7
[2023-01-01T14:35:45.073+0000] {taskinstance.py:1592} INFO - Exporting the following env vars:
AIRFLOW_CTX_DAG_OWNER=***
AIRFLOW_CTX_DAG_ID=exchange_rates
AIRFLOW_CTX_TASK_ID=make_report
AIRFLOW_CTX_EXECUTION_DATE=2022-01-16T08:15:00+00:00
AIRFLOW_CTX_TRY_NUMBER=1
AIRFLOW_CTX_DAG_RUN_ID=scheduled__2022-01-16T08:15:00+00:00
[2023-01-01T14:35:45.904+0000] {python.py:177} INFO - Done. Returned value was: None
[2023-01-01T14:35:45.912+0000] {taskinstance.py:1406} INFO - Marking task as SUCCESS. dag_id=exchange_rates, task_id=make_report, execution_date=20220116T081500, start_date=20230101T143544, end_date=20230101T143545
[2023-01-01T14:35:45.969+0000] {local_task_job.py:164} INFO - Task exited with return code 0
[2023-01-01T14:35:45.994+0000] {local_task_job.py:273} INFO - 0 downstream tasks scheduled from follow-on schedule check
