[2022-12-26T13:53:35.002+0000] {taskinstance.py:1165} INFO - Dependencies all met for <TaskInstance: exchange_rates.make_report scheduled__2022-03-04T08:15:00+00:00 [queued]>
[2022-12-26T13:53:35.063+0000] {taskinstance.py:1165} INFO - Dependencies all met for <TaskInstance: exchange_rates.make_report scheduled__2022-03-04T08:15:00+00:00 [queued]>
[2022-12-26T13:53:35.064+0000] {taskinstance.py:1362} INFO - 
--------------------------------------------------------------------------------
[2022-12-26T13:53:35.064+0000] {taskinstance.py:1363} INFO - Starting attempt 1 of 1
[2022-12-26T13:53:35.064+0000] {taskinstance.py:1364} INFO - 
--------------------------------------------------------------------------------
[2022-12-26T13:53:35.100+0000] {taskinstance.py:1383} INFO - Executing <Task(PythonOperator): make_report> on 2022-03-04 08:15:00+00:00
[2022-12-26T13:53:35.119+0000] {standard_task_runner.py:54} INFO - Started process 4995 to run task
[2022-12-26T13:53:35.149+0000] {standard_task_runner.py:82} INFO - Running: ['***', 'tasks', 'run', 'exchange_rates', 'make_report', 'scheduled__2022-03-04T08:15:00+00:00', '--job-id', '2724', '--raw', '--subdir', 'DAGS_FOLDER/exchange_rates.py', '--cfg-path', '/tmp/tmp_9yhodmr']
[2022-12-26T13:53:35.156+0000] {standard_task_runner.py:83} INFO - Job 2724: Subtask make_report
[2022-12-26T13:53:35.160+0000] {dagbag.py:525} INFO - Filling up the DagBag from /opt/***/dags/exchange_rates.py
[2022-12-26T13:53:35.408+0000] {taskmixin.py:205} WARNING - Dependency <Task(CurrencyScoopOperator): get_rate_AMD_RUB>, insert_rate_AMD_RUB already registered for DAG: exchange_rates
[2022-12-26T13:53:35.408+0000] {taskmixin.py:205} WARNING - Dependency <Task(PostgresOperator): insert_rate_AMD_RUB>, get_rate_AMD_RUB already registered for DAG: exchange_rates
[2022-12-26T13:53:35.710+0000] {task_command.py:384} INFO - Running <TaskInstance: exchange_rates.make_report scheduled__2022-03-04T08:15:00+00:00 [running]> on host d383fbf2a8e7
[2022-12-26T13:53:35.988+0000] {taskinstance.py:1592} INFO - Exporting the following env vars:
AIRFLOW_CTX_DAG_OWNER=***
AIRFLOW_CTX_DAG_ID=exchange_rates
AIRFLOW_CTX_TASK_ID=make_report
AIRFLOW_CTX_EXECUTION_DATE=2022-03-04T08:15:00+00:00
AIRFLOW_CTX_TRY_NUMBER=1
AIRFLOW_CTX_DAG_RUN_ID=scheduled__2022-03-04T08:15:00+00:00
[2022-12-26T13:53:37.202+0000] {python.py:177} INFO - Done. Returned value was: None
[2022-12-26T13:53:37.235+0000] {taskinstance.py:1406} INFO - Marking task as SUCCESS. dag_id=exchange_rates, task_id=make_report, execution_date=20220304T081500, start_date=20221226T135335, end_date=20221226T135337
[2022-12-26T13:53:37.370+0000] {local_task_job.py:164} INFO - Task exited with return code 0
[2022-12-26T13:53:37.388+0000] {local_task_job.py:273} INFO - 0 downstream tasks scheduled from follow-on schedule check
[2023-01-01T14:37:59.442+0000] {taskinstance.py:1165} INFO - Dependencies all met for <TaskInstance: exchange_rates.make_report scheduled__2022-03-04T08:15:00+00:00 [queued]>
[2023-01-01T14:37:59.479+0000] {taskinstance.py:1165} INFO - Dependencies all met for <TaskInstance: exchange_rates.make_report scheduled__2022-03-04T08:15:00+00:00 [queued]>
[2023-01-01T14:37:59.480+0000] {taskinstance.py:1362} INFO - 
--------------------------------------------------------------------------------
[2023-01-01T14:37:59.483+0000] {taskinstance.py:1363} INFO - Starting attempt 1 of 1
[2023-01-01T14:37:59.485+0000] {taskinstance.py:1364} INFO - 
--------------------------------------------------------------------------------
[2023-01-01T14:37:59.555+0000] {taskinstance.py:1383} INFO - Executing <Task(PythonOperator): make_report> on 2022-03-04 08:15:00+00:00
[2023-01-01T14:37:59.580+0000] {standard_task_runner.py:54} INFO - Started process 5625 to run task
[2023-01-01T14:37:59.616+0000] {standard_task_runner.py:82} INFO - Running: ['***', 'tasks', 'run', 'exchange_rates', 'make_report', 'scheduled__2022-03-04T08:15:00+00:00', '--job-id', '8697', '--raw', '--subdir', 'DAGS_FOLDER/exchange_rates.py', '--cfg-path', '/tmp/tmpallz7ayw']
[2023-01-01T14:37:59.621+0000] {standard_task_runner.py:83} INFO - Job 8697: Subtask make_report
[2023-01-01T14:37:59.624+0000] {dagbag.py:525} INFO - Filling up the DagBag from /opt/***/dags/exchange_rates.py
[2023-01-01T14:37:59.933+0000] {taskmixin.py:205} WARNING - Dependency <Task(CurrencyScoopOperator): get_rate_AMD_RUB>, insert_rate_AMD_RUB already registered for DAG: exchange_rates
[2023-01-01T14:37:59.934+0000] {taskmixin.py:205} WARNING - Dependency <Task(PostgresOperator): insert_rate_AMD_RUB>, get_rate_AMD_RUB already registered for DAG: exchange_rates
[2023-01-01T14:38:00.136+0000] {task_command.py:384} INFO - Running <TaskInstance: exchange_rates.make_report scheduled__2022-03-04T08:15:00+00:00 [running]> on host d383fbf2a8e7
[2023-01-01T14:38:00.361+0000] {taskinstance.py:1592} INFO - Exporting the following env vars:
AIRFLOW_CTX_DAG_OWNER=***
AIRFLOW_CTX_DAG_ID=exchange_rates
AIRFLOW_CTX_TASK_ID=make_report
AIRFLOW_CTX_EXECUTION_DATE=2022-03-04T08:15:00+00:00
AIRFLOW_CTX_TRY_NUMBER=1
AIRFLOW_CTX_DAG_RUN_ID=scheduled__2022-03-04T08:15:00+00:00
[2023-01-01T14:38:01.580+0000] {python.py:177} INFO - Done. Returned value was: None
[2023-01-01T14:38:01.597+0000] {taskinstance.py:1406} INFO - Marking task as SUCCESS. dag_id=exchange_rates, task_id=make_report, execution_date=20220304T081500, start_date=20230101T143759, end_date=20230101T143801
[2023-01-01T14:38:01.670+0000] {local_task_job.py:164} INFO - Task exited with return code 0
[2023-01-01T14:38:01.692+0000] {local_task_job.py:273} INFO - 0 downstream tasks scheduled from follow-on schedule check
