[2022-12-26T14:01:48.092+0000] {taskinstance.py:1165} INFO - Dependencies all met for <TaskInstance: exchange_rates.insert_rate_AMD_RUB scheduled__2022-09-03T08:15:00+00:00 [queued]>
[2022-12-26T14:01:48.138+0000] {taskinstance.py:1165} INFO - Dependencies all met for <TaskInstance: exchange_rates.insert_rate_AMD_RUB scheduled__2022-09-03T08:15:00+00:00 [queued]>
[2022-12-26T14:01:48.140+0000] {taskinstance.py:1362} INFO - 
--------------------------------------------------------------------------------
[2022-12-26T14:01:48.142+0000] {taskinstance.py:1363} INFO - Starting attempt 1 of 1
[2022-12-26T14:01:48.142+0000] {taskinstance.py:1364} INFO - 
--------------------------------------------------------------------------------
[2022-12-26T14:01:48.271+0000] {taskinstance.py:1383} INFO - Executing <Task(PostgresOperator): insert_rate_AMD_RUB> on 2022-09-03 08:15:00+00:00
[2022-12-26T14:01:48.283+0000] {standard_task_runner.py:54} INFO - Started process 10425 to run task
[2022-12-26T14:01:48.292+0000] {standard_task_runner.py:82} INFO - Running: ['***', 'tasks', 'run', 'exchange_rates', 'insert_rate_AMD_RUB', 'scheduled__2022-09-03T08:15:00+00:00', '--job-id', '5193', '--raw', '--subdir', 'DAGS_FOLDER/exchange_rates.py', '--cfg-path', '/tmp/tmpznuaasjp']
[2022-12-26T14:01:48.294+0000] {standard_task_runner.py:83} INFO - Job 5193: Subtask insert_rate_AMD_RUB
[2022-12-26T14:01:48.297+0000] {dagbag.py:525} INFO - Filling up the DagBag from /opt/***/dags/exchange_rates.py
[2022-12-26T14:01:48.706+0000] {taskmixin.py:205} WARNING - Dependency <Task(CurrencyScoopOperator): get_rate_AMD_RUB>, insert_rate_AMD_RUB already registered for DAG: exchange_rates
[2022-12-26T14:01:48.710+0000] {taskmixin.py:205} WARNING - Dependency <Task(PostgresOperator): insert_rate_AMD_RUB>, get_rate_AMD_RUB already registered for DAG: exchange_rates
[2022-12-26T14:01:48.957+0000] {task_command.py:384} INFO - Running <TaskInstance: exchange_rates.insert_rate_AMD_RUB scheduled__2022-09-03T08:15:00+00:00 [running]> on host d383fbf2a8e7
[2022-12-26T14:01:49.080+0000] {warnings.py:110} WARNING - /home/***/.local/lib/python3.7/site-packages/***/utils/context.py:204: AirflowContextDeprecationWarning: Accessing 'execution_date' from the template is deprecated and will be removed in a future version. Please use 'data_interval_start' or 'logical_date' instead.
  warnings.warn(_create_deprecation_warning(key, self._deprecation_replacements[key]))

[2022-12-26T14:01:49.189+0000] {taskinstance.py:1592} INFO - Exporting the following env vars:
AIRFLOW_CTX_DAG_OWNER=***
AIRFLOW_CTX_DAG_ID=exchange_rates
AIRFLOW_CTX_TASK_ID=insert_rate_AMD_RUB
AIRFLOW_CTX_EXECUTION_DATE=2022-09-03T08:15:00+00:00
AIRFLOW_CTX_TRY_NUMBER=1
AIRFLOW_CTX_DAG_RUN_ID=scheduled__2022-09-03T08:15:00+00:00
[2022-12-26T14:01:49.197+0000] {base.py:71} INFO - Using connection ID 'postgres_default' for task execution.
[2022-12-26T14:01:49.200+0000] {sql.py:315} INFO - Running statement: INSERT INTO
    exchange_rates
VALUES ('AMD', 'RUB', 0.14980193, '2022-09-03')
ON CONFLICT (base, currency, date) DO
    UPDATE
        SET rate = excluded.rate;, parameters: None
[2022-12-26T14:01:49.202+0000] {sql.py:324} INFO - Rows affected: 1
[2022-12-26T14:01:49.215+0000] {taskinstance.py:1406} INFO - Marking task as SUCCESS. dag_id=exchange_rates, task_id=insert_rate_AMD_RUB, execution_date=20220903T081500, start_date=20221226T140148, end_date=20221226T140149
[2022-12-26T14:01:49.361+0000] {local_task_job.py:164} INFO - Task exited with return code 0
[2022-12-26T14:01:49.409+0000] {local_task_job.py:273} INFO - 0 downstream tasks scheduled from follow-on schedule check
[2023-01-01T14:45:30.455+0000] {taskinstance.py:1165} INFO - Dependencies all met for <TaskInstance: exchange_rates.insert_rate_AMD_RUB scheduled__2022-09-03T08:15:00+00:00 [queued]>
[2023-01-01T14:45:30.489+0000] {taskinstance.py:1165} INFO - Dependencies all met for <TaskInstance: exchange_rates.insert_rate_AMD_RUB scheduled__2022-09-03T08:15:00+00:00 [queued]>
[2023-01-01T14:45:30.490+0000] {taskinstance.py:1362} INFO - 
--------------------------------------------------------------------------------
[2023-01-01T14:45:30.494+0000] {taskinstance.py:1363} INFO - Starting attempt 1 of 1
[2023-01-01T14:45:30.495+0000] {taskinstance.py:1364} INFO - 
--------------------------------------------------------------------------------
[2023-01-01T14:45:30.561+0000] {taskinstance.py:1383} INFO - Executing <Task(PostgresOperator): insert_rate_AMD_RUB> on 2022-09-03 08:15:00+00:00
[2023-01-01T14:45:30.589+0000] {standard_task_runner.py:54} INFO - Started process 11024 to run task
[2023-01-01T14:45:30.605+0000] {standard_task_runner.py:82} INFO - Running: ['***', 'tasks', 'run', 'exchange_rates', 'insert_rate_AMD_RUB', 'scheduled__2022-09-03T08:15:00+00:00', '--job-id', '11168', '--raw', '--subdir', 'DAGS_FOLDER/exchange_rates.py', '--cfg-path', '/tmp/tmpgheh2q3u']
[2023-01-01T14:45:30.614+0000] {standard_task_runner.py:83} INFO - Job 11168: Subtask insert_rate_AMD_RUB
[2023-01-01T14:45:30.619+0000] {dagbag.py:525} INFO - Filling up the DagBag from /opt/***/dags/exchange_rates.py
[2023-01-01T14:45:30.879+0000] {taskmixin.py:205} WARNING - Dependency <Task(CurrencyScoopOperator): get_rate_AMD_RUB>, insert_rate_AMD_RUB already registered for DAG: exchange_rates
[2023-01-01T14:45:30.880+0000] {taskmixin.py:205} WARNING - Dependency <Task(PostgresOperator): insert_rate_AMD_RUB>, get_rate_AMD_RUB already registered for DAG: exchange_rates
[2023-01-01T14:45:31.075+0000] {task_command.py:384} INFO - Running <TaskInstance: exchange_rates.insert_rate_AMD_RUB scheduled__2022-09-03T08:15:00+00:00 [running]> on host d383fbf2a8e7
[2023-01-01T14:45:31.196+0000] {warnings.py:110} WARNING - /home/***/.local/lib/python3.7/site-packages/***/utils/context.py:204: AirflowContextDeprecationWarning: Accessing 'execution_date' from the template is deprecated and will be removed in a future version. Please use 'data_interval_start' or 'logical_date' instead.
  warnings.warn(_create_deprecation_warning(key, self._deprecation_replacements[key]))

[2023-01-01T14:45:31.347+0000] {taskinstance.py:1592} INFO - Exporting the following env vars:
AIRFLOW_CTX_DAG_OWNER=***
AIRFLOW_CTX_DAG_ID=exchange_rates
AIRFLOW_CTX_TASK_ID=insert_rate_AMD_RUB
AIRFLOW_CTX_EXECUTION_DATE=2022-09-03T08:15:00+00:00
AIRFLOW_CTX_TRY_NUMBER=1
AIRFLOW_CTX_DAG_RUN_ID=scheduled__2022-09-03T08:15:00+00:00
[2023-01-01T14:45:31.359+0000] {base.py:71} INFO - Using connection ID 'postgres_default' for task execution.
[2023-01-01T14:45:31.362+0000] {sql.py:315} INFO - Running statement: INSERT INTO
    exchange_rates
VALUES ('AMD', 'RUB', 0.14980193, '2022-09-03')
ON CONFLICT (base, currency, date) DO
    UPDATE
        SET rate = excluded.rate;, parameters: None
[2023-01-01T14:45:31.366+0000] {sql.py:324} INFO - Rows affected: 1
[2023-01-01T14:45:31.387+0000] {taskinstance.py:1406} INFO - Marking task as SUCCESS. dag_id=exchange_rates, task_id=insert_rate_AMD_RUB, execution_date=20220903T081500, start_date=20230101T144530, end_date=20230101T144531
[2023-01-01T14:45:31.468+0000] {local_task_job.py:164} INFO - Task exited with return code 0
[2023-01-01T14:45:31.586+0000] {local_task_job.py:273} INFO - 0 downstream tasks scheduled from follow-on schedule check
