[2022-12-26T14:02:36.506+0000] {taskinstance.py:1165} INFO - Dependencies all met for <TaskInstance: exchange_rates.make_report scheduled__2022-09-06T08:15:00+00:00 [queued]>
[2022-12-26T14:02:36.540+0000] {taskinstance.py:1165} INFO - Dependencies all met for <TaskInstance: exchange_rates.make_report scheduled__2022-09-06T08:15:00+00:00 [queued]>
[2022-12-26T14:02:36.541+0000] {taskinstance.py:1362} INFO - 
--------------------------------------------------------------------------------
[2022-12-26T14:02:36.541+0000] {taskinstance.py:1363} INFO - Starting attempt 1 of 1
[2022-12-26T14:02:36.542+0000] {taskinstance.py:1364} INFO - 
--------------------------------------------------------------------------------
[2022-12-26T14:02:36.572+0000] {taskinstance.py:1383} INFO - Executing <Task(PythonOperator): make_report> on 2022-09-06 08:15:00+00:00
[2022-12-26T14:02:36.587+0000] {standard_task_runner.py:54} INFO - Started process 10945 to run task
[2022-12-26T14:02:36.631+0000] {standard_task_runner.py:82} INFO - Running: ['***', 'tasks', 'run', 'exchange_rates', 'make_report', 'scheduled__2022-09-06T08:15:00+00:00', '--job-id', '5430', '--raw', '--subdir', 'DAGS_FOLDER/exchange_rates.py', '--cfg-path', '/tmp/tmpg50b1lmb']
[2022-12-26T14:02:36.634+0000] {standard_task_runner.py:83} INFO - Job 5430: Subtask make_report
[2022-12-26T14:02:36.639+0000] {dagbag.py:525} INFO - Filling up the DagBag from /opt/***/dags/exchange_rates.py
[2022-12-26T14:02:36.860+0000] {taskmixin.py:205} WARNING - Dependency <Task(CurrencyScoopOperator): get_rate_AMD_RUB>, insert_rate_AMD_RUB already registered for DAG: exchange_rates
[2022-12-26T14:02:36.860+0000] {taskmixin.py:205} WARNING - Dependency <Task(PostgresOperator): insert_rate_AMD_RUB>, get_rate_AMD_RUB already registered for DAG: exchange_rates
[2022-12-26T14:02:36.959+0000] {task_command.py:384} INFO - Running <TaskInstance: exchange_rates.make_report scheduled__2022-09-06T08:15:00+00:00 [running]> on host d383fbf2a8e7
[2022-12-26T14:02:37.125+0000] {taskinstance.py:1592} INFO - Exporting the following env vars:
AIRFLOW_CTX_DAG_OWNER=***
AIRFLOW_CTX_DAG_ID=exchange_rates
AIRFLOW_CTX_TASK_ID=make_report
AIRFLOW_CTX_EXECUTION_DATE=2022-09-06T08:15:00+00:00
AIRFLOW_CTX_TRY_NUMBER=1
AIRFLOW_CTX_DAG_RUN_ID=scheduled__2022-09-06T08:15:00+00:00
[2022-12-26T14:02:38.796+0000] {python.py:177} INFO - Done. Returned value was: None
[2022-12-26T14:02:38.829+0000] {taskinstance.py:1406} INFO - Marking task as SUCCESS. dag_id=exchange_rates, task_id=make_report, execution_date=20220906T081500, start_date=20221226T140236, end_date=20221226T140238
[2022-12-26T14:02:38.966+0000] {local_task_job.py:164} INFO - Task exited with return code 0
[2022-12-26T14:02:39.000+0000] {local_task_job.py:273} INFO - 0 downstream tasks scheduled from follow-on schedule check
[2023-01-01T14:46:12.666+0000] {taskinstance.py:1165} INFO - Dependencies all met for <TaskInstance: exchange_rates.make_report scheduled__2022-09-06T08:15:00+00:00 [queued]>
[2023-01-01T14:46:12.714+0000] {taskinstance.py:1165} INFO - Dependencies all met for <TaskInstance: exchange_rates.make_report scheduled__2022-09-06T08:15:00+00:00 [queued]>
[2023-01-01T14:46:12.715+0000] {taskinstance.py:1362} INFO - 
--------------------------------------------------------------------------------
[2023-01-01T14:46:12.719+0000] {taskinstance.py:1363} INFO - Starting attempt 1 of 1
[2023-01-01T14:46:12.720+0000] {taskinstance.py:1364} INFO - 
--------------------------------------------------------------------------------
[2023-01-01T14:46:12.755+0000] {taskinstance.py:1383} INFO - Executing <Task(PythonOperator): make_report> on 2022-09-06 08:15:00+00:00
[2023-01-01T14:46:12.763+0000] {standard_task_runner.py:54} INFO - Started process 11560 to run task
[2023-01-01T14:46:12.772+0000] {standard_task_runner.py:82} INFO - Running: ['***', 'tasks', 'run', 'exchange_rates', 'make_report', 'scheduled__2022-09-06T08:15:00+00:00', '--job-id', '11413', '--raw', '--subdir', 'DAGS_FOLDER/exchange_rates.py', '--cfg-path', '/tmp/tmp1p3piwp_']
[2023-01-01T14:46:12.775+0000] {standard_task_runner.py:83} INFO - Job 11413: Subtask make_report
[2023-01-01T14:46:12.781+0000] {dagbag.py:525} INFO - Filling up the DagBag from /opt/***/dags/exchange_rates.py
[2023-01-01T14:46:12.992+0000] {taskmixin.py:205} WARNING - Dependency <Task(CurrencyScoopOperator): get_rate_AMD_RUB>, insert_rate_AMD_RUB already registered for DAG: exchange_rates
[2023-01-01T14:46:12.993+0000] {taskmixin.py:205} WARNING - Dependency <Task(PostgresOperator): insert_rate_AMD_RUB>, get_rate_AMD_RUB already registered for DAG: exchange_rates
[2023-01-01T14:46:13.204+0000] {task_command.py:384} INFO - Running <TaskInstance: exchange_rates.make_report scheduled__2022-09-06T08:15:00+00:00 [running]> on host d383fbf2a8e7
[2023-01-01T14:46:13.484+0000] {taskinstance.py:1592} INFO - Exporting the following env vars:
AIRFLOW_CTX_DAG_OWNER=***
AIRFLOW_CTX_DAG_ID=exchange_rates
AIRFLOW_CTX_TASK_ID=make_report
AIRFLOW_CTX_EXECUTION_DATE=2022-09-06T08:15:00+00:00
AIRFLOW_CTX_TRY_NUMBER=1
AIRFLOW_CTX_DAG_RUN_ID=scheduled__2022-09-06T08:15:00+00:00
[2023-01-01T14:46:14.920+0000] {python.py:177} INFO - Done. Returned value was: None
[2023-01-01T14:46:14.941+0000] {taskinstance.py:1406} INFO - Marking task as SUCCESS. dag_id=exchange_rates, task_id=make_report, execution_date=20220906T081500, start_date=20230101T144612, end_date=20230101T144614
[2023-01-01T14:46:15.109+0000] {local_task_job.py:164} INFO - Task exited with return code 0
[2023-01-01T14:46:15.129+0000] {local_task_job.py:273} INFO - 0 downstream tasks scheduled from follow-on schedule check
