[2022-12-26T13:53:04.044+0000] {taskinstance.py:1165} INFO - Dependencies all met for <TaskInstance: exchange_rates.get_rate_USD_RUB scheduled__2022-02-28T08:15:00+00:00 [queued]>
[2022-12-26T13:53:04.064+0000] {taskinstance.py:1165} INFO - Dependencies all met for <TaskInstance: exchange_rates.get_rate_USD_RUB scheduled__2022-02-28T08:15:00+00:00 [queued]>
[2022-12-26T13:53:04.067+0000] {taskinstance.py:1362} INFO - 
--------------------------------------------------------------------------------
[2022-12-26T13:53:04.067+0000] {taskinstance.py:1363} INFO - Starting attempt 1 of 1
[2022-12-26T13:53:04.067+0000] {taskinstance.py:1364} INFO - 
--------------------------------------------------------------------------------
[2022-12-26T13:53:04.098+0000] {taskinstance.py:1383} INFO - Executing <Task(CurrencyScoopOperator): get_rate_USD_RUB> on 2022-02-28 08:15:00+00:00
[2022-12-26T13:53:04.101+0000] {standard_task_runner.py:54} INFO - Started process 4640 to run task
[2022-12-26T13:53:04.131+0000] {standard_task_runner.py:82} INFO - Running: ['***', 'tasks', 'run', 'exchange_rates', 'get_rate_USD_RUB', 'scheduled__2022-02-28T08:15:00+00:00', '--job-id', '2558', '--raw', '--subdir', 'DAGS_FOLDER/exchange_rates.py', '--cfg-path', '/tmp/tmp5vfqvuv1']
[2022-12-26T13:53:04.134+0000] {standard_task_runner.py:83} INFO - Job 2558: Subtask get_rate_USD_RUB
[2022-12-26T13:53:04.135+0000] {dagbag.py:525} INFO - Filling up the DagBag from /opt/***/dags/exchange_rates.py
[2022-12-26T13:53:04.331+0000] {taskmixin.py:205} WARNING - Dependency <Task(CurrencyScoopOperator): get_rate_AMD_RUB>, insert_rate_AMD_RUB already registered for DAG: exchange_rates
[2022-12-26T13:53:04.332+0000] {taskmixin.py:205} WARNING - Dependency <Task(PostgresOperator): insert_rate_AMD_RUB>, get_rate_AMD_RUB already registered for DAG: exchange_rates
[2022-12-26T13:53:04.450+0000] {task_command.py:384} INFO - Running <TaskInstance: exchange_rates.get_rate_USD_RUB scheduled__2022-02-28T08:15:00+00:00 [running]> on host d383fbf2a8e7
[2022-12-26T13:53:04.543+0000] {taskinstance.py:1592} INFO - Exporting the following env vars:
AIRFLOW_CTX_DAG_OWNER=***
AIRFLOW_CTX_DAG_ID=exchange_rates
AIRFLOW_CTX_TASK_ID=get_rate_USD_RUB
AIRFLOW_CTX_EXECUTION_DATE=2022-02-28T08:15:00+00:00
AIRFLOW_CTX_TRY_NUMBER=1
AIRFLOW_CTX_DAG_RUN_ID=scheduled__2022-02-28T08:15:00+00:00
[2022-12-26T13:53:04.544+0000] {warnings.py:110} WARNING - /home/***/.local/lib/python3.7/site-packages/***/utils/context.py:204: AirflowContextDeprecationWarning: Accessing 'execution_date' from the template is deprecated and will be removed in a future version. Please use 'data_interval_start' or 'logical_date' instead.
  warnings.warn(_create_deprecation_warning(key, self._deprecation_replacements[key]))

[2022-12-26T13:53:04.558+0000] {base.py:71} INFO - Using connection ID 'currency_conn_id' for task execution.
[2022-12-26T13:53:09.065+0000] {taskinstance.py:1406} INFO - Marking task as SUCCESS. dag_id=exchange_rates, task_id=get_rate_USD_RUB, execution_date=20220228T081500, start_date=20221226T135304, end_date=20221226T135309
[2022-12-26T13:53:09.216+0000] {local_task_job.py:164} INFO - Task exited with return code 0
[2022-12-26T13:53:09.252+0000] {local_task_job.py:273} INFO - 1 downstream tasks scheduled from follow-on schedule check
[2023-01-01T14:37:33.830+0000] {taskinstance.py:1165} INFO - Dependencies all met for <TaskInstance: exchange_rates.get_rate_USD_RUB scheduled__2022-02-28T08:15:00+00:00 [queued]>
[2023-01-01T14:37:33.885+0000] {taskinstance.py:1165} INFO - Dependencies all met for <TaskInstance: exchange_rates.get_rate_USD_RUB scheduled__2022-02-28T08:15:00+00:00 [queued]>
[2023-01-01T14:37:33.886+0000] {taskinstance.py:1362} INFO - 
--------------------------------------------------------------------------------
[2023-01-01T14:37:33.887+0000] {taskinstance.py:1363} INFO - Starting attempt 1 of 1
[2023-01-01T14:37:33.887+0000] {taskinstance.py:1364} INFO - 
--------------------------------------------------------------------------------
[2023-01-01T14:37:33.960+0000] {taskinstance.py:1383} INFO - Executing <Task(CurrencyScoopOperator): get_rate_USD_RUB> on 2022-02-28 08:15:00+00:00
[2023-01-01T14:37:33.968+0000] {standard_task_runner.py:54} INFO - Started process 5281 to run task
[2023-01-01T14:37:33.990+0000] {standard_task_runner.py:82} INFO - Running: ['***', 'tasks', 'run', 'exchange_rates', 'get_rate_USD_RUB', 'scheduled__2022-02-28T08:15:00+00:00', '--job-id', '8531', '--raw', '--subdir', 'DAGS_FOLDER/exchange_rates.py', '--cfg-path', '/tmp/tmph6tkllk_']
[2023-01-01T14:37:33.992+0000] {standard_task_runner.py:83} INFO - Job 8531: Subtask get_rate_USD_RUB
[2023-01-01T14:37:33.996+0000] {dagbag.py:525} INFO - Filling up the DagBag from /opt/***/dags/exchange_rates.py
[2023-01-01T14:37:34.218+0000] {taskmixin.py:205} WARNING - Dependency <Task(CurrencyScoopOperator): get_rate_AMD_RUB>, insert_rate_AMD_RUB already registered for DAG: exchange_rates
[2023-01-01T14:37:34.219+0000] {taskmixin.py:205} WARNING - Dependency <Task(PostgresOperator): insert_rate_AMD_RUB>, get_rate_AMD_RUB already registered for DAG: exchange_rates
[2023-01-01T14:37:34.432+0000] {task_command.py:384} INFO - Running <TaskInstance: exchange_rates.get_rate_USD_RUB scheduled__2022-02-28T08:15:00+00:00 [running]> on host d383fbf2a8e7
[2023-01-01T14:37:34.801+0000] {taskinstance.py:1592} INFO - Exporting the following env vars:
AIRFLOW_CTX_DAG_OWNER=***
AIRFLOW_CTX_DAG_ID=exchange_rates
AIRFLOW_CTX_TASK_ID=get_rate_USD_RUB
AIRFLOW_CTX_EXECUTION_DATE=2022-02-28T08:15:00+00:00
AIRFLOW_CTX_TRY_NUMBER=1
AIRFLOW_CTX_DAG_RUN_ID=scheduled__2022-02-28T08:15:00+00:00
[2023-01-01T14:37:34.809+0000] {warnings.py:110} WARNING - /home/***/.local/lib/python3.7/site-packages/***/utils/context.py:204: AirflowContextDeprecationWarning: Accessing 'execution_date' from the template is deprecated and will be removed in a future version. Please use 'data_interval_start' or 'logical_date' instead.
  warnings.warn(_create_deprecation_warning(key, self._deprecation_replacements[key]))

[2023-01-01T14:37:34.853+0000] {base.py:71} INFO - Using connection ID 'currency_conn_id' for task execution.
[2023-01-01T14:37:35.458+0000] {taskinstance.py:1406} INFO - Marking task as SUCCESS. dag_id=exchange_rates, task_id=get_rate_USD_RUB, execution_date=20220228T081500, start_date=20230101T143733, end_date=20230101T143735
[2023-01-01T14:37:35.666+0000] {local_task_job.py:164} INFO - Task exited with return code 0
[2023-01-01T14:37:35.753+0000] {local_task_job.py:273} INFO - 1 downstream tasks scheduled from follow-on schedule check
