[2022-12-26T14:03:42.937+0000] {taskinstance.py:1165} INFO - Dependencies all met for <TaskInstance: exchange_rates.get_rate_AMD_RUB scheduled__2022-10-29T08:15:00+00:00 [queued]>
[2022-12-26T14:03:42.976+0000] {taskinstance.py:1165} INFO - Dependencies all met for <TaskInstance: exchange_rates.get_rate_AMD_RUB scheduled__2022-10-29T08:15:00+00:00 [queued]>
[2022-12-26T14:03:42.978+0000] {taskinstance.py:1362} INFO - 
--------------------------------------------------------------------------------
[2022-12-26T14:03:42.979+0000] {taskinstance.py:1363} INFO - Starting attempt 1 of 1
[2022-12-26T14:03:42.979+0000] {taskinstance.py:1364} INFO - 
--------------------------------------------------------------------------------
[2022-12-26T14:03:43.070+0000] {taskinstance.py:1383} INFO - Executing <Task(CurrencyScoopOperator): get_rate_AMD_RUB> on 2022-10-29 08:15:00+00:00
[2022-12-26T14:03:43.074+0000] {standard_task_runner.py:54} INFO - Started process 11679 to run task
[2022-12-26T14:03:43.119+0000] {standard_task_runner.py:82} INFO - Running: ['***', 'tasks', 'run', 'exchange_rates', 'get_rate_AMD_RUB', 'scheduled__2022-10-29T08:15:00+00:00', '--job-id', '5766', '--raw', '--subdir', 'DAGS_FOLDER/exchange_rates.py', '--cfg-path', '/tmp/tmpmv_owdd7']
[2022-12-26T14:03:43.125+0000] {standard_task_runner.py:83} INFO - Job 5766: Subtask get_rate_AMD_RUB
[2022-12-26T14:03:43.127+0000] {dagbag.py:525} INFO - Filling up the DagBag from /opt/***/dags/exchange_rates.py
[2022-12-26T14:03:43.293+0000] {taskmixin.py:205} WARNING - Dependency <Task(CurrencyScoopOperator): get_rate_AMD_RUB>, insert_rate_AMD_RUB already registered for DAG: exchange_rates
[2022-12-26T14:03:43.294+0000] {taskmixin.py:205} WARNING - Dependency <Task(PostgresOperator): insert_rate_AMD_RUB>, get_rate_AMD_RUB already registered for DAG: exchange_rates
[2022-12-26T14:03:43.536+0000] {task_command.py:384} INFO - Running <TaskInstance: exchange_rates.get_rate_AMD_RUB scheduled__2022-10-29T08:15:00+00:00 [running]> on host d383fbf2a8e7
[2022-12-26T14:03:43.784+0000] {taskinstance.py:1592} INFO - Exporting the following env vars:
AIRFLOW_CTX_DAG_OWNER=***
AIRFLOW_CTX_DAG_ID=exchange_rates
AIRFLOW_CTX_TASK_ID=get_rate_AMD_RUB
AIRFLOW_CTX_EXECUTION_DATE=2022-10-29T08:15:00+00:00
AIRFLOW_CTX_TRY_NUMBER=1
AIRFLOW_CTX_DAG_RUN_ID=scheduled__2022-10-29T08:15:00+00:00
[2022-12-26T14:03:43.785+0000] {warnings.py:110} WARNING - /home/***/.local/lib/python3.7/site-packages/***/utils/context.py:204: AirflowContextDeprecationWarning: Accessing 'execution_date' from the template is deprecated and will be removed in a future version. Please use 'data_interval_start' or 'logical_date' instead.
  warnings.warn(_create_deprecation_warning(key, self._deprecation_replacements[key]))

[2022-12-26T14:03:43.797+0000] {base.py:71} INFO - Using connection ID 'currency_conn_id' for task execution.
[2022-12-26T14:03:44.213+0000] {taskinstance.py:1851} ERROR - Task failed with exception
Traceback (most recent call last):
  File "/opt/airflow/dags/exchange_rates.py", line 56, in execute
    return api.get_rate(context['execution_date'].date(), self.base_currency, self.currency)
  File "/opt/airflow/dags/exchange_rates.py", line 31, in get_rate
    response.raise_for_status()
  File "/home/airflow/.local/lib/python3.7/site-packages/requests/models.py", line 1021, in raise_for_status
    raise HTTPError(http_error_msg, response=self)
requests.exceptions.HTTPError: 426 Client Error: Upgrade Required for url: https://api.currencyscoop.com/v1/historical?base=AMD&symbols=RUB&api_key=***&date=2022-10-29
[2022-12-26T14:03:44.220+0000] {taskinstance.py:1406} INFO - Marking task as FAILED. dag_id=exchange_rates, task_id=get_rate_AMD_RUB, execution_date=20221029T081500, start_date=20221226T140342, end_date=20221226T140344
[2022-12-26T14:03:44.243+0000] {standard_task_runner.py:107} ERROR - Failed to execute job 5766 for task get_rate_AMD_RUB (426 Client Error: Upgrade Required for url: https://api.currencyscoop.com/v1/historical?base=AMD&symbols=RUB&api_key=***&date=2022-10-29; 11679)
[2022-12-26T14:03:44.277+0000] {local_task_job.py:164} INFO - Task exited with return code 1
[2022-12-26T14:03:44.322+0000] {local_task_job.py:273} INFO - 0 downstream tasks scheduled from follow-on schedule check
[2023-01-01T14:47:58.206+0000] {taskinstance.py:1165} INFO - Dependencies all met for <TaskInstance: exchange_rates.get_rate_AMD_RUB scheduled__2022-10-29T08:15:00+00:00 [queued]>
[2023-01-01T14:47:58.241+0000] {taskinstance.py:1165} INFO - Dependencies all met for <TaskInstance: exchange_rates.get_rate_AMD_RUB scheduled__2022-10-29T08:15:00+00:00 [queued]>
[2023-01-01T14:47:58.242+0000] {taskinstance.py:1362} INFO - 
--------------------------------------------------------------------------------
[2023-01-01T14:47:58.242+0000] {taskinstance.py:1363} INFO - Starting attempt 1 of 1
[2023-01-01T14:47:58.243+0000] {taskinstance.py:1364} INFO - 
--------------------------------------------------------------------------------
[2023-01-01T14:47:58.263+0000] {taskinstance.py:1383} INFO - Executing <Task(CurrencyScoopOperator): get_rate_AMD_RUB> on 2022-10-29 08:15:00+00:00
[2023-01-01T14:47:58.272+0000] {standard_task_runner.py:54} INFO - Started process 12717 to run task
[2023-01-01T14:47:58.281+0000] {standard_task_runner.py:82} INFO - Running: ['***', 'tasks', 'run', 'exchange_rates', 'get_rate_AMD_RUB', 'scheduled__2022-10-29T08:15:00+00:00', '--job-id', '11936', '--raw', '--subdir', 'DAGS_FOLDER/exchange_rates.py', '--cfg-path', '/tmp/tmpkg6k6fp5']
[2023-01-01T14:47:58.283+0000] {standard_task_runner.py:83} INFO - Job 11936: Subtask get_rate_AMD_RUB
[2023-01-01T14:47:58.288+0000] {dagbag.py:525} INFO - Filling up the DagBag from /opt/***/dags/exchange_rates.py
[2023-01-01T14:47:58.402+0000] {taskmixin.py:205} WARNING - Dependency <Task(CurrencyScoopOperator): get_rate_AMD_RUB>, insert_rate_AMD_RUB already registered for DAG: exchange_rates
[2023-01-01T14:47:58.407+0000] {taskmixin.py:205} WARNING - Dependency <Task(PostgresOperator): insert_rate_AMD_RUB>, get_rate_AMD_RUB already registered for DAG: exchange_rates
[2023-01-01T14:47:58.547+0000] {task_command.py:384} INFO - Running <TaskInstance: exchange_rates.get_rate_AMD_RUB scheduled__2022-10-29T08:15:00+00:00 [running]> on host d383fbf2a8e7
[2023-01-01T14:47:58.643+0000] {taskinstance.py:1592} INFO - Exporting the following env vars:
AIRFLOW_CTX_DAG_OWNER=***
AIRFLOW_CTX_DAG_ID=exchange_rates
AIRFLOW_CTX_TASK_ID=get_rate_AMD_RUB
AIRFLOW_CTX_EXECUTION_DATE=2022-10-29T08:15:00+00:00
AIRFLOW_CTX_TRY_NUMBER=1
AIRFLOW_CTX_DAG_RUN_ID=scheduled__2022-10-29T08:15:00+00:00
[2023-01-01T14:47:58.645+0000] {warnings.py:110} WARNING - /home/***/.local/lib/python3.7/site-packages/***/utils/context.py:204: AirflowContextDeprecationWarning: Accessing 'execution_date' from the template is deprecated and will be removed in a future version. Please use 'data_interval_start' or 'logical_date' instead.
  warnings.warn(_create_deprecation_warning(key, self._deprecation_replacements[key]))

[2023-01-01T14:47:58.674+0000] {base.py:71} INFO - Using connection ID 'currency_conn_id' for task execution.
[2023-01-01T14:47:58.993+0000] {taskinstance.py:1406} INFO - Marking task as SUCCESS. dag_id=exchange_rates, task_id=get_rate_AMD_RUB, execution_date=20221029T081500, start_date=20230101T144758, end_date=20230101T144758
[2023-01-01T14:47:59.021+0000] {local_task_job.py:164} INFO - Task exited with return code 0
[2023-01-01T14:47:59.068+0000] {local_task_job.py:273} INFO - 1 downstream tasks scheduled from follow-on schedule check
