[2022-12-26T13:57:01.673+0000] {taskinstance.py:1165} INFO - Dependencies all met for <TaskInstance: exchange_rates.insert_rate_RUB_EUR scheduled__2022-05-16T08:15:00+00:00 [queued]>
[2022-12-26T13:57:01.797+0000] {taskinstance.py:1165} INFO - Dependencies all met for <TaskInstance: exchange_rates.insert_rate_RUB_EUR scheduled__2022-05-16T08:15:00+00:00 [queued]>
[2022-12-26T13:57:01.805+0000] {taskinstance.py:1362} INFO - 
--------------------------------------------------------------------------------
[2022-12-26T13:57:01.805+0000] {taskinstance.py:1363} INFO - Starting attempt 1 of 1
[2022-12-26T13:57:01.807+0000] {taskinstance.py:1364} INFO - 
--------------------------------------------------------------------------------
[2022-12-26T13:57:01.950+0000] {taskinstance.py:1383} INFO - Executing <Task(PostgresOperator): insert_rate_RUB_EUR> on 2022-05-16 08:15:00+00:00
[2022-12-26T13:57:01.985+0000] {standard_task_runner.py:54} INFO - Started process 7291 to run task
[2022-12-26T13:57:02.002+0000] {standard_task_runner.py:82} INFO - Running: ['***', 'tasks', 'run', 'exchange_rates', 'insert_rate_RUB_EUR', 'scheduled__2022-05-16T08:15:00+00:00', '--job-id', '3761', '--raw', '--subdir', 'DAGS_FOLDER/exchange_rates.py', '--cfg-path', '/tmp/tmp6t6zm5zv']
[2022-12-26T13:57:02.004+0000] {standard_task_runner.py:83} INFO - Job 3761: Subtask insert_rate_RUB_EUR
[2022-12-26T13:57:02.013+0000] {dagbag.py:525} INFO - Filling up the DagBag from /opt/***/dags/exchange_rates.py
[2022-12-26T13:57:02.375+0000] {taskmixin.py:205} WARNING - Dependency <Task(CurrencyScoopOperator): get_rate_AMD_RUB>, insert_rate_AMD_RUB already registered for DAG: exchange_rates
[2022-12-26T13:57:02.376+0000] {taskmixin.py:205} WARNING - Dependency <Task(PostgresOperator): insert_rate_AMD_RUB>, get_rate_AMD_RUB already registered for DAG: exchange_rates
[2022-12-26T13:57:02.522+0000] {task_command.py:384} INFO - Running <TaskInstance: exchange_rates.insert_rate_RUB_EUR scheduled__2022-05-16T08:15:00+00:00 [running]> on host d383fbf2a8e7
[2022-12-26T13:57:02.601+0000] {warnings.py:110} WARNING - /home/***/.local/lib/python3.7/site-packages/***/utils/context.py:204: AirflowContextDeprecationWarning: Accessing 'execution_date' from the template is deprecated and will be removed in a future version. Please use 'data_interval_start' or 'logical_date' instead.
  warnings.warn(_create_deprecation_warning(key, self._deprecation_replacements[key]))

[2022-12-26T13:57:02.721+0000] {taskinstance.py:1592} INFO - Exporting the following env vars:
AIRFLOW_CTX_DAG_OWNER=***
AIRFLOW_CTX_DAG_ID=exchange_rates
AIRFLOW_CTX_TASK_ID=insert_rate_RUB_EUR
AIRFLOW_CTX_EXECUTION_DATE=2022-05-16T08:15:00+00:00
AIRFLOW_CTX_TRY_NUMBER=1
AIRFLOW_CTX_DAG_RUN_ID=scheduled__2022-05-16T08:15:00+00:00
[2022-12-26T13:57:02.733+0000] {base.py:71} INFO - Using connection ID 'postgres_default' for task execution.
[2022-12-26T13:57:02.738+0000] {sql.py:315} INFO - Running statement: INSERT INTO
    exchange_rates
VALUES ('RUB', 'EUR', 0.01484303, '2022-05-16')
ON CONFLICT (base, currency, date) DO
    UPDATE
        SET rate = excluded.rate;, parameters: None
[2022-12-26T13:57:02.740+0000] {sql.py:324} INFO - Rows affected: 1
[2022-12-26T13:57:02.766+0000] {taskinstance.py:1406} INFO - Marking task as SUCCESS. dag_id=exchange_rates, task_id=insert_rate_RUB_EUR, execution_date=20220516T081500, start_date=20221226T135701, end_date=20221226T135702
[2022-12-26T13:57:02.817+0000] {local_task_job.py:164} INFO - Task exited with return code 0
[2022-12-26T13:57:02.883+0000] {local_task_job.py:273} INFO - 0 downstream tasks scheduled from follow-on schedule check
[2023-01-01T14:41:07.966+0000] {taskinstance.py:1165} INFO - Dependencies all met for <TaskInstance: exchange_rates.insert_rate_RUB_EUR scheduled__2022-05-16T08:15:00+00:00 [queued]>
[2023-01-01T14:41:08.040+0000] {taskinstance.py:1165} INFO - Dependencies all met for <TaskInstance: exchange_rates.insert_rate_RUB_EUR scheduled__2022-05-16T08:15:00+00:00 [queued]>
[2023-01-01T14:41:08.045+0000] {taskinstance.py:1362} INFO - 
--------------------------------------------------------------------------------
[2023-01-01T14:41:08.051+0000] {taskinstance.py:1363} INFO - Starting attempt 1 of 1
[2023-01-01T14:41:08.053+0000] {taskinstance.py:1364} INFO - 
--------------------------------------------------------------------------------
[2023-01-01T14:41:08.109+0000] {taskinstance.py:1383} INFO - Executing <Task(PostgresOperator): insert_rate_RUB_EUR> on 2022-05-16 08:15:00+00:00
[2023-01-01T14:41:08.121+0000] {standard_task_runner.py:54} INFO - Started process 7899 to run task
[2023-01-01T14:41:08.179+0000] {standard_task_runner.py:82} INFO - Running: ['***', 'tasks', 'run', 'exchange_rates', 'insert_rate_RUB_EUR', 'scheduled__2022-05-16T08:15:00+00:00', '--job-id', '9736', '--raw', '--subdir', 'DAGS_FOLDER/exchange_rates.py', '--cfg-path', '/tmp/tmpmwl1bubs']
[2023-01-01T14:41:08.180+0000] {standard_task_runner.py:83} INFO - Job 9736: Subtask insert_rate_RUB_EUR
[2023-01-01T14:41:08.181+0000] {dagbag.py:525} INFO - Filling up the DagBag from /opt/***/dags/exchange_rates.py
[2023-01-01T14:41:08.579+0000] {taskmixin.py:205} WARNING - Dependency <Task(CurrencyScoopOperator): get_rate_AMD_RUB>, insert_rate_AMD_RUB already registered for DAG: exchange_rates
[2023-01-01T14:41:08.583+0000] {taskmixin.py:205} WARNING - Dependency <Task(PostgresOperator): insert_rate_AMD_RUB>, get_rate_AMD_RUB already registered for DAG: exchange_rates
[2023-01-01T14:41:08.672+0000] {task_command.py:384} INFO - Running <TaskInstance: exchange_rates.insert_rate_RUB_EUR scheduled__2022-05-16T08:15:00+00:00 [running]> on host d383fbf2a8e7
[2023-01-01T14:41:08.790+0000] {warnings.py:110} WARNING - /home/***/.local/lib/python3.7/site-packages/***/utils/context.py:204: AirflowContextDeprecationWarning: Accessing 'execution_date' from the template is deprecated and will be removed in a future version. Please use 'data_interval_start' or 'logical_date' instead.
  warnings.warn(_create_deprecation_warning(key, self._deprecation_replacements[key]))

[2023-01-01T14:41:08.891+0000] {taskinstance.py:1592} INFO - Exporting the following env vars:
AIRFLOW_CTX_DAG_OWNER=***
AIRFLOW_CTX_DAG_ID=exchange_rates
AIRFLOW_CTX_TASK_ID=insert_rate_RUB_EUR
AIRFLOW_CTX_EXECUTION_DATE=2022-05-16T08:15:00+00:00
AIRFLOW_CTX_TRY_NUMBER=1
AIRFLOW_CTX_DAG_RUN_ID=scheduled__2022-05-16T08:15:00+00:00
[2023-01-01T14:41:08.906+0000] {base.py:71} INFO - Using connection ID 'postgres_default' for task execution.
[2023-01-01T14:41:08.911+0000] {sql.py:315} INFO - Running statement: INSERT INTO
    exchange_rates
VALUES ('RUB', 'EUR', 0.01484303, '2022-05-16')
ON CONFLICT (base, currency, date) DO
    UPDATE
        SET rate = excluded.rate;, parameters: None
[2023-01-01T14:41:08.915+0000] {sql.py:324} INFO - Rows affected: 1
[2023-01-01T14:41:08.940+0000] {taskinstance.py:1406} INFO - Marking task as SUCCESS. dag_id=exchange_rates, task_id=insert_rate_RUB_EUR, execution_date=20220516T081500, start_date=20230101T144107, end_date=20230101T144108
[2023-01-01T14:41:09.032+0000] {local_task_job.py:164} INFO - Task exited with return code 0
[2023-01-01T14:41:09.068+0000] {local_task_job.py:273} INFO - 0 downstream tasks scheduled from follow-on schedule check
