[2022-12-26T13:51:16.645+0000] {taskinstance.py:1165} INFO - Dependencies all met for <TaskInstance: exchange_rates.make_report scheduled__2022-01-06T08:15:00+00:00 [queued]>
[2022-12-26T13:51:16.676+0000] {taskinstance.py:1165} INFO - Dependencies all met for <TaskInstance: exchange_rates.make_report scheduled__2022-01-06T08:15:00+00:00 [queued]>
[2022-12-26T13:51:16.677+0000] {taskinstance.py:1362} INFO - 
--------------------------------------------------------------------------------
[2022-12-26T13:51:16.677+0000] {taskinstance.py:1363} INFO - Starting attempt 1 of 1
[2022-12-26T13:51:16.677+0000] {taskinstance.py:1364} INFO - 
--------------------------------------------------------------------------------
[2022-12-26T13:51:16.739+0000] {taskinstance.py:1383} INFO - Executing <Task(PythonOperator): make_report> on 2022-01-06 08:15:00+00:00
[2022-12-26T13:51:16.761+0000] {standard_task_runner.py:54} INFO - Started process 3499 to run task
[2022-12-26T13:51:16.788+0000] {standard_task_runner.py:82} INFO - Running: ['***', 'tasks', 'run', 'exchange_rates', 'make_report', 'scheduled__2022-01-06T08:15:00+00:00', '--job-id', '2041', '--raw', '--subdir', 'DAGS_FOLDER/exchange_rates.py', '--cfg-path', '/tmp/tmpptytu3uj']
[2022-12-26T13:51:16.809+0000] {standard_task_runner.py:83} INFO - Job 2041: Subtask make_report
[2022-12-26T13:51:16.813+0000] {dagbag.py:525} INFO - Filling up the DagBag from /opt/***/dags/exchange_rates.py
[2022-12-26T13:51:17.021+0000] {taskmixin.py:205} WARNING - Dependency <Task(CurrencyScoopOperator): get_rate_AMD_RUB>, insert_rate_AMD_RUB already registered for DAG: exchange_rates
[2022-12-26T13:51:17.021+0000] {taskmixin.py:205} WARNING - Dependency <Task(PostgresOperator): insert_rate_AMD_RUB>, get_rate_AMD_RUB already registered for DAG: exchange_rates
[2022-12-26T13:51:17.357+0000] {task_command.py:384} INFO - Running <TaskInstance: exchange_rates.make_report scheduled__2022-01-06T08:15:00+00:00 [running]> on host d383fbf2a8e7
[2022-12-26T13:51:17.498+0000] {taskinstance.py:1592} INFO - Exporting the following env vars:
AIRFLOW_CTX_DAG_OWNER=***
AIRFLOW_CTX_DAG_ID=exchange_rates
AIRFLOW_CTX_TASK_ID=make_report
AIRFLOW_CTX_EXECUTION_DATE=2022-01-06T08:15:00+00:00
AIRFLOW_CTX_TRY_NUMBER=1
AIRFLOW_CTX_DAG_RUN_ID=scheduled__2022-01-06T08:15:00+00:00
[2022-12-26T13:51:18.948+0000] {python.py:177} INFO - Done. Returned value was: None
[2022-12-26T13:51:18.972+0000] {taskinstance.py:1406} INFO - Marking task as SUCCESS. dag_id=exchange_rates, task_id=make_report, execution_date=20220106T081500, start_date=20221226T135116, end_date=20221226T135118
[2022-12-26T13:51:19.123+0000] {local_task_job.py:164} INFO - Task exited with return code 0
[2022-12-26T13:51:19.142+0000] {local_task_job.py:273} INFO - 0 downstream tasks scheduled from follow-on schedule check
[2023-01-01T14:35:42.468+0000] {taskinstance.py:1165} INFO - Dependencies all met for <TaskInstance: exchange_rates.make_report scheduled__2022-01-06T08:15:00+00:00 [queued]>
[2023-01-01T14:35:42.508+0000] {taskinstance.py:1165} INFO - Dependencies all met for <TaskInstance: exchange_rates.make_report scheduled__2022-01-06T08:15:00+00:00 [queued]>
[2023-01-01T14:35:42.511+0000] {taskinstance.py:1362} INFO - 
--------------------------------------------------------------------------------
[2023-01-01T14:35:42.512+0000] {taskinstance.py:1363} INFO - Starting attempt 1 of 1
[2023-01-01T14:35:42.512+0000] {taskinstance.py:1364} INFO - 
--------------------------------------------------------------------------------
[2023-01-01T14:35:42.563+0000] {taskinstance.py:1383} INFO - Executing <Task(PythonOperator): make_report> on 2022-01-06 08:15:00+00:00
[2023-01-01T14:35:42.578+0000] {standard_task_runner.py:54} INFO - Started process 4121 to run task
[2023-01-01T14:35:42.616+0000] {standard_task_runner.py:82} INFO - Running: ['***', 'tasks', 'run', 'exchange_rates', 'make_report', 'scheduled__2022-01-06T08:15:00+00:00', '--job-id', '8014', '--raw', '--subdir', 'DAGS_FOLDER/exchange_rates.py', '--cfg-path', '/tmp/tmp2bzpww87']
[2023-01-01T14:35:42.620+0000] {standard_task_runner.py:83} INFO - Job 8014: Subtask make_report
[2023-01-01T14:35:42.625+0000] {dagbag.py:525} INFO - Filling up the DagBag from /opt/***/dags/exchange_rates.py
[2023-01-01T14:35:43.049+0000] {taskmixin.py:205} WARNING - Dependency <Task(CurrencyScoopOperator): get_rate_AMD_RUB>, insert_rate_AMD_RUB already registered for DAG: exchange_rates
[2023-01-01T14:35:43.050+0000] {taskmixin.py:205} WARNING - Dependency <Task(PostgresOperator): insert_rate_AMD_RUB>, get_rate_AMD_RUB already registered for DAG: exchange_rates
[2023-01-01T14:35:43.273+0000] {task_command.py:384} INFO - Running <TaskInstance: exchange_rates.make_report scheduled__2022-01-06T08:15:00+00:00 [running]> on host d383fbf2a8e7
[2023-01-01T14:35:43.471+0000] {taskinstance.py:1592} INFO - Exporting the following env vars:
AIRFLOW_CTX_DAG_OWNER=***
AIRFLOW_CTX_DAG_ID=exchange_rates
AIRFLOW_CTX_TASK_ID=make_report
AIRFLOW_CTX_EXECUTION_DATE=2022-01-06T08:15:00+00:00
AIRFLOW_CTX_TRY_NUMBER=1
AIRFLOW_CTX_DAG_RUN_ID=scheduled__2022-01-06T08:15:00+00:00
[2023-01-01T14:35:44.842+0000] {python.py:177} INFO - Done. Returned value was: None
[2023-01-01T14:35:44.866+0000] {taskinstance.py:1406} INFO - Marking task as SUCCESS. dag_id=exchange_rates, task_id=make_report, execution_date=20220106T081500, start_date=20230101T143542, end_date=20230101T143544
[2023-01-01T14:35:44.947+0000] {local_task_job.py:164} INFO - Task exited with return code 0
[2023-01-01T14:35:44.964+0000] {local_task_job.py:273} INFO - 0 downstream tasks scheduled from follow-on schedule check
