[2022-12-26T13:49:40.567+0000] {taskinstance.py:1165} INFO - Dependencies all met for <TaskInstance: exchange_rates.create_table_task scheduled__2021-12-20T08:15:00+00:00 [queued]>
[2022-12-26T13:49:40.592+0000] {taskinstance.py:1165} INFO - Dependencies all met for <TaskInstance: exchange_rates.create_table_task scheduled__2021-12-20T08:15:00+00:00 [queued]>
[2022-12-26T13:49:40.601+0000] {taskinstance.py:1362} INFO - 
--------------------------------------------------------------------------------
[2022-12-26T13:49:40.604+0000] {taskinstance.py:1363} INFO - Starting attempt 1 of 1
[2022-12-26T13:49:40.605+0000] {taskinstance.py:1364} INFO - 
--------------------------------------------------------------------------------
[2022-12-26T13:49:40.623+0000] {taskinstance.py:1383} INFO - Executing <Task(PostgresOperator): create_table_task> on 2021-12-20 08:15:00+00:00
[2022-12-26T13:49:40.628+0000] {standard_task_runner.py:54} INFO - Started process 2526 to run task
[2022-12-26T13:49:40.634+0000] {standard_task_runner.py:82} INFO - Running: ['***', 'tasks', 'run', 'exchange_rates', 'create_table_task', 'scheduled__2021-12-20T08:15:00+00:00', '--job-id', '1596', '--raw', '--subdir', 'DAGS_FOLDER/exchange_rates.py', '--cfg-path', '/tmp/tmp9hetw1pm']
[2022-12-26T13:49:40.637+0000] {standard_task_runner.py:83} INFO - Job 1596: Subtask create_table_task
[2022-12-26T13:49:40.638+0000] {dagbag.py:525} INFO - Filling up the DagBag from /opt/***/dags/exchange_rates.py
[2022-12-26T13:49:40.718+0000] {taskmixin.py:205} WARNING - Dependency <Task(CurrencyScoopOperator): get_rate_AMD_RUB>, insert_rate_AMD_RUB already registered for DAG: exchange_rates
[2022-12-26T13:49:40.719+0000] {taskmixin.py:205} WARNING - Dependency <Task(PostgresOperator): insert_rate_AMD_RUB>, get_rate_AMD_RUB already registered for DAG: exchange_rates
[2022-12-26T13:49:40.798+0000] {task_command.py:384} INFO - Running <TaskInstance: exchange_rates.create_table_task scheduled__2021-12-20T08:15:00+00:00 [running]> on host d383fbf2a8e7
[2022-12-26T13:49:40.865+0000] {taskinstance.py:1592} INFO - Exporting the following env vars:
AIRFLOW_CTX_DAG_OWNER=***
AIRFLOW_CTX_DAG_ID=exchange_rates
AIRFLOW_CTX_TASK_ID=create_table_task
AIRFLOW_CTX_EXECUTION_DATE=2021-12-20T08:15:00+00:00
AIRFLOW_CTX_TRY_NUMBER=1
AIRFLOW_CTX_DAG_RUN_ID=scheduled__2021-12-20T08:15:00+00:00
[2022-12-26T13:49:40.874+0000] {base.py:71} INFO - Using connection ID 'postgres_default' for task execution.
[2022-12-26T13:49:40.877+0000] {sql.py:315} INFO - Running statement: CREATE TABLE IF NOT EXISTS exchange_rates (
    base VARCHAR(3) NOT NULL,
    currency VARCHAR(3) NOT NULL,
    rate NUMERIC(12, 3) NOT NULL,
    date DATE NOT NULL,
    UNIQUE (base, currency, date)
);, parameters: None
[2022-12-26T13:49:40.878+0000] {postgres.py:96} INFO - NOTICE:  relation "exchange_rates" already exists, skipping

[2022-12-26T13:49:40.886+0000] {taskinstance.py:1406} INFO - Marking task as SUCCESS. dag_id=exchange_rates, task_id=create_table_task, execution_date=20211220T081500, start_date=20221226T134940, end_date=20221226T134940
[2022-12-26T13:49:40.930+0000] {local_task_job.py:164} INFO - Task exited with return code 0
[2022-12-26T13:49:40.957+0000] {local_task_job.py:273} INFO - 6 downstream tasks scheduled from follow-on schedule check
[2023-01-01T14:34:28.589+0000] {taskinstance.py:1165} INFO - Dependencies all met for <TaskInstance: exchange_rates.create_table_task scheduled__2021-12-20T08:15:00+00:00 [queued]>
[2023-01-01T14:34:28.596+0000] {taskinstance.py:1165} INFO - Dependencies all met for <TaskInstance: exchange_rates.create_table_task scheduled__2021-12-20T08:15:00+00:00 [queued]>
[2023-01-01T14:34:28.597+0000] {taskinstance.py:1362} INFO - 
--------------------------------------------------------------------------------
[2023-01-01T14:34:28.597+0000] {taskinstance.py:1363} INFO - Starting attempt 1 of 1
[2023-01-01T14:34:28.597+0000] {taskinstance.py:1364} INFO - 
--------------------------------------------------------------------------------
[2023-01-01T14:34:28.608+0000] {taskinstance.py:1383} INFO - Executing <Task(PostgresOperator): create_table_task> on 2021-12-20 08:15:00+00:00
[2023-01-01T14:34:28.611+0000] {standard_task_runner.py:54} INFO - Started process 3189 to run task
[2023-01-01T14:34:28.614+0000] {standard_task_runner.py:82} INFO - Running: ['***', 'tasks', 'run', 'exchange_rates', 'create_table_task', 'scheduled__2021-12-20T08:15:00+00:00', '--job-id', '7582', '--raw', '--subdir', 'DAGS_FOLDER/exchange_rates.py', '--cfg-path', '/tmp/tmpeypj0fej']
[2023-01-01T14:34:28.614+0000] {standard_task_runner.py:83} INFO - Job 7582: Subtask create_table_task
[2023-01-01T14:34:28.615+0000] {dagbag.py:525} INFO - Filling up the DagBag from /opt/***/dags/exchange_rates.py
[2023-01-01T14:34:28.661+0000] {taskmixin.py:205} WARNING - Dependency <Task(CurrencyScoopOperator): get_rate_AMD_RUB>, insert_rate_AMD_RUB already registered for DAG: exchange_rates
[2023-01-01T14:34:28.662+0000] {taskmixin.py:205} WARNING - Dependency <Task(PostgresOperator): insert_rate_AMD_RUB>, get_rate_AMD_RUB already registered for DAG: exchange_rates
[2023-01-01T14:34:28.715+0000] {task_command.py:384} INFO - Running <TaskInstance: exchange_rates.create_table_task scheduled__2021-12-20T08:15:00+00:00 [running]> on host d383fbf2a8e7
[2023-01-01T14:34:28.763+0000] {taskinstance.py:1592} INFO - Exporting the following env vars:
AIRFLOW_CTX_DAG_OWNER=***
AIRFLOW_CTX_DAG_ID=exchange_rates
AIRFLOW_CTX_TASK_ID=create_table_task
AIRFLOW_CTX_EXECUTION_DATE=2021-12-20T08:15:00+00:00
AIRFLOW_CTX_TRY_NUMBER=1
AIRFLOW_CTX_DAG_RUN_ID=scheduled__2021-12-20T08:15:00+00:00
[2023-01-01T14:34:28.769+0000] {base.py:71} INFO - Using connection ID 'postgres_default' for task execution.
[2023-01-01T14:34:28.772+0000] {sql.py:315} INFO - Running statement: CREATE TABLE IF NOT EXISTS exchange_rates (
    base VARCHAR(3) NOT NULL,
    currency VARCHAR(3) NOT NULL,
    rate NUMERIC(12, 3) NOT NULL,
    date DATE NOT NULL,
    UNIQUE (base, currency, date)
);, parameters: None
[2023-01-01T14:34:28.773+0000] {postgres.py:96} INFO - NOTICE:  relation "exchange_rates" already exists, skipping

[2023-01-01T14:34:28.780+0000] {taskinstance.py:1406} INFO - Marking task as SUCCESS. dag_id=exchange_rates, task_id=create_table_task, execution_date=20211220T081500, start_date=20230101T143428, end_date=20230101T143428
[2023-01-01T14:34:28.825+0000] {local_task_job.py:164} INFO - Task exited with return code 0
[2023-01-01T14:34:28.848+0000] {local_task_job.py:273} INFO - 6 downstream tasks scheduled from follow-on schedule check
