[2022-12-26T13:53:19.844+0000] {taskinstance.py:1165} INFO - Dependencies all met for <TaskInstance: exchange_rates.insert_rate_USD_RUB scheduled__2022-02-25T08:15:00+00:00 [queued]>
[2022-12-26T13:53:19.889+0000] {taskinstance.py:1165} INFO - Dependencies all met for <TaskInstance: exchange_rates.insert_rate_USD_RUB scheduled__2022-02-25T08:15:00+00:00 [queued]>
[2022-12-26T13:53:19.890+0000] {taskinstance.py:1362} INFO - 
--------------------------------------------------------------------------------
[2022-12-26T13:53:19.890+0000] {taskinstance.py:1363} INFO - Starting attempt 1 of 1
[2022-12-26T13:53:19.890+0000] {taskinstance.py:1364} INFO - 
--------------------------------------------------------------------------------
[2022-12-26T13:53:19.966+0000] {taskinstance.py:1383} INFO - Executing <Task(PostgresOperator): insert_rate_USD_RUB> on 2022-02-25 08:15:00+00:00
[2022-12-26T13:53:19.971+0000] {standard_task_runner.py:54} INFO - Started process 4801 to run task
[2022-12-26T13:53:20.024+0000] {standard_task_runner.py:82} INFO - Running: ['***', 'tasks', 'run', 'exchange_rates', 'insert_rate_USD_RUB', 'scheduled__2022-02-25T08:15:00+00:00', '--job-id', '2634', '--raw', '--subdir', 'DAGS_FOLDER/exchange_rates.py', '--cfg-path', '/tmp/tmp0abenurf']
[2022-12-26T13:53:20.036+0000] {standard_task_runner.py:83} INFO - Job 2634: Subtask insert_rate_USD_RUB
[2022-12-26T13:53:20.037+0000] {dagbag.py:525} INFO - Filling up the DagBag from /opt/***/dags/exchange_rates.py
[2022-12-26T13:53:20.251+0000] {taskmixin.py:205} WARNING - Dependency <Task(CurrencyScoopOperator): get_rate_AMD_RUB>, insert_rate_AMD_RUB already registered for DAG: exchange_rates
[2022-12-26T13:53:20.252+0000] {taskmixin.py:205} WARNING - Dependency <Task(PostgresOperator): insert_rate_AMD_RUB>, get_rate_AMD_RUB already registered for DAG: exchange_rates
[2022-12-26T13:53:20.334+0000] {task_command.py:384} INFO - Running <TaskInstance: exchange_rates.insert_rate_USD_RUB scheduled__2022-02-25T08:15:00+00:00 [running]> on host d383fbf2a8e7
[2022-12-26T13:53:20.379+0000] {warnings.py:110} WARNING - /home/***/.local/lib/python3.7/site-packages/***/utils/context.py:204: AirflowContextDeprecationWarning: Accessing 'execution_date' from the template is deprecated and will be removed in a future version. Please use 'data_interval_start' or 'logical_date' instead.
  warnings.warn(_create_deprecation_warning(key, self._deprecation_replacements[key]))

[2022-12-26T13:53:20.467+0000] {taskinstance.py:1592} INFO - Exporting the following env vars:
AIRFLOW_CTX_DAG_OWNER=***
AIRFLOW_CTX_DAG_ID=exchange_rates
AIRFLOW_CTX_TASK_ID=insert_rate_USD_RUB
AIRFLOW_CTX_EXECUTION_DATE=2022-02-25T08:15:00+00:00
AIRFLOW_CTX_TRY_NUMBER=1
AIRFLOW_CTX_DAG_RUN_ID=scheduled__2022-02-25T08:15:00+00:00
[2022-12-26T13:53:20.487+0000] {base.py:71} INFO - Using connection ID 'postgres_default' for task execution.
[2022-12-26T13:53:20.491+0000] {sql.py:315} INFO - Running statement: INSERT INTO
    exchange_rates
VALUES ('USD', 'RUB', 83.83135344, '2022-02-25')
ON CONFLICT (base, currency, date) DO
    UPDATE
        SET rate = excluded.rate;, parameters: None
[2022-12-26T13:53:20.492+0000] {sql.py:324} INFO - Rows affected: 1
[2022-12-26T13:53:20.502+0000] {taskinstance.py:1406} INFO - Marking task as SUCCESS. dag_id=exchange_rates, task_id=insert_rate_USD_RUB, execution_date=20220225T081500, start_date=20221226T135319, end_date=20221226T135320
[2022-12-26T13:53:20.568+0000] {local_task_job.py:164} INFO - Task exited with return code 0
[2022-12-26T13:53:20.630+0000] {local_task_job.py:273} INFO - 0 downstream tasks scheduled from follow-on schedule check
[2023-01-01T14:37:46.106+0000] {taskinstance.py:1165} INFO - Dependencies all met for <TaskInstance: exchange_rates.insert_rate_USD_RUB scheduled__2022-02-25T08:15:00+00:00 [queued]>
[2023-01-01T14:37:46.125+0000] {taskinstance.py:1165} INFO - Dependencies all met for <TaskInstance: exchange_rates.insert_rate_USD_RUB scheduled__2022-02-25T08:15:00+00:00 [queued]>
[2023-01-01T14:37:46.126+0000] {taskinstance.py:1362} INFO - 
--------------------------------------------------------------------------------
[2023-01-01T14:37:46.127+0000] {taskinstance.py:1363} INFO - Starting attempt 1 of 1
[2023-01-01T14:37:46.127+0000] {taskinstance.py:1364} INFO - 
--------------------------------------------------------------------------------
[2023-01-01T14:37:46.169+0000] {taskinstance.py:1383} INFO - Executing <Task(PostgresOperator): insert_rate_USD_RUB> on 2022-02-25 08:15:00+00:00
[2023-01-01T14:37:46.173+0000] {standard_task_runner.py:54} INFO - Started process 5445 to run task
[2023-01-01T14:37:46.231+0000] {standard_task_runner.py:82} INFO - Running: ['***', 'tasks', 'run', 'exchange_rates', 'insert_rate_USD_RUB', 'scheduled__2022-02-25T08:15:00+00:00', '--job-id', '8610', '--raw', '--subdir', 'DAGS_FOLDER/exchange_rates.py', '--cfg-path', '/tmp/tmponhstzpv']
[2023-01-01T14:37:46.241+0000] {standard_task_runner.py:83} INFO - Job 8610: Subtask insert_rate_USD_RUB
[2023-01-01T14:37:46.243+0000] {dagbag.py:525} INFO - Filling up the DagBag from /opt/***/dags/exchange_rates.py
[2023-01-01T14:37:46.841+0000] {taskmixin.py:205} WARNING - Dependency <Task(CurrencyScoopOperator): get_rate_AMD_RUB>, insert_rate_AMD_RUB already registered for DAG: exchange_rates
[2023-01-01T14:37:46.842+0000] {taskmixin.py:205} WARNING - Dependency <Task(PostgresOperator): insert_rate_AMD_RUB>, get_rate_AMD_RUB already registered for DAG: exchange_rates
[2023-01-01T14:37:47.099+0000] {task_command.py:384} INFO - Running <TaskInstance: exchange_rates.insert_rate_USD_RUB scheduled__2022-02-25T08:15:00+00:00 [running]> on host d383fbf2a8e7
[2023-01-01T14:37:47.212+0000] {warnings.py:110} WARNING - /home/***/.local/lib/python3.7/site-packages/***/utils/context.py:204: AirflowContextDeprecationWarning: Accessing 'execution_date' from the template is deprecated and will be removed in a future version. Please use 'data_interval_start' or 'logical_date' instead.
  warnings.warn(_create_deprecation_warning(key, self._deprecation_replacements[key]))

[2023-01-01T14:37:47.371+0000] {taskinstance.py:1592} INFO - Exporting the following env vars:
AIRFLOW_CTX_DAG_OWNER=***
AIRFLOW_CTX_DAG_ID=exchange_rates
AIRFLOW_CTX_TASK_ID=insert_rate_USD_RUB
AIRFLOW_CTX_EXECUTION_DATE=2022-02-25T08:15:00+00:00
AIRFLOW_CTX_TRY_NUMBER=1
AIRFLOW_CTX_DAG_RUN_ID=scheduled__2022-02-25T08:15:00+00:00
[2023-01-01T14:37:47.422+0000] {base.py:71} INFO - Using connection ID 'postgres_default' for task execution.
[2023-01-01T14:37:47.429+0000] {sql.py:315} INFO - Running statement: INSERT INTO
    exchange_rates
VALUES ('USD', 'RUB', 83.83135344, '2022-02-25')
ON CONFLICT (base, currency, date) DO
    UPDATE
        SET rate = excluded.rate;, parameters: None
[2023-01-01T14:37:47.430+0000] {sql.py:324} INFO - Rows affected: 1
[2023-01-01T14:37:47.455+0000] {taskinstance.py:1406} INFO - Marking task as SUCCESS. dag_id=exchange_rates, task_id=insert_rate_USD_RUB, execution_date=20220225T081500, start_date=20230101T143746, end_date=20230101T143747
[2023-01-01T14:37:47.530+0000] {local_task_job.py:164} INFO - Task exited with return code 0
[2023-01-01T14:37:47.571+0000] {local_task_job.py:273} INFO - 0 downstream tasks scheduled from follow-on schedule check
