[2022-12-26T13:48:49.388+0000] {taskinstance.py:1165} INFO - Dependencies all met for <TaskInstance: exchange_rates.make_report scheduled__2021-11-26T08:15:00+00:00 [queued]>
[2022-12-26T13:48:49.417+0000] {taskinstance.py:1165} INFO - Dependencies all met for <TaskInstance: exchange_rates.make_report scheduled__2021-11-26T08:15:00+00:00 [queued]>
[2022-12-26T13:48:49.418+0000] {taskinstance.py:1362} INFO - 
--------------------------------------------------------------------------------
[2022-12-26T13:48:49.418+0000] {taskinstance.py:1363} INFO - Starting attempt 1 of 1
[2022-12-26T13:48:49.419+0000] {taskinstance.py:1364} INFO - 
--------------------------------------------------------------------------------
[2022-12-26T13:48:49.656+0000] {taskinstance.py:1383} INFO - Executing <Task(PythonOperator): make_report> on 2021-11-26 08:15:00+00:00
[2022-12-26T13:48:49.663+0000] {standard_task_runner.py:54} INFO - Started process 2015 to run task
[2022-12-26T13:48:49.683+0000] {standard_task_runner.py:82} INFO - Running: ['***', 'tasks', 'run', 'exchange_rates', 'make_report', 'scheduled__2021-11-26T08:15:00+00:00', '--job-id', '1364', '--raw', '--subdir', 'DAGS_FOLDER/exchange_rates.py', '--cfg-path', '/tmp/tmp1jhuwxq7']
[2022-12-26T13:48:49.692+0000] {standard_task_runner.py:83} INFO - Job 1364: Subtask make_report
[2022-12-26T13:48:49.693+0000] {dagbag.py:525} INFO - Filling up the DagBag from /opt/***/dags/exchange_rates.py
[2022-12-26T13:48:49.860+0000] {taskmixin.py:205} WARNING - Dependency <Task(CurrencyScoopOperator): get_rate_AMD_RUB>, insert_rate_AMD_RUB already registered for DAG: exchange_rates
[2022-12-26T13:48:49.863+0000] {taskmixin.py:205} WARNING - Dependency <Task(PostgresOperator): insert_rate_AMD_RUB>, get_rate_AMD_RUB already registered for DAG: exchange_rates
[2022-12-26T13:48:50.023+0000] {task_command.py:384} INFO - Running <TaskInstance: exchange_rates.make_report scheduled__2021-11-26T08:15:00+00:00 [running]> on host d383fbf2a8e7
[2022-12-26T13:48:50.302+0000] {taskinstance.py:1592} INFO - Exporting the following env vars:
AIRFLOW_CTX_DAG_OWNER=***
AIRFLOW_CTX_DAG_ID=exchange_rates
AIRFLOW_CTX_TASK_ID=make_report
AIRFLOW_CTX_EXECUTION_DATE=2021-11-26T08:15:00+00:00
AIRFLOW_CTX_TRY_NUMBER=1
AIRFLOW_CTX_DAG_RUN_ID=scheduled__2021-11-26T08:15:00+00:00
[2022-12-26T13:48:51.338+0000] {python.py:177} INFO - Done. Returned value was: None
[2022-12-26T13:48:51.345+0000] {taskinstance.py:1406} INFO - Marking task as SUCCESS. dag_id=exchange_rates, task_id=make_report, execution_date=20211126T081500, start_date=20221226T134849, end_date=20221226T134851
[2022-12-26T13:48:51.551+0000] {local_task_job.py:164} INFO - Task exited with return code 0
[2022-12-26T13:48:51.572+0000] {local_task_job.py:273} INFO - 0 downstream tasks scheduled from follow-on schedule check
[2023-01-01T14:33:29.605+0000] {taskinstance.py:1165} INFO - Dependencies all met for <TaskInstance: exchange_rates.make_report scheduled__2021-11-26T08:15:00+00:00 [queued]>
[2023-01-01T14:33:29.676+0000] {taskinstance.py:1165} INFO - Dependencies all met for <TaskInstance: exchange_rates.make_report scheduled__2021-11-26T08:15:00+00:00 [queued]>
[2023-01-01T14:33:29.676+0000] {taskinstance.py:1362} INFO - 
--------------------------------------------------------------------------------
[2023-01-01T14:33:29.677+0000] {taskinstance.py:1363} INFO - Starting attempt 1 of 1
[2023-01-01T14:33:29.677+0000] {taskinstance.py:1364} INFO - 
--------------------------------------------------------------------------------
[2023-01-01T14:33:29.741+0000] {taskinstance.py:1383} INFO - Executing <Task(PythonOperator): make_report> on 2021-11-26 08:15:00+00:00
[2023-01-01T14:33:29.754+0000] {standard_task_runner.py:54} INFO - Started process 2650 to run task
[2023-01-01T14:33:29.785+0000] {standard_task_runner.py:82} INFO - Running: ['***', 'tasks', 'run', 'exchange_rates', 'make_report', 'scheduled__2021-11-26T08:15:00+00:00', '--job-id', '7345', '--raw', '--subdir', 'DAGS_FOLDER/exchange_rates.py', '--cfg-path', '/tmp/tmpqh2kj36x']
[2023-01-01T14:33:29.787+0000] {standard_task_runner.py:83} INFO - Job 7345: Subtask make_report
[2023-01-01T14:33:29.793+0000] {dagbag.py:525} INFO - Filling up the DagBag from /opt/***/dags/exchange_rates.py
[2023-01-01T14:33:30.132+0000] {taskmixin.py:205} WARNING - Dependency <Task(CurrencyScoopOperator): get_rate_AMD_RUB>, insert_rate_AMD_RUB already registered for DAG: exchange_rates
[2023-01-01T14:33:30.133+0000] {taskmixin.py:205} WARNING - Dependency <Task(PostgresOperator): insert_rate_AMD_RUB>, get_rate_AMD_RUB already registered for DAG: exchange_rates
[2023-01-01T14:33:30.355+0000] {task_command.py:384} INFO - Running <TaskInstance: exchange_rates.make_report scheduled__2021-11-26T08:15:00+00:00 [running]> on host d383fbf2a8e7
[2023-01-01T14:33:30.529+0000] {taskinstance.py:1592} INFO - Exporting the following env vars:
AIRFLOW_CTX_DAG_OWNER=***
AIRFLOW_CTX_DAG_ID=exchange_rates
AIRFLOW_CTX_TASK_ID=make_report
AIRFLOW_CTX_EXECUTION_DATE=2021-11-26T08:15:00+00:00
AIRFLOW_CTX_TRY_NUMBER=1
AIRFLOW_CTX_DAG_RUN_ID=scheduled__2021-11-26T08:15:00+00:00
[2023-01-01T14:33:32.112+0000] {python.py:177} INFO - Done. Returned value was: None
[2023-01-01T14:33:32.124+0000] {taskinstance.py:1406} INFO - Marking task as SUCCESS. dag_id=exchange_rates, task_id=make_report, execution_date=20211126T081500, start_date=20230101T143329, end_date=20230101T143332
[2023-01-01T14:33:32.255+0000] {local_task_job.py:164} INFO - Task exited with return code 0
[2023-01-01T14:33:32.288+0000] {local_task_job.py:273} INFO - 0 downstream tasks scheduled from follow-on schedule check
