[2022-12-26T13:47:51.051+0000] {taskinstance.py:1165} INFO - Dependencies all met for <TaskInstance: exchange_rates.insert_rate_RUB_USD scheduled__2021-11-09T08:15:00+00:00 [queued]>
[2022-12-26T13:47:51.142+0000] {taskinstance.py:1165} INFO - Dependencies all met for <TaskInstance: exchange_rates.insert_rate_RUB_USD scheduled__2021-11-09T08:15:00+00:00 [queued]>
[2022-12-26T13:47:51.149+0000] {taskinstance.py:1362} INFO - 
--------------------------------------------------------------------------------
[2022-12-26T13:47:51.152+0000] {taskinstance.py:1363} INFO - Starting attempt 1 of 1
[2022-12-26T13:47:51.153+0000] {taskinstance.py:1364} INFO - 
--------------------------------------------------------------------------------
[2022-12-26T13:47:51.225+0000] {taskinstance.py:1383} INFO - Executing <Task(PostgresOperator): insert_rate_RUB_USD> on 2021-11-09 08:15:00+00:00
[2022-12-26T13:47:51.264+0000] {standard_task_runner.py:54} INFO - Started process 1388 to run task
[2022-12-26T13:47:51.290+0000] {standard_task_runner.py:82} INFO - Running: ['***', 'tasks', 'run', 'exchange_rates', 'insert_rate_RUB_USD', 'scheduled__2021-11-09T08:15:00+00:00', '--job-id', '1073', '--raw', '--subdir', 'DAGS_FOLDER/exchange_rates.py', '--cfg-path', '/tmp/tmp35eme41n']
[2022-12-26T13:47:51.315+0000] {standard_task_runner.py:83} INFO - Job 1073: Subtask insert_rate_RUB_USD
[2022-12-26T13:47:51.318+0000] {dagbag.py:525} INFO - Filling up the DagBag from /opt/***/dags/exchange_rates.py
[2022-12-26T13:47:51.882+0000] {taskmixin.py:205} WARNING - Dependency <Task(CurrencyScoopOperator): get_rate_AMD_RUB>, insert_rate_AMD_RUB already registered for DAG: exchange_rates
[2022-12-26T13:47:51.883+0000] {taskmixin.py:205} WARNING - Dependency <Task(PostgresOperator): insert_rate_AMD_RUB>, get_rate_AMD_RUB already registered for DAG: exchange_rates
[2022-12-26T13:47:52.095+0000] {task_command.py:384} INFO - Running <TaskInstance: exchange_rates.insert_rate_RUB_USD scheduled__2021-11-09T08:15:00+00:00 [running]> on host d383fbf2a8e7
[2022-12-26T13:47:52.189+0000] {warnings.py:110} WARNING - /home/***/.local/lib/python3.7/site-packages/***/utils/context.py:204: AirflowContextDeprecationWarning: Accessing 'execution_date' from the template is deprecated and will be removed in a future version. Please use 'data_interval_start' or 'logical_date' instead.
  warnings.warn(_create_deprecation_warning(key, self._deprecation_replacements[key]))

[2022-12-26T13:47:52.339+0000] {taskinstance.py:1592} INFO - Exporting the following env vars:
AIRFLOW_CTX_DAG_OWNER=***
AIRFLOW_CTX_DAG_ID=exchange_rates
AIRFLOW_CTX_TASK_ID=insert_rate_RUB_USD
AIRFLOW_CTX_EXECUTION_DATE=2021-11-09T08:15:00+00:00
AIRFLOW_CTX_TRY_NUMBER=1
AIRFLOW_CTX_DAG_RUN_ID=scheduled__2021-11-09T08:15:00+00:00
[2022-12-26T13:47:52.349+0000] {base.py:71} INFO - Using connection ID 'postgres_default' for task execution.
[2022-12-26T13:47:52.352+0000] {sql.py:315} INFO - Running statement: INSERT INTO
    exchange_rates
VALUES ('RUB', 'USD', 0.01410975, '2021-11-09')
ON CONFLICT (base, currency, date) DO
    UPDATE
        SET rate = excluded.rate;, parameters: None
[2022-12-26T13:47:52.354+0000] {sql.py:324} INFO - Rows affected: 1
[2022-12-26T13:47:52.400+0000] {taskinstance.py:1406} INFO - Marking task as SUCCESS. dag_id=exchange_rates, task_id=insert_rate_RUB_USD, execution_date=20211109T081500, start_date=20221226T134751, end_date=20221226T134752
[2022-12-26T13:47:52.578+0000] {local_task_job.py:164} INFO - Task exited with return code 0
[2022-12-26T13:47:52.663+0000] {local_task_job.py:273} INFO - 0 downstream tasks scheduled from follow-on schedule check
[2023-01-01T14:32:39.812+0000] {taskinstance.py:1165} INFO - Dependencies all met for <TaskInstance: exchange_rates.insert_rate_RUB_USD scheduled__2021-11-09T08:15:00+00:00 [queued]>
[2023-01-01T14:32:39.826+0000] {taskinstance.py:1165} INFO - Dependencies all met for <TaskInstance: exchange_rates.insert_rate_RUB_USD scheduled__2021-11-09T08:15:00+00:00 [queued]>
[2023-01-01T14:32:39.827+0000] {taskinstance.py:1362} INFO - 
--------------------------------------------------------------------------------
[2023-01-01T14:32:39.829+0000] {taskinstance.py:1363} INFO - Starting attempt 1 of 1
[2023-01-01T14:32:39.830+0000] {taskinstance.py:1364} INFO - 
--------------------------------------------------------------------------------
[2023-01-01T14:32:39.861+0000] {taskinstance.py:1383} INFO - Executing <Task(PostgresOperator): insert_rate_RUB_USD> on 2021-11-09 08:15:00+00:00
[2023-01-01T14:32:39.865+0000] {standard_task_runner.py:54} INFO - Started process 2034 to run task
[2023-01-01T14:32:39.908+0000] {standard_task_runner.py:82} INFO - Running: ['***', 'tasks', 'run', 'exchange_rates', 'insert_rate_RUB_USD', 'scheduled__2021-11-09T08:15:00+00:00', '--job-id', '7064', '--raw', '--subdir', 'DAGS_FOLDER/exchange_rates.py', '--cfg-path', '/tmp/tmpg0t5z2wn']
[2023-01-01T14:32:39.913+0000] {standard_task_runner.py:83} INFO - Job 7064: Subtask insert_rate_RUB_USD
[2023-01-01T14:32:39.914+0000] {dagbag.py:525} INFO - Filling up the DagBag from /opt/***/dags/exchange_rates.py
[2023-01-01T14:32:40.220+0000] {taskmixin.py:205} WARNING - Dependency <Task(CurrencyScoopOperator): get_rate_AMD_RUB>, insert_rate_AMD_RUB already registered for DAG: exchange_rates
[2023-01-01T14:32:40.224+0000] {taskmixin.py:205} WARNING - Dependency <Task(PostgresOperator): insert_rate_AMD_RUB>, get_rate_AMD_RUB already registered for DAG: exchange_rates
[2023-01-01T14:32:40.481+0000] {task_command.py:384} INFO - Running <TaskInstance: exchange_rates.insert_rate_RUB_USD scheduled__2021-11-09T08:15:00+00:00 [running]> on host d383fbf2a8e7
[2023-01-01T14:32:40.665+0000] {warnings.py:110} WARNING - /home/***/.local/lib/python3.7/site-packages/***/utils/context.py:204: AirflowContextDeprecationWarning: Accessing 'execution_date' from the template is deprecated and will be removed in a future version. Please use 'data_interval_start' or 'logical_date' instead.
  warnings.warn(_create_deprecation_warning(key, self._deprecation_replacements[key]))

[2023-01-01T14:32:40.831+0000] {taskinstance.py:1592} INFO - Exporting the following env vars:
AIRFLOW_CTX_DAG_OWNER=***
AIRFLOW_CTX_DAG_ID=exchange_rates
AIRFLOW_CTX_TASK_ID=insert_rate_RUB_USD
AIRFLOW_CTX_EXECUTION_DATE=2021-11-09T08:15:00+00:00
AIRFLOW_CTX_TRY_NUMBER=1
AIRFLOW_CTX_DAG_RUN_ID=scheduled__2021-11-09T08:15:00+00:00
[2023-01-01T14:32:40.865+0000] {base.py:71} INFO - Using connection ID 'postgres_default' for task execution.
[2023-01-01T14:32:40.876+0000] {sql.py:315} INFO - Running statement: INSERT INTO
    exchange_rates
VALUES ('RUB', 'USD', 0.01410975, '2021-11-09')
ON CONFLICT (base, currency, date) DO
    UPDATE
        SET rate = excluded.rate;, parameters: None
[2023-01-01T14:32:40.877+0000] {sql.py:324} INFO - Rows affected: 1
[2023-01-01T14:32:40.906+0000] {taskinstance.py:1406} INFO - Marking task as SUCCESS. dag_id=exchange_rates, task_id=insert_rate_RUB_USD, execution_date=20211109T081500, start_date=20230101T143239, end_date=20230101T143240
[2023-01-01T14:32:41.014+0000] {local_task_job.py:164} INFO - Task exited with return code 0
[2023-01-01T14:32:41.101+0000] {local_task_job.py:273} INFO - 0 downstream tasks scheduled from follow-on schedule check
