[2022-12-26T13:48:38.470+0000] {taskinstance.py:1165} INFO - Dependencies all met for <TaskInstance: exchange_rates.insert_rate_RUB_AMD scheduled__2021-11-26T08:15:00+00:00 [queued]>
[2022-12-26T13:48:38.489+0000] {taskinstance.py:1165} INFO - Dependencies all met for <TaskInstance: exchange_rates.insert_rate_RUB_AMD scheduled__2021-11-26T08:15:00+00:00 [queued]>
[2022-12-26T13:48:38.494+0000] {taskinstance.py:1362} INFO - 
--------------------------------------------------------------------------------
[2022-12-26T13:48:38.495+0000] {taskinstance.py:1363} INFO - Starting attempt 1 of 1
[2022-12-26T13:48:38.496+0000] {taskinstance.py:1364} INFO - 
--------------------------------------------------------------------------------
[2022-12-26T13:48:38.537+0000] {taskinstance.py:1383} INFO - Executing <Task(PostgresOperator): insert_rate_RUB_AMD> on 2021-11-26 08:15:00+00:00
[2022-12-26T13:48:38.560+0000] {standard_task_runner.py:54} INFO - Started process 1886 to run task
[2022-12-26T13:48:38.600+0000] {standard_task_runner.py:82} INFO - Running: ['***', 'tasks', 'run', 'exchange_rates', 'insert_rate_RUB_AMD', 'scheduled__2021-11-26T08:15:00+00:00', '--job-id', '1309', '--raw', '--subdir', 'DAGS_FOLDER/exchange_rates.py', '--cfg-path', '/tmp/tmp4r_4fas6']
[2022-12-26T13:48:38.604+0000] {standard_task_runner.py:83} INFO - Job 1309: Subtask insert_rate_RUB_AMD
[2022-12-26T13:48:38.607+0000] {dagbag.py:525} INFO - Filling up the DagBag from /opt/***/dags/exchange_rates.py
[2022-12-26T13:48:38.924+0000] {taskmixin.py:205} WARNING - Dependency <Task(CurrencyScoopOperator): get_rate_AMD_RUB>, insert_rate_AMD_RUB already registered for DAG: exchange_rates
[2022-12-26T13:48:38.927+0000] {taskmixin.py:205} WARNING - Dependency <Task(PostgresOperator): insert_rate_AMD_RUB>, get_rate_AMD_RUB already registered for DAG: exchange_rates
[2022-12-26T13:48:39.112+0000] {task_command.py:384} INFO - Running <TaskInstance: exchange_rates.insert_rate_RUB_AMD scheduled__2021-11-26T08:15:00+00:00 [running]> on host d383fbf2a8e7
[2022-12-26T13:48:39.255+0000] {warnings.py:110} WARNING - /home/***/.local/lib/python3.7/site-packages/***/utils/context.py:204: AirflowContextDeprecationWarning: Accessing 'execution_date' from the template is deprecated and will be removed in a future version. Please use 'data_interval_start' or 'logical_date' instead.
  warnings.warn(_create_deprecation_warning(key, self._deprecation_replacements[key]))

[2022-12-26T13:48:39.563+0000] {taskinstance.py:1592} INFO - Exporting the following env vars:
AIRFLOW_CTX_DAG_OWNER=***
AIRFLOW_CTX_DAG_ID=exchange_rates
AIRFLOW_CTX_TASK_ID=insert_rate_RUB_AMD
AIRFLOW_CTX_EXECUTION_DATE=2021-11-26T08:15:00+00:00
AIRFLOW_CTX_TRY_NUMBER=1
AIRFLOW_CTX_DAG_RUN_ID=scheduled__2021-11-26T08:15:00+00:00
[2022-12-26T13:48:39.601+0000] {base.py:71} INFO - Using connection ID 'postgres_default' for task execution.
[2022-12-26T13:48:39.610+0000] {sql.py:315} INFO - Running statement: INSERT INTO
    exchange_rates
VALUES ('RUB', 'AMD', 6.37366249, '2021-11-26')
ON CONFLICT (base, currency, date) DO
    UPDATE
        SET rate = excluded.rate;, parameters: None
[2022-12-26T13:48:39.613+0000] {sql.py:324} INFO - Rows affected: 1
[2022-12-26T13:48:39.633+0000] {taskinstance.py:1406} INFO - Marking task as SUCCESS. dag_id=exchange_rates, task_id=insert_rate_RUB_AMD, execution_date=20211126T081500, start_date=20221226T134838, end_date=20221226T134839
[2022-12-26T13:48:39.729+0000] {local_task_job.py:164} INFO - Task exited with return code 0
[2022-12-26T13:48:39.784+0000] {local_task_job.py:273} INFO - 0 downstream tasks scheduled from follow-on schedule check
[2023-01-01T14:33:22.147+0000] {taskinstance.py:1165} INFO - Dependencies all met for <TaskInstance: exchange_rates.insert_rate_RUB_AMD scheduled__2021-11-26T08:15:00+00:00 [queued]>
[2023-01-01T14:33:22.198+0000] {taskinstance.py:1165} INFO - Dependencies all met for <TaskInstance: exchange_rates.insert_rate_RUB_AMD scheduled__2021-11-26T08:15:00+00:00 [queued]>
[2023-01-01T14:33:22.200+0000] {taskinstance.py:1362} INFO - 
--------------------------------------------------------------------------------
[2023-01-01T14:33:22.201+0000] {taskinstance.py:1363} INFO - Starting attempt 1 of 1
[2023-01-01T14:33:22.202+0000] {taskinstance.py:1364} INFO - 
--------------------------------------------------------------------------------
[2023-01-01T14:33:22.250+0000] {taskinstance.py:1383} INFO - Executing <Task(PostgresOperator): insert_rate_RUB_AMD> on 2021-11-26 08:15:00+00:00
[2023-01-01T14:33:22.259+0000] {standard_task_runner.py:54} INFO - Started process 2555 to run task
[2023-01-01T14:33:22.281+0000] {standard_task_runner.py:82} INFO - Running: ['***', 'tasks', 'run', 'exchange_rates', 'insert_rate_RUB_AMD', 'scheduled__2021-11-26T08:15:00+00:00', '--job-id', '7298', '--raw', '--subdir', 'DAGS_FOLDER/exchange_rates.py', '--cfg-path', '/tmp/tmp0mvcg2sl']
[2023-01-01T14:33:22.282+0000] {standard_task_runner.py:83} INFO - Job 7298: Subtask insert_rate_RUB_AMD
[2023-01-01T14:33:22.285+0000] {dagbag.py:525} INFO - Filling up the DagBag from /opt/***/dags/exchange_rates.py
[2023-01-01T14:33:22.542+0000] {taskmixin.py:205} WARNING - Dependency <Task(CurrencyScoopOperator): get_rate_AMD_RUB>, insert_rate_AMD_RUB already registered for DAG: exchange_rates
[2023-01-01T14:33:22.549+0000] {taskmixin.py:205} WARNING - Dependency <Task(PostgresOperator): insert_rate_AMD_RUB>, get_rate_AMD_RUB already registered for DAG: exchange_rates
[2023-01-01T14:33:22.882+0000] {task_command.py:384} INFO - Running <TaskInstance: exchange_rates.insert_rate_RUB_AMD scheduled__2021-11-26T08:15:00+00:00 [running]> on host d383fbf2a8e7
[2023-01-01T14:33:23.024+0000] {warnings.py:110} WARNING - /home/***/.local/lib/python3.7/site-packages/***/utils/context.py:204: AirflowContextDeprecationWarning: Accessing 'execution_date' from the template is deprecated and will be removed in a future version. Please use 'data_interval_start' or 'logical_date' instead.
  warnings.warn(_create_deprecation_warning(key, self._deprecation_replacements[key]))

[2023-01-01T14:33:23.158+0000] {taskinstance.py:1592} INFO - Exporting the following env vars:
AIRFLOW_CTX_DAG_OWNER=***
AIRFLOW_CTX_DAG_ID=exchange_rates
AIRFLOW_CTX_TASK_ID=insert_rate_RUB_AMD
AIRFLOW_CTX_EXECUTION_DATE=2021-11-26T08:15:00+00:00
AIRFLOW_CTX_TRY_NUMBER=1
AIRFLOW_CTX_DAG_RUN_ID=scheduled__2021-11-26T08:15:00+00:00
[2023-01-01T14:33:23.194+0000] {base.py:71} INFO - Using connection ID 'postgres_default' for task execution.
[2023-01-01T14:33:23.206+0000] {sql.py:315} INFO - Running statement: INSERT INTO
    exchange_rates
VALUES ('RUB', 'AMD', 6.37366249, '2021-11-26')
ON CONFLICT (base, currency, date) DO
    UPDATE
        SET rate = excluded.rate;, parameters: None
[2023-01-01T14:33:23.208+0000] {sql.py:324} INFO - Rows affected: 1
[2023-01-01T14:33:23.230+0000] {taskinstance.py:1406} INFO - Marking task as SUCCESS. dag_id=exchange_rates, task_id=insert_rate_RUB_AMD, execution_date=20211126T081500, start_date=20230101T143322, end_date=20230101T143323
[2023-01-01T14:33:23.289+0000] {local_task_job.py:164} INFO - Task exited with return code 0
[2023-01-01T14:33:23.314+0000] {local_task_job.py:273} INFO - 0 downstream tasks scheduled from follow-on schedule check
