[2022-12-26T13:58:52.153+0000] {taskinstance.py:1165} INFO - Dependencies all met for <TaskInstance: exchange_rates.get_rate_RUB_EUR scheduled__2022-07-04T08:15:00+00:00 [queued]>
[2022-12-26T13:58:52.189+0000] {taskinstance.py:1165} INFO - Dependencies all met for <TaskInstance: exchange_rates.get_rate_RUB_EUR scheduled__2022-07-04T08:15:00+00:00 [queued]>
[2022-12-26T13:58:52.199+0000] {taskinstance.py:1362} INFO - 
--------------------------------------------------------------------------------
[2022-12-26T13:58:52.202+0000] {taskinstance.py:1363} INFO - Starting attempt 1 of 1
[2022-12-26T13:58:52.202+0000] {taskinstance.py:1364} INFO - 
--------------------------------------------------------------------------------
[2022-12-26T13:58:52.256+0000] {taskinstance.py:1383} INFO - Executing <Task(CurrencyScoopOperator): get_rate_RUB_EUR> on 2022-07-04 08:15:00+00:00
[2022-12-26T13:58:52.275+0000] {standard_task_runner.py:54} INFO - Started process 8555 to run task
[2022-12-26T13:58:52.289+0000] {standard_task_runner.py:82} INFO - Running: ['***', 'tasks', 'run', 'exchange_rates', 'get_rate_RUB_EUR', 'scheduled__2022-07-04T08:15:00+00:00', '--job-id', '4338', '--raw', '--subdir', 'DAGS_FOLDER/exchange_rates.py', '--cfg-path', '/tmp/tmpkad8adbl']
[2022-12-26T13:58:52.300+0000] {standard_task_runner.py:83} INFO - Job 4338: Subtask get_rate_RUB_EUR
[2022-12-26T13:58:52.303+0000] {dagbag.py:525} INFO - Filling up the DagBag from /opt/***/dags/exchange_rates.py
[2022-12-26T13:58:52.606+0000] {taskmixin.py:205} WARNING - Dependency <Task(CurrencyScoopOperator): get_rate_AMD_RUB>, insert_rate_AMD_RUB already registered for DAG: exchange_rates
[2022-12-26T13:58:52.611+0000] {taskmixin.py:205} WARNING - Dependency <Task(PostgresOperator): insert_rate_AMD_RUB>, get_rate_AMD_RUB already registered for DAG: exchange_rates
[2022-12-26T13:58:52.771+0000] {task_command.py:384} INFO - Running <TaskInstance: exchange_rates.get_rate_RUB_EUR scheduled__2022-07-04T08:15:00+00:00 [running]> on host d383fbf2a8e7
[2022-12-26T13:58:52.903+0000] {taskinstance.py:1592} INFO - Exporting the following env vars:
AIRFLOW_CTX_DAG_OWNER=***
AIRFLOW_CTX_DAG_ID=exchange_rates
AIRFLOW_CTX_TASK_ID=get_rate_RUB_EUR
AIRFLOW_CTX_EXECUTION_DATE=2022-07-04T08:15:00+00:00
AIRFLOW_CTX_TRY_NUMBER=1
AIRFLOW_CTX_DAG_RUN_ID=scheduled__2022-07-04T08:15:00+00:00
[2022-12-26T13:58:52.905+0000] {warnings.py:110} WARNING - /home/***/.local/lib/python3.7/site-packages/***/utils/context.py:204: AirflowContextDeprecationWarning: Accessing 'execution_date' from the template is deprecated and will be removed in a future version. Please use 'data_interval_start' or 'logical_date' instead.
  warnings.warn(_create_deprecation_warning(key, self._deprecation_replacements[key]))

[2022-12-26T13:58:52.915+0000] {base.py:71} INFO - Using connection ID 'currency_conn_id' for task execution.
[2022-12-26T13:58:53.581+0000] {taskinstance.py:1406} INFO - Marking task as SUCCESS. dag_id=exchange_rates, task_id=get_rate_RUB_EUR, execution_date=20220704T081500, start_date=20221226T135852, end_date=20221226T135853
[2022-12-26T13:58:53.721+0000] {local_task_job.py:164} INFO - Task exited with return code 0
[2022-12-26T13:58:53.791+0000] {local_task_job.py:273} INFO - 1 downstream tasks scheduled from follow-on schedule check
[2023-01-01T14:42:59.403+0000] {taskinstance.py:1165} INFO - Dependencies all met for <TaskInstance: exchange_rates.get_rate_RUB_EUR scheduled__2022-07-04T08:15:00+00:00 [queued]>
[2023-01-01T14:42:59.436+0000] {taskinstance.py:1165} INFO - Dependencies all met for <TaskInstance: exchange_rates.get_rate_RUB_EUR scheduled__2022-07-04T08:15:00+00:00 [queued]>
[2023-01-01T14:42:59.437+0000] {taskinstance.py:1362} INFO - 
--------------------------------------------------------------------------------
[2023-01-01T14:42:59.438+0000] {taskinstance.py:1363} INFO - Starting attempt 1 of 1
[2023-01-01T14:42:59.438+0000] {taskinstance.py:1364} INFO - 
--------------------------------------------------------------------------------
[2023-01-01T14:42:59.479+0000] {taskinstance.py:1383} INFO - Executing <Task(CurrencyScoopOperator): get_rate_RUB_EUR> on 2022-07-04 08:15:00+00:00
[2023-01-01T14:42:59.489+0000] {standard_task_runner.py:54} INFO - Started process 9189 to run task
[2023-01-01T14:42:59.518+0000] {standard_task_runner.py:82} INFO - Running: ['***', 'tasks', 'run', 'exchange_rates', 'get_rate_RUB_EUR', 'scheduled__2022-07-04T08:15:00+00:00', '--job-id', '10323', '--raw', '--subdir', 'DAGS_FOLDER/exchange_rates.py', '--cfg-path', '/tmp/tmp6exxihj5']
[2023-01-01T14:42:59.519+0000] {standard_task_runner.py:83} INFO - Job 10323: Subtask get_rate_RUB_EUR
[2023-01-01T14:42:59.520+0000] {dagbag.py:525} INFO - Filling up the DagBag from /opt/***/dags/exchange_rates.py
[2023-01-01T14:42:59.643+0000] {taskmixin.py:205} WARNING - Dependency <Task(CurrencyScoopOperator): get_rate_AMD_RUB>, insert_rate_AMD_RUB already registered for DAG: exchange_rates
[2023-01-01T14:42:59.647+0000] {taskmixin.py:205} WARNING - Dependency <Task(PostgresOperator): insert_rate_AMD_RUB>, get_rate_AMD_RUB already registered for DAG: exchange_rates
[2023-01-01T14:42:59.818+0000] {task_command.py:384} INFO - Running <TaskInstance: exchange_rates.get_rate_RUB_EUR scheduled__2022-07-04T08:15:00+00:00 [running]> on host d383fbf2a8e7
[2023-01-01T14:42:59.955+0000] {taskinstance.py:1592} INFO - Exporting the following env vars:
AIRFLOW_CTX_DAG_OWNER=***
AIRFLOW_CTX_DAG_ID=exchange_rates
AIRFLOW_CTX_TASK_ID=get_rate_RUB_EUR
AIRFLOW_CTX_EXECUTION_DATE=2022-07-04T08:15:00+00:00
AIRFLOW_CTX_TRY_NUMBER=1
AIRFLOW_CTX_DAG_RUN_ID=scheduled__2022-07-04T08:15:00+00:00
[2023-01-01T14:42:59.956+0000] {warnings.py:110} WARNING - /home/***/.local/lib/python3.7/site-packages/***/utils/context.py:204: AirflowContextDeprecationWarning: Accessing 'execution_date' from the template is deprecated and will be removed in a future version. Please use 'data_interval_start' or 'logical_date' instead.
  warnings.warn(_create_deprecation_warning(key, self._deprecation_replacements[key]))

[2023-01-01T14:42:59.980+0000] {base.py:71} INFO - Using connection ID 'currency_conn_id' for task execution.
[2023-01-01T14:43:00.328+0000] {taskinstance.py:1406} INFO - Marking task as SUCCESS. dag_id=exchange_rates, task_id=get_rate_RUB_EUR, execution_date=20220704T081500, start_date=20230101T144259, end_date=20230101T144300
[2023-01-01T14:43:00.355+0000] {local_task_job.py:164} INFO - Task exited with return code 0
[2023-01-01T14:43:00.454+0000] {local_task_job.py:273} INFO - 0 downstream tasks scheduled from follow-on schedule check
