[2022-12-26T13:52:20.550+0000] {taskinstance.py:1165} INFO - Dependencies all met for <TaskInstance: exchange_rates.get_rate_AMD_RUB scheduled__2022-02-17T08:15:00+00:00 [queued]>
[2022-12-26T13:52:20.632+0000] {taskinstance.py:1165} INFO - Dependencies all met for <TaskInstance: exchange_rates.get_rate_AMD_RUB scheduled__2022-02-17T08:15:00+00:00 [queued]>
[2022-12-26T13:52:20.634+0000] {taskinstance.py:1362} INFO - 
--------------------------------------------------------------------------------
[2022-12-26T13:52:20.635+0000] {taskinstance.py:1363} INFO - Starting attempt 1 of 1
[2022-12-26T13:52:20.637+0000] {taskinstance.py:1364} INFO - 
--------------------------------------------------------------------------------
[2022-12-26T13:52:20.707+0000] {taskinstance.py:1383} INFO - Executing <Task(CurrencyScoopOperator): get_rate_AMD_RUB> on 2022-02-17 08:15:00+00:00
[2022-12-26T13:52:20.715+0000] {standard_task_runner.py:54} INFO - Started process 4205 to run task
[2022-12-26T13:52:20.744+0000] {standard_task_runner.py:82} INFO - Running: ['***', 'tasks', 'run', 'exchange_rates', 'get_rate_AMD_RUB', 'scheduled__2022-02-17T08:15:00+00:00', '--job-id', '2359', '--raw', '--subdir', 'DAGS_FOLDER/exchange_rates.py', '--cfg-path', '/tmp/tmplr1078hh']
[2022-12-26T13:52:20.749+0000] {standard_task_runner.py:83} INFO - Job 2359: Subtask get_rate_AMD_RUB
[2022-12-26T13:52:20.750+0000] {dagbag.py:525} INFO - Filling up the DagBag from /opt/***/dags/exchange_rates.py
[2022-12-26T13:52:21.109+0000] {taskmixin.py:205} WARNING - Dependency <Task(CurrencyScoopOperator): get_rate_AMD_RUB>, insert_rate_AMD_RUB already registered for DAG: exchange_rates
[2022-12-26T13:52:21.110+0000] {taskmixin.py:205} WARNING - Dependency <Task(PostgresOperator): insert_rate_AMD_RUB>, get_rate_AMD_RUB already registered for DAG: exchange_rates
[2022-12-26T13:52:21.391+0000] {task_command.py:384} INFO - Running <TaskInstance: exchange_rates.get_rate_AMD_RUB scheduled__2022-02-17T08:15:00+00:00 [running]> on host d383fbf2a8e7
[2022-12-26T13:52:21.683+0000] {taskinstance.py:1592} INFO - Exporting the following env vars:
AIRFLOW_CTX_DAG_OWNER=***
AIRFLOW_CTX_DAG_ID=exchange_rates
AIRFLOW_CTX_TASK_ID=get_rate_AMD_RUB
AIRFLOW_CTX_EXECUTION_DATE=2022-02-17T08:15:00+00:00
AIRFLOW_CTX_TRY_NUMBER=1
AIRFLOW_CTX_DAG_RUN_ID=scheduled__2022-02-17T08:15:00+00:00
[2022-12-26T13:52:21.688+0000] {warnings.py:110} WARNING - /home/***/.local/lib/python3.7/site-packages/***/utils/context.py:204: AirflowContextDeprecationWarning: Accessing 'execution_date' from the template is deprecated and will be removed in a future version. Please use 'data_interval_start' or 'logical_date' instead.
  warnings.warn(_create_deprecation_warning(key, self._deprecation_replacements[key]))

[2022-12-26T13:52:21.742+0000] {base.py:71} INFO - Using connection ID 'currency_conn_id' for task execution.
[2022-12-26T13:52:22.494+0000] {taskinstance.py:1406} INFO - Marking task as SUCCESS. dag_id=exchange_rates, task_id=get_rate_AMD_RUB, execution_date=20220217T081500, start_date=20221226T135220, end_date=20221226T135222
[2022-12-26T13:52:22.596+0000] {local_task_job.py:164} INFO - Task exited with return code 0
[2022-12-26T13:52:22.678+0000] {local_task_job.py:273} INFO - 1 downstream tasks scheduled from follow-on schedule check
[2023-01-01T14:36:45.076+0000] {taskinstance.py:1165} INFO - Dependencies all met for <TaskInstance: exchange_rates.get_rate_AMD_RUB scheduled__2022-02-17T08:15:00+00:00 [queued]>
[2023-01-01T14:36:45.148+0000] {taskinstance.py:1165} INFO - Dependencies all met for <TaskInstance: exchange_rates.get_rate_AMD_RUB scheduled__2022-02-17T08:15:00+00:00 [queued]>
[2023-01-01T14:36:45.153+0000] {taskinstance.py:1362} INFO - 
--------------------------------------------------------------------------------
[2023-01-01T14:36:45.155+0000] {taskinstance.py:1363} INFO - Starting attempt 1 of 1
[2023-01-01T14:36:45.157+0000] {taskinstance.py:1364} INFO - 
--------------------------------------------------------------------------------
[2023-01-01T14:36:45.269+0000] {taskinstance.py:1383} INFO - Executing <Task(CurrencyScoopOperator): get_rate_AMD_RUB> on 2022-02-17 08:15:00+00:00
[2023-01-01T14:36:45.291+0000] {standard_task_runner.py:54} INFO - Started process 4851 to run task
[2023-01-01T14:36:45.315+0000] {standard_task_runner.py:82} INFO - Running: ['***', 'tasks', 'run', 'exchange_rates', 'get_rate_AMD_RUB', 'scheduled__2022-02-17T08:15:00+00:00', '--job-id', '8344', '--raw', '--subdir', 'DAGS_FOLDER/exchange_rates.py', '--cfg-path', '/tmp/tmpokwxgzr8']
[2023-01-01T14:36:45.326+0000] {standard_task_runner.py:83} INFO - Job 8344: Subtask get_rate_AMD_RUB
[2023-01-01T14:36:45.328+0000] {dagbag.py:525} INFO - Filling up the DagBag from /opt/***/dags/exchange_rates.py
[2023-01-01T14:36:45.446+0000] {taskmixin.py:205} WARNING - Dependency <Task(CurrencyScoopOperator): get_rate_AMD_RUB>, insert_rate_AMD_RUB already registered for DAG: exchange_rates
[2023-01-01T14:36:45.446+0000] {taskmixin.py:205} WARNING - Dependency <Task(PostgresOperator): insert_rate_AMD_RUB>, get_rate_AMD_RUB already registered for DAG: exchange_rates
[2023-01-01T14:36:45.625+0000] {task_command.py:384} INFO - Running <TaskInstance: exchange_rates.get_rate_AMD_RUB scheduled__2022-02-17T08:15:00+00:00 [running]> on host d383fbf2a8e7
[2023-01-01T14:36:45.738+0000] {taskinstance.py:1592} INFO - Exporting the following env vars:
AIRFLOW_CTX_DAG_OWNER=***
AIRFLOW_CTX_DAG_ID=exchange_rates
AIRFLOW_CTX_TASK_ID=get_rate_AMD_RUB
AIRFLOW_CTX_EXECUTION_DATE=2022-02-17T08:15:00+00:00
AIRFLOW_CTX_TRY_NUMBER=1
AIRFLOW_CTX_DAG_RUN_ID=scheduled__2022-02-17T08:15:00+00:00
[2023-01-01T14:36:45.740+0000] {warnings.py:110} WARNING - /home/***/.local/lib/python3.7/site-packages/***/utils/context.py:204: AirflowContextDeprecationWarning: Accessing 'execution_date' from the template is deprecated and will be removed in a future version. Please use 'data_interval_start' or 'logical_date' instead.
  warnings.warn(_create_deprecation_warning(key, self._deprecation_replacements[key]))

[2023-01-01T14:36:45.771+0000] {base.py:71} INFO - Using connection ID 'currency_conn_id' for task execution.
[2023-01-01T14:36:46.168+0000] {taskinstance.py:1406} INFO - Marking task as SUCCESS. dag_id=exchange_rates, task_id=get_rate_AMD_RUB, execution_date=20220217T081500, start_date=20230101T143645, end_date=20230101T143646
[2023-01-01T14:36:46.300+0000] {local_task_job.py:164} INFO - Task exited with return code 0
[2023-01-01T14:36:46.344+0000] {local_task_job.py:273} INFO - 1 downstream tasks scheduled from follow-on schedule check
