[2022-12-26T14:02:42.747+0000] {taskinstance.py:1165} INFO - Dependencies all met for <TaskInstance: exchange_rates.get_rate_RUB_EUR scheduled__2022-09-21T08:15:00+00:00 [queued]>
[2022-12-26T14:02:42.767+0000] {taskinstance.py:1165} INFO - Dependencies all met for <TaskInstance: exchange_rates.get_rate_RUB_EUR scheduled__2022-09-21T08:15:00+00:00 [queued]>
[2022-12-26T14:02:42.768+0000] {taskinstance.py:1362} INFO - 
--------------------------------------------------------------------------------
[2022-12-26T14:02:42.768+0000] {taskinstance.py:1363} INFO - Starting attempt 1 of 1
[2022-12-26T14:02:42.769+0000] {taskinstance.py:1364} INFO - 
--------------------------------------------------------------------------------
[2022-12-26T14:02:42.786+0000] {taskinstance.py:1383} INFO - Executing <Task(CurrencyScoopOperator): get_rate_RUB_EUR> on 2022-09-21 08:15:00+00:00
[2022-12-26T14:02:42.791+0000] {standard_task_runner.py:54} INFO - Started process 10994 to run task
[2022-12-26T14:02:42.800+0000] {standard_task_runner.py:82} INFO - Running: ['***', 'tasks', 'run', 'exchange_rates', 'get_rate_RUB_EUR', 'scheduled__2022-09-21T08:15:00+00:00', '--job-id', '5447', '--raw', '--subdir', 'DAGS_FOLDER/exchange_rates.py', '--cfg-path', '/tmp/tmpml22864s']
[2022-12-26T14:02:42.801+0000] {standard_task_runner.py:83} INFO - Job 5447: Subtask get_rate_RUB_EUR
[2022-12-26T14:02:42.802+0000] {dagbag.py:525} INFO - Filling up the DagBag from /opt/***/dags/exchange_rates.py
[2022-12-26T14:02:42.853+0000] {taskmixin.py:205} WARNING - Dependency <Task(CurrencyScoopOperator): get_rate_AMD_RUB>, insert_rate_AMD_RUB already registered for DAG: exchange_rates
[2022-12-26T14:02:42.854+0000] {taskmixin.py:205} WARNING - Dependency <Task(PostgresOperator): insert_rate_AMD_RUB>, get_rate_AMD_RUB already registered for DAG: exchange_rates
[2022-12-26T14:02:42.942+0000] {task_command.py:384} INFO - Running <TaskInstance: exchange_rates.get_rate_RUB_EUR scheduled__2022-09-21T08:15:00+00:00 [running]> on host d383fbf2a8e7
[2022-12-26T14:02:43.028+0000] {taskinstance.py:1592} INFO - Exporting the following env vars:
AIRFLOW_CTX_DAG_OWNER=***
AIRFLOW_CTX_DAG_ID=exchange_rates
AIRFLOW_CTX_TASK_ID=get_rate_RUB_EUR
AIRFLOW_CTX_EXECUTION_DATE=2022-09-21T08:15:00+00:00
AIRFLOW_CTX_TRY_NUMBER=1
AIRFLOW_CTX_DAG_RUN_ID=scheduled__2022-09-21T08:15:00+00:00
[2022-12-26T14:02:43.029+0000] {warnings.py:110} WARNING - /home/***/.local/lib/python3.7/site-packages/***/utils/context.py:204: AirflowContextDeprecationWarning: Accessing 'execution_date' from the template is deprecated and will be removed in a future version. Please use 'data_interval_start' or 'logical_date' instead.
  warnings.warn(_create_deprecation_warning(key, self._deprecation_replacements[key]))

[2022-12-26T14:02:43.044+0000] {base.py:71} INFO - Using connection ID 'currency_conn_id' for task execution.
[2022-12-26T14:02:43.477+0000] {taskinstance.py:1406} INFO - Marking task as SUCCESS. dag_id=exchange_rates, task_id=get_rate_RUB_EUR, execution_date=20220921T081500, start_date=20221226T140242, end_date=20221226T140243
[2022-12-26T14:02:43.529+0000] {local_task_job.py:164} INFO - Task exited with return code 0
[2022-12-26T14:02:43.575+0000] {local_task_job.py:273} INFO - 1 downstream tasks scheduled from follow-on schedule check
[2023-01-01T14:46:26.552+0000] {taskinstance.py:1165} INFO - Dependencies all met for <TaskInstance: exchange_rates.get_rate_RUB_EUR scheduled__2022-09-21T08:15:00+00:00 [queued]>
[2023-01-01T14:46:26.570+0000] {taskinstance.py:1165} INFO - Dependencies all met for <TaskInstance: exchange_rates.get_rate_RUB_EUR scheduled__2022-09-21T08:15:00+00:00 [queued]>
[2023-01-01T14:46:26.571+0000] {taskinstance.py:1362} INFO - 
--------------------------------------------------------------------------------
[2023-01-01T14:46:26.572+0000] {taskinstance.py:1363} INFO - Starting attempt 1 of 1
[2023-01-01T14:46:26.574+0000] {taskinstance.py:1364} INFO - 
--------------------------------------------------------------------------------
[2023-01-01T14:46:26.690+0000] {taskinstance.py:1383} INFO - Executing <Task(CurrencyScoopOperator): get_rate_RUB_EUR> on 2022-09-21 08:15:00+00:00
[2023-01-01T14:46:26.696+0000] {standard_task_runner.py:54} INFO - Started process 11641 to run task
[2023-01-01T14:46:26.721+0000] {standard_task_runner.py:82} INFO - Running: ['***', 'tasks', 'run', 'exchange_rates', 'get_rate_RUB_EUR', 'scheduled__2022-09-21T08:15:00+00:00', '--job-id', '11439', '--raw', '--subdir', 'DAGS_FOLDER/exchange_rates.py', '--cfg-path', '/tmp/tmpuk2_t423']
[2023-01-01T14:46:26.730+0000] {standard_task_runner.py:83} INFO - Job 11439: Subtask get_rate_RUB_EUR
[2023-01-01T14:46:26.731+0000] {dagbag.py:525} INFO - Filling up the DagBag from /opt/***/dags/exchange_rates.py
[2023-01-01T14:46:27.095+0000] {taskmixin.py:205} WARNING - Dependency <Task(CurrencyScoopOperator): get_rate_AMD_RUB>, insert_rate_AMD_RUB already registered for DAG: exchange_rates
[2023-01-01T14:46:27.099+0000] {taskmixin.py:205} WARNING - Dependency <Task(PostgresOperator): insert_rate_AMD_RUB>, get_rate_AMD_RUB already registered for DAG: exchange_rates
[2023-01-01T14:46:27.375+0000] {task_command.py:384} INFO - Running <TaskInstance: exchange_rates.get_rate_RUB_EUR scheduled__2022-09-21T08:15:00+00:00 [running]> on host d383fbf2a8e7
[2023-01-01T14:46:27.471+0000] {taskinstance.py:1592} INFO - Exporting the following env vars:
AIRFLOW_CTX_DAG_OWNER=***
AIRFLOW_CTX_DAG_ID=exchange_rates
AIRFLOW_CTX_TASK_ID=get_rate_RUB_EUR
AIRFLOW_CTX_EXECUTION_DATE=2022-09-21T08:15:00+00:00
AIRFLOW_CTX_TRY_NUMBER=1
AIRFLOW_CTX_DAG_RUN_ID=scheduled__2022-09-21T08:15:00+00:00
[2023-01-01T14:46:27.472+0000] {warnings.py:110} WARNING - /home/***/.local/lib/python3.7/site-packages/***/utils/context.py:204: AirflowContextDeprecationWarning: Accessing 'execution_date' from the template is deprecated and will be removed in a future version. Please use 'data_interval_start' or 'logical_date' instead.
  warnings.warn(_create_deprecation_warning(key, self._deprecation_replacements[key]))

[2023-01-01T14:46:27.488+0000] {base.py:71} INFO - Using connection ID 'currency_conn_id' for task execution.
[2023-01-01T14:46:27.853+0000] {taskinstance.py:1406} INFO - Marking task as SUCCESS. dag_id=exchange_rates, task_id=get_rate_RUB_EUR, execution_date=20220921T081500, start_date=20230101T144626, end_date=20230101T144627
[2023-01-01T14:46:27.914+0000] {local_task_job.py:164} INFO - Task exited with return code 0
[2023-01-01T14:46:27.984+0000] {local_task_job.py:273} INFO - 1 downstream tasks scheduled from follow-on schedule check
