[2022-12-26T13:49:50.399+0000] {taskinstance.py:1165} INFO - Dependencies all met for <TaskInstance: exchange_rates.get_rate_RUB_AMD scheduled__2021-12-24T08:15:00+00:00 [queued]>
[2022-12-26T13:49:50.482+0000] {taskinstance.py:1165} INFO - Dependencies all met for <TaskInstance: exchange_rates.get_rate_RUB_AMD scheduled__2021-12-24T08:15:00+00:00 [queued]>
[2022-12-26T13:49:50.487+0000] {taskinstance.py:1362} INFO - 
--------------------------------------------------------------------------------
[2022-12-26T13:49:50.491+0000] {taskinstance.py:1363} INFO - Starting attempt 1 of 1
[2022-12-26T13:49:50.492+0000] {taskinstance.py:1364} INFO - 
--------------------------------------------------------------------------------
[2022-12-26T13:49:50.543+0000] {taskinstance.py:1383} INFO - Executing <Task(CurrencyScoopOperator): get_rate_RUB_AMD> on 2021-12-24 08:15:00+00:00
[2022-12-26T13:49:50.566+0000] {standard_task_runner.py:54} INFO - Started process 2621 to run task
[2022-12-26T13:49:50.583+0000] {standard_task_runner.py:82} INFO - Running: ['***', 'tasks', 'run', 'exchange_rates', 'get_rate_RUB_AMD', 'scheduled__2021-12-24T08:15:00+00:00', '--job-id', '1636', '--raw', '--subdir', 'DAGS_FOLDER/exchange_rates.py', '--cfg-path', '/tmp/tmpe16i8rkf']
[2022-12-26T13:49:50.604+0000] {standard_task_runner.py:83} INFO - Job 1636: Subtask get_rate_RUB_AMD
[2022-12-26T13:49:50.605+0000] {dagbag.py:525} INFO - Filling up the DagBag from /opt/***/dags/exchange_rates.py
[2022-12-26T13:49:50.812+0000] {taskmixin.py:205} WARNING - Dependency <Task(CurrencyScoopOperator): get_rate_AMD_RUB>, insert_rate_AMD_RUB already registered for DAG: exchange_rates
[2022-12-26T13:49:50.813+0000] {taskmixin.py:205} WARNING - Dependency <Task(PostgresOperator): insert_rate_AMD_RUB>, get_rate_AMD_RUB already registered for DAG: exchange_rates
[2022-12-26T13:49:51.047+0000] {task_command.py:384} INFO - Running <TaskInstance: exchange_rates.get_rate_RUB_AMD scheduled__2021-12-24T08:15:00+00:00 [running]> on host d383fbf2a8e7
[2022-12-26T13:49:51.243+0000] {taskinstance.py:1592} INFO - Exporting the following env vars:
AIRFLOW_CTX_DAG_OWNER=***
AIRFLOW_CTX_DAG_ID=exchange_rates
AIRFLOW_CTX_TASK_ID=get_rate_RUB_AMD
AIRFLOW_CTX_EXECUTION_DATE=2021-12-24T08:15:00+00:00
AIRFLOW_CTX_TRY_NUMBER=1
AIRFLOW_CTX_DAG_RUN_ID=scheduled__2021-12-24T08:15:00+00:00
[2022-12-26T13:49:51.245+0000] {warnings.py:110} WARNING - /home/***/.local/lib/python3.7/site-packages/***/utils/context.py:204: AirflowContextDeprecationWarning: Accessing 'execution_date' from the template is deprecated and will be removed in a future version. Please use 'data_interval_start' or 'logical_date' instead.
  warnings.warn(_create_deprecation_warning(key, self._deprecation_replacements[key]))

[2022-12-26T13:49:51.299+0000] {base.py:71} INFO - Using connection ID 'currency_conn_id' for task execution.
[2022-12-26T13:49:51.781+0000] {taskinstance.py:1406} INFO - Marking task as SUCCESS. dag_id=exchange_rates, task_id=get_rate_RUB_AMD, execution_date=20211224T081500, start_date=20221226T134950, end_date=20221226T134951
[2022-12-26T13:49:51.845+0000] {local_task_job.py:164} INFO - Task exited with return code 0
[2022-12-26T13:49:51.944+0000] {local_task_job.py:273} INFO - 1 downstream tasks scheduled from follow-on schedule check
[2023-01-01T14:34:33.141+0000] {taskinstance.py:1165} INFO - Dependencies all met for <TaskInstance: exchange_rates.get_rate_RUB_AMD scheduled__2021-12-24T08:15:00+00:00 [queued]>
[2023-01-01T14:34:33.174+0000] {taskinstance.py:1165} INFO - Dependencies all met for <TaskInstance: exchange_rates.get_rate_RUB_AMD scheduled__2021-12-24T08:15:00+00:00 [queued]>
[2023-01-01T14:34:33.176+0000] {taskinstance.py:1362} INFO - 
--------------------------------------------------------------------------------
[2023-01-01T14:34:33.176+0000] {taskinstance.py:1363} INFO - Starting attempt 1 of 1
[2023-01-01T14:34:33.178+0000] {taskinstance.py:1364} INFO - 
--------------------------------------------------------------------------------
[2023-01-01T14:34:33.212+0000] {taskinstance.py:1383} INFO - Executing <Task(CurrencyScoopOperator): get_rate_RUB_AMD> on 2021-12-24 08:15:00+00:00
[2023-01-01T14:34:33.224+0000] {standard_task_runner.py:54} INFO - Started process 3253 to run task
[2023-01-01T14:34:33.255+0000] {standard_task_runner.py:82} INFO - Running: ['***', 'tasks', 'run', 'exchange_rates', 'get_rate_RUB_AMD', 'scheduled__2021-12-24T08:15:00+00:00', '--job-id', '7614', '--raw', '--subdir', 'DAGS_FOLDER/exchange_rates.py', '--cfg-path', '/tmp/tmp_68z6bq9']
[2023-01-01T14:34:33.261+0000] {standard_task_runner.py:83} INFO - Job 7614: Subtask get_rate_RUB_AMD
[2023-01-01T14:34:33.263+0000] {dagbag.py:525} INFO - Filling up the DagBag from /opt/***/dags/exchange_rates.py
[2023-01-01T14:34:33.628+0000] {taskmixin.py:205} WARNING - Dependency <Task(CurrencyScoopOperator): get_rate_AMD_RUB>, insert_rate_AMD_RUB already registered for DAG: exchange_rates
[2023-01-01T14:34:33.629+0000] {taskmixin.py:205} WARNING - Dependency <Task(PostgresOperator): insert_rate_AMD_RUB>, get_rate_AMD_RUB already registered for DAG: exchange_rates
[2023-01-01T14:34:33.749+0000] {task_command.py:384} INFO - Running <TaskInstance: exchange_rates.get_rate_RUB_AMD scheduled__2021-12-24T08:15:00+00:00 [running]> on host d383fbf2a8e7
[2023-01-01T14:34:33.873+0000] {taskinstance.py:1592} INFO - Exporting the following env vars:
AIRFLOW_CTX_DAG_OWNER=***
AIRFLOW_CTX_DAG_ID=exchange_rates
AIRFLOW_CTX_TASK_ID=get_rate_RUB_AMD
AIRFLOW_CTX_EXECUTION_DATE=2021-12-24T08:15:00+00:00
AIRFLOW_CTX_TRY_NUMBER=1
AIRFLOW_CTX_DAG_RUN_ID=scheduled__2021-12-24T08:15:00+00:00
[2023-01-01T14:34:33.874+0000] {warnings.py:110} WARNING - /home/***/.local/lib/python3.7/site-packages/***/utils/context.py:204: AirflowContextDeprecationWarning: Accessing 'execution_date' from the template is deprecated and will be removed in a future version. Please use 'data_interval_start' or 'logical_date' instead.
  warnings.warn(_create_deprecation_warning(key, self._deprecation_replacements[key]))

[2023-01-01T14:34:33.889+0000] {base.py:71} INFO - Using connection ID 'currency_conn_id' for task execution.
[2023-01-01T14:34:35.376+0000] {taskinstance.py:1406} INFO - Marking task as SUCCESS. dag_id=exchange_rates, task_id=get_rate_RUB_AMD, execution_date=20211224T081500, start_date=20230101T143433, end_date=20230101T143435
[2023-01-01T14:34:35.516+0000] {local_task_job.py:164} INFO - Task exited with return code 0
[2023-01-01T14:34:35.587+0000] {local_task_job.py:273} INFO - 1 downstream tasks scheduled from follow-on schedule check
