[2022-12-26T13:57:20.360+0000] {taskinstance.py:1165} INFO - Dependencies all met for <TaskInstance: exchange_rates.make_report scheduled__2022-05-30T08:15:00+00:00 [queued]>
[2022-12-26T13:57:20.392+0000] {taskinstance.py:1165} INFO - Dependencies all met for <TaskInstance: exchange_rates.make_report scheduled__2022-05-30T08:15:00+00:00 [queued]>
[2022-12-26T13:57:20.394+0000] {taskinstance.py:1362} INFO - 
--------------------------------------------------------------------------------
[2022-12-26T13:57:20.405+0000] {taskinstance.py:1363} INFO - Starting attempt 1 of 1
[2022-12-26T13:57:20.408+0000] {taskinstance.py:1364} INFO - 
--------------------------------------------------------------------------------
[2022-12-26T13:57:20.429+0000] {taskinstance.py:1383} INFO - Executing <Task(PythonOperator): make_report> on 2022-05-30 08:15:00+00:00
[2022-12-26T13:57:20.436+0000] {standard_task_runner.py:54} INFO - Started process 7514 to run task
[2022-12-26T13:57:20.451+0000] {standard_task_runner.py:82} INFO - Running: ['***', 'tasks', 'run', 'exchange_rates', 'make_report', 'scheduled__2022-05-30T08:15:00+00:00', '--job-id', '3863', '--raw', '--subdir', 'DAGS_FOLDER/exchange_rates.py', '--cfg-path', '/tmp/tmpc5uf9neu']
[2022-12-26T13:57:20.452+0000] {standard_task_runner.py:83} INFO - Job 3863: Subtask make_report
[2022-12-26T13:57:20.453+0000] {dagbag.py:525} INFO - Filling up the DagBag from /opt/***/dags/exchange_rates.py
[2022-12-26T13:57:20.572+0000] {taskmixin.py:205} WARNING - Dependency <Task(CurrencyScoopOperator): get_rate_AMD_RUB>, insert_rate_AMD_RUB already registered for DAG: exchange_rates
[2022-12-26T13:57:20.573+0000] {taskmixin.py:205} WARNING - Dependency <Task(PostgresOperator): insert_rate_AMD_RUB>, get_rate_AMD_RUB already registered for DAG: exchange_rates
[2022-12-26T13:57:20.652+0000] {task_command.py:384} INFO - Running <TaskInstance: exchange_rates.make_report scheduled__2022-05-30T08:15:00+00:00 [running]> on host d383fbf2a8e7
[2022-12-26T13:57:20.715+0000] {taskinstance.py:1592} INFO - Exporting the following env vars:
AIRFLOW_CTX_DAG_OWNER=***
AIRFLOW_CTX_DAG_ID=exchange_rates
AIRFLOW_CTX_TASK_ID=make_report
AIRFLOW_CTX_EXECUTION_DATE=2022-05-30T08:15:00+00:00
AIRFLOW_CTX_TRY_NUMBER=1
AIRFLOW_CTX_DAG_RUN_ID=scheduled__2022-05-30T08:15:00+00:00
[2022-12-26T13:57:21.022+0000] {python.py:177} INFO - Done. Returned value was: None
[2022-12-26T13:57:21.030+0000] {taskinstance.py:1406} INFO - Marking task as SUCCESS. dag_id=exchange_rates, task_id=make_report, execution_date=20220530T081500, start_date=20221226T135720, end_date=20221226T135721
[2022-12-26T13:57:21.066+0000] {local_task_job.py:164} INFO - Task exited with return code 0
[2022-12-26T13:57:21.082+0000] {local_task_job.py:273} INFO - 0 downstream tasks scheduled from follow-on schedule check
[2023-01-01T14:42:03.817+0000] {taskinstance.py:1165} INFO - Dependencies all met for <TaskInstance: exchange_rates.make_report scheduled__2022-05-30T08:15:00+00:00 [queued]>
[2023-01-01T14:42:03.828+0000] {taskinstance.py:1165} INFO - Dependencies all met for <TaskInstance: exchange_rates.make_report scheduled__2022-05-30T08:15:00+00:00 [queued]>
[2023-01-01T14:42:03.829+0000] {taskinstance.py:1362} INFO - 
--------------------------------------------------------------------------------
[2023-01-01T14:42:03.829+0000] {taskinstance.py:1363} INFO - Starting attempt 1 of 1
[2023-01-01T14:42:03.829+0000] {taskinstance.py:1364} INFO - 
--------------------------------------------------------------------------------
[2023-01-01T14:42:03.880+0000] {taskinstance.py:1383} INFO - Executing <Task(PythonOperator): make_report> on 2022-05-30 08:15:00+00:00
[2023-01-01T14:42:03.884+0000] {standard_task_runner.py:54} INFO - Started process 8558 to run task
[2023-01-01T14:42:03.901+0000] {standard_task_runner.py:82} INFO - Running: ['***', 'tasks', 'run', 'exchange_rates', 'make_report', 'scheduled__2022-05-30T08:15:00+00:00', '--job-id', '10044', '--raw', '--subdir', 'DAGS_FOLDER/exchange_rates.py', '--cfg-path', '/tmp/tmppil1irp1']
[2023-01-01T14:42:03.905+0000] {standard_task_runner.py:83} INFO - Job 10044: Subtask make_report
[2023-01-01T14:42:03.908+0000] {dagbag.py:525} INFO - Filling up the DagBag from /opt/***/dags/exchange_rates.py
[2023-01-01T14:42:03.991+0000] {taskmixin.py:205} WARNING - Dependency <Task(CurrencyScoopOperator): get_rate_AMD_RUB>, insert_rate_AMD_RUB already registered for DAG: exchange_rates
[2023-01-01T14:42:03.992+0000] {taskmixin.py:205} WARNING - Dependency <Task(PostgresOperator): insert_rate_AMD_RUB>, get_rate_AMD_RUB already registered for DAG: exchange_rates
[2023-01-01T14:42:04.125+0000] {task_command.py:384} INFO - Running <TaskInstance: exchange_rates.make_report scheduled__2022-05-30T08:15:00+00:00 [running]> on host d383fbf2a8e7
[2023-01-01T14:42:04.349+0000] {taskinstance.py:1592} INFO - Exporting the following env vars:
AIRFLOW_CTX_DAG_OWNER=***
AIRFLOW_CTX_DAG_ID=exchange_rates
AIRFLOW_CTX_TASK_ID=make_report
AIRFLOW_CTX_EXECUTION_DATE=2022-05-30T08:15:00+00:00
AIRFLOW_CTX_TRY_NUMBER=1
AIRFLOW_CTX_DAG_RUN_ID=scheduled__2022-05-30T08:15:00+00:00
[2023-01-01T14:42:06.296+0000] {python.py:177} INFO - Done. Returned value was: None
[2023-01-01T14:42:06.317+0000] {taskinstance.py:1406} INFO - Marking task as SUCCESS. dag_id=exchange_rates, task_id=make_report, execution_date=20220530T081500, start_date=20230101T144203, end_date=20230101T144206
[2023-01-01T14:42:06.440+0000] {local_task_job.py:164} INFO - Task exited with return code 0
[2023-01-01T14:42:06.457+0000] {local_task_job.py:273} INFO - 0 downstream tasks scheduled from follow-on schedule check
