[2022-12-26T13:47:18.001+0000] {taskinstance.py:1165} INFO - Dependencies all met for <TaskInstance: exchange_rates.make_report scheduled__2021-11-01T08:15:00+00:00 [queued]>
[2022-12-26T13:47:18.097+0000] {taskinstance.py:1165} INFO - Dependencies all met for <TaskInstance: exchange_rates.make_report scheduled__2021-11-01T08:15:00+00:00 [queued]>
[2022-12-26T13:47:18.098+0000] {taskinstance.py:1362} INFO - 
--------------------------------------------------------------------------------
[2022-12-26T13:47:18.098+0000] {taskinstance.py:1363} INFO - Starting attempt 1 of 1
[2022-12-26T13:47:18.098+0000] {taskinstance.py:1364} INFO - 
--------------------------------------------------------------------------------
[2022-12-26T13:47:18.314+0000] {taskinstance.py:1383} INFO - Executing <Task(PythonOperator): make_report> on 2021-11-01 08:15:00+00:00
[2022-12-26T13:47:18.323+0000] {standard_task_runner.py:54} INFO - Started process 1050 to run task
[2022-12-26T13:47:18.348+0000] {standard_task_runner.py:82} INFO - Running: ['***', 'tasks', 'run', 'exchange_rates', 'make_report', 'scheduled__2021-11-01T08:15:00+00:00', '--job-id', '923', '--raw', '--subdir', 'DAGS_FOLDER/exchange_rates.py', '--cfg-path', '/tmp/tmpouln_mzs']
[2022-12-26T13:47:18.351+0000] {standard_task_runner.py:83} INFO - Job 923: Subtask make_report
[2022-12-26T13:47:18.356+0000] {dagbag.py:525} INFO - Filling up the DagBag from /opt/***/dags/exchange_rates.py
[2022-12-26T13:47:18.637+0000] {taskmixin.py:205} WARNING - Dependency <Task(CurrencyScoopOperator): get_rate_AMD_RUB>, insert_rate_AMD_RUB already registered for DAG: exchange_rates
[2022-12-26T13:47:18.641+0000] {taskmixin.py:205} WARNING - Dependency <Task(PostgresOperator): insert_rate_AMD_RUB>, get_rate_AMD_RUB already registered for DAG: exchange_rates
[2022-12-26T13:47:18.744+0000] {task_command.py:384} INFO - Running <TaskInstance: exchange_rates.make_report scheduled__2021-11-01T08:15:00+00:00 [running]> on host d383fbf2a8e7
[2022-12-26T13:47:18.824+0000] {taskinstance.py:1592} INFO - Exporting the following env vars:
AIRFLOW_CTX_DAG_OWNER=***
AIRFLOW_CTX_DAG_ID=exchange_rates
AIRFLOW_CTX_TASK_ID=make_report
AIRFLOW_CTX_EXECUTION_DATE=2021-11-01T08:15:00+00:00
AIRFLOW_CTX_TRY_NUMBER=1
AIRFLOW_CTX_DAG_RUN_ID=scheduled__2021-11-01T08:15:00+00:00
[2022-12-26T13:47:19.120+0000] {python.py:177} INFO - Done. Returned value was: None
[2022-12-26T13:47:19.126+0000] {taskinstance.py:1406} INFO - Marking task as SUCCESS. dag_id=exchange_rates, task_id=make_report, execution_date=20211101T081500, start_date=20221226T134718, end_date=20221226T134719
[2022-12-26T13:47:19.198+0000] {local_task_job.py:164} INFO - Task exited with return code 0
[2022-12-26T13:47:19.214+0000] {local_task_job.py:273} INFO - 0 downstream tasks scheduled from follow-on schedule check
[2023-01-01T14:32:06.089+0000] {taskinstance.py:1165} INFO - Dependencies all met for <TaskInstance: exchange_rates.make_report scheduled__2021-11-01T08:15:00+00:00 [queued]>
[2023-01-01T14:32:06.153+0000] {taskinstance.py:1165} INFO - Dependencies all met for <TaskInstance: exchange_rates.make_report scheduled__2021-11-01T08:15:00+00:00 [queued]>
[2023-01-01T14:32:06.154+0000] {taskinstance.py:1362} INFO - 
--------------------------------------------------------------------------------
[2023-01-01T14:32:06.155+0000] {taskinstance.py:1363} INFO - Starting attempt 1 of 1
[2023-01-01T14:32:06.155+0000] {taskinstance.py:1364} INFO - 
--------------------------------------------------------------------------------
[2023-01-01T14:32:06.210+0000] {taskinstance.py:1383} INFO - Executing <Task(PythonOperator): make_report> on 2021-11-01 08:15:00+00:00
[2023-01-01T14:32:06.220+0000] {standard_task_runner.py:54} INFO - Started process 1680 to run task
[2023-01-01T14:32:06.233+0000] {standard_task_runner.py:82} INFO - Running: ['***', 'tasks', 'run', 'exchange_rates', 'make_report', 'scheduled__2021-11-01T08:15:00+00:00', '--job-id', '6908', '--raw', '--subdir', 'DAGS_FOLDER/exchange_rates.py', '--cfg-path', '/tmp/tmpynp50web']
[2023-01-01T14:32:06.234+0000] {standard_task_runner.py:83} INFO - Job 6908: Subtask make_report
[2023-01-01T14:32:06.235+0000] {dagbag.py:525} INFO - Filling up the DagBag from /opt/***/dags/exchange_rates.py
[2023-01-01T14:32:06.408+0000] {taskmixin.py:205} WARNING - Dependency <Task(CurrencyScoopOperator): get_rate_AMD_RUB>, insert_rate_AMD_RUB already registered for DAG: exchange_rates
[2023-01-01T14:32:06.412+0000] {taskmixin.py:205} WARNING - Dependency <Task(PostgresOperator): insert_rate_AMD_RUB>, get_rate_AMD_RUB already registered for DAG: exchange_rates
[2023-01-01T14:32:06.580+0000] {task_command.py:384} INFO - Running <TaskInstance: exchange_rates.make_report scheduled__2021-11-01T08:15:00+00:00 [running]> on host d383fbf2a8e7
[2023-01-01T14:32:06.825+0000] {taskinstance.py:1592} INFO - Exporting the following env vars:
AIRFLOW_CTX_DAG_OWNER=***
AIRFLOW_CTX_DAG_ID=exchange_rates
AIRFLOW_CTX_TASK_ID=make_report
AIRFLOW_CTX_EXECUTION_DATE=2021-11-01T08:15:00+00:00
AIRFLOW_CTX_TRY_NUMBER=1
AIRFLOW_CTX_DAG_RUN_ID=scheduled__2021-11-01T08:15:00+00:00
[2023-01-01T14:32:07.801+0000] {python.py:177} INFO - Done. Returned value was: None
[2023-01-01T14:32:07.814+0000] {taskinstance.py:1406} INFO - Marking task as SUCCESS. dag_id=exchange_rates, task_id=make_report, execution_date=20211101T081500, start_date=20230101T143206, end_date=20230101T143207
[2023-01-01T14:32:07.920+0000] {local_task_job.py:164} INFO - Task exited with return code 0
[2023-01-01T14:32:07.940+0000] {local_task_job.py:273} INFO - 0 downstream tasks scheduled from follow-on schedule check
