[2022-12-26T14:03:42.311+0000] {taskinstance.py:1165} INFO - Dependencies all met for <TaskInstance: exchange_rates.get_rate_USD_RUB scheduled__2022-10-28T08:15:00+00:00 [queued]>
[2022-12-26T14:03:42.366+0000] {taskinstance.py:1165} INFO - Dependencies all met for <TaskInstance: exchange_rates.get_rate_USD_RUB scheduled__2022-10-28T08:15:00+00:00 [queued]>
[2022-12-26T14:03:42.371+0000] {taskinstance.py:1362} INFO - 
--------------------------------------------------------------------------------
[2022-12-26T14:03:42.372+0000] {taskinstance.py:1363} INFO - Starting attempt 1 of 1
[2022-12-26T14:03:42.373+0000] {taskinstance.py:1364} INFO - 
--------------------------------------------------------------------------------
[2022-12-26T14:03:42.492+0000] {taskinstance.py:1383} INFO - Executing <Task(CurrencyScoopOperator): get_rate_USD_RUB> on 2022-10-28 08:15:00+00:00
[2022-12-26T14:03:42.498+0000] {standard_task_runner.py:54} INFO - Started process 11670 to run task
[2022-12-26T14:03:42.522+0000] {standard_task_runner.py:82} INFO - Running: ['***', 'tasks', 'run', 'exchange_rates', 'get_rate_USD_RUB', 'scheduled__2022-10-28T08:15:00+00:00', '--job-id', '5762', '--raw', '--subdir', 'DAGS_FOLDER/exchange_rates.py', '--cfg-path', '/tmp/tmpa0r9d87p']
[2022-12-26T14:03:42.544+0000] {standard_task_runner.py:83} INFO - Job 5762: Subtask get_rate_USD_RUB
[2022-12-26T14:03:42.553+0000] {dagbag.py:525} INFO - Filling up the DagBag from /opt/***/dags/exchange_rates.py
[2022-12-26T14:03:42.865+0000] {taskmixin.py:205} WARNING - Dependency <Task(CurrencyScoopOperator): get_rate_AMD_RUB>, insert_rate_AMD_RUB already registered for DAG: exchange_rates
[2022-12-26T14:03:42.868+0000] {taskmixin.py:205} WARNING - Dependency <Task(PostgresOperator): insert_rate_AMD_RUB>, get_rate_AMD_RUB already registered for DAG: exchange_rates
[2022-12-26T14:03:43.103+0000] {task_command.py:384} INFO - Running <TaskInstance: exchange_rates.get_rate_USD_RUB scheduled__2022-10-28T08:15:00+00:00 [running]> on host d383fbf2a8e7
[2022-12-26T14:03:43.332+0000] {taskinstance.py:1592} INFO - Exporting the following env vars:
AIRFLOW_CTX_DAG_OWNER=***
AIRFLOW_CTX_DAG_ID=exchange_rates
AIRFLOW_CTX_TASK_ID=get_rate_USD_RUB
AIRFLOW_CTX_EXECUTION_DATE=2022-10-28T08:15:00+00:00
AIRFLOW_CTX_TRY_NUMBER=1
AIRFLOW_CTX_DAG_RUN_ID=scheduled__2022-10-28T08:15:00+00:00
[2022-12-26T14:03:43.334+0000] {warnings.py:110} WARNING - /home/***/.local/lib/python3.7/site-packages/***/utils/context.py:204: AirflowContextDeprecationWarning: Accessing 'execution_date' from the template is deprecated and will be removed in a future version. Please use 'data_interval_start' or 'logical_date' instead.
  warnings.warn(_create_deprecation_warning(key, self._deprecation_replacements[key]))

[2022-12-26T14:03:43.371+0000] {base.py:71} INFO - Using connection ID 'currency_conn_id' for task execution.
[2022-12-26T14:03:43.820+0000] {taskinstance.py:1851} ERROR - Task failed with exception
Traceback (most recent call last):
  File "/opt/airflow/dags/exchange_rates.py", line 56, in execute
    return api.get_rate(context['execution_date'].date(), self.base_currency, self.currency)
  File "/opt/airflow/dags/exchange_rates.py", line 31, in get_rate
    response.raise_for_status()
  File "/home/airflow/.local/lib/python3.7/site-packages/requests/models.py", line 1021, in raise_for_status
    raise HTTPError(http_error_msg, response=self)
requests.exceptions.HTTPError: 426 Client Error: Upgrade Required for url: https://api.currencyscoop.com/v1/historical?base=USD&symbols=RUB&api_key=***&date=2022-10-28
[2022-12-26T14:03:43.834+0000] {taskinstance.py:1406} INFO - Marking task as FAILED. dag_id=exchange_rates, task_id=get_rate_USD_RUB, execution_date=20221028T081500, start_date=20221226T140342, end_date=20221226T140343
[2022-12-26T14:03:43.861+0000] {standard_task_runner.py:107} ERROR - Failed to execute job 5762 for task get_rate_USD_RUB (426 Client Error: Upgrade Required for url: https://api.currencyscoop.com/v1/historical?base=USD&symbols=RUB&api_key=***&date=2022-10-28; 11670)
[2022-12-26T14:03:43.927+0000] {local_task_job.py:164} INFO - Task exited with return code 1
[2022-12-26T14:03:43.970+0000] {local_task_job.py:273} INFO - 0 downstream tasks scheduled from follow-on schedule check
[2023-01-01T14:47:57.305+0000] {taskinstance.py:1165} INFO - Dependencies all met for <TaskInstance: exchange_rates.get_rate_USD_RUB scheduled__2022-10-28T08:15:00+00:00 [queued]>
[2023-01-01T14:47:57.353+0000] {taskinstance.py:1165} INFO - Dependencies all met for <TaskInstance: exchange_rates.get_rate_USD_RUB scheduled__2022-10-28T08:15:00+00:00 [queued]>
[2023-01-01T14:47:57.357+0000] {taskinstance.py:1362} INFO - 
--------------------------------------------------------------------------------
[2023-01-01T14:47:57.364+0000] {taskinstance.py:1363} INFO - Starting attempt 1 of 1
[2023-01-01T14:47:57.365+0000] {taskinstance.py:1364} INFO - 
--------------------------------------------------------------------------------
[2023-01-01T14:47:57.404+0000] {taskinstance.py:1383} INFO - Executing <Task(CurrencyScoopOperator): get_rate_USD_RUB> on 2022-10-28 08:15:00+00:00
[2023-01-01T14:47:57.421+0000] {standard_task_runner.py:82} INFO - Running: ['***', 'tasks', 'run', 'exchange_rates', 'get_rate_USD_RUB', 'scheduled__2022-10-28T08:15:00+00:00', '--job-id', '11925', '--raw', '--subdir', 'DAGS_FOLDER/exchange_rates.py', '--cfg-path', '/tmp/tmpwme9jizi']
[2023-01-01T14:47:57.424+0000] {standard_task_runner.py:83} INFO - Job 11925: Subtask get_rate_USD_RUB
[2023-01-01T14:47:57.415+0000] {standard_task_runner.py:54} INFO - Started process 12707 to run task
[2023-01-01T14:47:57.431+0000] {dagbag.py:525} INFO - Filling up the DagBag from /opt/***/dags/exchange_rates.py
[2023-01-01T14:47:57.760+0000] {taskmixin.py:205} WARNING - Dependency <Task(CurrencyScoopOperator): get_rate_AMD_RUB>, insert_rate_AMD_RUB already registered for DAG: exchange_rates
[2023-01-01T14:47:57.762+0000] {taskmixin.py:205} WARNING - Dependency <Task(PostgresOperator): insert_rate_AMD_RUB>, get_rate_AMD_RUB already registered for DAG: exchange_rates
[2023-01-01T14:47:57.971+0000] {task_command.py:384} INFO - Running <TaskInstance: exchange_rates.get_rate_USD_RUB scheduled__2022-10-28T08:15:00+00:00 [running]> on host d383fbf2a8e7
[2023-01-01T14:47:58.227+0000] {taskinstance.py:1592} INFO - Exporting the following env vars:
AIRFLOW_CTX_DAG_OWNER=***
AIRFLOW_CTX_DAG_ID=exchange_rates
AIRFLOW_CTX_TASK_ID=get_rate_USD_RUB
AIRFLOW_CTX_EXECUTION_DATE=2022-10-28T08:15:00+00:00
AIRFLOW_CTX_TRY_NUMBER=1
AIRFLOW_CTX_DAG_RUN_ID=scheduled__2022-10-28T08:15:00+00:00
[2023-01-01T14:47:58.228+0000] {warnings.py:110} WARNING - /home/***/.local/lib/python3.7/site-packages/***/utils/context.py:204: AirflowContextDeprecationWarning: Accessing 'execution_date' from the template is deprecated and will be removed in a future version. Please use 'data_interval_start' or 'logical_date' instead.
  warnings.warn(_create_deprecation_warning(key, self._deprecation_replacements[key]))

[2023-01-01T14:47:58.237+0000] {base.py:71} INFO - Using connection ID 'currency_conn_id' for task execution.
[2023-01-01T14:47:58.562+0000] {taskinstance.py:1406} INFO - Marking task as SUCCESS. dag_id=exchange_rates, task_id=get_rate_USD_RUB, execution_date=20221028T081500, start_date=20230101T144757, end_date=20230101T144758
[2023-01-01T14:47:58.653+0000] {local_task_job.py:164} INFO - Task exited with return code 0
[2023-01-01T14:47:58.703+0000] {local_task_job.py:273} INFO - 1 downstream tasks scheduled from follow-on schedule check
