[2022-12-26T14:02:38.296+0000] {taskinstance.py:1165} INFO - Dependencies all met for <TaskInstance: exchange_rates.make_report scheduled__2022-09-17T08:15:00+00:00 [queued]>
[2022-12-26T14:02:38.337+0000] {taskinstance.py:1165} INFO - Dependencies all met for <TaskInstance: exchange_rates.make_report scheduled__2022-09-17T08:15:00+00:00 [queued]>
[2022-12-26T14:02:38.338+0000] {taskinstance.py:1362} INFO - 
--------------------------------------------------------------------------------
[2022-12-26T14:02:38.338+0000] {taskinstance.py:1363} INFO - Starting attempt 1 of 1
[2022-12-26T14:02:38.339+0000] {taskinstance.py:1364} INFO - 
--------------------------------------------------------------------------------
[2022-12-26T14:02:38.373+0000] {taskinstance.py:1383} INFO - Executing <Task(PythonOperator): make_report> on 2022-09-17 08:15:00+00:00
[2022-12-26T14:02:38.385+0000] {standard_task_runner.py:54} INFO - Started process 10965 to run task
[2022-12-26T14:02:38.456+0000] {standard_task_runner.py:82} INFO - Running: ['***', 'tasks', 'run', 'exchange_rates', 'make_report', 'scheduled__2022-09-17T08:15:00+00:00', '--job-id', '5441', '--raw', '--subdir', 'DAGS_FOLDER/exchange_rates.py', '--cfg-path', '/tmp/tmphrwwzjby']
[2022-12-26T14:02:38.460+0000] {standard_task_runner.py:83} INFO - Job 5441: Subtask make_report
[2022-12-26T14:02:38.463+0000] {dagbag.py:525} INFO - Filling up the DagBag from /opt/***/dags/exchange_rates.py
[2022-12-26T14:02:38.825+0000] {taskmixin.py:205} WARNING - Dependency <Task(CurrencyScoopOperator): get_rate_AMD_RUB>, insert_rate_AMD_RUB already registered for DAG: exchange_rates
[2022-12-26T14:02:38.831+0000] {taskmixin.py:205} WARNING - Dependency <Task(PostgresOperator): insert_rate_AMD_RUB>, get_rate_AMD_RUB already registered for DAG: exchange_rates
[2022-12-26T14:02:39.013+0000] {task_command.py:384} INFO - Running <TaskInstance: exchange_rates.make_report scheduled__2022-09-17T08:15:00+00:00 [running]> on host d383fbf2a8e7
[2022-12-26T14:02:39.234+0000] {taskinstance.py:1592} INFO - Exporting the following env vars:
AIRFLOW_CTX_DAG_OWNER=***
AIRFLOW_CTX_DAG_ID=exchange_rates
AIRFLOW_CTX_TASK_ID=make_report
AIRFLOW_CTX_EXECUTION_DATE=2022-09-17T08:15:00+00:00
AIRFLOW_CTX_TRY_NUMBER=1
AIRFLOW_CTX_DAG_RUN_ID=scheduled__2022-09-17T08:15:00+00:00
[2022-12-26T14:02:40.247+0000] {python.py:177} INFO - Done. Returned value was: None
[2022-12-26T14:02:40.259+0000] {taskinstance.py:1406} INFO - Marking task as SUCCESS. dag_id=exchange_rates, task_id=make_report, execution_date=20220917T081500, start_date=20221226T140238, end_date=20221226T140240
[2022-12-26T14:02:40.318+0000] {local_task_job.py:164} INFO - Task exited with return code 0
[2022-12-26T14:02:40.338+0000] {local_task_job.py:273} INFO - 0 downstream tasks scheduled from follow-on schedule check
[2023-01-01T14:46:14.925+0000] {taskinstance.py:1165} INFO - Dependencies all met for <TaskInstance: exchange_rates.make_report scheduled__2022-09-17T08:15:00+00:00 [queued]>
[2023-01-01T14:46:14.983+0000] {taskinstance.py:1165} INFO - Dependencies all met for <TaskInstance: exchange_rates.make_report scheduled__2022-09-17T08:15:00+00:00 [queued]>
[2023-01-01T14:46:14.987+0000] {taskinstance.py:1362} INFO - 
--------------------------------------------------------------------------------
[2023-01-01T14:46:14.988+0000] {taskinstance.py:1363} INFO - Starting attempt 1 of 1
[2023-01-01T14:46:14.989+0000] {taskinstance.py:1364} INFO - 
--------------------------------------------------------------------------------
[2023-01-01T14:46:15.077+0000] {taskinstance.py:1383} INFO - Executing <Task(PythonOperator): make_report> on 2022-09-17 08:15:00+00:00
[2023-01-01T14:46:15.082+0000] {standard_task_runner.py:54} INFO - Started process 11597 to run task
[2023-01-01T14:46:15.108+0000] {standard_task_runner.py:82} INFO - Running: ['***', 'tasks', 'run', 'exchange_rates', 'make_report', 'scheduled__2022-09-17T08:15:00+00:00', '--job-id', '11426', '--raw', '--subdir', 'DAGS_FOLDER/exchange_rates.py', '--cfg-path', '/tmp/tmpxtj32w7d']
[2023-01-01T14:46:15.124+0000] {standard_task_runner.py:83} INFO - Job 11426: Subtask make_report
[2023-01-01T14:46:15.126+0000] {dagbag.py:525} INFO - Filling up the DagBag from /opt/***/dags/exchange_rates.py
[2023-01-01T14:46:15.431+0000] {taskmixin.py:205} WARNING - Dependency <Task(CurrencyScoopOperator): get_rate_AMD_RUB>, insert_rate_AMD_RUB already registered for DAG: exchange_rates
[2023-01-01T14:46:15.431+0000] {taskmixin.py:205} WARNING - Dependency <Task(PostgresOperator): insert_rate_AMD_RUB>, get_rate_AMD_RUB already registered for DAG: exchange_rates
[2023-01-01T14:46:15.612+0000] {task_command.py:384} INFO - Running <TaskInstance: exchange_rates.make_report scheduled__2022-09-17T08:15:00+00:00 [running]> on host d383fbf2a8e7
[2023-01-01T14:46:15.853+0000] {taskinstance.py:1592} INFO - Exporting the following env vars:
AIRFLOW_CTX_DAG_OWNER=***
AIRFLOW_CTX_DAG_ID=exchange_rates
AIRFLOW_CTX_TASK_ID=make_report
AIRFLOW_CTX_EXECUTION_DATE=2022-09-17T08:15:00+00:00
AIRFLOW_CTX_TRY_NUMBER=1
AIRFLOW_CTX_DAG_RUN_ID=scheduled__2022-09-17T08:15:00+00:00
[2023-01-01T14:46:16.884+0000] {python.py:177} INFO - Done. Returned value was: None
[2023-01-01T14:46:16.912+0000] {taskinstance.py:1406} INFO - Marking task as SUCCESS. dag_id=exchange_rates, task_id=make_report, execution_date=20220917T081500, start_date=20230101T144614, end_date=20230101T144616
[2023-01-01T14:46:16.980+0000] {local_task_job.py:164} INFO - Task exited with return code 0
[2023-01-01T14:46:16.996+0000] {local_task_job.py:273} INFO - 0 downstream tasks scheduled from follow-on schedule check
