[2022-12-26T13:51:50.011+0000] {taskinstance.py:1165} INFO - Dependencies all met for <TaskInstance: exchange_rates.insert_rate_USD_RUB scheduled__2022-01-27T08:15:00+00:00 [queued]>
[2022-12-26T13:51:50.020+0000] {taskinstance.py:1165} INFO - Dependencies all met for <TaskInstance: exchange_rates.insert_rate_USD_RUB scheduled__2022-01-27T08:15:00+00:00 [queued]>
[2022-12-26T13:51:50.021+0000] {taskinstance.py:1362} INFO - 
--------------------------------------------------------------------------------
[2022-12-26T13:51:50.022+0000] {taskinstance.py:1363} INFO - Starting attempt 1 of 1
[2022-12-26T13:51:50.022+0000] {taskinstance.py:1364} INFO - 
--------------------------------------------------------------------------------
[2022-12-26T13:51:50.053+0000] {taskinstance.py:1383} INFO - Executing <Task(PostgresOperator): insert_rate_USD_RUB> on 2022-01-27 08:15:00+00:00
[2022-12-26T13:51:50.061+0000] {standard_task_runner.py:54} INFO - Started process 3858 to run task
[2022-12-26T13:51:50.095+0000] {standard_task_runner.py:82} INFO - Running: ['***', 'tasks', 'run', 'exchange_rates', 'insert_rate_USD_RUB', 'scheduled__2022-01-27T08:15:00+00:00', '--job-id', '2203', '--raw', '--subdir', 'DAGS_FOLDER/exchange_rates.py', '--cfg-path', '/tmp/tmp6u47bwi_']
[2022-12-26T13:51:50.097+0000] {standard_task_runner.py:83} INFO - Job 2203: Subtask insert_rate_USD_RUB
[2022-12-26T13:51:50.104+0000] {dagbag.py:525} INFO - Filling up the DagBag from /opt/***/dags/exchange_rates.py
[2022-12-26T13:51:50.397+0000] {taskmixin.py:205} WARNING - Dependency <Task(CurrencyScoopOperator): get_rate_AMD_RUB>, insert_rate_AMD_RUB already registered for DAG: exchange_rates
[2022-12-26T13:51:50.402+0000] {taskmixin.py:205} WARNING - Dependency <Task(PostgresOperator): insert_rate_AMD_RUB>, get_rate_AMD_RUB already registered for DAG: exchange_rates
[2022-12-26T13:51:50.602+0000] {task_command.py:384} INFO - Running <TaskInstance: exchange_rates.insert_rate_USD_RUB scheduled__2022-01-27T08:15:00+00:00 [running]> on host d383fbf2a8e7
[2022-12-26T13:51:50.725+0000] {warnings.py:110} WARNING - /home/***/.local/lib/python3.7/site-packages/***/utils/context.py:204: AirflowContextDeprecationWarning: Accessing 'execution_date' from the template is deprecated and will be removed in a future version. Please use 'data_interval_start' or 'logical_date' instead.
  warnings.warn(_create_deprecation_warning(key, self._deprecation_replacements[key]))

[2022-12-26T13:51:50.954+0000] {taskinstance.py:1592} INFO - Exporting the following env vars:
AIRFLOW_CTX_DAG_OWNER=***
AIRFLOW_CTX_DAG_ID=exchange_rates
AIRFLOW_CTX_TASK_ID=insert_rate_USD_RUB
AIRFLOW_CTX_EXECUTION_DATE=2022-01-27T08:15:00+00:00
AIRFLOW_CTX_TRY_NUMBER=1
AIRFLOW_CTX_DAG_RUN_ID=scheduled__2022-01-27T08:15:00+00:00
[2022-12-26T13:51:50.981+0000] {base.py:71} INFO - Using connection ID 'postgres_default' for task execution.
[2022-12-26T13:51:50.986+0000] {sql.py:315} INFO - Running statement: INSERT INTO
    exchange_rates
VALUES ('USD', 'RUB', 77.71531194, '2022-01-27')
ON CONFLICT (base, currency, date) DO
    UPDATE
        SET rate = excluded.rate;, parameters: None
[2022-12-26T13:51:50.990+0000] {sql.py:324} INFO - Rows affected: 1
[2022-12-26T13:51:51.008+0000] {taskinstance.py:1406} INFO - Marking task as SUCCESS. dag_id=exchange_rates, task_id=insert_rate_USD_RUB, execution_date=20220127T081500, start_date=20221226T135150, end_date=20221226T135151
[2022-12-26T13:51:51.092+0000] {local_task_job.py:164} INFO - Task exited with return code 0
[2022-12-26T13:51:51.133+0000] {local_task_job.py:273} INFO - 0 downstream tasks scheduled from follow-on schedule check
[2023-01-01T14:36:16.357+0000] {taskinstance.py:1165} INFO - Dependencies all met for <TaskInstance: exchange_rates.insert_rate_USD_RUB scheduled__2022-01-27T08:15:00+00:00 [queued]>
[2023-01-01T14:36:16.389+0000] {taskinstance.py:1165} INFO - Dependencies all met for <TaskInstance: exchange_rates.insert_rate_USD_RUB scheduled__2022-01-27T08:15:00+00:00 [queued]>
[2023-01-01T14:36:16.391+0000] {taskinstance.py:1362} INFO - 
--------------------------------------------------------------------------------
[2023-01-01T14:36:16.393+0000] {taskinstance.py:1363} INFO - Starting attempt 1 of 1
[2023-01-01T14:36:16.393+0000] {taskinstance.py:1364} INFO - 
--------------------------------------------------------------------------------
[2023-01-01T14:36:16.474+0000] {taskinstance.py:1383} INFO - Executing <Task(PostgresOperator): insert_rate_USD_RUB> on 2022-01-27 08:15:00+00:00
[2023-01-01T14:36:16.508+0000] {standard_task_runner.py:82} INFO - Running: ['***', 'tasks', 'run', 'exchange_rates', 'insert_rate_USD_RUB', 'scheduled__2022-01-27T08:15:00+00:00', '--job-id', '8181', '--raw', '--subdir', 'DAGS_FOLDER/exchange_rates.py', '--cfg-path', '/tmp/tmpqmopp07d']
[2023-01-01T14:36:16.510+0000] {standard_task_runner.py:83} INFO - Job 8181: Subtask insert_rate_USD_RUB
[2023-01-01T14:36:16.492+0000] {standard_task_runner.py:54} INFO - Started process 4490 to run task
[2023-01-01T14:36:16.513+0000] {dagbag.py:525} INFO - Filling up the DagBag from /opt/***/dags/exchange_rates.py
[2023-01-01T14:36:16.842+0000] {taskmixin.py:205} WARNING - Dependency <Task(CurrencyScoopOperator): get_rate_AMD_RUB>, insert_rate_AMD_RUB already registered for DAG: exchange_rates
[2023-01-01T14:36:16.845+0000] {taskmixin.py:205} WARNING - Dependency <Task(PostgresOperator): insert_rate_AMD_RUB>, get_rate_AMD_RUB already registered for DAG: exchange_rates
[2023-01-01T14:36:17.140+0000] {task_command.py:384} INFO - Running <TaskInstance: exchange_rates.insert_rate_USD_RUB scheduled__2022-01-27T08:15:00+00:00 [running]> on host d383fbf2a8e7
[2023-01-01T14:36:17.243+0000] {warnings.py:110} WARNING - /home/***/.local/lib/python3.7/site-packages/***/utils/context.py:204: AirflowContextDeprecationWarning: Accessing 'execution_date' from the template is deprecated and will be removed in a future version. Please use 'data_interval_start' or 'logical_date' instead.
  warnings.warn(_create_deprecation_warning(key, self._deprecation_replacements[key]))

[2023-01-01T14:36:17.377+0000] {taskinstance.py:1592} INFO - Exporting the following env vars:
AIRFLOW_CTX_DAG_OWNER=***
AIRFLOW_CTX_DAG_ID=exchange_rates
AIRFLOW_CTX_TASK_ID=insert_rate_USD_RUB
AIRFLOW_CTX_EXECUTION_DATE=2022-01-27T08:15:00+00:00
AIRFLOW_CTX_TRY_NUMBER=1
AIRFLOW_CTX_DAG_RUN_ID=scheduled__2022-01-27T08:15:00+00:00
[2023-01-01T14:36:17.395+0000] {base.py:71} INFO - Using connection ID 'postgres_default' for task execution.
[2023-01-01T14:36:17.398+0000] {sql.py:315} INFO - Running statement: INSERT INTO
    exchange_rates
VALUES ('USD', 'RUB', 77.71531194, '2022-01-27')
ON CONFLICT (base, currency, date) DO
    UPDATE
        SET rate = excluded.rate;, parameters: None
[2023-01-01T14:36:17.415+0000] {sql.py:324} INFO - Rows affected: 1
[2023-01-01T14:36:17.424+0000] {taskinstance.py:1406} INFO - Marking task as SUCCESS. dag_id=exchange_rates, task_id=insert_rate_USD_RUB, execution_date=20220127T081500, start_date=20230101T143616, end_date=20230101T143617
[2023-01-01T14:36:17.504+0000] {local_task_job.py:164} INFO - Task exited with return code 0
[2023-01-01T14:36:17.543+0000] {local_task_job.py:273} INFO - 0 downstream tasks scheduled from follow-on schedule check
