[2022-12-26T13:58:34.028+0000] {taskinstance.py:1165} INFO - Dependencies all met for <TaskInstance: exchange_rates.insert_rate_RUB_USD scheduled__2022-06-24T08:15:00+00:00 [queued]>
[2022-12-26T13:58:34.076+0000] {taskinstance.py:1165} INFO - Dependencies all met for <TaskInstance: exchange_rates.insert_rate_RUB_USD scheduled__2022-06-24T08:15:00+00:00 [queued]>
[2022-12-26T13:58:34.080+0000] {taskinstance.py:1362} INFO - 
--------------------------------------------------------------------------------
[2022-12-26T13:58:34.080+0000] {taskinstance.py:1363} INFO - Starting attempt 1 of 1
[2022-12-26T13:58:34.083+0000] {taskinstance.py:1364} INFO - 
--------------------------------------------------------------------------------
[2022-12-26T13:58:34.146+0000] {taskinstance.py:1383} INFO - Executing <Task(PostgresOperator): insert_rate_RUB_USD> on 2022-06-24 08:15:00+00:00
[2022-12-26T13:58:34.154+0000] {standard_task_runner.py:54} INFO - Started process 8345 to run task
[2022-12-26T13:58:34.183+0000] {standard_task_runner.py:82} INFO - Running: ['***', 'tasks', 'run', 'exchange_rates', 'insert_rate_RUB_USD', 'scheduled__2022-06-24T08:15:00+00:00', '--job-id', '4247', '--raw', '--subdir', 'DAGS_FOLDER/exchange_rates.py', '--cfg-path', '/tmp/tmpp1pfhc64']
[2022-12-26T13:58:34.194+0000] {standard_task_runner.py:83} INFO - Job 4247: Subtask insert_rate_RUB_USD
[2022-12-26T13:58:34.196+0000] {dagbag.py:525} INFO - Filling up the DagBag from /opt/***/dags/exchange_rates.py
[2022-12-26T13:58:34.512+0000] {taskmixin.py:205} WARNING - Dependency <Task(CurrencyScoopOperator): get_rate_AMD_RUB>, insert_rate_AMD_RUB already registered for DAG: exchange_rates
[2022-12-26T13:58:34.516+0000] {taskmixin.py:205} WARNING - Dependency <Task(PostgresOperator): insert_rate_AMD_RUB>, get_rate_AMD_RUB already registered for DAG: exchange_rates
[2022-12-26T13:58:34.729+0000] {task_command.py:384} INFO - Running <TaskInstance: exchange_rates.insert_rate_RUB_USD scheduled__2022-06-24T08:15:00+00:00 [running]> on host d383fbf2a8e7
[2022-12-26T13:58:34.835+0000] {warnings.py:110} WARNING - /home/***/.local/lib/python3.7/site-packages/***/utils/context.py:204: AirflowContextDeprecationWarning: Accessing 'execution_date' from the template is deprecated and will be removed in a future version. Please use 'data_interval_start' or 'logical_date' instead.
  warnings.warn(_create_deprecation_warning(key, self._deprecation_replacements[key]))

[2022-12-26T13:58:34.961+0000] {taskinstance.py:1592} INFO - Exporting the following env vars:
AIRFLOW_CTX_DAG_OWNER=***
AIRFLOW_CTX_DAG_ID=exchange_rates
AIRFLOW_CTX_TASK_ID=insert_rate_RUB_USD
AIRFLOW_CTX_EXECUTION_DATE=2022-06-24T08:15:00+00:00
AIRFLOW_CTX_TRY_NUMBER=1
AIRFLOW_CTX_DAG_RUN_ID=scheduled__2022-06-24T08:15:00+00:00
[2022-12-26T13:58:34.971+0000] {base.py:71} INFO - Using connection ID 'postgres_default' for task execution.
[2022-12-26T13:58:35.004+0000] {sql.py:315} INFO - Running statement: INSERT INTO
    exchange_rates
VALUES ('RUB', 'USD', 0.01763132, '2022-06-24')
ON CONFLICT (base, currency, date) DO
    UPDATE
        SET rate = excluded.rate;, parameters: None
[2022-12-26T13:58:35.009+0000] {sql.py:324} INFO - Rows affected: 1
[2022-12-26T13:58:35.030+0000] {taskinstance.py:1406} INFO - Marking task as SUCCESS. dag_id=exchange_rates, task_id=insert_rate_RUB_USD, execution_date=20220624T081500, start_date=20221226T135834, end_date=20221226T135835
[2022-12-26T13:58:35.150+0000] {local_task_job.py:164} INFO - Task exited with return code 0
[2022-12-26T13:58:35.219+0000] {local_task_job.py:273} INFO - 0 downstream tasks scheduled from follow-on schedule check
[2023-01-01T14:42:42.282+0000] {taskinstance.py:1165} INFO - Dependencies all met for <TaskInstance: exchange_rates.insert_rate_RUB_USD scheduled__2022-06-24T08:15:00+00:00 [queued]>
[2023-01-01T14:42:42.326+0000] {taskinstance.py:1165} INFO - Dependencies all met for <TaskInstance: exchange_rates.insert_rate_RUB_USD scheduled__2022-06-24T08:15:00+00:00 [queued]>
[2023-01-01T14:42:42.327+0000] {taskinstance.py:1362} INFO - 
--------------------------------------------------------------------------------
[2023-01-01T14:42:42.328+0000] {taskinstance.py:1363} INFO - Starting attempt 1 of 1
[2023-01-01T14:42:42.328+0000] {taskinstance.py:1364} INFO - 
--------------------------------------------------------------------------------
[2023-01-01T14:42:42.392+0000] {taskinstance.py:1383} INFO - Executing <Task(PostgresOperator): insert_rate_RUB_USD> on 2022-06-24 08:15:00+00:00
[2023-01-01T14:42:42.404+0000] {standard_task_runner.py:54} INFO - Started process 8987 to run task
[2023-01-01T14:42:42.416+0000] {standard_task_runner.py:82} INFO - Running: ['***', 'tasks', 'run', 'exchange_rates', 'insert_rate_RUB_USD', 'scheduled__2022-06-24T08:15:00+00:00', '--job-id', '10230', '--raw', '--subdir', 'DAGS_FOLDER/exchange_rates.py', '--cfg-path', '/tmp/tmp9jozqt6e']
[2023-01-01T14:42:42.422+0000] {standard_task_runner.py:83} INFO - Job 10230: Subtask insert_rate_RUB_USD
[2023-01-01T14:42:42.424+0000] {dagbag.py:525} INFO - Filling up the DagBag from /opt/***/dags/exchange_rates.py
[2023-01-01T14:42:42.733+0000] {taskmixin.py:205} WARNING - Dependency <Task(CurrencyScoopOperator): get_rate_AMD_RUB>, insert_rate_AMD_RUB already registered for DAG: exchange_rates
[2023-01-01T14:42:42.735+0000] {taskmixin.py:205} WARNING - Dependency <Task(PostgresOperator): insert_rate_AMD_RUB>, get_rate_AMD_RUB already registered for DAG: exchange_rates
[2023-01-01T14:42:42.894+0000] {task_command.py:384} INFO - Running <TaskInstance: exchange_rates.insert_rate_RUB_USD scheduled__2022-06-24T08:15:00+00:00 [running]> on host d383fbf2a8e7
[2023-01-01T14:42:43.120+0000] {warnings.py:110} WARNING - /home/***/.local/lib/python3.7/site-packages/***/utils/context.py:204: AirflowContextDeprecationWarning: Accessing 'execution_date' from the template is deprecated and will be removed in a future version. Please use 'data_interval_start' or 'logical_date' instead.
  warnings.warn(_create_deprecation_warning(key, self._deprecation_replacements[key]))

[2023-01-01T14:42:43.286+0000] {taskinstance.py:1592} INFO - Exporting the following env vars:
AIRFLOW_CTX_DAG_OWNER=***
AIRFLOW_CTX_DAG_ID=exchange_rates
AIRFLOW_CTX_TASK_ID=insert_rate_RUB_USD
AIRFLOW_CTX_EXECUTION_DATE=2022-06-24T08:15:00+00:00
AIRFLOW_CTX_TRY_NUMBER=1
AIRFLOW_CTX_DAG_RUN_ID=scheduled__2022-06-24T08:15:00+00:00
[2023-01-01T14:42:43.314+0000] {base.py:71} INFO - Using connection ID 'postgres_default' for task execution.
[2023-01-01T14:42:43.322+0000] {sql.py:315} INFO - Running statement: INSERT INTO
    exchange_rates
VALUES ('RUB', 'USD', 0.01763132, '2022-06-24')
ON CONFLICT (base, currency, date) DO
    UPDATE
        SET rate = excluded.rate;, parameters: None
[2023-01-01T14:42:43.323+0000] {sql.py:324} INFO - Rows affected: 1
[2023-01-01T14:42:43.344+0000] {taskinstance.py:1406} INFO - Marking task as SUCCESS. dag_id=exchange_rates, task_id=insert_rate_RUB_USD, execution_date=20220624T081500, start_date=20230101T144242, end_date=20230101T144243
[2023-01-01T14:42:43.445+0000] {local_task_job.py:164} INFO - Task exited with return code 0
[2023-01-01T14:42:43.479+0000] {local_task_job.py:273} INFO - 1 downstream tasks scheduled from follow-on schedule check
