[2022-12-26T14:00:17.691+0000] {taskinstance.py:1165} INFO - Dependencies all met for <TaskInstance: exchange_rates.make_report scheduled__2022-07-19T08:15:00+00:00 [queued]>
[2022-12-26T14:00:17.765+0000] {taskinstance.py:1165} INFO - Dependencies all met for <TaskInstance: exchange_rates.make_report scheduled__2022-07-19T08:15:00+00:00 [queued]>
[2022-12-26T14:00:17.768+0000] {taskinstance.py:1362} INFO - 
--------------------------------------------------------------------------------
[2022-12-26T14:00:17.769+0000] {taskinstance.py:1363} INFO - Starting attempt 1 of 1
[2022-12-26T14:00:17.770+0000] {taskinstance.py:1364} INFO - 
--------------------------------------------------------------------------------
[2022-12-26T14:00:17.839+0000] {taskinstance.py:1383} INFO - Executing <Task(PythonOperator): make_report> on 2022-07-19 08:15:00+00:00
[2022-12-26T14:00:17.859+0000] {standard_task_runner.py:54} INFO - Started process 9461 to run task
[2022-12-26T14:00:17.874+0000] {standard_task_runner.py:82} INFO - Running: ['***', 'tasks', 'run', 'exchange_rates', 'make_report', 'scheduled__2022-07-19T08:15:00+00:00', '--job-id', '4756', '--raw', '--subdir', 'DAGS_FOLDER/exchange_rates.py', '--cfg-path', '/tmp/tmpp5nrrui4']
[2022-12-26T14:00:17.879+0000] {standard_task_runner.py:83} INFO - Job 4756: Subtask make_report
[2022-12-26T14:00:17.882+0000] {dagbag.py:525} INFO - Filling up the DagBag from /opt/***/dags/exchange_rates.py
[2022-12-26T14:00:18.194+0000] {taskmixin.py:205} WARNING - Dependency <Task(CurrencyScoopOperator): get_rate_AMD_RUB>, insert_rate_AMD_RUB already registered for DAG: exchange_rates
[2022-12-26T14:00:18.195+0000] {taskmixin.py:205} WARNING - Dependency <Task(PostgresOperator): insert_rate_AMD_RUB>, get_rate_AMD_RUB already registered for DAG: exchange_rates
[2022-12-26T14:00:18.473+0000] {task_command.py:384} INFO - Running <TaskInstance: exchange_rates.make_report scheduled__2022-07-19T08:15:00+00:00 [running]> on host d383fbf2a8e7
[2022-12-26T14:00:18.706+0000] {taskinstance.py:1592} INFO - Exporting the following env vars:
AIRFLOW_CTX_DAG_OWNER=***
AIRFLOW_CTX_DAG_ID=exchange_rates
AIRFLOW_CTX_TASK_ID=make_report
AIRFLOW_CTX_EXECUTION_DATE=2022-07-19T08:15:00+00:00
AIRFLOW_CTX_TRY_NUMBER=1
AIRFLOW_CTX_DAG_RUN_ID=scheduled__2022-07-19T08:15:00+00:00
[2022-12-26T14:00:21.053+0000] {python.py:177} INFO - Done. Returned value was: None
[2022-12-26T14:00:21.071+0000] {taskinstance.py:1406} INFO - Marking task as SUCCESS. dag_id=exchange_rates, task_id=make_report, execution_date=20220719T081500, start_date=20221226T140017, end_date=20221226T140021
[2022-12-26T14:00:21.234+0000] {local_task_job.py:164} INFO - Task exited with return code 0
[2022-12-26T14:00:21.283+0000] {local_task_job.py:273} INFO - 0 downstream tasks scheduled from follow-on schedule check
[2023-01-01T14:44:06.212+0000] {taskinstance.py:1165} INFO - Dependencies all met for <TaskInstance: exchange_rates.make_report scheduled__2022-07-19T08:15:00+00:00 [queued]>
[2023-01-01T14:44:06.228+0000] {taskinstance.py:1165} INFO - Dependencies all met for <TaskInstance: exchange_rates.make_report scheduled__2022-07-19T08:15:00+00:00 [queued]>
[2023-01-01T14:44:06.229+0000] {taskinstance.py:1362} INFO - 
--------------------------------------------------------------------------------
[2023-01-01T14:44:06.229+0000] {taskinstance.py:1363} INFO - Starting attempt 1 of 1
[2023-01-01T14:44:06.230+0000] {taskinstance.py:1364} INFO - 
--------------------------------------------------------------------------------
[2023-01-01T14:44:06.277+0000] {taskinstance.py:1383} INFO - Executing <Task(PythonOperator): make_report> on 2022-07-19 08:15:00+00:00
[2023-01-01T14:44:06.288+0000] {standard_task_runner.py:54} INFO - Started process 10062 to run task
[2023-01-01T14:44:06.308+0000] {standard_task_runner.py:82} INFO - Running: ['***', 'tasks', 'run', 'exchange_rates', 'make_report', 'scheduled__2022-07-19T08:15:00+00:00', '--job-id', '10732', '--raw', '--subdir', 'DAGS_FOLDER/exchange_rates.py', '--cfg-path', '/tmp/tmpvrg9xu0i']
[2023-01-01T14:44:06.313+0000] {standard_task_runner.py:83} INFO - Job 10732: Subtask make_report
[2023-01-01T14:44:06.315+0000] {dagbag.py:525} INFO - Filling up the DagBag from /opt/***/dags/exchange_rates.py
[2023-01-01T14:44:06.586+0000] {taskmixin.py:205} WARNING - Dependency <Task(CurrencyScoopOperator): get_rate_AMD_RUB>, insert_rate_AMD_RUB already registered for DAG: exchange_rates
[2023-01-01T14:44:06.587+0000] {taskmixin.py:205} WARNING - Dependency <Task(PostgresOperator): insert_rate_AMD_RUB>, get_rate_AMD_RUB already registered for DAG: exchange_rates
[2023-01-01T14:44:06.738+0000] {task_command.py:384} INFO - Running <TaskInstance: exchange_rates.make_report scheduled__2022-07-19T08:15:00+00:00 [running]> on host d383fbf2a8e7
[2023-01-01T14:44:06.885+0000] {taskinstance.py:1592} INFO - Exporting the following env vars:
AIRFLOW_CTX_DAG_OWNER=***
AIRFLOW_CTX_DAG_ID=exchange_rates
AIRFLOW_CTX_TASK_ID=make_report
AIRFLOW_CTX_EXECUTION_DATE=2022-07-19T08:15:00+00:00
AIRFLOW_CTX_TRY_NUMBER=1
AIRFLOW_CTX_DAG_RUN_ID=scheduled__2022-07-19T08:15:00+00:00
[2023-01-01T14:44:08.911+0000] {python.py:177} INFO - Done. Returned value was: None
[2023-01-01T14:44:08.936+0000] {taskinstance.py:1406} INFO - Marking task as SUCCESS. dag_id=exchange_rates, task_id=make_report, execution_date=20220719T081500, start_date=20230101T144406, end_date=20230101T144408
[2023-01-01T14:44:09.092+0000] {local_task_job.py:164} INFO - Task exited with return code 0
[2023-01-01T14:44:09.109+0000] {local_task_job.py:273} INFO - 0 downstream tasks scheduled from follow-on schedule check
