[2022-12-26T14:02:48.973+0000] {taskinstance.py:1165} INFO - Dependencies all met for <TaskInstance: exchange_rates.get_rate_EUR_RUB scheduled__2022-09-22T08:15:00+00:00 [queued]>
[2022-12-26T14:02:49.005+0000] {taskinstance.py:1165} INFO - Dependencies all met for <TaskInstance: exchange_rates.get_rate_EUR_RUB scheduled__2022-09-22T08:15:00+00:00 [queued]>
[2022-12-26T14:02:49.013+0000] {taskinstance.py:1362} INFO - 
--------------------------------------------------------------------------------
[2022-12-26T14:02:49.014+0000] {taskinstance.py:1363} INFO - Starting attempt 1 of 1
[2022-12-26T14:02:49.015+0000] {taskinstance.py:1364} INFO - 
--------------------------------------------------------------------------------
[2022-12-26T14:02:49.069+0000] {taskinstance.py:1383} INFO - Executing <Task(CurrencyScoopOperator): get_rate_EUR_RUB> on 2022-09-22 08:15:00+00:00
[2022-12-26T14:02:49.083+0000] {standard_task_runner.py:54} INFO - Started process 11043 to run task
[2022-12-26T14:02:49.109+0000] {standard_task_runner.py:82} INFO - Running: ['***', 'tasks', 'run', 'exchange_rates', 'get_rate_EUR_RUB', 'scheduled__2022-09-22T08:15:00+00:00', '--job-id', '5470', '--raw', '--subdir', 'DAGS_FOLDER/exchange_rates.py', '--cfg-path', '/tmp/tmpt485y4cs']
[2022-12-26T14:02:49.114+0000] {standard_task_runner.py:83} INFO - Job 5470: Subtask get_rate_EUR_RUB
[2022-12-26T14:02:49.117+0000] {dagbag.py:525} INFO - Filling up the DagBag from /opt/***/dags/exchange_rates.py
[2022-12-26T14:02:49.371+0000] {taskmixin.py:205} WARNING - Dependency <Task(CurrencyScoopOperator): get_rate_AMD_RUB>, insert_rate_AMD_RUB already registered for DAG: exchange_rates
[2022-12-26T14:02:49.373+0000] {taskmixin.py:205} WARNING - Dependency <Task(PostgresOperator): insert_rate_AMD_RUB>, get_rate_AMD_RUB already registered for DAG: exchange_rates
[2022-12-26T14:02:49.566+0000] {task_command.py:384} INFO - Running <TaskInstance: exchange_rates.get_rate_EUR_RUB scheduled__2022-09-22T08:15:00+00:00 [running]> on host d383fbf2a8e7
[2022-12-26T14:02:49.771+0000] {taskinstance.py:1592} INFO - Exporting the following env vars:
AIRFLOW_CTX_DAG_OWNER=***
AIRFLOW_CTX_DAG_ID=exchange_rates
AIRFLOW_CTX_TASK_ID=get_rate_EUR_RUB
AIRFLOW_CTX_EXECUTION_DATE=2022-09-22T08:15:00+00:00
AIRFLOW_CTX_TRY_NUMBER=1
AIRFLOW_CTX_DAG_RUN_ID=scheduled__2022-09-22T08:15:00+00:00
[2022-12-26T14:02:49.774+0000] {warnings.py:110} WARNING - /home/***/.local/lib/python3.7/site-packages/***/utils/context.py:204: AirflowContextDeprecationWarning: Accessing 'execution_date' from the template is deprecated and will be removed in a future version. Please use 'data_interval_start' or 'logical_date' instead.
  warnings.warn(_create_deprecation_warning(key, self._deprecation_replacements[key]))

[2022-12-26T14:02:49.800+0000] {base.py:71} INFO - Using connection ID 'currency_conn_id' for task execution.
[2022-12-26T14:02:50.499+0000] {taskinstance.py:1406} INFO - Marking task as SUCCESS. dag_id=exchange_rates, task_id=get_rate_EUR_RUB, execution_date=20220922T081500, start_date=20221226T140248, end_date=20221226T140250
[2022-12-26T14:02:50.667+0000] {local_task_job.py:164} INFO - Task exited with return code 0
[2022-12-26T14:02:50.754+0000] {local_task_job.py:273} INFO - 0 downstream tasks scheduled from follow-on schedule check
[2023-01-01T14:46:27.111+0000] {taskinstance.py:1165} INFO - Dependencies all met for <TaskInstance: exchange_rates.get_rate_EUR_RUB scheduled__2022-09-22T08:15:00+00:00 [queued]>
[2023-01-01T14:46:27.185+0000] {taskinstance.py:1165} INFO - Dependencies all met for <TaskInstance: exchange_rates.get_rate_EUR_RUB scheduled__2022-09-22T08:15:00+00:00 [queued]>
[2023-01-01T14:46:27.187+0000] {taskinstance.py:1362} INFO - 
--------------------------------------------------------------------------------
[2023-01-01T14:46:27.188+0000] {taskinstance.py:1363} INFO - Starting attempt 1 of 1
[2023-01-01T14:46:27.191+0000] {taskinstance.py:1364} INFO - 
--------------------------------------------------------------------------------
[2023-01-01T14:46:27.277+0000] {taskinstance.py:1383} INFO - Executing <Task(CurrencyScoopOperator): get_rate_EUR_RUB> on 2022-09-22 08:15:00+00:00
[2023-01-01T14:46:27.284+0000] {standard_task_runner.py:54} INFO - Started process 11655 to run task
[2023-01-01T14:46:27.304+0000] {standard_task_runner.py:82} INFO - Running: ['***', 'tasks', 'run', 'exchange_rates', 'get_rate_EUR_RUB', 'scheduled__2022-09-22T08:15:00+00:00', '--job-id', '11446', '--raw', '--subdir', 'DAGS_FOLDER/exchange_rates.py', '--cfg-path', '/tmp/tmpxjrrcadm']
[2023-01-01T14:46:27.319+0000] {standard_task_runner.py:83} INFO - Job 11446: Subtask get_rate_EUR_RUB
[2023-01-01T14:46:27.321+0000] {dagbag.py:525} INFO - Filling up the DagBag from /opt/***/dags/exchange_rates.py
[2023-01-01T14:46:27.641+0000] {taskmixin.py:205} WARNING - Dependency <Task(CurrencyScoopOperator): get_rate_AMD_RUB>, insert_rate_AMD_RUB already registered for DAG: exchange_rates
[2023-01-01T14:46:27.643+0000] {taskmixin.py:205} WARNING - Dependency <Task(PostgresOperator): insert_rate_AMD_RUB>, get_rate_AMD_RUB already registered for DAG: exchange_rates
[2023-01-01T14:46:27.770+0000] {task_command.py:384} INFO - Running <TaskInstance: exchange_rates.get_rate_EUR_RUB scheduled__2022-09-22T08:15:00+00:00 [running]> on host d383fbf2a8e7
[2023-01-01T14:46:27.900+0000] {taskinstance.py:1592} INFO - Exporting the following env vars:
AIRFLOW_CTX_DAG_OWNER=***
AIRFLOW_CTX_DAG_ID=exchange_rates
AIRFLOW_CTX_TASK_ID=get_rate_EUR_RUB
AIRFLOW_CTX_EXECUTION_DATE=2022-09-22T08:15:00+00:00
AIRFLOW_CTX_TRY_NUMBER=1
AIRFLOW_CTX_DAG_RUN_ID=scheduled__2022-09-22T08:15:00+00:00
[2023-01-01T14:46:27.902+0000] {warnings.py:110} WARNING - /home/***/.local/lib/python3.7/site-packages/***/utils/context.py:204: AirflowContextDeprecationWarning: Accessing 'execution_date' from the template is deprecated and will be removed in a future version. Please use 'data_interval_start' or 'logical_date' instead.
  warnings.warn(_create_deprecation_warning(key, self._deprecation_replacements[key]))

[2023-01-01T14:46:27.916+0000] {base.py:71} INFO - Using connection ID 'currency_conn_id' for task execution.
[2023-01-01T14:46:28.302+0000] {taskinstance.py:1406} INFO - Marking task as SUCCESS. dag_id=exchange_rates, task_id=get_rate_EUR_RUB, execution_date=20220922T081500, start_date=20230101T144627, end_date=20230101T144628
[2023-01-01T14:46:28.445+0000] {local_task_job.py:164} INFO - Task exited with return code 0
[2023-01-01T14:46:28.489+0000] {local_task_job.py:273} INFO - 0 downstream tasks scheduled from follow-on schedule check
