[2022-12-26T14:02:01.113+0000] {taskinstance.py:1165} INFO - Dependencies all met for <TaskInstance: exchange_rates.create_table_task scheduled__2022-09-06T08:15:00+00:00 [queued]>
[2022-12-26T14:02:01.123+0000] {taskinstance.py:1165} INFO - Dependencies all met for <TaskInstance: exchange_rates.create_table_task scheduled__2022-09-06T08:15:00+00:00 [queued]>
[2022-12-26T14:02:01.124+0000] {taskinstance.py:1362} INFO - 
--------------------------------------------------------------------------------
[2022-12-26T14:02:01.124+0000] {taskinstance.py:1363} INFO - Starting attempt 1 of 1
[2022-12-26T14:02:01.124+0000] {taskinstance.py:1364} INFO - 
--------------------------------------------------------------------------------
[2022-12-26T14:02:01.142+0000] {taskinstance.py:1383} INFO - Executing <Task(PostgresOperator): create_table_task> on 2022-09-06 08:15:00+00:00
[2022-12-26T14:02:01.146+0000] {standard_task_runner.py:54} INFO - Started process 10499 to run task
[2022-12-26T14:02:01.153+0000] {standard_task_runner.py:82} INFO - Running: ['***', 'tasks', 'run', 'exchange_rates', 'create_table_task', 'scheduled__2022-09-06T08:15:00+00:00', '--job-id', '5222', '--raw', '--subdir', 'DAGS_FOLDER/exchange_rates.py', '--cfg-path', '/tmp/tmpv2qpk88t']
[2022-12-26T14:02:01.154+0000] {standard_task_runner.py:83} INFO - Job 5222: Subtask create_table_task
[2022-12-26T14:02:01.156+0000] {dagbag.py:525} INFO - Filling up the DagBag from /opt/***/dags/exchange_rates.py
[2022-12-26T14:02:01.263+0000] {taskmixin.py:205} WARNING - Dependency <Task(CurrencyScoopOperator): get_rate_AMD_RUB>, insert_rate_AMD_RUB already registered for DAG: exchange_rates
[2022-12-26T14:02:01.264+0000] {taskmixin.py:205} WARNING - Dependency <Task(PostgresOperator): insert_rate_AMD_RUB>, get_rate_AMD_RUB already registered for DAG: exchange_rates
[2022-12-26T14:02:01.387+0000] {task_command.py:384} INFO - Running <TaskInstance: exchange_rates.create_table_task scheduled__2022-09-06T08:15:00+00:00 [running]> on host d383fbf2a8e7
[2022-12-26T14:02:01.484+0000] {taskinstance.py:1592} INFO - Exporting the following env vars:
AIRFLOW_CTX_DAG_OWNER=***
AIRFLOW_CTX_DAG_ID=exchange_rates
AIRFLOW_CTX_TASK_ID=create_table_task
AIRFLOW_CTX_EXECUTION_DATE=2022-09-06T08:15:00+00:00
AIRFLOW_CTX_TRY_NUMBER=1
AIRFLOW_CTX_DAG_RUN_ID=scheduled__2022-09-06T08:15:00+00:00
[2022-12-26T14:02:01.495+0000] {base.py:71} INFO - Using connection ID 'postgres_default' for task execution.
[2022-12-26T14:02:01.500+0000] {sql.py:315} INFO - Running statement: CREATE TABLE IF NOT EXISTS exchange_rates (
    base VARCHAR(3) NOT NULL,
    currency VARCHAR(3) NOT NULL,
    rate NUMERIC(12, 3) NOT NULL,
    date DATE NOT NULL,
    UNIQUE (base, currency, date)
);, parameters: None
[2022-12-26T14:02:01.502+0000] {postgres.py:96} INFO - NOTICE:  relation "exchange_rates" already exists, skipping

[2022-12-26T14:02:01.514+0000] {taskinstance.py:1406} INFO - Marking task as SUCCESS. dag_id=exchange_rates, task_id=create_table_task, execution_date=20220906T081500, start_date=20221226T140201, end_date=20221226T140201
[2022-12-26T14:02:01.572+0000] {local_task_job.py:164} INFO - Task exited with return code 0
[2022-12-26T14:02:01.607+0000] {local_task_job.py:273} INFO - 6 downstream tasks scheduled from follow-on schedule check
[2023-01-01T14:45:39.574+0000] {taskinstance.py:1165} INFO - Dependencies all met for <TaskInstance: exchange_rates.create_table_task scheduled__2022-09-06T08:15:00+00:00 [queued]>
[2023-01-01T14:45:39.618+0000] {taskinstance.py:1165} INFO - Dependencies all met for <TaskInstance: exchange_rates.create_table_task scheduled__2022-09-06T08:15:00+00:00 [queued]>
[2023-01-01T14:45:39.619+0000] {taskinstance.py:1362} INFO - 
--------------------------------------------------------------------------------
[2023-01-01T14:45:39.620+0000] {taskinstance.py:1363} INFO - Starting attempt 1 of 1
[2023-01-01T14:45:39.622+0000] {taskinstance.py:1364} INFO - 
--------------------------------------------------------------------------------
[2023-01-01T14:45:39.677+0000] {taskinstance.py:1383} INFO - Executing <Task(PostgresOperator): create_table_task> on 2022-09-06 08:15:00+00:00
[2023-01-01T14:45:39.687+0000] {standard_task_runner.py:54} INFO - Started process 11126 to run task
[2023-01-01T14:45:39.708+0000] {standard_task_runner.py:82} INFO - Running: ['***', 'tasks', 'run', 'exchange_rates', 'create_table_task', 'scheduled__2022-09-06T08:15:00+00:00', '--job-id', '11207', '--raw', '--subdir', 'DAGS_FOLDER/exchange_rates.py', '--cfg-path', '/tmp/tmp8zge_3os']
[2023-01-01T14:45:39.709+0000] {standard_task_runner.py:83} INFO - Job 11207: Subtask create_table_task
[2023-01-01T14:45:39.713+0000] {dagbag.py:525} INFO - Filling up the DagBag from /opt/***/dags/exchange_rates.py
[2023-01-01T14:45:39.988+0000] {taskmixin.py:205} WARNING - Dependency <Task(CurrencyScoopOperator): get_rate_AMD_RUB>, insert_rate_AMD_RUB already registered for DAG: exchange_rates
[2023-01-01T14:45:39.989+0000] {taskmixin.py:205} WARNING - Dependency <Task(PostgresOperator): insert_rate_AMD_RUB>, get_rate_AMD_RUB already registered for DAG: exchange_rates
[2023-01-01T14:45:40.193+0000] {task_command.py:384} INFO - Running <TaskInstance: exchange_rates.create_table_task scheduled__2022-09-06T08:15:00+00:00 [running]> on host d383fbf2a8e7
[2023-01-01T14:45:40.361+0000] {taskinstance.py:1592} INFO - Exporting the following env vars:
AIRFLOW_CTX_DAG_OWNER=***
AIRFLOW_CTX_DAG_ID=exchange_rates
AIRFLOW_CTX_TASK_ID=create_table_task
AIRFLOW_CTX_EXECUTION_DATE=2022-09-06T08:15:00+00:00
AIRFLOW_CTX_TRY_NUMBER=1
AIRFLOW_CTX_DAG_RUN_ID=scheduled__2022-09-06T08:15:00+00:00
[2023-01-01T14:45:40.382+0000] {base.py:71} INFO - Using connection ID 'postgres_default' for task execution.
[2023-01-01T14:45:40.386+0000] {sql.py:315} INFO - Running statement: CREATE TABLE IF NOT EXISTS exchange_rates (
    base VARCHAR(3) NOT NULL,
    currency VARCHAR(3) NOT NULL,
    rate NUMERIC(12, 3) NOT NULL,
    date DATE NOT NULL,
    UNIQUE (base, currency, date)
);, parameters: None
[2023-01-01T14:45:40.388+0000] {postgres.py:96} INFO - NOTICE:  relation "exchange_rates" already exists, skipping

[2023-01-01T14:45:40.400+0000] {taskinstance.py:1406} INFO - Marking task as SUCCESS. dag_id=exchange_rates, task_id=create_table_task, execution_date=20220906T081500, start_date=20230101T144539, end_date=20230101T144540
[2023-01-01T14:45:40.514+0000] {local_task_job.py:164} INFO - Task exited with return code 0
[2023-01-01T14:45:40.585+0000] {local_task_job.py:273} INFO - 6 downstream tasks scheduled from follow-on schedule check
