[2022-12-26T14:03:15.569+0000] {taskinstance.py:1165} INFO - Dependencies all met for <TaskInstance: exchange_rates.get_rate_EUR_RUB scheduled__2022-10-11T08:15:00+00:00 [queued]>
[2022-12-26T14:03:15.622+0000] {taskinstance.py:1165} INFO - Dependencies all met for <TaskInstance: exchange_rates.get_rate_EUR_RUB scheduled__2022-10-11T08:15:00+00:00 [queued]>
[2022-12-26T14:03:15.623+0000] {taskinstance.py:1362} INFO - 
--------------------------------------------------------------------------------
[2022-12-26T14:03:15.624+0000] {taskinstance.py:1363} INFO - Starting attempt 1 of 1
[2022-12-26T14:03:15.625+0000] {taskinstance.py:1364} INFO - 
--------------------------------------------------------------------------------
[2022-12-26T14:03:15.685+0000] {taskinstance.py:1383} INFO - Executing <Task(CurrencyScoopOperator): get_rate_EUR_RUB> on 2022-10-11 08:15:00+00:00
[2022-12-26T14:03:15.706+0000] {standard_task_runner.py:54} INFO - Started process 11376 to run task
[2022-12-26T14:03:15.713+0000] {standard_task_runner.py:82} INFO - Running: ['***', 'tasks', 'run', 'exchange_rates', 'get_rate_EUR_RUB', 'scheduled__2022-10-11T08:15:00+00:00', '--job-id', '5625', '--raw', '--subdir', 'DAGS_FOLDER/exchange_rates.py', '--cfg-path', '/tmp/tmpbrxn8bjs']
[2022-12-26T14:03:15.713+0000] {standard_task_runner.py:83} INFO - Job 5625: Subtask get_rate_EUR_RUB
[2022-12-26T14:03:15.714+0000] {dagbag.py:525} INFO - Filling up the DagBag from /opt/***/dags/exchange_rates.py
[2022-12-26T14:03:16.011+0000] {taskmixin.py:205} WARNING - Dependency <Task(CurrencyScoopOperator): get_rate_AMD_RUB>, insert_rate_AMD_RUB already registered for DAG: exchange_rates
[2022-12-26T14:03:16.012+0000] {taskmixin.py:205} WARNING - Dependency <Task(PostgresOperator): insert_rate_AMD_RUB>, get_rate_AMD_RUB already registered for DAG: exchange_rates
[2022-12-26T14:03:16.208+0000] {task_command.py:384} INFO - Running <TaskInstance: exchange_rates.get_rate_EUR_RUB scheduled__2022-10-11T08:15:00+00:00 [running]> on host d383fbf2a8e7
[2022-12-26T14:03:16.434+0000] {taskinstance.py:1592} INFO - Exporting the following env vars:
AIRFLOW_CTX_DAG_OWNER=***
AIRFLOW_CTX_DAG_ID=exchange_rates
AIRFLOW_CTX_TASK_ID=get_rate_EUR_RUB
AIRFLOW_CTX_EXECUTION_DATE=2022-10-11T08:15:00+00:00
AIRFLOW_CTX_TRY_NUMBER=1
AIRFLOW_CTX_DAG_RUN_ID=scheduled__2022-10-11T08:15:00+00:00
[2022-12-26T14:03:16.437+0000] {warnings.py:110} WARNING - /home/***/.local/lib/python3.7/site-packages/***/utils/context.py:204: AirflowContextDeprecationWarning: Accessing 'execution_date' from the template is deprecated and will be removed in a future version. Please use 'data_interval_start' or 'logical_date' instead.
  warnings.warn(_create_deprecation_warning(key, self._deprecation_replacements[key]))

[2022-12-26T14:03:16.475+0000] {base.py:71} INFO - Using connection ID 'currency_conn_id' for task execution.
[2022-12-26T14:03:16.899+0000] {taskinstance.py:1851} ERROR - Task failed with exception
Traceback (most recent call last):
  File "/opt/airflow/dags/exchange_rates.py", line 56, in execute
    return api.get_rate(context['execution_date'].date(), self.base_currency, self.currency)
  File "/opt/airflow/dags/exchange_rates.py", line 31, in get_rate
    response.raise_for_status()
  File "/home/airflow/.local/lib/python3.7/site-packages/requests/models.py", line 1021, in raise_for_status
    raise HTTPError(http_error_msg, response=self)
requests.exceptions.HTTPError: 426 Client Error: Upgrade Required for url: https://api.currencyscoop.com/v1/historical?base=EUR&symbols=RUB&api_key=***&date=2022-10-11
[2022-12-26T14:03:16.911+0000] {taskinstance.py:1406} INFO - Marking task as FAILED. dag_id=exchange_rates, task_id=get_rate_EUR_RUB, execution_date=20221011T081500, start_date=20221226T140315, end_date=20221226T140316
[2022-12-26T14:03:16.951+0000] {standard_task_runner.py:107} ERROR - Failed to execute job 5625 for task get_rate_EUR_RUB (426 Client Error: Upgrade Required for url: https://api.currencyscoop.com/v1/historical?base=EUR&symbols=RUB&api_key=***&date=2022-10-11; 11376)
[2022-12-26T14:03:17.054+0000] {local_task_job.py:164} INFO - Task exited with return code 1
[2022-12-26T14:03:17.132+0000] {local_task_job.py:273} INFO - 0 downstream tasks scheduled from follow-on schedule check
[2023-01-01T14:47:13.993+0000] {taskinstance.py:1165} INFO - Dependencies all met for <TaskInstance: exchange_rates.get_rate_EUR_RUB scheduled__2022-10-11T08:15:00+00:00 [queued]>
[2023-01-01T14:47:14.032+0000] {taskinstance.py:1165} INFO - Dependencies all met for <TaskInstance: exchange_rates.get_rate_EUR_RUB scheduled__2022-10-11T08:15:00+00:00 [queued]>
[2023-01-01T14:47:14.034+0000] {taskinstance.py:1362} INFO - 
--------------------------------------------------------------------------------
[2023-01-01T14:47:14.035+0000] {taskinstance.py:1363} INFO - Starting attempt 1 of 1
[2023-01-01T14:47:14.035+0000] {taskinstance.py:1364} INFO - 
--------------------------------------------------------------------------------
[2023-01-01T14:47:14.069+0000] {taskinstance.py:1383} INFO - Executing <Task(CurrencyScoopOperator): get_rate_EUR_RUB> on 2022-10-11 08:15:00+00:00
[2023-01-01T14:47:14.082+0000] {standard_task_runner.py:54} INFO - Started process 12208 to run task
[2023-01-01T14:47:14.105+0000] {standard_task_runner.py:82} INFO - Running: ['***', 'tasks', 'run', 'exchange_rates', 'get_rate_EUR_RUB', 'scheduled__2022-10-11T08:15:00+00:00', '--job-id', '11701', '--raw', '--subdir', 'DAGS_FOLDER/exchange_rates.py', '--cfg-path', '/tmp/tmpb4dnwd_g']
[2023-01-01T14:47:14.112+0000] {standard_task_runner.py:83} INFO - Job 11701: Subtask get_rate_EUR_RUB
[2023-01-01T14:47:14.119+0000] {dagbag.py:525} INFO - Filling up the DagBag from /opt/***/dags/exchange_rates.py
[2023-01-01T14:47:14.338+0000] {taskmixin.py:205} WARNING - Dependency <Task(CurrencyScoopOperator): get_rate_AMD_RUB>, insert_rate_AMD_RUB already registered for DAG: exchange_rates
[2023-01-01T14:47:14.338+0000] {taskmixin.py:205} WARNING - Dependency <Task(PostgresOperator): insert_rate_AMD_RUB>, get_rate_AMD_RUB already registered for DAG: exchange_rates
[2023-01-01T14:47:14.489+0000] {task_command.py:384} INFO - Running <TaskInstance: exchange_rates.get_rate_EUR_RUB scheduled__2022-10-11T08:15:00+00:00 [running]> on host d383fbf2a8e7
[2023-01-01T14:47:14.630+0000] {taskinstance.py:1592} INFO - Exporting the following env vars:
AIRFLOW_CTX_DAG_OWNER=***
AIRFLOW_CTX_DAG_ID=exchange_rates
AIRFLOW_CTX_TASK_ID=get_rate_EUR_RUB
AIRFLOW_CTX_EXECUTION_DATE=2022-10-11T08:15:00+00:00
AIRFLOW_CTX_TRY_NUMBER=1
AIRFLOW_CTX_DAG_RUN_ID=scheduled__2022-10-11T08:15:00+00:00
[2023-01-01T14:47:14.632+0000] {warnings.py:110} WARNING - /home/***/.local/lib/python3.7/site-packages/***/utils/context.py:204: AirflowContextDeprecationWarning: Accessing 'execution_date' from the template is deprecated and will be removed in a future version. Please use 'data_interval_start' or 'logical_date' instead.
  warnings.warn(_create_deprecation_warning(key, self._deprecation_replacements[key]))

[2023-01-01T14:47:14.668+0000] {base.py:71} INFO - Using connection ID 'currency_conn_id' for task execution.
[2023-01-01T14:47:15.048+0000] {taskinstance.py:1406} INFO - Marking task as SUCCESS. dag_id=exchange_rates, task_id=get_rate_EUR_RUB, execution_date=20221011T081500, start_date=20230101T144713, end_date=20230101T144715
[2023-01-01T14:47:15.123+0000] {local_task_job.py:164} INFO - Task exited with return code 0
[2023-01-01T14:47:15.181+0000] {local_task_job.py:273} INFO - 1 downstream tasks scheduled from follow-on schedule check
