[2023-01-25T08:15:03.827+0000] {taskinstance.py:1165} INFO - Dependencies all met for <TaskInstance: exchange_rates.insert_rate_EUR_RUB scheduled__2023-01-24T08:15:00+00:00 [queued]>
[2023-01-25T08:15:03.837+0000] {taskinstance.py:1165} INFO - Dependencies all met for <TaskInstance: exchange_rates.insert_rate_EUR_RUB scheduled__2023-01-24T08:15:00+00:00 [queued]>
[2023-01-25T08:15:03.838+0000] {taskinstance.py:1362} INFO - 
--------------------------------------------------------------------------------
[2023-01-25T08:15:03.841+0000] {taskinstance.py:1363} INFO - Starting attempt 1 of 1
[2023-01-25T08:15:03.842+0000] {taskinstance.py:1364} INFO - 
--------------------------------------------------------------------------------
[2023-01-25T08:15:03.857+0000] {taskinstance.py:1383} INFO - Executing <Task(PostgresOperator): insert_rate_EUR_RUB> on 2023-01-24 08:15:00+00:00
[2023-01-25T08:15:03.860+0000] {standard_task_runner.py:54} INFO - Started process 70178 to run task
[2023-01-25T08:15:03.868+0000] {standard_task_runner.py:82} INFO - Running: ['***', 'tasks', 'run', 'exchange_rates', 'insert_rate_EUR_RUB', 'scheduled__2023-01-24T08:15:00+00:00', '--job-id', '13224', '--raw', '--subdir', 'DAGS_FOLDER/exchange_rates.py', '--cfg-path', '/tmp/tmp4bizpi4o']
[2023-01-25T08:15:03.869+0000] {standard_task_runner.py:83} INFO - Job 13224: Subtask insert_rate_EUR_RUB
[2023-01-25T08:15:03.877+0000] {dagbag.py:525} INFO - Filling up the DagBag from /opt/***/dags/exchange_rates.py
[2023-01-25T08:15:03.963+0000] {taskmixin.py:205} WARNING - Dependency <Task(CurrencyScoopOperator): get_rate_AMD_RUB>, insert_rate_AMD_RUB already registered for DAG: exchange_rates
[2023-01-25T08:15:03.963+0000] {taskmixin.py:205} WARNING - Dependency <Task(PostgresOperator): insert_rate_AMD_RUB>, get_rate_AMD_RUB already registered for DAG: exchange_rates
[2023-01-25T08:15:04.066+0000] {task_command.py:384} INFO - Running <TaskInstance: exchange_rates.insert_rate_EUR_RUB scheduled__2023-01-24T08:15:00+00:00 [running]> on host d383fbf2a8e7
[2023-01-25T08:15:04.119+0000] {warnings.py:110} WARNING - /home/***/.local/lib/python3.7/site-packages/***/utils/context.py:204: AirflowContextDeprecationWarning: Accessing 'execution_date' from the template is deprecated and will be removed in a future version. Please use 'data_interval_start' or 'logical_date' instead.
  warnings.warn(_create_deprecation_warning(key, self._deprecation_replacements[key]))

[2023-01-25T08:15:04.177+0000] {taskinstance.py:1592} INFO - Exporting the following env vars:
AIRFLOW_CTX_DAG_OWNER=***
AIRFLOW_CTX_DAG_ID=exchange_rates
AIRFLOW_CTX_TASK_ID=insert_rate_EUR_RUB
AIRFLOW_CTX_EXECUTION_DATE=2023-01-24T08:15:00+00:00
AIRFLOW_CTX_TRY_NUMBER=1
AIRFLOW_CTX_DAG_RUN_ID=scheduled__2023-01-24T08:15:00+00:00
[2023-01-25T08:15:04.187+0000] {base.py:71} INFO - Using connection ID 'postgres_default' for task execution.
[2023-01-25T08:15:04.191+0000] {sql.py:315} INFO - Running statement: INSERT INTO
    exchange_rates
VALUES ('EUR', 'RUB', 75.10658114, '2023-01-24')
ON CONFLICT (base, currency, date) DO
    UPDATE
        SET rate = excluded.rate;, parameters: None
[2023-01-25T08:15:04.197+0000] {sql.py:324} INFO - Rows affected: 1
[2023-01-25T08:15:04.213+0000] {taskinstance.py:1406} INFO - Marking task as SUCCESS. dag_id=exchange_rates, task_id=insert_rate_EUR_RUB, execution_date=20230124T081500, start_date=20230125T081503, end_date=20230125T081504
[2023-01-25T08:15:04.235+0000] {local_task_job.py:164} INFO - Task exited with return code 0
[2023-01-25T08:15:04.267+0000] {local_task_job.py:273} INFO - 1 downstream tasks scheduled from follow-on schedule check
