[2022-12-26T14:01:03.772+0000] {taskinstance.py:1165} INFO - Dependencies all met for <TaskInstance: exchange_rates.make_report scheduled__2022-08-12T08:15:00+00:00 [queued]>
[2022-12-26T14:01:03.852+0000] {taskinstance.py:1165} INFO - Dependencies all met for <TaskInstance: exchange_rates.make_report scheduled__2022-08-12T08:15:00+00:00 [queued]>
[2022-12-26T14:01:03.852+0000] {taskinstance.py:1362} INFO - 
--------------------------------------------------------------------------------
[2022-12-26T14:01:03.853+0000] {taskinstance.py:1363} INFO - Starting attempt 1 of 1
[2022-12-26T14:01:03.854+0000] {taskinstance.py:1364} INFO - 
--------------------------------------------------------------------------------
[2022-12-26T14:01:03.902+0000] {taskinstance.py:1383} INFO - Executing <Task(PythonOperator): make_report> on 2022-08-12 08:15:00+00:00
[2022-12-26T14:01:03.925+0000] {standard_task_runner.py:54} INFO - Started process 9973 to run task
[2022-12-26T14:01:03.967+0000] {standard_task_runner.py:82} INFO - Running: ['***', 'tasks', 'run', 'exchange_rates', 'make_report', 'scheduled__2022-08-12T08:15:00+00:00', '--job-id', '4991', '--raw', '--subdir', 'DAGS_FOLDER/exchange_rates.py', '--cfg-path', '/tmp/tmpt6jz7ohy']
[2022-12-26T14:01:03.992+0000] {standard_task_runner.py:83} INFO - Job 4991: Subtask make_report
[2022-12-26T14:01:04.011+0000] {dagbag.py:525} INFO - Filling up the DagBag from /opt/***/dags/exchange_rates.py
[2022-12-26T14:01:04.275+0000] {taskmixin.py:205} WARNING - Dependency <Task(CurrencyScoopOperator): get_rate_AMD_RUB>, insert_rate_AMD_RUB already registered for DAG: exchange_rates
[2022-12-26T14:01:04.276+0000] {taskmixin.py:205} WARNING - Dependency <Task(PostgresOperator): insert_rate_AMD_RUB>, get_rate_AMD_RUB already registered for DAG: exchange_rates
[2022-12-26T14:01:04.448+0000] {task_command.py:384} INFO - Running <TaskInstance: exchange_rates.make_report scheduled__2022-08-12T08:15:00+00:00 [running]> on host d383fbf2a8e7
[2022-12-26T14:01:04.576+0000] {taskinstance.py:1592} INFO - Exporting the following env vars:
AIRFLOW_CTX_DAG_OWNER=***
AIRFLOW_CTX_DAG_ID=exchange_rates
AIRFLOW_CTX_TASK_ID=make_report
AIRFLOW_CTX_EXECUTION_DATE=2022-08-12T08:15:00+00:00
AIRFLOW_CTX_TRY_NUMBER=1
AIRFLOW_CTX_DAG_RUN_ID=scheduled__2022-08-12T08:15:00+00:00
[2022-12-26T14:01:06.042+0000] {python.py:177} INFO - Done. Returned value was: None
[2022-12-26T14:01:06.054+0000] {taskinstance.py:1406} INFO - Marking task as SUCCESS. dag_id=exchange_rates, task_id=make_report, execution_date=20220812T081500, start_date=20221226T140103, end_date=20221226T140106
[2022-12-26T14:01:06.155+0000] {local_task_job.py:164} INFO - Task exited with return code 0
[2022-12-26T14:01:06.171+0000] {local_task_job.py:273} INFO - 0 downstream tasks scheduled from follow-on schedule check
[2023-01-01T14:44:48.217+0000] {taskinstance.py:1165} INFO - Dependencies all met for <TaskInstance: exchange_rates.make_report scheduled__2022-08-12T08:15:00+00:00 [queued]>
[2023-01-01T14:44:48.254+0000] {taskinstance.py:1165} INFO - Dependencies all met for <TaskInstance: exchange_rates.make_report scheduled__2022-08-12T08:15:00+00:00 [queued]>
[2023-01-01T14:44:48.255+0000] {taskinstance.py:1362} INFO - 
--------------------------------------------------------------------------------
[2023-01-01T14:44:48.260+0000] {taskinstance.py:1363} INFO - Starting attempt 1 of 1
[2023-01-01T14:44:48.261+0000] {taskinstance.py:1364} INFO - 
--------------------------------------------------------------------------------
[2023-01-01T14:44:48.316+0000] {taskinstance.py:1383} INFO - Executing <Task(PythonOperator): make_report> on 2022-08-12 08:15:00+00:00
[2023-01-01T14:44:48.339+0000] {standard_task_runner.py:54} INFO - Started process 10565 to run task
[2023-01-01T14:44:48.351+0000] {standard_task_runner.py:82} INFO - Running: ['***', 'tasks', 'run', 'exchange_rates', 'make_report', 'scheduled__2022-08-12T08:15:00+00:00', '--job-id', '10960', '--raw', '--subdir', 'DAGS_FOLDER/exchange_rates.py', '--cfg-path', '/tmp/tmpyq75b41z']
[2023-01-01T14:44:48.368+0000] {standard_task_runner.py:83} INFO - Job 10960: Subtask make_report
[2023-01-01T14:44:48.370+0000] {dagbag.py:525} INFO - Filling up the DagBag from /opt/***/dags/exchange_rates.py
[2023-01-01T14:44:48.491+0000] {taskmixin.py:205} WARNING - Dependency <Task(CurrencyScoopOperator): get_rate_AMD_RUB>, insert_rate_AMD_RUB already registered for DAG: exchange_rates
[2023-01-01T14:44:48.493+0000] {taskmixin.py:205} WARNING - Dependency <Task(PostgresOperator): insert_rate_AMD_RUB>, get_rate_AMD_RUB already registered for DAG: exchange_rates
[2023-01-01T14:44:48.667+0000] {task_command.py:384} INFO - Running <TaskInstance: exchange_rates.make_report scheduled__2022-08-12T08:15:00+00:00 [running]> on host d383fbf2a8e7
[2023-01-01T14:44:48.910+0000] {taskinstance.py:1592} INFO - Exporting the following env vars:
AIRFLOW_CTX_DAG_OWNER=***
AIRFLOW_CTX_DAG_ID=exchange_rates
AIRFLOW_CTX_TASK_ID=make_report
AIRFLOW_CTX_EXECUTION_DATE=2022-08-12T08:15:00+00:00
AIRFLOW_CTX_TRY_NUMBER=1
AIRFLOW_CTX_DAG_RUN_ID=scheduled__2022-08-12T08:15:00+00:00
[2023-01-01T14:44:50.440+0000] {python.py:177} INFO - Done. Returned value was: None
[2023-01-01T14:44:50.467+0000] {taskinstance.py:1406} INFO - Marking task as SUCCESS. dag_id=exchange_rates, task_id=make_report, execution_date=20220812T081500, start_date=20230101T144448, end_date=20230101T144450
[2023-01-01T14:44:50.563+0000] {local_task_job.py:164} INFO - Task exited with return code 0
[2023-01-01T14:44:50.583+0000] {local_task_job.py:273} INFO - 0 downstream tasks scheduled from follow-on schedule check
