[2022-12-26T13:50:12.467+0000] {taskinstance.py:1165} INFO - Dependencies all met for <TaskInstance: exchange_rates.insert_rate_USD_RUB scheduled__2021-12-25T08:15:00+00:00 [queued]>
[2022-12-26T13:50:12.529+0000] {taskinstance.py:1165} INFO - Dependencies all met for <TaskInstance: exchange_rates.insert_rate_USD_RUB scheduled__2021-12-25T08:15:00+00:00 [queued]>
[2022-12-26T13:50:12.531+0000] {taskinstance.py:1362} INFO - 
--------------------------------------------------------------------------------
[2022-12-26T13:50:12.532+0000] {taskinstance.py:1363} INFO - Starting attempt 1 of 1
[2022-12-26T13:50:12.534+0000] {taskinstance.py:1364} INFO - 
--------------------------------------------------------------------------------
[2022-12-26T13:50:12.644+0000] {taskinstance.py:1383} INFO - Executing <Task(PostgresOperator): insert_rate_USD_RUB> on 2021-12-25 08:15:00+00:00
[2022-12-26T13:50:12.672+0000] {standard_task_runner.py:54} INFO - Started process 2846 to run task
[2022-12-26T13:50:12.706+0000] {standard_task_runner.py:82} INFO - Running: ['***', 'tasks', 'run', 'exchange_rates', 'insert_rate_USD_RUB', 'scheduled__2021-12-25T08:15:00+00:00', '--job-id', '1745', '--raw', '--subdir', 'DAGS_FOLDER/exchange_rates.py', '--cfg-path', '/tmp/tmpoo2en0iq']
[2022-12-26T13:50:12.711+0000] {standard_task_runner.py:83} INFO - Job 1745: Subtask insert_rate_USD_RUB
[2022-12-26T13:50:12.718+0000] {dagbag.py:525} INFO - Filling up the DagBag from /opt/***/dags/exchange_rates.py
[2022-12-26T13:50:13.072+0000] {taskmixin.py:205} WARNING - Dependency <Task(CurrencyScoopOperator): get_rate_AMD_RUB>, insert_rate_AMD_RUB already registered for DAG: exchange_rates
[2022-12-26T13:50:13.075+0000] {taskmixin.py:205} WARNING - Dependency <Task(PostgresOperator): insert_rate_AMD_RUB>, get_rate_AMD_RUB already registered for DAG: exchange_rates
[2022-12-26T13:50:13.358+0000] {task_command.py:384} INFO - Running <TaskInstance: exchange_rates.insert_rate_USD_RUB scheduled__2021-12-25T08:15:00+00:00 [running]> on host d383fbf2a8e7
[2022-12-26T13:50:13.647+0000] {warnings.py:110} WARNING - /home/***/.local/lib/python3.7/site-packages/***/utils/context.py:204: AirflowContextDeprecationWarning: Accessing 'execution_date' from the template is deprecated and will be removed in a future version. Please use 'data_interval_start' or 'logical_date' instead.
  warnings.warn(_create_deprecation_warning(key, self._deprecation_replacements[key]))

[2022-12-26T13:50:13.935+0000] {taskinstance.py:1592} INFO - Exporting the following env vars:
AIRFLOW_CTX_DAG_OWNER=***
AIRFLOW_CTX_DAG_ID=exchange_rates
AIRFLOW_CTX_TASK_ID=insert_rate_USD_RUB
AIRFLOW_CTX_EXECUTION_DATE=2021-12-25T08:15:00+00:00
AIRFLOW_CTX_TRY_NUMBER=1
AIRFLOW_CTX_DAG_RUN_ID=scheduled__2021-12-25T08:15:00+00:00
[2022-12-26T13:50:13.950+0000] {base.py:71} INFO - Using connection ID 'postgres_default' for task execution.
[2022-12-26T13:50:13.963+0000] {sql.py:315} INFO - Running statement: INSERT INTO
    exchange_rates
VALUES ('USD', 'RUB', 73.65323642, '2021-12-25')
ON CONFLICT (base, currency, date) DO
    UPDATE
        SET rate = excluded.rate;, parameters: None
[2022-12-26T13:50:13.969+0000] {sql.py:324} INFO - Rows affected: 1
[2022-12-26T13:50:14.006+0000] {taskinstance.py:1406} INFO - Marking task as SUCCESS. dag_id=exchange_rates, task_id=insert_rate_USD_RUB, execution_date=20211225T081500, start_date=20221226T135012, end_date=20221226T135014
[2022-12-26T13:50:14.092+0000] {local_task_job.py:164} INFO - Task exited with return code 0
[2022-12-26T13:50:14.201+0000] {local_task_job.py:273} INFO - 0 downstream tasks scheduled from follow-on schedule check
[2023-01-01T14:34:52.781+0000] {taskinstance.py:1165} INFO - Dependencies all met for <TaskInstance: exchange_rates.insert_rate_USD_RUB scheduled__2021-12-25T08:15:00+00:00 [queued]>
[2023-01-01T14:34:52.828+0000] {taskinstance.py:1165} INFO - Dependencies all met for <TaskInstance: exchange_rates.insert_rate_USD_RUB scheduled__2021-12-25T08:15:00+00:00 [queued]>
[2023-01-01T14:34:52.829+0000] {taskinstance.py:1362} INFO - 
--------------------------------------------------------------------------------
[2023-01-01T14:34:52.830+0000] {taskinstance.py:1363} INFO - Starting attempt 1 of 1
[2023-01-01T14:34:52.830+0000] {taskinstance.py:1364} INFO - 
--------------------------------------------------------------------------------
[2023-01-01T14:34:52.883+0000] {taskinstance.py:1383} INFO - Executing <Task(PostgresOperator): insert_rate_USD_RUB> on 2021-12-25 08:15:00+00:00
[2023-01-01T14:34:52.887+0000] {standard_task_runner.py:54} INFO - Started process 3515 to run task
[2023-01-01T14:34:52.903+0000] {standard_task_runner.py:82} INFO - Running: ['***', 'tasks', 'run', 'exchange_rates', 'insert_rate_USD_RUB', 'scheduled__2021-12-25T08:15:00+00:00', '--job-id', '7734', '--raw', '--subdir', 'DAGS_FOLDER/exchange_rates.py', '--cfg-path', '/tmp/tmp32q4h9iy']
[2023-01-01T14:34:52.907+0000] {standard_task_runner.py:83} INFO - Job 7734: Subtask insert_rate_USD_RUB
[2023-01-01T14:34:52.908+0000] {dagbag.py:525} INFO - Filling up the DagBag from /opt/***/dags/exchange_rates.py
[2023-01-01T14:34:53.133+0000] {taskmixin.py:205} WARNING - Dependency <Task(CurrencyScoopOperator): get_rate_AMD_RUB>, insert_rate_AMD_RUB already registered for DAG: exchange_rates
[2023-01-01T14:34:53.137+0000] {taskmixin.py:205} WARNING - Dependency <Task(PostgresOperator): insert_rate_AMD_RUB>, get_rate_AMD_RUB already registered for DAG: exchange_rates
[2023-01-01T14:34:53.342+0000] {task_command.py:384} INFO - Running <TaskInstance: exchange_rates.insert_rate_USD_RUB scheduled__2021-12-25T08:15:00+00:00 [running]> on host d383fbf2a8e7
[2023-01-01T14:34:53.492+0000] {warnings.py:110} WARNING - /home/***/.local/lib/python3.7/site-packages/***/utils/context.py:204: AirflowContextDeprecationWarning: Accessing 'execution_date' from the template is deprecated and will be removed in a future version. Please use 'data_interval_start' or 'logical_date' instead.
  warnings.warn(_create_deprecation_warning(key, self._deprecation_replacements[key]))

[2023-01-01T14:34:53.683+0000] {taskinstance.py:1592} INFO - Exporting the following env vars:
AIRFLOW_CTX_DAG_OWNER=***
AIRFLOW_CTX_DAG_ID=exchange_rates
AIRFLOW_CTX_TASK_ID=insert_rate_USD_RUB
AIRFLOW_CTX_EXECUTION_DATE=2021-12-25T08:15:00+00:00
AIRFLOW_CTX_TRY_NUMBER=1
AIRFLOW_CTX_DAG_RUN_ID=scheduled__2021-12-25T08:15:00+00:00
[2023-01-01T14:34:53.773+0000] {base.py:71} INFO - Using connection ID 'postgres_default' for task execution.
[2023-01-01T14:34:53.777+0000] {sql.py:315} INFO - Running statement: INSERT INTO
    exchange_rates
VALUES ('USD', 'RUB', 73.65323642, '2021-12-25')
ON CONFLICT (base, currency, date) DO
    UPDATE
        SET rate = excluded.rate;, parameters: None
[2023-01-01T14:34:53.779+0000] {sql.py:324} INFO - Rows affected: 1
[2023-01-01T14:34:53.805+0000] {taskinstance.py:1406} INFO - Marking task as SUCCESS. dag_id=exchange_rates, task_id=insert_rate_USD_RUB, execution_date=20211225T081500, start_date=20230101T143452, end_date=20230101T143453
[2023-01-01T14:34:53.893+0000] {local_task_job.py:164} INFO - Task exited with return code 0
[2023-01-01T14:34:54.017+0000] {local_task_job.py:273} INFO - 0 downstream tasks scheduled from follow-on schedule check
