[2022-12-26T13:55:06.334+0000] {taskinstance.py:1165} INFO - Dependencies all met for <TaskInstance: exchange_rates.make_report scheduled__2022-04-01T08:15:00+00:00 [queued]>
[2022-12-26T13:55:06.368+0000] {taskinstance.py:1165} INFO - Dependencies all met for <TaskInstance: exchange_rates.make_report scheduled__2022-04-01T08:15:00+00:00 [queued]>
[2022-12-26T13:55:06.369+0000] {taskinstance.py:1362} INFO - 
--------------------------------------------------------------------------------
[2022-12-26T13:55:06.376+0000] {taskinstance.py:1363} INFO - Starting attempt 1 of 1
[2022-12-26T13:55:06.376+0000] {taskinstance.py:1364} INFO - 
--------------------------------------------------------------------------------
[2022-12-26T13:55:06.412+0000] {taskinstance.py:1383} INFO - Executing <Task(PythonOperator): make_report> on 2022-04-01 08:15:00+00:00
[2022-12-26T13:55:06.416+0000] {standard_task_runner.py:54} INFO - Started process 5981 to run task
[2022-12-26T13:55:06.424+0000] {standard_task_runner.py:82} INFO - Running: ['***', 'tasks', 'run', 'exchange_rates', 'make_report', 'scheduled__2022-04-01T08:15:00+00:00', '--job-id', '3166', '--raw', '--subdir', 'DAGS_FOLDER/exchange_rates.py', '--cfg-path', '/tmp/tmpzzvc2w6w']
[2022-12-26T13:55:06.425+0000] {standard_task_runner.py:83} INFO - Job 3166: Subtask make_report
[2022-12-26T13:55:06.426+0000] {dagbag.py:525} INFO - Filling up the DagBag from /opt/***/dags/exchange_rates.py
[2022-12-26T13:55:06.769+0000] {taskmixin.py:205} WARNING - Dependency <Task(CurrencyScoopOperator): get_rate_AMD_RUB>, insert_rate_AMD_RUB already registered for DAG: exchange_rates
[2022-12-26T13:55:06.773+0000] {taskmixin.py:205} WARNING - Dependency <Task(PostgresOperator): insert_rate_AMD_RUB>, get_rate_AMD_RUB already registered for DAG: exchange_rates
[2022-12-26T13:55:06.969+0000] {task_command.py:384} INFO - Running <TaskInstance: exchange_rates.make_report scheduled__2022-04-01T08:15:00+00:00 [running]> on host d383fbf2a8e7
[2022-12-26T13:55:07.185+0000] {taskinstance.py:1592} INFO - Exporting the following env vars:
AIRFLOW_CTX_DAG_OWNER=***
AIRFLOW_CTX_DAG_ID=exchange_rates
AIRFLOW_CTX_TASK_ID=make_report
AIRFLOW_CTX_EXECUTION_DATE=2022-04-01T08:15:00+00:00
AIRFLOW_CTX_TRY_NUMBER=1
AIRFLOW_CTX_DAG_RUN_ID=scheduled__2022-04-01T08:15:00+00:00
[2022-12-26T13:55:08.695+0000] {python.py:177} INFO - Done. Returned value was: None
[2022-12-26T13:55:08.708+0000] {taskinstance.py:1406} INFO - Marking task as SUCCESS. dag_id=exchange_rates, task_id=make_report, execution_date=20220401T081500, start_date=20221226T135506, end_date=20221226T135508
[2022-12-26T13:55:08.793+0000] {local_task_job.py:164} INFO - Task exited with return code 0
[2022-12-26T13:55:08.834+0000] {local_task_job.py:273} INFO - 0 downstream tasks scheduled from follow-on schedule check
[2023-01-01T14:39:17.626+0000] {taskinstance.py:1165} INFO - Dependencies all met for <TaskInstance: exchange_rates.make_report scheduled__2022-04-01T08:15:00+00:00 [queued]>
[2023-01-01T14:39:17.666+0000] {taskinstance.py:1165} INFO - Dependencies all met for <TaskInstance: exchange_rates.make_report scheduled__2022-04-01T08:15:00+00:00 [queued]>
[2023-01-01T14:39:17.668+0000] {taskinstance.py:1362} INFO - 
--------------------------------------------------------------------------------
[2023-01-01T14:39:17.669+0000] {taskinstance.py:1363} INFO - Starting attempt 1 of 1
[2023-01-01T14:39:17.670+0000] {taskinstance.py:1364} INFO - 
--------------------------------------------------------------------------------
[2023-01-01T14:39:17.725+0000] {taskinstance.py:1383} INFO - Executing <Task(PythonOperator): make_report> on 2022-04-01 08:15:00+00:00
[2023-01-01T14:39:17.734+0000] {standard_task_runner.py:54} INFO - Started process 6603 to run task
[2023-01-01T14:39:17.754+0000] {standard_task_runner.py:82} INFO - Running: ['***', 'tasks', 'run', 'exchange_rates', 'make_report', 'scheduled__2022-04-01T08:15:00+00:00', '--job-id', '9151', '--raw', '--subdir', 'DAGS_FOLDER/exchange_rates.py', '--cfg-path', '/tmp/tmp6lunx69k']
[2023-01-01T14:39:17.756+0000] {standard_task_runner.py:83} INFO - Job 9151: Subtask make_report
[2023-01-01T14:39:17.760+0000] {dagbag.py:525} INFO - Filling up the DagBag from /opt/***/dags/exchange_rates.py
[2023-01-01T14:39:18.023+0000] {taskmixin.py:205} WARNING - Dependency <Task(CurrencyScoopOperator): get_rate_AMD_RUB>, insert_rate_AMD_RUB already registered for DAG: exchange_rates
[2023-01-01T14:39:18.026+0000] {taskmixin.py:205} WARNING - Dependency <Task(PostgresOperator): insert_rate_AMD_RUB>, get_rate_AMD_RUB already registered for DAG: exchange_rates
[2023-01-01T14:39:18.231+0000] {task_command.py:384} INFO - Running <TaskInstance: exchange_rates.make_report scheduled__2022-04-01T08:15:00+00:00 [running]> on host d383fbf2a8e7
[2023-01-01T14:39:18.449+0000] {taskinstance.py:1592} INFO - Exporting the following env vars:
AIRFLOW_CTX_DAG_OWNER=***
AIRFLOW_CTX_DAG_ID=exchange_rates
AIRFLOW_CTX_TASK_ID=make_report
AIRFLOW_CTX_EXECUTION_DATE=2022-04-01T08:15:00+00:00
AIRFLOW_CTX_TRY_NUMBER=1
AIRFLOW_CTX_DAG_RUN_ID=scheduled__2022-04-01T08:15:00+00:00
[2023-01-01T14:39:19.934+0000] {python.py:177} INFO - Done. Returned value was: None
[2023-01-01T14:39:19.960+0000] {taskinstance.py:1406} INFO - Marking task as SUCCESS. dag_id=exchange_rates, task_id=make_report, execution_date=20220401T081500, start_date=20230101T143917, end_date=20230101T143919
[2023-01-01T14:39:20.097+0000] {local_task_job.py:164} INFO - Task exited with return code 0
[2023-01-01T14:39:20.175+0000] {local_task_job.py:273} INFO - 0 downstream tasks scheduled from follow-on schedule check
