[2022-12-26T13:50:29.234+0000] {taskinstance.py:1165} INFO - Dependencies all met for <TaskInstance: exchange_rates.make_report scheduled__2022-01-03T08:15:00+00:00 [queued]>
[2022-12-26T13:50:29.281+0000] {taskinstance.py:1165} INFO - Dependencies all met for <TaskInstance: exchange_rates.make_report scheduled__2022-01-03T08:15:00+00:00 [queued]>
[2022-12-26T13:50:29.295+0000] {taskinstance.py:1362} INFO - 
--------------------------------------------------------------------------------
[2022-12-26T13:50:29.296+0000] {taskinstance.py:1363} INFO - Starting attempt 1 of 1
[2022-12-26T13:50:29.296+0000] {taskinstance.py:1364} INFO - 
--------------------------------------------------------------------------------
[2022-12-26T13:50:29.494+0000] {taskinstance.py:1383} INFO - Executing <Task(PythonOperator): make_report> on 2022-01-03 08:15:00+00:00
[2022-12-26T13:50:29.499+0000] {standard_task_runner.py:54} INFO - Started process 3031 to run task
[2022-12-26T13:50:29.543+0000] {standard_task_runner.py:82} INFO - Running: ['***', 'tasks', 'run', 'exchange_rates', 'make_report', 'scheduled__2022-01-03T08:15:00+00:00', '--job-id', '1829', '--raw', '--subdir', 'DAGS_FOLDER/exchange_rates.py', '--cfg-path', '/tmp/tmpnm8jzxnd']
[2022-12-26T13:50:29.547+0000] {standard_task_runner.py:83} INFO - Job 1829: Subtask make_report
[2022-12-26T13:50:29.552+0000] {dagbag.py:525} INFO - Filling up the DagBag from /opt/***/dags/exchange_rates.py
[2022-12-26T13:50:30.049+0000] {taskmixin.py:205} WARNING - Dependency <Task(CurrencyScoopOperator): get_rate_AMD_RUB>, insert_rate_AMD_RUB already registered for DAG: exchange_rates
[2022-12-26T13:50:30.060+0000] {taskmixin.py:205} WARNING - Dependency <Task(PostgresOperator): insert_rate_AMD_RUB>, get_rate_AMD_RUB already registered for DAG: exchange_rates
[2022-12-26T13:50:30.349+0000] {task_command.py:384} INFO - Running <TaskInstance: exchange_rates.make_report scheduled__2022-01-03T08:15:00+00:00 [running]> on host d383fbf2a8e7
[2022-12-26T13:50:30.717+0000] {taskinstance.py:1592} INFO - Exporting the following env vars:
AIRFLOW_CTX_DAG_OWNER=***
AIRFLOW_CTX_DAG_ID=exchange_rates
AIRFLOW_CTX_TASK_ID=make_report
AIRFLOW_CTX_EXECUTION_DATE=2022-01-03T08:15:00+00:00
AIRFLOW_CTX_TRY_NUMBER=1
AIRFLOW_CTX_DAG_RUN_ID=scheduled__2022-01-03T08:15:00+00:00
[2022-12-26T13:50:31.603+0000] {python.py:177} INFO - Done. Returned value was: None
[2022-12-26T13:50:31.614+0000] {taskinstance.py:1406} INFO - Marking task as SUCCESS. dag_id=exchange_rates, task_id=make_report, execution_date=20220103T081500, start_date=20221226T135029, end_date=20221226T135031
[2022-12-26T13:50:31.686+0000] {local_task_job.py:164} INFO - Task exited with return code 0
[2022-12-26T13:50:31.703+0000] {local_task_job.py:273} INFO - 0 downstream tasks scheduled from follow-on schedule check
[2023-01-01T14:35:04.348+0000] {taskinstance.py:1165} INFO - Dependencies all met for <TaskInstance: exchange_rates.make_report scheduled__2022-01-03T08:15:00+00:00 [queued]>
[2023-01-01T14:35:04.357+0000] {taskinstance.py:1165} INFO - Dependencies all met for <TaskInstance: exchange_rates.make_report scheduled__2022-01-03T08:15:00+00:00 [queued]>
[2023-01-01T14:35:04.357+0000] {taskinstance.py:1362} INFO - 
--------------------------------------------------------------------------------
[2023-01-01T14:35:04.358+0000] {taskinstance.py:1363} INFO - Starting attempt 1 of 1
[2023-01-01T14:35:04.358+0000] {taskinstance.py:1364} INFO - 
--------------------------------------------------------------------------------
[2023-01-01T14:35:04.396+0000] {taskinstance.py:1383} INFO - Executing <Task(PythonOperator): make_report> on 2022-01-03 08:15:00+00:00
[2023-01-01T14:35:04.399+0000] {standard_task_runner.py:54} INFO - Started process 3670 to run task
[2023-01-01T14:35:04.427+0000] {standard_task_runner.py:82} INFO - Running: ['***', 'tasks', 'run', 'exchange_rates', 'make_report', 'scheduled__2022-01-03T08:15:00+00:00', '--job-id', '7803', '--raw', '--subdir', 'DAGS_FOLDER/exchange_rates.py', '--cfg-path', '/tmp/tmpq_hyxt6i']
[2023-01-01T14:35:04.431+0000] {standard_task_runner.py:83} INFO - Job 7803: Subtask make_report
[2023-01-01T14:35:04.434+0000] {dagbag.py:525} INFO - Filling up the DagBag from /opt/***/dags/exchange_rates.py
[2023-01-01T14:35:04.620+0000] {taskmixin.py:205} WARNING - Dependency <Task(CurrencyScoopOperator): get_rate_AMD_RUB>, insert_rate_AMD_RUB already registered for DAG: exchange_rates
[2023-01-01T14:35:04.620+0000] {taskmixin.py:205} WARNING - Dependency <Task(PostgresOperator): insert_rate_AMD_RUB>, get_rate_AMD_RUB already registered for DAG: exchange_rates
[2023-01-01T14:35:04.956+0000] {task_command.py:384} INFO - Running <TaskInstance: exchange_rates.make_report scheduled__2022-01-03T08:15:00+00:00 [running]> on host d383fbf2a8e7
[2023-01-01T14:35:05.160+0000] {taskinstance.py:1592} INFO - Exporting the following env vars:
AIRFLOW_CTX_DAG_OWNER=***
AIRFLOW_CTX_DAG_ID=exchange_rates
AIRFLOW_CTX_TASK_ID=make_report
AIRFLOW_CTX_EXECUTION_DATE=2022-01-03T08:15:00+00:00
AIRFLOW_CTX_TRY_NUMBER=1
AIRFLOW_CTX_DAG_RUN_ID=scheduled__2022-01-03T08:15:00+00:00
[2023-01-01T14:35:05.491+0000] {python.py:177} INFO - Done. Returned value was: None
[2023-01-01T14:35:05.500+0000] {taskinstance.py:1406} INFO - Marking task as SUCCESS. dag_id=exchange_rates, task_id=make_report, execution_date=20220103T081500, start_date=20230101T143504, end_date=20230101T143505
[2023-01-01T14:35:05.567+0000] {local_task_job.py:164} INFO - Task exited with return code 0
[2023-01-01T14:35:05.585+0000] {local_task_job.py:273} INFO - 0 downstream tasks scheduled from follow-on schedule check
