[2022-12-26T13:48:11.622+0000] {taskinstance.py:1165} INFO - Dependencies all met for <TaskInstance: exchange_rates.get_rate_RUB_AMD scheduled__2021-11-20T08:15:00+00:00 [queued]>
[2022-12-26T13:48:11.667+0000] {taskinstance.py:1165} INFO - Dependencies all met for <TaskInstance: exchange_rates.get_rate_RUB_AMD scheduled__2021-11-20T08:15:00+00:00 [queued]>
[2022-12-26T13:48:11.668+0000] {taskinstance.py:1362} INFO - 
--------------------------------------------------------------------------------
[2022-12-26T13:48:11.668+0000] {taskinstance.py:1363} INFO - Starting attempt 1 of 1
[2022-12-26T13:48:11.668+0000] {taskinstance.py:1364} INFO - 
--------------------------------------------------------------------------------
[2022-12-26T13:48:11.762+0000] {taskinstance.py:1383} INFO - Executing <Task(CurrencyScoopOperator): get_rate_RUB_AMD> on 2021-11-20 08:15:00+00:00
[2022-12-26T13:48:11.770+0000] {standard_task_runner.py:54} INFO - Started process 1599 to run task
[2022-12-26T13:48:11.802+0000] {standard_task_runner.py:82} INFO - Running: ['***', 'tasks', 'run', 'exchange_rates', 'get_rate_RUB_AMD', 'scheduled__2021-11-20T08:15:00+00:00', '--job-id', '1170', '--raw', '--subdir', 'DAGS_FOLDER/exchange_rates.py', '--cfg-path', '/tmp/tmphzred8j8']
[2022-12-26T13:48:11.824+0000] {standard_task_runner.py:83} INFO - Job 1170: Subtask get_rate_RUB_AMD
[2022-12-26T13:48:11.828+0000] {dagbag.py:525} INFO - Filling up the DagBag from /opt/***/dags/exchange_rates.py
[2022-12-26T13:48:12.207+0000] {taskmixin.py:205} WARNING - Dependency <Task(CurrencyScoopOperator): get_rate_AMD_RUB>, insert_rate_AMD_RUB already registered for DAG: exchange_rates
[2022-12-26T13:48:12.208+0000] {taskmixin.py:205} WARNING - Dependency <Task(PostgresOperator): insert_rate_AMD_RUB>, get_rate_AMD_RUB already registered for DAG: exchange_rates
[2022-12-26T13:48:12.416+0000] {task_command.py:384} INFO - Running <TaskInstance: exchange_rates.get_rate_RUB_AMD scheduled__2021-11-20T08:15:00+00:00 [running]> on host d383fbf2a8e7
[2022-12-26T13:48:12.668+0000] {taskinstance.py:1592} INFO - Exporting the following env vars:
AIRFLOW_CTX_DAG_OWNER=***
AIRFLOW_CTX_DAG_ID=exchange_rates
AIRFLOW_CTX_TASK_ID=get_rate_RUB_AMD
AIRFLOW_CTX_EXECUTION_DATE=2021-11-20T08:15:00+00:00
AIRFLOW_CTX_TRY_NUMBER=1
AIRFLOW_CTX_DAG_RUN_ID=scheduled__2021-11-20T08:15:00+00:00
[2022-12-26T13:48:12.669+0000] {warnings.py:110} WARNING - /home/***/.local/lib/python3.7/site-packages/***/utils/context.py:204: AirflowContextDeprecationWarning: Accessing 'execution_date' from the template is deprecated and will be removed in a future version. Please use 'data_interval_start' or 'logical_date' instead.
  warnings.warn(_create_deprecation_warning(key, self._deprecation_replacements[key]))

[2022-12-26T13:48:12.701+0000] {base.py:71} INFO - Using connection ID 'currency_conn_id' for task execution.
[2022-12-26T13:48:14.733+0000] {taskinstance.py:1406} INFO - Marking task as SUCCESS. dag_id=exchange_rates, task_id=get_rate_RUB_AMD, execution_date=20211120T081500, start_date=20221226T134811, end_date=20221226T134814
[2022-12-26T13:48:14.830+0000] {local_task_job.py:164} INFO - Task exited with return code 0
[2022-12-26T13:48:14.935+0000] {local_task_job.py:273} INFO - 1 downstream tasks scheduled from follow-on schedule check
[2023-01-01T14:32:59.556+0000] {taskinstance.py:1165} INFO - Dependencies all met for <TaskInstance: exchange_rates.get_rate_RUB_AMD scheduled__2021-11-20T08:15:00+00:00 [queued]>
[2023-01-01T14:32:59.587+0000] {taskinstance.py:1165} INFO - Dependencies all met for <TaskInstance: exchange_rates.get_rate_RUB_AMD scheduled__2021-11-20T08:15:00+00:00 [queued]>
[2023-01-01T14:32:59.588+0000] {taskinstance.py:1362} INFO - 
--------------------------------------------------------------------------------
[2023-01-01T14:32:59.589+0000] {taskinstance.py:1363} INFO - Starting attempt 1 of 1
[2023-01-01T14:32:59.589+0000] {taskinstance.py:1364} INFO - 
--------------------------------------------------------------------------------
[2023-01-01T14:32:59.630+0000] {taskinstance.py:1383} INFO - Executing <Task(CurrencyScoopOperator): get_rate_RUB_AMD> on 2021-11-20 08:15:00+00:00
[2023-01-01T14:32:59.640+0000] {standard_task_runner.py:54} INFO - Started process 2249 to run task
[2023-01-01T14:32:59.659+0000] {standard_task_runner.py:82} INFO - Running: ['***', 'tasks', 'run', 'exchange_rates', 'get_rate_RUB_AMD', 'scheduled__2021-11-20T08:15:00+00:00', '--job-id', '7154', '--raw', '--subdir', 'DAGS_FOLDER/exchange_rates.py', '--cfg-path', '/tmp/tmpcqa3dyef']
[2023-01-01T14:32:59.663+0000] {standard_task_runner.py:83} INFO - Job 7154: Subtask get_rate_RUB_AMD
[2023-01-01T14:32:59.669+0000] {dagbag.py:525} INFO - Filling up the DagBag from /opt/***/dags/exchange_rates.py
[2023-01-01T14:33:00.057+0000] {taskmixin.py:205} WARNING - Dependency <Task(CurrencyScoopOperator): get_rate_AMD_RUB>, insert_rate_AMD_RUB already registered for DAG: exchange_rates
[2023-01-01T14:33:00.064+0000] {taskmixin.py:205} WARNING - Dependency <Task(PostgresOperator): insert_rate_AMD_RUB>, get_rate_AMD_RUB already registered for DAG: exchange_rates
[2023-01-01T14:33:00.258+0000] {task_command.py:384} INFO - Running <TaskInstance: exchange_rates.get_rate_RUB_AMD scheduled__2021-11-20T08:15:00+00:00 [running]> on host d383fbf2a8e7
[2023-01-01T14:33:00.424+0000] {taskinstance.py:1592} INFO - Exporting the following env vars:
AIRFLOW_CTX_DAG_OWNER=***
AIRFLOW_CTX_DAG_ID=exchange_rates
AIRFLOW_CTX_TASK_ID=get_rate_RUB_AMD
AIRFLOW_CTX_EXECUTION_DATE=2021-11-20T08:15:00+00:00
AIRFLOW_CTX_TRY_NUMBER=1
AIRFLOW_CTX_DAG_RUN_ID=scheduled__2021-11-20T08:15:00+00:00
[2023-01-01T14:33:00.432+0000] {warnings.py:110} WARNING - /home/***/.local/lib/python3.7/site-packages/***/utils/context.py:204: AirflowContextDeprecationWarning: Accessing 'execution_date' from the template is deprecated and will be removed in a future version. Please use 'data_interval_start' or 'logical_date' instead.
  warnings.warn(_create_deprecation_warning(key, self._deprecation_replacements[key]))

[2023-01-01T14:33:00.477+0000] {base.py:71} INFO - Using connection ID 'currency_conn_id' for task execution.
[2023-01-01T14:33:00.867+0000] {taskinstance.py:1406} INFO - Marking task as SUCCESS. dag_id=exchange_rates, task_id=get_rate_RUB_AMD, execution_date=20211120T081500, start_date=20230101T143259, end_date=20230101T143300
[2023-01-01T14:33:00.953+0000] {local_task_job.py:164} INFO - Task exited with return code 0
[2023-01-01T14:33:01.033+0000] {local_task_job.py:273} INFO - 1 downstream tasks scheduled from follow-on schedule check
