[2022-12-26T14:00:20.149+0000] {taskinstance.py:1165} INFO - Dependencies all met for <TaskInstance: exchange_rates.make_report scheduled__2022-07-27T08:15:00+00:00 [queued]>
[2022-12-26T14:00:20.201+0000] {taskinstance.py:1165} INFO - Dependencies all met for <TaskInstance: exchange_rates.make_report scheduled__2022-07-27T08:15:00+00:00 [queued]>
[2022-12-26T14:00:20.206+0000] {taskinstance.py:1362} INFO - 
--------------------------------------------------------------------------------
[2022-12-26T14:00:20.206+0000] {taskinstance.py:1363} INFO - Starting attempt 1 of 1
[2022-12-26T14:00:20.207+0000] {taskinstance.py:1364} INFO - 
--------------------------------------------------------------------------------
[2022-12-26T14:00:20.259+0000] {taskinstance.py:1383} INFO - Executing <Task(PythonOperator): make_report> on 2022-07-27 08:15:00+00:00
[2022-12-26T14:00:20.280+0000] {standard_task_runner.py:54} INFO - Started process 9487 to run task
[2022-12-26T14:00:20.302+0000] {standard_task_runner.py:82} INFO - Running: ['***', 'tasks', 'run', 'exchange_rates', 'make_report', 'scheduled__2022-07-27T08:15:00+00:00', '--job-id', '4766', '--raw', '--subdir', 'DAGS_FOLDER/exchange_rates.py', '--cfg-path', '/tmp/tmpd3yar6f2']
[2022-12-26T14:00:20.302+0000] {standard_task_runner.py:83} INFO - Job 4766: Subtask make_report
[2022-12-26T14:00:20.304+0000] {dagbag.py:525} INFO - Filling up the DagBag from /opt/***/dags/exchange_rates.py
[2022-12-26T14:00:20.556+0000] {taskmixin.py:205} WARNING - Dependency <Task(CurrencyScoopOperator): get_rate_AMD_RUB>, insert_rate_AMD_RUB already registered for DAG: exchange_rates
[2022-12-26T14:00:20.557+0000] {taskmixin.py:205} WARNING - Dependency <Task(PostgresOperator): insert_rate_AMD_RUB>, get_rate_AMD_RUB already registered for DAG: exchange_rates
[2022-12-26T14:00:20.758+0000] {task_command.py:384} INFO - Running <TaskInstance: exchange_rates.make_report scheduled__2022-07-27T08:15:00+00:00 [running]> on host d383fbf2a8e7
[2022-12-26T14:00:20.924+0000] {taskinstance.py:1592} INFO - Exporting the following env vars:
AIRFLOW_CTX_DAG_OWNER=***
AIRFLOW_CTX_DAG_ID=exchange_rates
AIRFLOW_CTX_TASK_ID=make_report
AIRFLOW_CTX_EXECUTION_DATE=2022-07-27T08:15:00+00:00
AIRFLOW_CTX_TRY_NUMBER=1
AIRFLOW_CTX_DAG_RUN_ID=scheduled__2022-07-27T08:15:00+00:00
[2022-12-26T14:00:22.239+0000] {python.py:177} INFO - Done. Returned value was: None
[2022-12-26T14:00:22.264+0000] {taskinstance.py:1406} INFO - Marking task as SUCCESS. dag_id=exchange_rates, task_id=make_report, execution_date=20220727T081500, start_date=20221226T140020, end_date=20221226T140022
[2022-12-26T14:00:22.354+0000] {local_task_job.py:164} INFO - Task exited with return code 0
[2022-12-26T14:00:22.378+0000] {local_task_job.py:273} INFO - 0 downstream tasks scheduled from follow-on schedule check
[2023-01-01T14:44:08.339+0000] {taskinstance.py:1165} INFO - Dependencies all met for <TaskInstance: exchange_rates.make_report scheduled__2022-07-27T08:15:00+00:00 [queued]>
[2023-01-01T14:44:08.386+0000] {taskinstance.py:1165} INFO - Dependencies all met for <TaskInstance: exchange_rates.make_report scheduled__2022-07-27T08:15:00+00:00 [queued]>
[2023-01-01T14:44:08.389+0000] {taskinstance.py:1362} INFO - 
--------------------------------------------------------------------------------
[2023-01-01T14:44:08.390+0000] {taskinstance.py:1363} INFO - Starting attempt 1 of 1
[2023-01-01T14:44:08.390+0000] {taskinstance.py:1364} INFO - 
--------------------------------------------------------------------------------
[2023-01-01T14:44:08.421+0000] {taskinstance.py:1383} INFO - Executing <Task(PythonOperator): make_report> on 2022-07-27 08:15:00+00:00
[2023-01-01T14:44:08.426+0000] {standard_task_runner.py:54} INFO - Started process 10092 to run task
[2023-01-01T14:44:08.449+0000] {standard_task_runner.py:82} INFO - Running: ['***', 'tasks', 'run', 'exchange_rates', 'make_report', 'scheduled__2022-07-27T08:15:00+00:00', '--job-id', '10744', '--raw', '--subdir', 'DAGS_FOLDER/exchange_rates.py', '--cfg-path', '/tmp/tmpzqu2srgl']
[2023-01-01T14:44:08.450+0000] {standard_task_runner.py:83} INFO - Job 10744: Subtask make_report
[2023-01-01T14:44:08.455+0000] {dagbag.py:525} INFO - Filling up the DagBag from /opt/***/dags/exchange_rates.py
[2023-01-01T14:44:08.728+0000] {taskmixin.py:205} WARNING - Dependency <Task(CurrencyScoopOperator): get_rate_AMD_RUB>, insert_rate_AMD_RUB already registered for DAG: exchange_rates
[2023-01-01T14:44:08.731+0000] {taskmixin.py:205} WARNING - Dependency <Task(PostgresOperator): insert_rate_AMD_RUB>, get_rate_AMD_RUB already registered for DAG: exchange_rates
[2023-01-01T14:44:08.950+0000] {task_command.py:384} INFO - Running <TaskInstance: exchange_rates.make_report scheduled__2022-07-27T08:15:00+00:00 [running]> on host d383fbf2a8e7
[2023-01-01T14:44:09.053+0000] {taskinstance.py:1592} INFO - Exporting the following env vars:
AIRFLOW_CTX_DAG_OWNER=***
AIRFLOW_CTX_DAG_ID=exchange_rates
AIRFLOW_CTX_TASK_ID=make_report
AIRFLOW_CTX_EXECUTION_DATE=2022-07-27T08:15:00+00:00
AIRFLOW_CTX_TRY_NUMBER=1
AIRFLOW_CTX_DAG_RUN_ID=scheduled__2022-07-27T08:15:00+00:00
[2023-01-01T14:44:09.649+0000] {python.py:177} INFO - Done. Returned value was: None
[2023-01-01T14:44:09.660+0000] {taskinstance.py:1406} INFO - Marking task as SUCCESS. dag_id=exchange_rates, task_id=make_report, execution_date=20220727T081500, start_date=20230101T144408, end_date=20230101T144409
[2023-01-01T14:44:09.737+0000] {local_task_job.py:164} INFO - Task exited with return code 0
[2023-01-01T14:44:09.755+0000] {local_task_job.py:273} INFO - 0 downstream tasks scheduled from follow-on schedule check
