[2022-12-26T13:52:03.177+0000] {taskinstance.py:1165} INFO - Dependencies all met for <TaskInstance: exchange_rates.make_report scheduled__2022-01-31T08:15:00+00:00 [queued]>
[2022-12-26T13:52:03.223+0000] {taskinstance.py:1165} INFO - Dependencies all met for <TaskInstance: exchange_rates.make_report scheduled__2022-01-31T08:15:00+00:00 [queued]>
[2022-12-26T13:52:03.224+0000] {taskinstance.py:1362} INFO - 
--------------------------------------------------------------------------------
[2022-12-26T13:52:03.225+0000] {taskinstance.py:1363} INFO - Starting attempt 1 of 1
[2022-12-26T13:52:03.225+0000] {taskinstance.py:1364} INFO - 
--------------------------------------------------------------------------------
[2022-12-26T13:52:03.262+0000] {taskinstance.py:1383} INFO - Executing <Task(PythonOperator): make_report> on 2022-01-31 08:15:00+00:00
[2022-12-26T13:52:03.269+0000] {standard_task_runner.py:54} INFO - Started process 4020 to run task
[2022-12-26T13:52:03.288+0000] {standard_task_runner.py:82} INFO - Running: ['***', 'tasks', 'run', 'exchange_rates', 'make_report', 'scheduled__2022-01-31T08:15:00+00:00', '--job-id', '2276', '--raw', '--subdir', 'DAGS_FOLDER/exchange_rates.py', '--cfg-path', '/tmp/tmpqs6nim11']
[2022-12-26T13:52:03.297+0000] {standard_task_runner.py:83} INFO - Job 2276: Subtask make_report
[2022-12-26T13:52:03.302+0000] {dagbag.py:525} INFO - Filling up the DagBag from /opt/***/dags/exchange_rates.py
[2022-12-26T13:52:03.556+0000] {taskmixin.py:205} WARNING - Dependency <Task(CurrencyScoopOperator): get_rate_AMD_RUB>, insert_rate_AMD_RUB already registered for DAG: exchange_rates
[2022-12-26T13:52:03.559+0000] {taskmixin.py:205} WARNING - Dependency <Task(PostgresOperator): insert_rate_AMD_RUB>, get_rate_AMD_RUB already registered for DAG: exchange_rates
[2022-12-26T13:52:03.778+0000] {task_command.py:384} INFO - Running <TaskInstance: exchange_rates.make_report scheduled__2022-01-31T08:15:00+00:00 [running]> on host d383fbf2a8e7
[2022-12-26T13:52:03.945+0000] {taskinstance.py:1592} INFO - Exporting the following env vars:
AIRFLOW_CTX_DAG_OWNER=***
AIRFLOW_CTX_DAG_ID=exchange_rates
AIRFLOW_CTX_TASK_ID=make_report
AIRFLOW_CTX_EXECUTION_DATE=2022-01-31T08:15:00+00:00
AIRFLOW_CTX_TRY_NUMBER=1
AIRFLOW_CTX_DAG_RUN_ID=scheduled__2022-01-31T08:15:00+00:00
[2022-12-26T13:52:05.208+0000] {python.py:177} INFO - Done. Returned value was: None
[2022-12-26T13:52:05.220+0000] {taskinstance.py:1406} INFO - Marking task as SUCCESS. dag_id=exchange_rates, task_id=make_report, execution_date=20220131T081500, start_date=20221226T135203, end_date=20221226T135205
[2022-12-26T13:52:05.314+0000] {local_task_job.py:164} INFO - Task exited with return code 0
[2022-12-26T13:52:05.330+0000] {local_task_job.py:273} INFO - 0 downstream tasks scheduled from follow-on schedule check
[2023-01-01T14:36:28.302+0000] {taskinstance.py:1165} INFO - Dependencies all met for <TaskInstance: exchange_rates.make_report scheduled__2022-01-31T08:15:00+00:00 [queued]>
[2023-01-01T14:36:28.335+0000] {taskinstance.py:1165} INFO - Dependencies all met for <TaskInstance: exchange_rates.make_report scheduled__2022-01-31T08:15:00+00:00 [queued]>
[2023-01-01T14:36:28.342+0000] {taskinstance.py:1362} INFO - 
--------------------------------------------------------------------------------
[2023-01-01T14:36:28.342+0000] {taskinstance.py:1363} INFO - Starting attempt 1 of 1
[2023-01-01T14:36:28.343+0000] {taskinstance.py:1364} INFO - 
--------------------------------------------------------------------------------
[2023-01-01T14:36:28.395+0000] {taskinstance.py:1383} INFO - Executing <Task(PythonOperator): make_report> on 2022-01-31 08:15:00+00:00
[2023-01-01T14:36:28.405+0000] {standard_task_runner.py:54} INFO - Started process 4643 to run task
[2023-01-01T14:36:28.429+0000] {standard_task_runner.py:82} INFO - Running: ['***', 'tasks', 'run', 'exchange_rates', 'make_report', 'scheduled__2022-01-31T08:15:00+00:00', '--job-id', '8250', '--raw', '--subdir', 'DAGS_FOLDER/exchange_rates.py', '--cfg-path', '/tmp/tmpjxx32gpi']
[2023-01-01T14:36:28.433+0000] {standard_task_runner.py:83} INFO - Job 8250: Subtask make_report
[2023-01-01T14:36:28.435+0000] {dagbag.py:525} INFO - Filling up the DagBag from /opt/***/dags/exchange_rates.py
[2023-01-01T14:36:28.662+0000] {taskmixin.py:205} WARNING - Dependency <Task(CurrencyScoopOperator): get_rate_AMD_RUB>, insert_rate_AMD_RUB already registered for DAG: exchange_rates
[2023-01-01T14:36:28.662+0000] {taskmixin.py:205} WARNING - Dependency <Task(PostgresOperator): insert_rate_AMD_RUB>, get_rate_AMD_RUB already registered for DAG: exchange_rates
[2023-01-01T14:36:28.769+0000] {task_command.py:384} INFO - Running <TaskInstance: exchange_rates.make_report scheduled__2022-01-31T08:15:00+00:00 [running]> on host d383fbf2a8e7
[2023-01-01T14:36:28.896+0000] {taskinstance.py:1592} INFO - Exporting the following env vars:
AIRFLOW_CTX_DAG_OWNER=***
AIRFLOW_CTX_DAG_ID=exchange_rates
AIRFLOW_CTX_TASK_ID=make_report
AIRFLOW_CTX_EXECUTION_DATE=2022-01-31T08:15:00+00:00
AIRFLOW_CTX_TRY_NUMBER=1
AIRFLOW_CTX_DAG_RUN_ID=scheduled__2022-01-31T08:15:00+00:00
[2023-01-01T14:36:29.543+0000] {python.py:177} INFO - Done. Returned value was: None
[2023-01-01T14:36:29.550+0000] {taskinstance.py:1406} INFO - Marking task as SUCCESS. dag_id=exchange_rates, task_id=make_report, execution_date=20220131T081500, start_date=20230101T143628, end_date=20230101T143629
[2023-01-01T14:36:29.652+0000] {local_task_job.py:164} INFO - Task exited with return code 0
[2023-01-01T14:36:29.672+0000] {local_task_job.py:273} INFO - 0 downstream tasks scheduled from follow-on schedule check
