[2022-12-26T13:59:31.085+0000] {taskinstance.py:1165} INFO - Dependencies all met for <TaskInstance: exchange_rates.make_report scheduled__2022-07-04T08:15:00+00:00 [queued]>
[2022-12-26T13:59:31.129+0000] {taskinstance.py:1165} INFO - Dependencies all met for <TaskInstance: exchange_rates.make_report scheduled__2022-07-04T08:15:00+00:00 [queued]>
[2022-12-26T13:59:31.131+0000] {taskinstance.py:1362} INFO - 
--------------------------------------------------------------------------------
[2022-12-26T13:59:31.133+0000] {taskinstance.py:1363} INFO - Starting attempt 1 of 1
[2022-12-26T13:59:31.134+0000] {taskinstance.py:1364} INFO - 
--------------------------------------------------------------------------------
[2022-12-26T13:59:31.171+0000] {taskinstance.py:1383} INFO - Executing <Task(PythonOperator): make_report> on 2022-07-04 08:15:00+00:00
[2022-12-26T13:59:31.193+0000] {standard_task_runner.py:54} INFO - Started process 8974 to run task
[2022-12-26T13:59:31.229+0000] {standard_task_runner.py:82} INFO - Running: ['***', 'tasks', 'run', 'exchange_rates', 'make_report', 'scheduled__2022-07-04T08:15:00+00:00', '--job-id', '4534', '--raw', '--subdir', 'DAGS_FOLDER/exchange_rates.py', '--cfg-path', '/tmp/tmp_pesx19k']
[2022-12-26T13:59:31.235+0000] {standard_task_runner.py:83} INFO - Job 4534: Subtask make_report
[2022-12-26T13:59:31.238+0000] {dagbag.py:525} INFO - Filling up the DagBag from /opt/***/dags/exchange_rates.py
[2022-12-26T13:59:31.542+0000] {taskmixin.py:205} WARNING - Dependency <Task(CurrencyScoopOperator): get_rate_AMD_RUB>, insert_rate_AMD_RUB already registered for DAG: exchange_rates
[2022-12-26T13:59:31.543+0000] {taskmixin.py:205} WARNING - Dependency <Task(PostgresOperator): insert_rate_AMD_RUB>, get_rate_AMD_RUB already registered for DAG: exchange_rates
[2022-12-26T13:59:31.853+0000] {task_command.py:384} INFO - Running <TaskInstance: exchange_rates.make_report scheduled__2022-07-04T08:15:00+00:00 [running]> on host d383fbf2a8e7
[2022-12-26T13:59:32.040+0000] {taskinstance.py:1592} INFO - Exporting the following env vars:
AIRFLOW_CTX_DAG_OWNER=***
AIRFLOW_CTX_DAG_ID=exchange_rates
AIRFLOW_CTX_TASK_ID=make_report
AIRFLOW_CTX_EXECUTION_DATE=2022-07-04T08:15:00+00:00
AIRFLOW_CTX_TRY_NUMBER=1
AIRFLOW_CTX_DAG_RUN_ID=scheduled__2022-07-04T08:15:00+00:00
[2022-12-26T13:59:33.883+0000] {python.py:177} INFO - Done. Returned value was: None
[2022-12-26T13:59:33.922+0000] {taskinstance.py:1406} INFO - Marking task as SUCCESS. dag_id=exchange_rates, task_id=make_report, execution_date=20220704T081500, start_date=20221226T135931, end_date=20221226T135933
[2022-12-26T13:59:34.187+0000] {local_task_job.py:164} INFO - Task exited with return code 0
[2022-12-26T13:59:34.213+0000] {local_task_job.py:273} INFO - 0 downstream tasks scheduled from follow-on schedule check
[2023-01-01T14:43:29.578+0000] {taskinstance.py:1165} INFO - Dependencies all met for <TaskInstance: exchange_rates.make_report scheduled__2022-07-04T08:15:00+00:00 [queued]>
[2023-01-01T14:43:29.621+0000] {taskinstance.py:1165} INFO - Dependencies all met for <TaskInstance: exchange_rates.make_report scheduled__2022-07-04T08:15:00+00:00 [queued]>
[2023-01-01T14:43:29.622+0000] {taskinstance.py:1362} INFO - 
--------------------------------------------------------------------------------
[2023-01-01T14:43:29.622+0000] {taskinstance.py:1363} INFO - Starting attempt 1 of 1
[2023-01-01T14:43:29.624+0000] {taskinstance.py:1364} INFO - 
--------------------------------------------------------------------------------
[2023-01-01T14:43:29.752+0000] {taskinstance.py:1383} INFO - Executing <Task(PythonOperator): make_report> on 2022-07-04 08:15:00+00:00
[2023-01-01T14:43:29.756+0000] {standard_task_runner.py:54} INFO - Started process 9593 to run task
[2023-01-01T14:43:29.797+0000] {standard_task_runner.py:82} INFO - Running: ['***', 'tasks', 'run', 'exchange_rates', 'make_report', 'scheduled__2022-07-04T08:15:00+00:00', '--job-id', '10508', '--raw', '--subdir', 'DAGS_FOLDER/exchange_rates.py', '--cfg-path', '/tmp/tmpiyjm4l4b']
[2023-01-01T14:43:29.802+0000] {standard_task_runner.py:83} INFO - Job 10508: Subtask make_report
[2023-01-01T14:43:29.805+0000] {dagbag.py:525} INFO - Filling up the DagBag from /opt/***/dags/exchange_rates.py
[2023-01-01T14:43:30.110+0000] {taskmixin.py:205} WARNING - Dependency <Task(CurrencyScoopOperator): get_rate_AMD_RUB>, insert_rate_AMD_RUB already registered for DAG: exchange_rates
[2023-01-01T14:43:30.111+0000] {taskmixin.py:205} WARNING - Dependency <Task(PostgresOperator): insert_rate_AMD_RUB>, get_rate_AMD_RUB already registered for DAG: exchange_rates
[2023-01-01T14:43:30.275+0000] {task_command.py:384} INFO - Running <TaskInstance: exchange_rates.make_report scheduled__2022-07-04T08:15:00+00:00 [running]> on host d383fbf2a8e7
[2023-01-01T14:43:30.389+0000] {taskinstance.py:1592} INFO - Exporting the following env vars:
AIRFLOW_CTX_DAG_OWNER=***
AIRFLOW_CTX_DAG_ID=exchange_rates
AIRFLOW_CTX_TASK_ID=make_report
AIRFLOW_CTX_EXECUTION_DATE=2022-07-04T08:15:00+00:00
AIRFLOW_CTX_TRY_NUMBER=1
AIRFLOW_CTX_DAG_RUN_ID=scheduled__2022-07-04T08:15:00+00:00
[2023-01-01T14:43:31.912+0000] {python.py:177} INFO - Done. Returned value was: None
[2023-01-01T14:43:31.939+0000] {taskinstance.py:1406} INFO - Marking task as SUCCESS. dag_id=exchange_rates, task_id=make_report, execution_date=20220704T081500, start_date=20230101T144329, end_date=20230101T144331
[2023-01-01T14:43:32.020+0000] {local_task_job.py:164} INFO - Task exited with return code 0
[2023-01-01T14:43:32.043+0000] {local_task_job.py:273} INFO - 0 downstream tasks scheduled from follow-on schedule check
