[2022-12-26T13:58:54.930+0000] {taskinstance.py:1165} INFO - Dependencies all met for <TaskInstance: exchange_rates.get_rate_AMD_RUB scheduled__2022-07-05T08:15:00+00:00 [queued]>
[2022-12-26T13:58:54.992+0000] {taskinstance.py:1165} INFO - Dependencies all met for <TaskInstance: exchange_rates.get_rate_AMD_RUB scheduled__2022-07-05T08:15:00+00:00 [queued]>
[2022-12-26T13:58:54.993+0000] {taskinstance.py:1362} INFO - 
--------------------------------------------------------------------------------
[2022-12-26T13:58:54.994+0000] {taskinstance.py:1363} INFO - Starting attempt 1 of 1
[2022-12-26T13:58:54.995+0000] {taskinstance.py:1364} INFO - 
--------------------------------------------------------------------------------
[2022-12-26T13:58:55.060+0000] {taskinstance.py:1383} INFO - Executing <Task(CurrencyScoopOperator): get_rate_AMD_RUB> on 2022-07-05 08:15:00+00:00
[2022-12-26T13:58:55.075+0000] {standard_task_runner.py:54} INFO - Started process 8585 to run task
[2022-12-26T13:58:55.088+0000] {standard_task_runner.py:82} INFO - Running: ['***', 'tasks', 'run', 'exchange_rates', 'get_rate_AMD_RUB', 'scheduled__2022-07-05T08:15:00+00:00', '--job-id', '4352', '--raw', '--subdir', 'DAGS_FOLDER/exchange_rates.py', '--cfg-path', '/tmp/tmpjza2jl12']
[2022-12-26T13:58:55.103+0000] {standard_task_runner.py:83} INFO - Job 4352: Subtask get_rate_AMD_RUB
[2022-12-26T13:58:55.104+0000] {dagbag.py:525} INFO - Filling up the DagBag from /opt/***/dags/exchange_rates.py
[2022-12-26T13:58:55.349+0000] {taskmixin.py:205} WARNING - Dependency <Task(CurrencyScoopOperator): get_rate_AMD_RUB>, insert_rate_AMD_RUB already registered for DAG: exchange_rates
[2022-12-26T13:58:55.351+0000] {taskmixin.py:205} WARNING - Dependency <Task(PostgresOperator): insert_rate_AMD_RUB>, get_rate_AMD_RUB already registered for DAG: exchange_rates
[2022-12-26T13:58:55.509+0000] {task_command.py:384} INFO - Running <TaskInstance: exchange_rates.get_rate_AMD_RUB scheduled__2022-07-05T08:15:00+00:00 [running]> on host d383fbf2a8e7
[2022-12-26T13:58:55.691+0000] {taskinstance.py:1592} INFO - Exporting the following env vars:
AIRFLOW_CTX_DAG_OWNER=***
AIRFLOW_CTX_DAG_ID=exchange_rates
AIRFLOW_CTX_TASK_ID=get_rate_AMD_RUB
AIRFLOW_CTX_EXECUTION_DATE=2022-07-05T08:15:00+00:00
AIRFLOW_CTX_TRY_NUMBER=1
AIRFLOW_CTX_DAG_RUN_ID=scheduled__2022-07-05T08:15:00+00:00
[2022-12-26T13:58:55.693+0000] {warnings.py:110} WARNING - /home/***/.local/lib/python3.7/site-packages/***/utils/context.py:204: AirflowContextDeprecationWarning: Accessing 'execution_date' from the template is deprecated and will be removed in a future version. Please use 'data_interval_start' or 'logical_date' instead.
  warnings.warn(_create_deprecation_warning(key, self._deprecation_replacements[key]))

[2022-12-26T13:58:55.714+0000] {base.py:71} INFO - Using connection ID 'currency_conn_id' for task execution.
[2022-12-26T13:58:56.376+0000] {taskinstance.py:1406} INFO - Marking task as SUCCESS. dag_id=exchange_rates, task_id=get_rate_AMD_RUB, execution_date=20220705T081500, start_date=20221226T135854, end_date=20221226T135856
[2022-12-26T13:58:56.480+0000] {local_task_job.py:164} INFO - Task exited with return code 0
[2022-12-26T13:58:56.575+0000] {local_task_job.py:273} INFO - 0 downstream tasks scheduled from follow-on schedule check
[2023-01-01T14:43:01.274+0000] {taskinstance.py:1165} INFO - Dependencies all met for <TaskInstance: exchange_rates.get_rate_AMD_RUB scheduled__2022-07-05T08:15:00+00:00 [queued]>
[2023-01-01T14:43:01.283+0000] {taskinstance.py:1165} INFO - Dependencies all met for <TaskInstance: exchange_rates.get_rate_AMD_RUB scheduled__2022-07-05T08:15:00+00:00 [queued]>
[2023-01-01T14:43:01.283+0000] {taskinstance.py:1362} INFO - 
--------------------------------------------------------------------------------
[2023-01-01T14:43:01.284+0000] {taskinstance.py:1363} INFO - Starting attempt 1 of 1
[2023-01-01T14:43:01.284+0000] {taskinstance.py:1364} INFO - 
--------------------------------------------------------------------------------
[2023-01-01T14:43:01.302+0000] {taskinstance.py:1383} INFO - Executing <Task(CurrencyScoopOperator): get_rate_AMD_RUB> on 2022-07-05 08:15:00+00:00
[2023-01-01T14:43:01.314+0000] {standard_task_runner.py:54} INFO - Started process 9214 to run task
[2023-01-01T14:43:01.342+0000] {standard_task_runner.py:82} INFO - Running: ['***', 'tasks', 'run', 'exchange_rates', 'get_rate_AMD_RUB', 'scheduled__2022-07-05T08:15:00+00:00', '--job-id', '10333', '--raw', '--subdir', 'DAGS_FOLDER/exchange_rates.py', '--cfg-path', '/tmp/tmpxxx8cq8b']
[2023-01-01T14:43:01.358+0000] {standard_task_runner.py:83} INFO - Job 10333: Subtask get_rate_AMD_RUB
[2023-01-01T14:43:01.361+0000] {dagbag.py:525} INFO - Filling up the DagBag from /opt/***/dags/exchange_rates.py
[2023-01-01T14:43:01.751+0000] {taskmixin.py:205} WARNING - Dependency <Task(CurrencyScoopOperator): get_rate_AMD_RUB>, insert_rate_AMD_RUB already registered for DAG: exchange_rates
[2023-01-01T14:43:01.751+0000] {taskmixin.py:205} WARNING - Dependency <Task(PostgresOperator): insert_rate_AMD_RUB>, get_rate_AMD_RUB already registered for DAG: exchange_rates
[2023-01-01T14:43:02.013+0000] {task_command.py:384} INFO - Running <TaskInstance: exchange_rates.get_rate_AMD_RUB scheduled__2022-07-05T08:15:00+00:00 [running]> on host d383fbf2a8e7
[2023-01-01T14:43:02.250+0000] {taskinstance.py:1592} INFO - Exporting the following env vars:
AIRFLOW_CTX_DAG_OWNER=***
AIRFLOW_CTX_DAG_ID=exchange_rates
AIRFLOW_CTX_TASK_ID=get_rate_AMD_RUB
AIRFLOW_CTX_EXECUTION_DATE=2022-07-05T08:15:00+00:00
AIRFLOW_CTX_TRY_NUMBER=1
AIRFLOW_CTX_DAG_RUN_ID=scheduled__2022-07-05T08:15:00+00:00
[2023-01-01T14:43:02.251+0000] {warnings.py:110} WARNING - /home/***/.local/lib/python3.7/site-packages/***/utils/context.py:204: AirflowContextDeprecationWarning: Accessing 'execution_date' from the template is deprecated and will be removed in a future version. Please use 'data_interval_start' or 'logical_date' instead.
  warnings.warn(_create_deprecation_warning(key, self._deprecation_replacements[key]))

[2023-01-01T14:43:02.283+0000] {base.py:71} INFO - Using connection ID 'currency_conn_id' for task execution.
[2023-01-01T14:43:02.662+0000] {taskinstance.py:1406} INFO - Marking task as SUCCESS. dag_id=exchange_rates, task_id=get_rate_AMD_RUB, execution_date=20220705T081500, start_date=20230101T144301, end_date=20230101T144302
[2023-01-01T14:43:02.711+0000] {local_task_job.py:164} INFO - Task exited with return code 0
[2023-01-01T14:43:02.737+0000] {local_task_job.py:273} INFO - 1 downstream tasks scheduled from follow-on schedule check
