[2022-12-26T14:00:37.807+0000] {taskinstance.py:1165} INFO - Dependencies all met for <TaskInstance: exchange_rates.get_rate_RUB_AMD scheduled__2022-08-13T08:15:00+00:00 [queued]>
[2022-12-26T14:00:37.881+0000] {taskinstance.py:1165} INFO - Dependencies all met for <TaskInstance: exchange_rates.get_rate_RUB_AMD scheduled__2022-08-13T08:15:00+00:00 [queued]>
[2022-12-26T14:00:37.883+0000] {taskinstance.py:1362} INFO - 
--------------------------------------------------------------------------------
[2022-12-26T14:00:37.883+0000] {taskinstance.py:1363} INFO - Starting attempt 1 of 1
[2022-12-26T14:00:37.884+0000] {taskinstance.py:1364} INFO - 
--------------------------------------------------------------------------------
[2022-12-26T14:00:37.952+0000] {taskinstance.py:1383} INFO - Executing <Task(CurrencyScoopOperator): get_rate_RUB_AMD> on 2022-08-13 08:15:00+00:00
[2022-12-26T14:00:37.971+0000] {standard_task_runner.py:54} INFO - Started process 9669 to run task
[2022-12-26T14:00:38.017+0000] {standard_task_runner.py:82} INFO - Running: ['***', 'tasks', 'run', 'exchange_rates', 'get_rate_RUB_AMD', 'scheduled__2022-08-13T08:15:00+00:00', '--job-id', '4845', '--raw', '--subdir', 'DAGS_FOLDER/exchange_rates.py', '--cfg-path', '/tmp/tmptiwaqk4o']
[2022-12-26T14:00:38.020+0000] {standard_task_runner.py:83} INFO - Job 4845: Subtask get_rate_RUB_AMD
[2022-12-26T14:00:38.023+0000] {dagbag.py:525} INFO - Filling up the DagBag from /opt/***/dags/exchange_rates.py
[2022-12-26T14:00:38.247+0000] {taskmixin.py:205} WARNING - Dependency <Task(CurrencyScoopOperator): get_rate_AMD_RUB>, insert_rate_AMD_RUB already registered for DAG: exchange_rates
[2022-12-26T14:00:38.249+0000] {taskmixin.py:205} WARNING - Dependency <Task(PostgresOperator): insert_rate_AMD_RUB>, get_rate_AMD_RUB already registered for DAG: exchange_rates
[2022-12-26T14:00:38.440+0000] {task_command.py:384} INFO - Running <TaskInstance: exchange_rates.get_rate_RUB_AMD scheduled__2022-08-13T08:15:00+00:00 [running]> on host d383fbf2a8e7
[2022-12-26T14:00:38.585+0000] {taskinstance.py:1592} INFO - Exporting the following env vars:
AIRFLOW_CTX_DAG_OWNER=***
AIRFLOW_CTX_DAG_ID=exchange_rates
AIRFLOW_CTX_TASK_ID=get_rate_RUB_AMD
AIRFLOW_CTX_EXECUTION_DATE=2022-08-13T08:15:00+00:00
AIRFLOW_CTX_TRY_NUMBER=1
AIRFLOW_CTX_DAG_RUN_ID=scheduled__2022-08-13T08:15:00+00:00
[2022-12-26T14:00:38.586+0000] {warnings.py:110} WARNING - /home/***/.local/lib/python3.7/site-packages/***/utils/context.py:204: AirflowContextDeprecationWarning: Accessing 'execution_date' from the template is deprecated and will be removed in a future version. Please use 'data_interval_start' or 'logical_date' instead.
  warnings.warn(_create_deprecation_warning(key, self._deprecation_replacements[key]))

[2022-12-26T14:00:38.601+0000] {base.py:71} INFO - Using connection ID 'currency_conn_id' for task execution.
[2022-12-26T14:00:39.247+0000] {taskinstance.py:1406} INFO - Marking task as SUCCESS. dag_id=exchange_rates, task_id=get_rate_RUB_AMD, execution_date=20220813T081500, start_date=20221226T140037, end_date=20221226T140039
[2022-12-26T14:00:39.328+0000] {local_task_job.py:164} INFO - Task exited with return code 0
[2022-12-26T14:00:39.482+0000] {local_task_job.py:273} INFO - 0 downstream tasks scheduled from follow-on schedule check
[2023-01-01T14:44:27.474+0000] {taskinstance.py:1165} INFO - Dependencies all met for <TaskInstance: exchange_rates.get_rate_RUB_AMD scheduled__2022-08-13T08:15:00+00:00 [queued]>
[2023-01-01T14:44:27.533+0000] {taskinstance.py:1165} INFO - Dependencies all met for <TaskInstance: exchange_rates.get_rate_RUB_AMD scheduled__2022-08-13T08:15:00+00:00 [queued]>
[2023-01-01T14:44:27.534+0000] {taskinstance.py:1362} INFO - 
--------------------------------------------------------------------------------
[2023-01-01T14:44:27.537+0000] {taskinstance.py:1363} INFO - Starting attempt 1 of 1
[2023-01-01T14:44:27.539+0000] {taskinstance.py:1364} INFO - 
--------------------------------------------------------------------------------
[2023-01-01T14:44:27.589+0000] {taskinstance.py:1383} INFO - Executing <Task(CurrencyScoopOperator): get_rate_RUB_AMD> on 2022-08-13 08:15:00+00:00
[2023-01-01T14:44:27.598+0000] {standard_task_runner.py:54} INFO - Started process 10279 to run task
[2023-01-01T14:44:27.612+0000] {standard_task_runner.py:82} INFO - Running: ['***', 'tasks', 'run', 'exchange_rates', 'get_rate_RUB_AMD', 'scheduled__2022-08-13T08:15:00+00:00', '--job-id', '10821', '--raw', '--subdir', 'DAGS_FOLDER/exchange_rates.py', '--cfg-path', '/tmp/tmpdkei9245']
[2023-01-01T14:44:27.613+0000] {standard_task_runner.py:83} INFO - Job 10821: Subtask get_rate_RUB_AMD
[2023-01-01T14:44:27.615+0000] {dagbag.py:525} INFO - Filling up the DagBag from /opt/***/dags/exchange_rates.py
[2023-01-01T14:44:27.826+0000] {taskmixin.py:205} WARNING - Dependency <Task(CurrencyScoopOperator): get_rate_AMD_RUB>, insert_rate_AMD_RUB already registered for DAG: exchange_rates
[2023-01-01T14:44:27.828+0000] {taskmixin.py:205} WARNING - Dependency <Task(PostgresOperator): insert_rate_AMD_RUB>, get_rate_AMD_RUB already registered for DAG: exchange_rates
[2023-01-01T14:44:27.938+0000] {task_command.py:384} INFO - Running <TaskInstance: exchange_rates.get_rate_RUB_AMD scheduled__2022-08-13T08:15:00+00:00 [running]> on host d383fbf2a8e7
[2023-01-01T14:44:28.053+0000] {taskinstance.py:1592} INFO - Exporting the following env vars:
AIRFLOW_CTX_DAG_OWNER=***
AIRFLOW_CTX_DAG_ID=exchange_rates
AIRFLOW_CTX_TASK_ID=get_rate_RUB_AMD
AIRFLOW_CTX_EXECUTION_DATE=2022-08-13T08:15:00+00:00
AIRFLOW_CTX_TRY_NUMBER=1
AIRFLOW_CTX_DAG_RUN_ID=scheduled__2022-08-13T08:15:00+00:00
[2023-01-01T14:44:28.054+0000] {warnings.py:110} WARNING - /home/***/.local/lib/python3.7/site-packages/***/utils/context.py:204: AirflowContextDeprecationWarning: Accessing 'execution_date' from the template is deprecated and will be removed in a future version. Please use 'data_interval_start' or 'logical_date' instead.
  warnings.warn(_create_deprecation_warning(key, self._deprecation_replacements[key]))

[2023-01-01T14:44:28.064+0000] {base.py:71} INFO - Using connection ID 'currency_conn_id' for task execution.
[2023-01-01T14:44:30.038+0000] {taskinstance.py:1406} INFO - Marking task as SUCCESS. dag_id=exchange_rates, task_id=get_rate_RUB_AMD, execution_date=20220813T081500, start_date=20230101T144427, end_date=20230101T144430
[2023-01-01T14:44:30.108+0000] {local_task_job.py:164} INFO - Task exited with return code 0
[2023-01-01T14:44:30.148+0000] {local_task_job.py:273} INFO - 1 downstream tasks scheduled from follow-on schedule check
