[2022-12-26T13:50:44.796+0000] {taskinstance.py:1165} INFO - Dependencies all met for <TaskInstance: exchange_rates.get_rate_RUB_USD scheduled__2022-01-08T08:15:00+00:00 [queued]>
[2022-12-26T13:50:44.857+0000] {taskinstance.py:1165} INFO - Dependencies all met for <TaskInstance: exchange_rates.get_rate_RUB_USD scheduled__2022-01-08T08:15:00+00:00 [queued]>
[2022-12-26T13:50:44.859+0000] {taskinstance.py:1362} INFO - 
--------------------------------------------------------------------------------
[2022-12-26T13:50:44.861+0000] {taskinstance.py:1363} INFO - Starting attempt 1 of 1
[2022-12-26T13:50:44.862+0000] {taskinstance.py:1364} INFO - 
--------------------------------------------------------------------------------
[2022-12-26T13:50:44.912+0000] {taskinstance.py:1383} INFO - Executing <Task(CurrencyScoopOperator): get_rate_RUB_USD> on 2022-01-08 08:15:00+00:00
[2022-12-26T13:50:44.928+0000] {standard_task_runner.py:54} INFO - Started process 3124 to run task
[2022-12-26T13:50:44.944+0000] {standard_task_runner.py:82} INFO - Running: ['***', 'tasks', 'run', 'exchange_rates', 'get_rate_RUB_USD', 'scheduled__2022-01-08T08:15:00+00:00', '--job-id', '1860', '--raw', '--subdir', 'DAGS_FOLDER/exchange_rates.py', '--cfg-path', '/tmp/tmp9pr9oe38']
[2022-12-26T13:50:44.947+0000] {standard_task_runner.py:83} INFO - Job 1860: Subtask get_rate_RUB_USD
[2022-12-26T13:50:44.951+0000] {dagbag.py:525} INFO - Filling up the DagBag from /opt/***/dags/exchange_rates.py
[2022-12-26T13:50:45.457+0000] {taskmixin.py:205} WARNING - Dependency <Task(CurrencyScoopOperator): get_rate_AMD_RUB>, insert_rate_AMD_RUB already registered for DAG: exchange_rates
[2022-12-26T13:50:45.458+0000] {taskmixin.py:205} WARNING - Dependency <Task(PostgresOperator): insert_rate_AMD_RUB>, get_rate_AMD_RUB already registered for DAG: exchange_rates
[2022-12-26T13:50:45.673+0000] {task_command.py:384} INFO - Running <TaskInstance: exchange_rates.get_rate_RUB_USD scheduled__2022-01-08T08:15:00+00:00 [running]> on host d383fbf2a8e7
[2022-12-26T13:50:45.944+0000] {taskinstance.py:1592} INFO - Exporting the following env vars:
AIRFLOW_CTX_DAG_OWNER=***
AIRFLOW_CTX_DAG_ID=exchange_rates
AIRFLOW_CTX_TASK_ID=get_rate_RUB_USD
AIRFLOW_CTX_EXECUTION_DATE=2022-01-08T08:15:00+00:00
AIRFLOW_CTX_TRY_NUMBER=1
AIRFLOW_CTX_DAG_RUN_ID=scheduled__2022-01-08T08:15:00+00:00
[2022-12-26T13:50:45.945+0000] {warnings.py:110} WARNING - /home/***/.local/lib/python3.7/site-packages/***/utils/context.py:204: AirflowContextDeprecationWarning: Accessing 'execution_date' from the template is deprecated and will be removed in a future version. Please use 'data_interval_start' or 'logical_date' instead.
  warnings.warn(_create_deprecation_warning(key, self._deprecation_replacements[key]))

[2022-12-26T13:50:45.975+0000] {base.py:71} INFO - Using connection ID 'currency_conn_id' for task execution.
[2022-12-26T13:50:46.712+0000] {taskinstance.py:1406} INFO - Marking task as SUCCESS. dag_id=exchange_rates, task_id=get_rate_RUB_USD, execution_date=20220108T081500, start_date=20221226T135044, end_date=20221226T135046
[2022-12-26T13:50:46.825+0000] {local_task_job.py:164} INFO - Task exited with return code 0
[2022-12-26T13:50:46.904+0000] {local_task_job.py:273} INFO - 1 downstream tasks scheduled from follow-on schedule check
[2023-01-01T14:35:14.616+0000] {taskinstance.py:1165} INFO - Dependencies all met for <TaskInstance: exchange_rates.get_rate_RUB_USD scheduled__2022-01-08T08:15:00+00:00 [queued]>
[2023-01-01T14:35:14.650+0000] {taskinstance.py:1165} INFO - Dependencies all met for <TaskInstance: exchange_rates.get_rate_RUB_USD scheduled__2022-01-08T08:15:00+00:00 [queued]>
[2023-01-01T14:35:14.650+0000] {taskinstance.py:1362} INFO - 
--------------------------------------------------------------------------------
[2023-01-01T14:35:14.650+0000] {taskinstance.py:1363} INFO - Starting attempt 1 of 1
[2023-01-01T14:35:14.651+0000] {taskinstance.py:1364} INFO - 
--------------------------------------------------------------------------------
[2023-01-01T14:35:14.695+0000] {taskinstance.py:1383} INFO - Executing <Task(CurrencyScoopOperator): get_rate_RUB_USD> on 2022-01-08 08:15:00+00:00
[2023-01-01T14:35:14.707+0000] {standard_task_runner.py:54} INFO - Started process 3759 to run task
[2023-01-01T14:35:14.728+0000] {standard_task_runner.py:82} INFO - Running: ['***', 'tasks', 'run', 'exchange_rates', 'get_rate_RUB_USD', 'scheduled__2022-01-08T08:15:00+00:00', '--job-id', '7845', '--raw', '--subdir', 'DAGS_FOLDER/exchange_rates.py', '--cfg-path', '/tmp/tmpe2nmw57c']
[2023-01-01T14:35:14.735+0000] {standard_task_runner.py:83} INFO - Job 7845: Subtask get_rate_RUB_USD
[2023-01-01T14:35:14.737+0000] {dagbag.py:525} INFO - Filling up the DagBag from /opt/***/dags/exchange_rates.py
[2023-01-01T14:35:14.848+0000] {taskmixin.py:205} WARNING - Dependency <Task(CurrencyScoopOperator): get_rate_AMD_RUB>, insert_rate_AMD_RUB already registered for DAG: exchange_rates
[2023-01-01T14:35:14.850+0000] {taskmixin.py:205} WARNING - Dependency <Task(PostgresOperator): insert_rate_AMD_RUB>, get_rate_AMD_RUB already registered for DAG: exchange_rates
[2023-01-01T14:35:14.947+0000] {task_command.py:384} INFO - Running <TaskInstance: exchange_rates.get_rate_RUB_USD scheduled__2022-01-08T08:15:00+00:00 [running]> on host d383fbf2a8e7
[2023-01-01T14:35:15.123+0000] {taskinstance.py:1592} INFO - Exporting the following env vars:
AIRFLOW_CTX_DAG_OWNER=***
AIRFLOW_CTX_DAG_ID=exchange_rates
AIRFLOW_CTX_TASK_ID=get_rate_RUB_USD
AIRFLOW_CTX_EXECUTION_DATE=2022-01-08T08:15:00+00:00
AIRFLOW_CTX_TRY_NUMBER=1
AIRFLOW_CTX_DAG_RUN_ID=scheduled__2022-01-08T08:15:00+00:00
[2023-01-01T14:35:15.124+0000] {warnings.py:110} WARNING - /home/***/.local/lib/python3.7/site-packages/***/utils/context.py:204: AirflowContextDeprecationWarning: Accessing 'execution_date' from the template is deprecated and will be removed in a future version. Please use 'data_interval_start' or 'logical_date' instead.
  warnings.warn(_create_deprecation_warning(key, self._deprecation_replacements[key]))

[2023-01-01T14:35:15.132+0000] {base.py:71} INFO - Using connection ID 'currency_conn_id' for task execution.
[2023-01-01T14:35:15.469+0000] {taskinstance.py:1406} INFO - Marking task as SUCCESS. dag_id=exchange_rates, task_id=get_rate_RUB_USD, execution_date=20220108T081500, start_date=20230101T143514, end_date=20230101T143515
[2023-01-01T14:35:15.618+0000] {local_task_job.py:164} INFO - Task exited with return code 0
[2023-01-01T14:35:15.847+0000] {local_task_job.py:273} INFO - 1 downstream tasks scheduled from follow-on schedule check
