[2022-12-26T14:04:18.317+0000] {taskinstance.py:1165} INFO - Dependencies all met for <TaskInstance: exchange_rates.get_rate_RUB_EUR scheduled__2022-11-27T08:15:00+00:00 [queued]>
[2022-12-26T14:04:18.378+0000] {taskinstance.py:1165} INFO - Dependencies all met for <TaskInstance: exchange_rates.get_rate_RUB_EUR scheduled__2022-11-27T08:15:00+00:00 [queued]>
[2022-12-26T14:04:18.384+0000] {taskinstance.py:1362} INFO - 
--------------------------------------------------------------------------------
[2022-12-26T14:04:18.387+0000] {taskinstance.py:1363} INFO - Starting attempt 1 of 1
[2022-12-26T14:04:18.388+0000] {taskinstance.py:1364} INFO - 
--------------------------------------------------------------------------------
[2022-12-26T14:04:18.450+0000] {taskinstance.py:1383} INFO - Executing <Task(CurrencyScoopOperator): get_rate_RUB_EUR> on 2022-11-27 08:15:00+00:00
[2022-12-26T14:04:18.477+0000] {standard_task_runner.py:54} INFO - Started process 12101 to run task
[2022-12-26T14:04:18.487+0000] {standard_task_runner.py:82} INFO - Running: ['***', 'tasks', 'run', 'exchange_rates', 'get_rate_RUB_EUR', 'scheduled__2022-11-27T08:15:00+00:00', '--job-id', '5966', '--raw', '--subdir', 'DAGS_FOLDER/exchange_rates.py', '--cfg-path', '/tmp/tmpddxu_m0c']
[2022-12-26T14:04:18.488+0000] {standard_task_runner.py:83} INFO - Job 5966: Subtask get_rate_RUB_EUR
[2022-12-26T14:04:18.489+0000] {dagbag.py:525} INFO - Filling up the DagBag from /opt/***/dags/exchange_rates.py
[2022-12-26T14:04:18.646+0000] {taskmixin.py:205} WARNING - Dependency <Task(CurrencyScoopOperator): get_rate_AMD_RUB>, insert_rate_AMD_RUB already registered for DAG: exchange_rates
[2022-12-26T14:04:18.653+0000] {taskmixin.py:205} WARNING - Dependency <Task(PostgresOperator): insert_rate_AMD_RUB>, get_rate_AMD_RUB already registered for DAG: exchange_rates
[2022-12-26T14:04:18.817+0000] {task_command.py:384} INFO - Running <TaskInstance: exchange_rates.get_rate_RUB_EUR scheduled__2022-11-27T08:15:00+00:00 [running]> on host d383fbf2a8e7
[2022-12-26T14:04:19.020+0000] {taskinstance.py:1592} INFO - Exporting the following env vars:
AIRFLOW_CTX_DAG_OWNER=***
AIRFLOW_CTX_DAG_ID=exchange_rates
AIRFLOW_CTX_TASK_ID=get_rate_RUB_EUR
AIRFLOW_CTX_EXECUTION_DATE=2022-11-27T08:15:00+00:00
AIRFLOW_CTX_TRY_NUMBER=1
AIRFLOW_CTX_DAG_RUN_ID=scheduled__2022-11-27T08:15:00+00:00
[2022-12-26T14:04:19.023+0000] {warnings.py:110} WARNING - /home/***/.local/lib/python3.7/site-packages/***/utils/context.py:204: AirflowContextDeprecationWarning: Accessing 'execution_date' from the template is deprecated and will be removed in a future version. Please use 'data_interval_start' or 'logical_date' instead.
  warnings.warn(_create_deprecation_warning(key, self._deprecation_replacements[key]))

[2022-12-26T14:04:19.065+0000] {base.py:71} INFO - Using connection ID 'currency_conn_id' for task execution.
[2022-12-26T14:04:19.511+0000] {taskinstance.py:1851} ERROR - Task failed with exception
Traceback (most recent call last):
  File "/opt/airflow/dags/exchange_rates.py", line 56, in execute
    return api.get_rate(context['execution_date'].date(), self.base_currency, self.currency)
  File "/opt/airflow/dags/exchange_rates.py", line 31, in get_rate
    response.raise_for_status()
  File "/home/airflow/.local/lib/python3.7/site-packages/requests/models.py", line 1021, in raise_for_status
    raise HTTPError(http_error_msg, response=self)
requests.exceptions.HTTPError: 426 Client Error: Upgrade Required for url: https://api.currencyscoop.com/v1/historical?base=RUB&symbols=EUR&api_key=***&date=2022-11-27
[2022-12-26T14:04:19.519+0000] {taskinstance.py:1406} INFO - Marking task as FAILED. dag_id=exchange_rates, task_id=get_rate_RUB_EUR, execution_date=20221127T081500, start_date=20221226T140418, end_date=20221226T140419
[2022-12-26T14:04:19.547+0000] {standard_task_runner.py:107} ERROR - Failed to execute job 5966 for task get_rate_RUB_EUR (426 Client Error: Upgrade Required for url: https://api.currencyscoop.com/v1/historical?base=RUB&symbols=EUR&api_key=***&date=2022-11-27; 12101)
[2022-12-26T14:04:19.584+0000] {local_task_job.py:164} INFO - Task exited with return code 1
[2022-12-26T14:04:19.635+0000] {local_task_job.py:273} INFO - 0 downstream tasks scheduled from follow-on schedule check
[2023-01-01T14:49:12.314+0000] {taskinstance.py:1165} INFO - Dependencies all met for <TaskInstance: exchange_rates.get_rate_RUB_EUR scheduled__2022-11-27T08:15:00+00:00 [queued]>
[2023-01-01T14:49:12.345+0000] {taskinstance.py:1165} INFO - Dependencies all met for <TaskInstance: exchange_rates.get_rate_RUB_EUR scheduled__2022-11-27T08:15:00+00:00 [queued]>
[2023-01-01T14:49:12.345+0000] {taskinstance.py:1362} INFO - 
--------------------------------------------------------------------------------
[2023-01-01T14:49:12.347+0000] {taskinstance.py:1363} INFO - Starting attempt 1 of 1
[2023-01-01T14:49:12.347+0000] {taskinstance.py:1364} INFO - 
--------------------------------------------------------------------------------
[2023-01-01T14:49:12.399+0000] {taskinstance.py:1383} INFO - Executing <Task(CurrencyScoopOperator): get_rate_RUB_EUR> on 2022-11-27 08:15:00+00:00
[2023-01-01T14:49:12.415+0000] {standard_task_runner.py:54} INFO - Started process 13640 to run task
[2023-01-01T14:49:12.463+0000] {standard_task_runner.py:82} INFO - Running: ['***', 'tasks', 'run', 'exchange_rates', 'get_rate_RUB_EUR', 'scheduled__2022-11-27T08:15:00+00:00', '--job-id', '12357', '--raw', '--subdir', 'DAGS_FOLDER/exchange_rates.py', '--cfg-path', '/tmp/tmpze_5_plz']
[2023-01-01T14:49:12.483+0000] {standard_task_runner.py:83} INFO - Job 12357: Subtask get_rate_RUB_EUR
[2023-01-01T14:49:12.489+0000] {dagbag.py:525} INFO - Filling up the DagBag from /opt/***/dags/exchange_rates.py
[2023-01-01T14:49:12.646+0000] {taskmixin.py:205} WARNING - Dependency <Task(CurrencyScoopOperator): get_rate_AMD_RUB>, insert_rate_AMD_RUB already registered for DAG: exchange_rates
[2023-01-01T14:49:12.646+0000] {taskmixin.py:205} WARNING - Dependency <Task(PostgresOperator): insert_rate_AMD_RUB>, get_rate_AMD_RUB already registered for DAG: exchange_rates
[2023-01-01T14:49:12.847+0000] {task_command.py:384} INFO - Running <TaskInstance: exchange_rates.get_rate_RUB_EUR scheduled__2022-11-27T08:15:00+00:00 [running]> on host d383fbf2a8e7
[2023-01-01T14:49:12.967+0000] {taskinstance.py:1592} INFO - Exporting the following env vars:
AIRFLOW_CTX_DAG_OWNER=***
AIRFLOW_CTX_DAG_ID=exchange_rates
AIRFLOW_CTX_TASK_ID=get_rate_RUB_EUR
AIRFLOW_CTX_EXECUTION_DATE=2022-11-27T08:15:00+00:00
AIRFLOW_CTX_TRY_NUMBER=1
AIRFLOW_CTX_DAG_RUN_ID=scheduled__2022-11-27T08:15:00+00:00
[2023-01-01T14:49:12.971+0000] {warnings.py:110} WARNING - /home/***/.local/lib/python3.7/site-packages/***/utils/context.py:204: AirflowContextDeprecationWarning: Accessing 'execution_date' from the template is deprecated and will be removed in a future version. Please use 'data_interval_start' or 'logical_date' instead.
  warnings.warn(_create_deprecation_warning(key, self._deprecation_replacements[key]))

[2023-01-01T14:49:12.986+0000] {base.py:71} INFO - Using connection ID 'currency_conn_id' for task execution.
[2023-01-01T14:49:13.569+0000] {taskinstance.py:1406} INFO - Marking task as SUCCESS. dag_id=exchange_rates, task_id=get_rate_RUB_EUR, execution_date=20221127T081500, start_date=20230101T144912, end_date=20230101T144913
[2023-01-01T14:49:13.670+0000] {local_task_job.py:164} INFO - Task exited with return code 0
[2023-01-01T14:49:13.752+0000] {local_task_job.py:273} INFO - 1 downstream tasks scheduled from follow-on schedule check
