[2022-12-26T13:59:33.067+0000] {taskinstance.py:1165} INFO - Dependencies all met for <TaskInstance: exchange_rates.make_report scheduled__2022-07-10T08:15:00+00:00 [queued]>
[2022-12-26T13:59:33.122+0000] {taskinstance.py:1165} INFO - Dependencies all met for <TaskInstance: exchange_rates.make_report scheduled__2022-07-10T08:15:00+00:00 [queued]>
[2022-12-26T13:59:33.129+0000] {taskinstance.py:1362} INFO - 
--------------------------------------------------------------------------------
[2022-12-26T13:59:33.130+0000] {taskinstance.py:1363} INFO - Starting attempt 1 of 1
[2022-12-26T13:59:33.131+0000] {taskinstance.py:1364} INFO - 
--------------------------------------------------------------------------------
[2022-12-26T13:59:33.198+0000] {taskinstance.py:1383} INFO - Executing <Task(PythonOperator): make_report> on 2022-07-10 08:15:00+00:00
[2022-12-26T13:59:33.215+0000] {standard_task_runner.py:54} INFO - Started process 9001 to run task
[2022-12-26T13:59:33.230+0000] {standard_task_runner.py:82} INFO - Running: ['***', 'tasks', 'run', 'exchange_rates', 'make_report', 'scheduled__2022-07-10T08:15:00+00:00', '--job-id', '4544', '--raw', '--subdir', 'DAGS_FOLDER/exchange_rates.py', '--cfg-path', '/tmp/tmpc5wrgnxv']
[2022-12-26T13:59:33.232+0000] {standard_task_runner.py:83} INFO - Job 4544: Subtask make_report
[2022-12-26T13:59:33.235+0000] {dagbag.py:525} INFO - Filling up the DagBag from /opt/***/dags/exchange_rates.py
[2022-12-26T13:59:33.456+0000] {taskmixin.py:205} WARNING - Dependency <Task(CurrencyScoopOperator): get_rate_AMD_RUB>, insert_rate_AMD_RUB already registered for DAG: exchange_rates
[2022-12-26T13:59:33.457+0000] {taskmixin.py:205} WARNING - Dependency <Task(PostgresOperator): insert_rate_AMD_RUB>, get_rate_AMD_RUB already registered for DAG: exchange_rates
[2022-12-26T13:59:33.668+0000] {task_command.py:384} INFO - Running <TaskInstance: exchange_rates.make_report scheduled__2022-07-10T08:15:00+00:00 [running]> on host d383fbf2a8e7
[2022-12-26T13:59:33.876+0000] {taskinstance.py:1592} INFO - Exporting the following env vars:
AIRFLOW_CTX_DAG_OWNER=***
AIRFLOW_CTX_DAG_ID=exchange_rates
AIRFLOW_CTX_TASK_ID=make_report
AIRFLOW_CTX_EXECUTION_DATE=2022-07-10T08:15:00+00:00
AIRFLOW_CTX_TRY_NUMBER=1
AIRFLOW_CTX_DAG_RUN_ID=scheduled__2022-07-10T08:15:00+00:00
[2022-12-26T13:59:35.068+0000] {python.py:177} INFO - Done. Returned value was: None
[2022-12-26T13:59:35.083+0000] {taskinstance.py:1406} INFO - Marking task as SUCCESS. dag_id=exchange_rates, task_id=make_report, execution_date=20220710T081500, start_date=20221226T135933, end_date=20221226T135935
[2022-12-26T13:59:35.186+0000] {local_task_job.py:164} INFO - Task exited with return code 0
[2022-12-26T13:59:35.239+0000] {local_task_job.py:273} INFO - 0 downstream tasks scheduled from follow-on schedule check
[2023-01-01T14:43:29.877+0000] {taskinstance.py:1165} INFO - Dependencies all met for <TaskInstance: exchange_rates.make_report scheduled__2022-07-10T08:15:00+00:00 [queued]>
[2023-01-01T14:43:29.941+0000] {taskinstance.py:1165} INFO - Dependencies all met for <TaskInstance: exchange_rates.make_report scheduled__2022-07-10T08:15:00+00:00 [queued]>
[2023-01-01T14:43:29.943+0000] {taskinstance.py:1362} INFO - 
--------------------------------------------------------------------------------
[2023-01-01T14:43:29.944+0000] {taskinstance.py:1363} INFO - Starting attempt 1 of 1
[2023-01-01T14:43:29.945+0000] {taskinstance.py:1364} INFO - 
--------------------------------------------------------------------------------
[2023-01-01T14:43:30.079+0000] {taskinstance.py:1383} INFO - Executing <Task(PythonOperator): make_report> on 2022-07-10 08:15:00+00:00
[2023-01-01T14:43:30.112+0000] {standard_task_runner.py:54} INFO - Started process 9597 to run task
[2023-01-01T14:43:30.130+0000] {standard_task_runner.py:82} INFO - Running: ['***', 'tasks', 'run', 'exchange_rates', 'make_report', 'scheduled__2022-07-10T08:15:00+00:00', '--job-id', '10512', '--raw', '--subdir', 'DAGS_FOLDER/exchange_rates.py', '--cfg-path', '/tmp/tmp46cqom9m']
[2023-01-01T14:43:30.135+0000] {standard_task_runner.py:83} INFO - Job 10512: Subtask make_report
[2023-01-01T14:43:30.140+0000] {dagbag.py:525} INFO - Filling up the DagBag from /opt/***/dags/exchange_rates.py
[2023-01-01T14:43:30.542+0000] {taskmixin.py:205} WARNING - Dependency <Task(CurrencyScoopOperator): get_rate_AMD_RUB>, insert_rate_AMD_RUB already registered for DAG: exchange_rates
[2023-01-01T14:43:30.546+0000] {taskmixin.py:205} WARNING - Dependency <Task(PostgresOperator): insert_rate_AMD_RUB>, get_rate_AMD_RUB already registered for DAG: exchange_rates
[2023-01-01T14:43:30.753+0000] {task_command.py:384} INFO - Running <TaskInstance: exchange_rates.make_report scheduled__2022-07-10T08:15:00+00:00 [running]> on host d383fbf2a8e7
[2023-01-01T14:43:30.979+0000] {taskinstance.py:1592} INFO - Exporting the following env vars:
AIRFLOW_CTX_DAG_OWNER=***
AIRFLOW_CTX_DAG_ID=exchange_rates
AIRFLOW_CTX_TASK_ID=make_report
AIRFLOW_CTX_EXECUTION_DATE=2022-07-10T08:15:00+00:00
AIRFLOW_CTX_TRY_NUMBER=1
AIRFLOW_CTX_DAG_RUN_ID=scheduled__2022-07-10T08:15:00+00:00
[2023-01-01T14:43:31.876+0000] {python.py:177} INFO - Done. Returned value was: None
[2023-01-01T14:43:31.892+0000] {taskinstance.py:1406} INFO - Marking task as SUCCESS. dag_id=exchange_rates, task_id=make_report, execution_date=20220710T081500, start_date=20230101T144329, end_date=20230101T144331
[2023-01-01T14:43:32.066+0000] {local_task_job.py:164} INFO - Task exited with return code 0
[2023-01-01T14:43:32.089+0000] {local_task_job.py:273} INFO - 0 downstream tasks scheduled from follow-on schedule check
