[2022-12-26T13:59:33.250+0000] {taskinstance.py:1165} INFO - Dependencies all met for <TaskInstance: exchange_rates.make_report scheduled__2022-07-15T08:15:00+00:00 [queued]>
[2022-12-26T13:59:33.276+0000] {taskinstance.py:1165} INFO - Dependencies all met for <TaskInstance: exchange_rates.make_report scheduled__2022-07-15T08:15:00+00:00 [queued]>
[2022-12-26T13:59:33.280+0000] {taskinstance.py:1362} INFO - 
--------------------------------------------------------------------------------
[2022-12-26T13:59:33.281+0000] {taskinstance.py:1363} INFO - Starting attempt 1 of 1
[2022-12-26T13:59:33.282+0000] {taskinstance.py:1364} INFO - 
--------------------------------------------------------------------------------
[2022-12-26T13:59:33.326+0000] {taskinstance.py:1383} INFO - Executing <Task(PythonOperator): make_report> on 2022-07-15 08:15:00+00:00
[2022-12-26T13:59:33.342+0000] {standard_task_runner.py:54} INFO - Started process 9002 to run task
[2022-12-26T13:59:33.363+0000] {standard_task_runner.py:82} INFO - Running: ['***', 'tasks', 'run', 'exchange_rates', 'make_report', 'scheduled__2022-07-15T08:15:00+00:00', '--job-id', '4546', '--raw', '--subdir', 'DAGS_FOLDER/exchange_rates.py', '--cfg-path', '/tmp/tmpfny03cll']
[2022-12-26T13:59:33.377+0000] {standard_task_runner.py:83} INFO - Job 4546: Subtask make_report
[2022-12-26T13:59:33.379+0000] {dagbag.py:525} INFO - Filling up the DagBag from /opt/***/dags/exchange_rates.py
[2022-12-26T13:59:33.695+0000] {taskmixin.py:205} WARNING - Dependency <Task(CurrencyScoopOperator): get_rate_AMD_RUB>, insert_rate_AMD_RUB already registered for DAG: exchange_rates
[2022-12-26T13:59:33.696+0000] {taskmixin.py:205} WARNING - Dependency <Task(PostgresOperator): insert_rate_AMD_RUB>, get_rate_AMD_RUB already registered for DAG: exchange_rates
[2022-12-26T13:59:33.878+0000] {task_command.py:384} INFO - Running <TaskInstance: exchange_rates.make_report scheduled__2022-07-15T08:15:00+00:00 [running]> on host d383fbf2a8e7
[2022-12-26T13:59:34.216+0000] {taskinstance.py:1592} INFO - Exporting the following env vars:
AIRFLOW_CTX_DAG_OWNER=***
AIRFLOW_CTX_DAG_ID=exchange_rates
AIRFLOW_CTX_TASK_ID=make_report
AIRFLOW_CTX_EXECUTION_DATE=2022-07-15T08:15:00+00:00
AIRFLOW_CTX_TRY_NUMBER=1
AIRFLOW_CTX_DAG_RUN_ID=scheduled__2022-07-15T08:15:00+00:00
[2022-12-26T13:59:35.261+0000] {python.py:177} INFO - Done. Returned value was: None
[2022-12-26T13:59:35.285+0000] {taskinstance.py:1406} INFO - Marking task as SUCCESS. dag_id=exchange_rates, task_id=make_report, execution_date=20220715T081500, start_date=20221226T135933, end_date=20221226T135935
[2022-12-26T13:59:35.360+0000] {local_task_job.py:164} INFO - Task exited with return code 0
[2022-12-26T13:59:35.383+0000] {local_task_job.py:273} INFO - 0 downstream tasks scheduled from follow-on schedule check
[2023-01-01T14:43:30.629+0000] {taskinstance.py:1165} INFO - Dependencies all met for <TaskInstance: exchange_rates.make_report scheduled__2022-07-15T08:15:00+00:00 [queued]>
[2023-01-01T14:43:30.677+0000] {taskinstance.py:1165} INFO - Dependencies all met for <TaskInstance: exchange_rates.make_report scheduled__2022-07-15T08:15:00+00:00 [queued]>
[2023-01-01T14:43:30.681+0000] {taskinstance.py:1362} INFO - 
--------------------------------------------------------------------------------
[2023-01-01T14:43:30.681+0000] {taskinstance.py:1363} INFO - Starting attempt 1 of 1
[2023-01-01T14:43:30.682+0000] {taskinstance.py:1364} INFO - 
--------------------------------------------------------------------------------
[2023-01-01T14:43:30.731+0000] {taskinstance.py:1383} INFO - Executing <Task(PythonOperator): make_report> on 2022-07-15 08:15:00+00:00
[2023-01-01T14:43:30.746+0000] {standard_task_runner.py:54} INFO - Started process 9609 to run task
[2023-01-01T14:43:30.816+0000] {standard_task_runner.py:82} INFO - Running: ['***', 'tasks', 'run', 'exchange_rates', 'make_report', 'scheduled__2022-07-15T08:15:00+00:00', '--job-id', '10520', '--raw', '--subdir', 'DAGS_FOLDER/exchange_rates.py', '--cfg-path', '/tmp/tmpin6shn8m']
[2023-01-01T14:43:30.821+0000] {standard_task_runner.py:83} INFO - Job 10520: Subtask make_report
[2023-01-01T14:43:30.825+0000] {dagbag.py:525} INFO - Filling up the DagBag from /opt/***/dags/exchange_rates.py
[2023-01-01T14:43:31.139+0000] {taskmixin.py:205} WARNING - Dependency <Task(CurrencyScoopOperator): get_rate_AMD_RUB>, insert_rate_AMD_RUB already registered for DAG: exchange_rates
[2023-01-01T14:43:31.140+0000] {taskmixin.py:205} WARNING - Dependency <Task(PostgresOperator): insert_rate_AMD_RUB>, get_rate_AMD_RUB already registered for DAG: exchange_rates
[2023-01-01T14:43:31.257+0000] {task_command.py:384} INFO - Running <TaskInstance: exchange_rates.make_report scheduled__2022-07-15T08:15:00+00:00 [running]> on host d383fbf2a8e7
[2023-01-01T14:43:31.472+0000] {taskinstance.py:1592} INFO - Exporting the following env vars:
AIRFLOW_CTX_DAG_OWNER=***
AIRFLOW_CTX_DAG_ID=exchange_rates
AIRFLOW_CTX_TASK_ID=make_report
AIRFLOW_CTX_EXECUTION_DATE=2022-07-15T08:15:00+00:00
AIRFLOW_CTX_TRY_NUMBER=1
AIRFLOW_CTX_DAG_RUN_ID=scheduled__2022-07-15T08:15:00+00:00
[2023-01-01T14:43:32.287+0000] {python.py:177} INFO - Done. Returned value was: None
[2023-01-01T14:43:32.298+0000] {taskinstance.py:1406} INFO - Marking task as SUCCESS. dag_id=exchange_rates, task_id=make_report, execution_date=20220715T081500, start_date=20230101T144330, end_date=20230101T144332
[2023-01-01T14:43:32.340+0000] {local_task_job.py:164} INFO - Task exited with return code 0
[2023-01-01T14:43:32.355+0000] {local_task_job.py:273} INFO - 0 downstream tasks scheduled from follow-on schedule check
