[2022-12-26T13:56:31.939+0000] {taskinstance.py:1165} INFO - Dependencies all met for <TaskInstance: exchange_rates.insert_rate_RUB_EUR scheduled__2022-05-12T08:15:00+00:00 [queued]>
[2022-12-26T13:56:31.968+0000] {taskinstance.py:1165} INFO - Dependencies all met for <TaskInstance: exchange_rates.insert_rate_RUB_EUR scheduled__2022-05-12T08:15:00+00:00 [queued]>
[2022-12-26T13:56:31.974+0000] {taskinstance.py:1362} INFO - 
--------------------------------------------------------------------------------
[2022-12-26T13:56:31.975+0000] {taskinstance.py:1363} INFO - Starting attempt 1 of 1
[2022-12-26T13:56:31.976+0000] {taskinstance.py:1364} INFO - 
--------------------------------------------------------------------------------
[2022-12-26T13:56:32.026+0000] {taskinstance.py:1383} INFO - Executing <Task(PostgresOperator): insert_rate_RUB_EUR> on 2022-05-12 08:15:00+00:00
[2022-12-26T13:56:32.059+0000] {standard_task_runner.py:54} INFO - Started process 6943 to run task
[2022-12-26T13:56:32.074+0000] {standard_task_runner.py:82} INFO - Running: ['***', 'tasks', 'run', 'exchange_rates', 'insert_rate_RUB_EUR', 'scheduled__2022-05-12T08:15:00+00:00', '--job-id', '3610', '--raw', '--subdir', 'DAGS_FOLDER/exchange_rates.py', '--cfg-path', '/tmp/tmpqe4a4cq9']
[2022-12-26T13:56:32.079+0000] {standard_task_runner.py:83} INFO - Job 3610: Subtask insert_rate_RUB_EUR
[2022-12-26T13:56:32.091+0000] {dagbag.py:525} INFO - Filling up the DagBag from /opt/***/dags/exchange_rates.py
[2022-12-26T13:56:32.431+0000] {taskmixin.py:205} WARNING - Dependency <Task(CurrencyScoopOperator): get_rate_AMD_RUB>, insert_rate_AMD_RUB already registered for DAG: exchange_rates
[2022-12-26T13:56:32.435+0000] {taskmixin.py:205} WARNING - Dependency <Task(PostgresOperator): insert_rate_AMD_RUB>, get_rate_AMD_RUB already registered for DAG: exchange_rates
[2022-12-26T13:56:32.703+0000] {task_command.py:384} INFO - Running <TaskInstance: exchange_rates.insert_rate_RUB_EUR scheduled__2022-05-12T08:15:00+00:00 [running]> on host d383fbf2a8e7
[2022-12-26T13:56:32.806+0000] {warnings.py:110} WARNING - /home/***/.local/lib/python3.7/site-packages/***/utils/context.py:204: AirflowContextDeprecationWarning: Accessing 'execution_date' from the template is deprecated and will be removed in a future version. Please use 'data_interval_start' or 'logical_date' instead.
  warnings.warn(_create_deprecation_warning(key, self._deprecation_replacements[key]))

[2022-12-26T13:56:32.955+0000] {taskinstance.py:1592} INFO - Exporting the following env vars:
AIRFLOW_CTX_DAG_OWNER=***
AIRFLOW_CTX_DAG_ID=exchange_rates
AIRFLOW_CTX_TASK_ID=insert_rate_RUB_EUR
AIRFLOW_CTX_EXECUTION_DATE=2022-05-12T08:15:00+00:00
AIRFLOW_CTX_TRY_NUMBER=1
AIRFLOW_CTX_DAG_RUN_ID=scheduled__2022-05-12T08:15:00+00:00
[2022-12-26T13:56:32.974+0000] {base.py:71} INFO - Using connection ID 'postgres_default' for task execution.
[2022-12-26T13:56:32.980+0000] {sql.py:315} INFO - Running statement: INSERT INTO
    exchange_rates
VALUES ('RUB', 'EUR', 0.01468139, '2022-05-12')
ON CONFLICT (base, currency, date) DO
    UPDATE
        SET rate = excluded.rate;, parameters: None
[2022-12-26T13:56:32.981+0000] {sql.py:324} INFO - Rows affected: 1
[2022-12-26T13:56:33.022+0000] {taskinstance.py:1406} INFO - Marking task as SUCCESS. dag_id=exchange_rates, task_id=insert_rate_RUB_EUR, execution_date=20220512T081500, start_date=20221226T135631, end_date=20221226T135633
[2022-12-26T13:56:33.136+0000] {local_task_job.py:164} INFO - Task exited with return code 0
[2022-12-26T13:56:33.175+0000] {local_task_job.py:273} INFO - 1 downstream tasks scheduled from follow-on schedule check
[2023-01-01T14:40:36.726+0000] {taskinstance.py:1165} INFO - Dependencies all met for <TaskInstance: exchange_rates.insert_rate_RUB_EUR scheduled__2022-05-12T08:15:00+00:00 [queued]>
[2023-01-01T14:40:36.740+0000] {taskinstance.py:1165} INFO - Dependencies all met for <TaskInstance: exchange_rates.insert_rate_RUB_EUR scheduled__2022-05-12T08:15:00+00:00 [queued]>
[2023-01-01T14:40:36.741+0000] {taskinstance.py:1362} INFO - 
--------------------------------------------------------------------------------
[2023-01-01T14:40:36.742+0000] {taskinstance.py:1363} INFO - Starting attempt 1 of 1
[2023-01-01T14:40:36.742+0000] {taskinstance.py:1364} INFO - 
--------------------------------------------------------------------------------
[2023-01-01T14:40:36.774+0000] {taskinstance.py:1383} INFO - Executing <Task(PostgresOperator): insert_rate_RUB_EUR> on 2022-05-12 08:15:00+00:00
[2023-01-01T14:40:36.784+0000] {standard_task_runner.py:54} INFO - Started process 7560 to run task
[2023-01-01T14:40:36.829+0000] {standard_task_runner.py:82} INFO - Running: ['***', 'tasks', 'run', 'exchange_rates', 'insert_rate_RUB_EUR', 'scheduled__2022-05-12T08:15:00+00:00', '--job-id', '9587', '--raw', '--subdir', 'DAGS_FOLDER/exchange_rates.py', '--cfg-path', '/tmp/tmptxzei4r6']
[2023-01-01T14:40:36.831+0000] {standard_task_runner.py:83} INFO - Job 9587: Subtask insert_rate_RUB_EUR
[2023-01-01T14:40:36.834+0000] {dagbag.py:525} INFO - Filling up the DagBag from /opt/***/dags/exchange_rates.py
[2023-01-01T14:40:37.079+0000] {taskmixin.py:205} WARNING - Dependency <Task(CurrencyScoopOperator): get_rate_AMD_RUB>, insert_rate_AMD_RUB already registered for DAG: exchange_rates
[2023-01-01T14:40:37.082+0000] {taskmixin.py:205} WARNING - Dependency <Task(PostgresOperator): insert_rate_AMD_RUB>, get_rate_AMD_RUB already registered for DAG: exchange_rates
[2023-01-01T14:40:37.335+0000] {task_command.py:384} INFO - Running <TaskInstance: exchange_rates.insert_rate_RUB_EUR scheduled__2022-05-12T08:15:00+00:00 [running]> on host d383fbf2a8e7
[2023-01-01T14:40:37.447+0000] {warnings.py:110} WARNING - /home/***/.local/lib/python3.7/site-packages/***/utils/context.py:204: AirflowContextDeprecationWarning: Accessing 'execution_date' from the template is deprecated and will be removed in a future version. Please use 'data_interval_start' or 'logical_date' instead.
  warnings.warn(_create_deprecation_warning(key, self._deprecation_replacements[key]))

[2023-01-01T14:40:37.643+0000] {taskinstance.py:1592} INFO - Exporting the following env vars:
AIRFLOW_CTX_DAG_OWNER=***
AIRFLOW_CTX_DAG_ID=exchange_rates
AIRFLOW_CTX_TASK_ID=insert_rate_RUB_EUR
AIRFLOW_CTX_EXECUTION_DATE=2022-05-12T08:15:00+00:00
AIRFLOW_CTX_TRY_NUMBER=1
AIRFLOW_CTX_DAG_RUN_ID=scheduled__2022-05-12T08:15:00+00:00
[2023-01-01T14:40:37.663+0000] {base.py:71} INFO - Using connection ID 'postgres_default' for task execution.
[2023-01-01T14:40:37.666+0000] {sql.py:315} INFO - Running statement: INSERT INTO
    exchange_rates
VALUES ('RUB', 'EUR', 0.01468139, '2022-05-12')
ON CONFLICT (base, currency, date) DO
    UPDATE
        SET rate = excluded.rate;, parameters: None
[2023-01-01T14:40:37.671+0000] {sql.py:324} INFO - Rows affected: 1
[2023-01-01T14:40:37.689+0000] {taskinstance.py:1406} INFO - Marking task as SUCCESS. dag_id=exchange_rates, task_id=insert_rate_RUB_EUR, execution_date=20220512T081500, start_date=20230101T144036, end_date=20230101T144037
[2023-01-01T14:40:37.818+0000] {local_task_job.py:164} INFO - Task exited with return code 0
[2023-01-01T14:40:37.870+0000] {local_task_job.py:273} INFO - 0 downstream tasks scheduled from follow-on schedule check
