[2022-12-26T13:56:10.168+0000] {taskinstance.py:1165} INFO - Dependencies all met for <TaskInstance: exchange_rates.get_rate_USD_RUB scheduled__2022-05-07T08:15:00+00:00 [queued]>
[2022-12-26T13:56:10.191+0000] {taskinstance.py:1165} INFO - Dependencies all met for <TaskInstance: exchange_rates.get_rate_USD_RUB scheduled__2022-05-07T08:15:00+00:00 [queued]>
[2022-12-26T13:56:10.193+0000] {taskinstance.py:1362} INFO - 
--------------------------------------------------------------------------------
[2022-12-26T13:56:10.194+0000] {taskinstance.py:1363} INFO - Starting attempt 1 of 1
[2022-12-26T13:56:10.194+0000] {taskinstance.py:1364} INFO - 
--------------------------------------------------------------------------------
[2022-12-26T13:56:10.244+0000] {taskinstance.py:1383} INFO - Executing <Task(CurrencyScoopOperator): get_rate_USD_RUB> on 2022-05-07 08:15:00+00:00
[2022-12-26T13:56:10.256+0000] {standard_task_runner.py:54} INFO - Started process 6680 to run task
[2022-12-26T13:56:10.273+0000] {standard_task_runner.py:82} INFO - Running: ['***', 'tasks', 'run', 'exchange_rates', 'get_rate_USD_RUB', 'scheduled__2022-05-07T08:15:00+00:00', '--job-id', '3483', '--raw', '--subdir', 'DAGS_FOLDER/exchange_rates.py', '--cfg-path', '/tmp/tmp3fzx2bp5']
[2022-12-26T13:56:10.276+0000] {standard_task_runner.py:83} INFO - Job 3483: Subtask get_rate_USD_RUB
[2022-12-26T13:56:10.277+0000] {dagbag.py:525} INFO - Filling up the DagBag from /opt/***/dags/exchange_rates.py
[2022-12-26T13:56:10.485+0000] {taskmixin.py:205} WARNING - Dependency <Task(CurrencyScoopOperator): get_rate_AMD_RUB>, insert_rate_AMD_RUB already registered for DAG: exchange_rates
[2022-12-26T13:56:10.487+0000] {taskmixin.py:205} WARNING - Dependency <Task(PostgresOperator): insert_rate_AMD_RUB>, get_rate_AMD_RUB already registered for DAG: exchange_rates
[2022-12-26T13:56:10.661+0000] {task_command.py:384} INFO - Running <TaskInstance: exchange_rates.get_rate_USD_RUB scheduled__2022-05-07T08:15:00+00:00 [running]> on host d383fbf2a8e7
[2022-12-26T13:56:10.748+0000] {taskinstance.py:1592} INFO - Exporting the following env vars:
AIRFLOW_CTX_DAG_OWNER=***
AIRFLOW_CTX_DAG_ID=exchange_rates
AIRFLOW_CTX_TASK_ID=get_rate_USD_RUB
AIRFLOW_CTX_EXECUTION_DATE=2022-05-07T08:15:00+00:00
AIRFLOW_CTX_TRY_NUMBER=1
AIRFLOW_CTX_DAG_RUN_ID=scheduled__2022-05-07T08:15:00+00:00
[2022-12-26T13:56:10.749+0000] {warnings.py:110} WARNING - /home/***/.local/lib/python3.7/site-packages/***/utils/context.py:204: AirflowContextDeprecationWarning: Accessing 'execution_date' from the template is deprecated and will be removed in a future version. Please use 'data_interval_start' or 'logical_date' instead.
  warnings.warn(_create_deprecation_warning(key, self._deprecation_replacements[key]))

[2022-12-26T13:56:10.758+0000] {base.py:71} INFO - Using connection ID 'currency_conn_id' for task execution.
[2022-12-26T13:56:11.230+0000] {taskinstance.py:1406} INFO - Marking task as SUCCESS. dag_id=exchange_rates, task_id=get_rate_USD_RUB, execution_date=20220507T081500, start_date=20221226T135610, end_date=20221226T135611
[2022-12-26T13:56:11.401+0000] {local_task_job.py:164} INFO - Task exited with return code 0
[2022-12-26T13:56:11.549+0000] {local_task_job.py:273} INFO - 1 downstream tasks scheduled from follow-on schedule check
[2023-01-01T14:40:17.557+0000] {taskinstance.py:1165} INFO - Dependencies all met for <TaskInstance: exchange_rates.get_rate_USD_RUB scheduled__2022-05-07T08:15:00+00:00 [queued]>
[2023-01-01T14:40:17.596+0000] {taskinstance.py:1165} INFO - Dependencies all met for <TaskInstance: exchange_rates.get_rate_USD_RUB scheduled__2022-05-07T08:15:00+00:00 [queued]>
[2023-01-01T14:40:17.600+0000] {taskinstance.py:1362} INFO - 
--------------------------------------------------------------------------------
[2023-01-01T14:40:17.600+0000] {taskinstance.py:1363} INFO - Starting attempt 1 of 1
[2023-01-01T14:40:17.601+0000] {taskinstance.py:1364} INFO - 
--------------------------------------------------------------------------------
[2023-01-01T14:40:17.649+0000] {taskinstance.py:1383} INFO - Executing <Task(CurrencyScoopOperator): get_rate_USD_RUB> on 2022-05-07 08:15:00+00:00
[2023-01-01T14:40:17.659+0000] {standard_task_runner.py:54} INFO - Started process 7320 to run task
[2023-01-01T14:40:17.674+0000] {standard_task_runner.py:82} INFO - Running: ['***', 'tasks', 'run', 'exchange_rates', 'get_rate_USD_RUB', 'scheduled__2022-05-07T08:15:00+00:00', '--job-id', '9471', '--raw', '--subdir', 'DAGS_FOLDER/exchange_rates.py', '--cfg-path', '/tmp/tmpnrel3sup']
[2023-01-01T14:40:17.675+0000] {standard_task_runner.py:83} INFO - Job 9471: Subtask get_rate_USD_RUB
[2023-01-01T14:40:17.676+0000] {dagbag.py:525} INFO - Filling up the DagBag from /opt/***/dags/exchange_rates.py
[2023-01-01T14:40:17.978+0000] {taskmixin.py:205} WARNING - Dependency <Task(CurrencyScoopOperator): get_rate_AMD_RUB>, insert_rate_AMD_RUB already registered for DAG: exchange_rates
[2023-01-01T14:40:17.980+0000] {taskmixin.py:205} WARNING - Dependency <Task(PostgresOperator): insert_rate_AMD_RUB>, get_rate_AMD_RUB already registered for DAG: exchange_rates
[2023-01-01T14:40:18.195+0000] {task_command.py:384} INFO - Running <TaskInstance: exchange_rates.get_rate_USD_RUB scheduled__2022-05-07T08:15:00+00:00 [running]> on host d383fbf2a8e7
[2023-01-01T14:40:18.334+0000] {taskinstance.py:1592} INFO - Exporting the following env vars:
AIRFLOW_CTX_DAG_OWNER=***
AIRFLOW_CTX_DAG_ID=exchange_rates
AIRFLOW_CTX_TASK_ID=get_rate_USD_RUB
AIRFLOW_CTX_EXECUTION_DATE=2022-05-07T08:15:00+00:00
AIRFLOW_CTX_TRY_NUMBER=1
AIRFLOW_CTX_DAG_RUN_ID=scheduled__2022-05-07T08:15:00+00:00
[2023-01-01T14:40:18.340+0000] {warnings.py:110} WARNING - /home/***/.local/lib/python3.7/site-packages/***/utils/context.py:204: AirflowContextDeprecationWarning: Accessing 'execution_date' from the template is deprecated and will be removed in a future version. Please use 'data_interval_start' or 'logical_date' instead.
  warnings.warn(_create_deprecation_warning(key, self._deprecation_replacements[key]))

[2023-01-01T14:40:18.361+0000] {base.py:71} INFO - Using connection ID 'currency_conn_id' for task execution.
[2023-01-01T14:40:18.967+0000] {taskinstance.py:1406} INFO - Marking task as SUCCESS. dag_id=exchange_rates, task_id=get_rate_USD_RUB, execution_date=20220507T081500, start_date=20230101T144017, end_date=20230101T144018
[2023-01-01T14:40:19.015+0000] {local_task_job.py:164} INFO - Task exited with return code 0
[2023-01-01T14:40:19.039+0000] {local_task_job.py:273} INFO - 1 downstream tasks scheduled from follow-on schedule check
