[2022-12-26T13:57:59.968+0000] {taskinstance.py:1165} INFO - Dependencies all met for <TaskInstance: exchange_rates.make_report scheduled__2022-06-09T08:15:00+00:00 [queued]>
[2022-12-26T13:58:00.001+0000] {taskinstance.py:1165} INFO - Dependencies all met for <TaskInstance: exchange_rates.make_report scheduled__2022-06-09T08:15:00+00:00 [queued]>
[2022-12-26T13:58:00.003+0000] {taskinstance.py:1362} INFO - 
--------------------------------------------------------------------------------
[2022-12-26T13:58:00.006+0000] {taskinstance.py:1363} INFO - Starting attempt 1 of 1
[2022-12-26T13:58:00.009+0000] {taskinstance.py:1364} INFO - 
--------------------------------------------------------------------------------
[2022-12-26T13:58:00.051+0000] {taskinstance.py:1383} INFO - Executing <Task(PythonOperator): make_report> on 2022-06-09 08:15:00+00:00
[2022-12-26T13:58:00.064+0000] {standard_task_runner.py:54} INFO - Started process 7969 to run task
[2022-12-26T13:58:00.082+0000] {standard_task_runner.py:82} INFO - Running: ['***', 'tasks', 'run', 'exchange_rates', 'make_report', 'scheduled__2022-06-09T08:15:00+00:00', '--job-id', '4080', '--raw', '--subdir', 'DAGS_FOLDER/exchange_rates.py', '--cfg-path', '/tmp/tmphhsfmm9j']
[2022-12-26T13:58:00.084+0000] {standard_task_runner.py:83} INFO - Job 4080: Subtask make_report
[2022-12-26T13:58:00.091+0000] {dagbag.py:525} INFO - Filling up the DagBag from /opt/***/dags/exchange_rates.py
[2022-12-26T13:58:00.369+0000] {taskmixin.py:205} WARNING - Dependency <Task(CurrencyScoopOperator): get_rate_AMD_RUB>, insert_rate_AMD_RUB already registered for DAG: exchange_rates
[2022-12-26T13:58:00.371+0000] {taskmixin.py:205} WARNING - Dependency <Task(PostgresOperator): insert_rate_AMD_RUB>, get_rate_AMD_RUB already registered for DAG: exchange_rates
[2022-12-26T13:58:00.589+0000] {task_command.py:384} INFO - Running <TaskInstance: exchange_rates.make_report scheduled__2022-06-09T08:15:00+00:00 [running]> on host d383fbf2a8e7
[2022-12-26T13:58:00.861+0000] {taskinstance.py:1592} INFO - Exporting the following env vars:
AIRFLOW_CTX_DAG_OWNER=***
AIRFLOW_CTX_DAG_ID=exchange_rates
AIRFLOW_CTX_TASK_ID=make_report
AIRFLOW_CTX_EXECUTION_DATE=2022-06-09T08:15:00+00:00
AIRFLOW_CTX_TRY_NUMBER=1
AIRFLOW_CTX_DAG_RUN_ID=scheduled__2022-06-09T08:15:00+00:00
[2022-12-26T13:58:02.092+0000] {python.py:177} INFO - Done. Returned value was: None
[2022-12-26T13:58:02.121+0000] {taskinstance.py:1406} INFO - Marking task as SUCCESS. dag_id=exchange_rates, task_id=make_report, execution_date=20220609T081500, start_date=20221226T135759, end_date=20221226T135802
[2022-12-26T13:58:02.289+0000] {local_task_job.py:164} INFO - Task exited with return code 0
[2022-12-26T13:58:02.316+0000] {local_task_job.py:273} INFO - 0 downstream tasks scheduled from follow-on schedule check
[2023-01-01T14:42:06.120+0000] {taskinstance.py:1165} INFO - Dependencies all met for <TaskInstance: exchange_rates.make_report scheduled__2022-06-09T08:15:00+00:00 [queued]>
[2023-01-01T14:42:06.166+0000] {taskinstance.py:1165} INFO - Dependencies all met for <TaskInstance: exchange_rates.make_report scheduled__2022-06-09T08:15:00+00:00 [queued]>
[2023-01-01T14:42:06.167+0000] {taskinstance.py:1362} INFO - 
--------------------------------------------------------------------------------
[2023-01-01T14:42:06.168+0000] {taskinstance.py:1363} INFO - Starting attempt 1 of 1
[2023-01-01T14:42:06.168+0000] {taskinstance.py:1364} INFO - 
--------------------------------------------------------------------------------
[2023-01-01T14:42:06.240+0000] {taskinstance.py:1383} INFO - Executing <Task(PythonOperator): make_report> on 2022-06-09 08:15:00+00:00
[2023-01-01T14:42:06.258+0000] {standard_task_runner.py:54} INFO - Started process 8588 to run task
[2023-01-01T14:42:06.281+0000] {standard_task_runner.py:82} INFO - Running: ['***', 'tasks', 'run', 'exchange_rates', 'make_report', 'scheduled__2022-06-09T08:15:00+00:00', '--job-id', '10056', '--raw', '--subdir', 'DAGS_FOLDER/exchange_rates.py', '--cfg-path', '/tmp/tmp2_dimg7f']
[2023-01-01T14:42:06.288+0000] {standard_task_runner.py:83} INFO - Job 10056: Subtask make_report
[2023-01-01T14:42:06.289+0000] {dagbag.py:525} INFO - Filling up the DagBag from /opt/***/dags/exchange_rates.py
[2023-01-01T14:42:06.855+0000] {taskmixin.py:205} WARNING - Dependency <Task(CurrencyScoopOperator): get_rate_AMD_RUB>, insert_rate_AMD_RUB already registered for DAG: exchange_rates
[2023-01-01T14:42:06.864+0000] {taskmixin.py:205} WARNING - Dependency <Task(PostgresOperator): insert_rate_AMD_RUB>, get_rate_AMD_RUB already registered for DAG: exchange_rates
[2023-01-01T14:42:07.036+0000] {task_command.py:384} INFO - Running <TaskInstance: exchange_rates.make_report scheduled__2022-06-09T08:15:00+00:00 [running]> on host d383fbf2a8e7
[2023-01-01T14:42:07.254+0000] {taskinstance.py:1592} INFO - Exporting the following env vars:
AIRFLOW_CTX_DAG_OWNER=***
AIRFLOW_CTX_DAG_ID=exchange_rates
AIRFLOW_CTX_TASK_ID=make_report
AIRFLOW_CTX_EXECUTION_DATE=2022-06-09T08:15:00+00:00
AIRFLOW_CTX_TRY_NUMBER=1
AIRFLOW_CTX_DAG_RUN_ID=scheduled__2022-06-09T08:15:00+00:00
[2023-01-01T14:42:08.131+0000] {python.py:177} INFO - Done. Returned value was: None
[2023-01-01T14:42:08.143+0000] {taskinstance.py:1406} INFO - Marking task as SUCCESS. dag_id=exchange_rates, task_id=make_report, execution_date=20220609T081500, start_date=20230101T144206, end_date=20230101T144208
[2023-01-01T14:42:08.242+0000] {local_task_job.py:164} INFO - Task exited with return code 0
[2023-01-01T14:42:08.267+0000] {local_task_job.py:273} INFO - 0 downstream tasks scheduled from follow-on schedule check
