[2022-12-26T13:53:34.565+0000] {taskinstance.py:1165} INFO - Dependencies all met for <TaskInstance: exchange_rates.make_report scheduled__2022-03-03T08:15:00+00:00 [queued]>
[2022-12-26T13:53:34.644+0000] {taskinstance.py:1165} INFO - Dependencies all met for <TaskInstance: exchange_rates.make_report scheduled__2022-03-03T08:15:00+00:00 [queued]>
[2022-12-26T13:53:34.652+0000] {taskinstance.py:1362} INFO - 
--------------------------------------------------------------------------------
[2022-12-26T13:53:34.653+0000] {taskinstance.py:1363} INFO - Starting attempt 1 of 1
[2022-12-26T13:53:34.655+0000] {taskinstance.py:1364} INFO - 
--------------------------------------------------------------------------------
[2022-12-26T13:53:34.711+0000] {taskinstance.py:1383} INFO - Executing <Task(PythonOperator): make_report> on 2022-03-03 08:15:00+00:00
[2022-12-26T13:53:34.731+0000] {standard_task_runner.py:54} INFO - Started process 4987 to run task
[2022-12-26T13:53:34.766+0000] {standard_task_runner.py:82} INFO - Running: ['***', 'tasks', 'run', 'exchange_rates', 'make_report', 'scheduled__2022-03-03T08:15:00+00:00', '--job-id', '2716', '--raw', '--subdir', 'DAGS_FOLDER/exchange_rates.py', '--cfg-path', '/tmp/tmpav6jrk5_']
[2022-12-26T13:53:34.775+0000] {standard_task_runner.py:83} INFO - Job 2716: Subtask make_report
[2022-12-26T13:53:34.778+0000] {dagbag.py:525} INFO - Filling up the DagBag from /opt/***/dags/exchange_rates.py
[2022-12-26T13:53:35.095+0000] {taskmixin.py:205} WARNING - Dependency <Task(CurrencyScoopOperator): get_rate_AMD_RUB>, insert_rate_AMD_RUB already registered for DAG: exchange_rates
[2022-12-26T13:53:35.098+0000] {taskmixin.py:205} WARNING - Dependency <Task(PostgresOperator): insert_rate_AMD_RUB>, get_rate_AMD_RUB already registered for DAG: exchange_rates
[2022-12-26T13:53:35.252+0000] {task_command.py:384} INFO - Running <TaskInstance: exchange_rates.make_report scheduled__2022-03-03T08:15:00+00:00 [running]> on host d383fbf2a8e7
[2022-12-26T13:53:35.518+0000] {taskinstance.py:1592} INFO - Exporting the following env vars:
AIRFLOW_CTX_DAG_OWNER=***
AIRFLOW_CTX_DAG_ID=exchange_rates
AIRFLOW_CTX_TASK_ID=make_report
AIRFLOW_CTX_EXECUTION_DATE=2022-03-03T08:15:00+00:00
AIRFLOW_CTX_TRY_NUMBER=1
AIRFLOW_CTX_DAG_RUN_ID=scheduled__2022-03-03T08:15:00+00:00
[2022-12-26T13:53:36.759+0000] {python.py:177} INFO - Done. Returned value was: None
[2022-12-26T13:53:36.776+0000] {taskinstance.py:1406} INFO - Marking task as SUCCESS. dag_id=exchange_rates, task_id=make_report, execution_date=20220303T081500, start_date=20221226T135334, end_date=20221226T135336
[2022-12-26T13:53:36.893+0000] {local_task_job.py:164} INFO - Task exited with return code 0
[2022-12-26T13:53:36.910+0000] {local_task_job.py:273} INFO - 0 downstream tasks scheduled from follow-on schedule check
[2023-01-01T14:37:59.314+0000] {taskinstance.py:1165} INFO - Dependencies all met for <TaskInstance: exchange_rates.make_report scheduled__2022-03-03T08:15:00+00:00 [queued]>
[2023-01-01T14:37:59.358+0000] {taskinstance.py:1165} INFO - Dependencies all met for <TaskInstance: exchange_rates.make_report scheduled__2022-03-03T08:15:00+00:00 [queued]>
[2023-01-01T14:37:59.360+0000] {taskinstance.py:1362} INFO - 
--------------------------------------------------------------------------------
[2023-01-01T14:37:59.361+0000] {taskinstance.py:1363} INFO - Starting attempt 1 of 1
[2023-01-01T14:37:59.369+0000] {taskinstance.py:1364} INFO - 
--------------------------------------------------------------------------------
[2023-01-01T14:37:59.435+0000] {taskinstance.py:1383} INFO - Executing <Task(PythonOperator): make_report> on 2022-03-03 08:15:00+00:00
[2023-01-01T14:37:59.451+0000] {standard_task_runner.py:54} INFO - Started process 5620 to run task
[2023-01-01T14:37:59.493+0000] {standard_task_runner.py:82} INFO - Running: ['***', 'tasks', 'run', 'exchange_rates', 'make_report', 'scheduled__2022-03-03T08:15:00+00:00', '--job-id', '8694', '--raw', '--subdir', 'DAGS_FOLDER/exchange_rates.py', '--cfg-path', '/tmp/tmpbmzn448q']
[2023-01-01T14:37:59.499+0000] {standard_task_runner.py:83} INFO - Job 8694: Subtask make_report
[2023-01-01T14:37:59.502+0000] {dagbag.py:525} INFO - Filling up the DagBag from /opt/***/dags/exchange_rates.py
[2023-01-01T14:37:59.811+0000] {taskmixin.py:205} WARNING - Dependency <Task(CurrencyScoopOperator): get_rate_AMD_RUB>, insert_rate_AMD_RUB already registered for DAG: exchange_rates
[2023-01-01T14:37:59.813+0000] {taskmixin.py:205} WARNING - Dependency <Task(PostgresOperator): insert_rate_AMD_RUB>, get_rate_AMD_RUB already registered for DAG: exchange_rates
[2023-01-01T14:38:00.049+0000] {task_command.py:384} INFO - Running <TaskInstance: exchange_rates.make_report scheduled__2022-03-03T08:15:00+00:00 [running]> on host d383fbf2a8e7
[2023-01-01T14:38:00.308+0000] {taskinstance.py:1592} INFO - Exporting the following env vars:
AIRFLOW_CTX_DAG_OWNER=***
AIRFLOW_CTX_DAG_ID=exchange_rates
AIRFLOW_CTX_TASK_ID=make_report
AIRFLOW_CTX_EXECUTION_DATE=2022-03-03T08:15:00+00:00
AIRFLOW_CTX_TRY_NUMBER=1
AIRFLOW_CTX_DAG_RUN_ID=scheduled__2022-03-03T08:15:00+00:00
[2023-01-01T14:38:01.268+0000] {python.py:177} INFO - Done. Returned value was: None
[2023-01-01T14:38:01.288+0000] {taskinstance.py:1406} INFO - Marking task as SUCCESS. dag_id=exchange_rates, task_id=make_report, execution_date=20220303T081500, start_date=20230101T143759, end_date=20230101T143801
[2023-01-01T14:38:01.363+0000] {local_task_job.py:164} INFO - Task exited with return code 0
[2023-01-01T14:38:01.380+0000] {local_task_job.py:273} INFO - 0 downstream tasks scheduled from follow-on schedule check
