[2023-01-28T13:47:48.590+0000] {taskinstance.py:1165} INFO - Dependencies all met for <TaskInstance: exchange_rates.make_report manual__2023-01-28T13:47:42.901155+00:00 [queued]>
[2023-01-28T13:47:48.598+0000] {taskinstance.py:1165} INFO - Dependencies all met for <TaskInstance: exchange_rates.make_report manual__2023-01-28T13:47:42.901155+00:00 [queued]>
[2023-01-28T13:47:48.599+0000] {taskinstance.py:1362} INFO - 
--------------------------------------------------------------------------------
[2023-01-28T13:47:48.600+0000] {taskinstance.py:1363} INFO - Starting attempt 1 of 1
[2023-01-28T13:47:48.600+0000] {taskinstance.py:1364} INFO - 
--------------------------------------------------------------------------------
[2023-01-28T13:47:48.611+0000] {taskinstance.py:1383} INFO - Executing <Task(PythonOperator): make_report> on 2023-01-28 13:47:42.901155+00:00
[2023-01-28T13:47:48.614+0000] {standard_task_runner.py:54} INFO - Started process 12911 to run task
[2023-01-28T13:47:48.617+0000] {standard_task_runner.py:82} INFO - Running: ['***', 'tasks', 'run', 'exchange_rates', 'make_report', 'manual__2023-01-28T13:47:42.901155+00:00', '--job-id', '13275', '--raw', '--subdir', 'DAGS_FOLDER/exchange_rates.py', '--cfg-path', '/tmp/tmp0z0fs8y9']
[2023-01-28T13:47:48.617+0000] {standard_task_runner.py:83} INFO - Job 13275: Subtask make_report
[2023-01-28T13:47:48.618+0000] {dagbag.py:525} INFO - Filling up the DagBag from /opt/***/dags/exchange_rates.py
[2023-01-28T13:47:48.667+0000] {taskmixin.py:205} WARNING - Dependency <Task(CurrencyScoopOperator): get_rate_AMD_RUB>, insert_rate_AMD_RUB already registered for DAG: exchange_rates
[2023-01-28T13:47:48.668+0000] {taskmixin.py:205} WARNING - Dependency <Task(PostgresOperator): insert_rate_AMD_RUB>, get_rate_AMD_RUB already registered for DAG: exchange_rates
[2023-01-28T13:47:48.736+0000] {task_command.py:384} INFO - Running <TaskInstance: exchange_rates.make_report manual__2023-01-28T13:47:42.901155+00:00 [running]> on host d383fbf2a8e7
[2023-01-28T13:47:48.790+0000] {taskinstance.py:1592} INFO - Exporting the following env vars:
AIRFLOW_CTX_DAG_OWNER=***
AIRFLOW_CTX_DAG_ID=exchange_rates
AIRFLOW_CTX_TASK_ID=make_report
AIRFLOW_CTX_EXECUTION_DATE=2023-01-28T13:47:42.901155+00:00
AIRFLOW_CTX_TRY_NUMBER=1
AIRFLOW_CTX_DAG_RUN_ID=manual__2023-01-28T13:47:42.901155+00:00
[2023-01-28T13:47:49.545+0000] {python.py:177} INFO - Done. Returned value was: None
[2023-01-28T13:47:49.553+0000] {taskinstance.py:1406} INFO - Marking task as SUCCESS. dag_id=exchange_rates, task_id=make_report, execution_date=20230128T134742, start_date=20230128T134748, end_date=20230128T134749
[2023-01-28T13:47:49.672+0000] {local_task_job.py:164} INFO - Task exited with return code 0
[2023-01-28T13:47:49.691+0000] {local_task_job.py:273} INFO - 0 downstream tasks scheduled from follow-on schedule check
