[2022-12-26T13:48:02.220+0000] {taskinstance.py:1165} INFO - Dependencies all met for <TaskInstance: exchange_rates.make_report scheduled__2021-11-14T08:15:00+00:00 [queued]>
[2022-12-26T13:48:02.232+0000] {taskinstance.py:1165} INFO - Dependencies all met for <TaskInstance: exchange_rates.make_report scheduled__2021-11-14T08:15:00+00:00 [queued]>
[2022-12-26T13:48:02.233+0000] {taskinstance.py:1362} INFO - 
--------------------------------------------------------------------------------
[2022-12-26T13:48:02.234+0000] {taskinstance.py:1363} INFO - Starting attempt 1 of 1
[2022-12-26T13:48:02.234+0000] {taskinstance.py:1364} INFO - 
--------------------------------------------------------------------------------
[2022-12-26T13:48:02.285+0000] {taskinstance.py:1383} INFO - Executing <Task(PythonOperator): make_report> on 2021-11-14 08:15:00+00:00
[2022-12-26T13:48:02.295+0000] {standard_task_runner.py:54} INFO - Started process 1519 to run task
[2022-12-26T13:48:02.321+0000] {standard_task_runner.py:82} INFO - Running: ['***', 'tasks', 'run', 'exchange_rates', 'make_report', 'scheduled__2021-11-14T08:15:00+00:00', '--job-id', '1140', '--raw', '--subdir', 'DAGS_FOLDER/exchange_rates.py', '--cfg-path', '/tmp/tmpa260ufbx']
[2022-12-26T13:48:02.325+0000] {standard_task_runner.py:83} INFO - Job 1140: Subtask make_report
[2022-12-26T13:48:02.326+0000] {dagbag.py:525} INFO - Filling up the DagBag from /opt/***/dags/exchange_rates.py
[2022-12-26T13:48:02.730+0000] {taskmixin.py:205} WARNING - Dependency <Task(CurrencyScoopOperator): get_rate_AMD_RUB>, insert_rate_AMD_RUB already registered for DAG: exchange_rates
[2022-12-26T13:48:02.741+0000] {taskmixin.py:205} WARNING - Dependency <Task(PostgresOperator): insert_rate_AMD_RUB>, get_rate_AMD_RUB already registered for DAG: exchange_rates
[2022-12-26T13:48:02.999+0000] {task_command.py:384} INFO - Running <TaskInstance: exchange_rates.make_report scheduled__2021-11-14T08:15:00+00:00 [running]> on host d383fbf2a8e7
[2022-12-26T13:48:03.264+0000] {taskinstance.py:1592} INFO - Exporting the following env vars:
AIRFLOW_CTX_DAG_OWNER=***
AIRFLOW_CTX_DAG_ID=exchange_rates
AIRFLOW_CTX_TASK_ID=make_report
AIRFLOW_CTX_EXECUTION_DATE=2021-11-14T08:15:00+00:00
AIRFLOW_CTX_TRY_NUMBER=1
AIRFLOW_CTX_DAG_RUN_ID=scheduled__2021-11-14T08:15:00+00:00
[2022-12-26T13:48:04.605+0000] {python.py:177} INFO - Done. Returned value was: None
[2022-12-26T13:48:04.616+0000] {taskinstance.py:1406} INFO - Marking task as SUCCESS. dag_id=exchange_rates, task_id=make_report, execution_date=20211114T081500, start_date=20221226T134802, end_date=20221226T134804
[2022-12-26T13:48:04.699+0000] {local_task_job.py:164} INFO - Task exited with return code 0
[2022-12-26T13:48:04.728+0000] {local_task_job.py:273} INFO - 0 downstream tasks scheduled from follow-on schedule check
[2023-01-01T14:32:51.307+0000] {taskinstance.py:1165} INFO - Dependencies all met for <TaskInstance: exchange_rates.make_report scheduled__2021-11-14T08:15:00+00:00 [queued]>
[2023-01-01T14:32:51.369+0000] {taskinstance.py:1165} INFO - Dependencies all met for <TaskInstance: exchange_rates.make_report scheduled__2021-11-14T08:15:00+00:00 [queued]>
[2023-01-01T14:32:51.372+0000] {taskinstance.py:1362} INFO - 
--------------------------------------------------------------------------------
[2023-01-01T14:32:51.373+0000] {taskinstance.py:1363} INFO - Starting attempt 1 of 1
[2023-01-01T14:32:51.373+0000] {taskinstance.py:1364} INFO - 
--------------------------------------------------------------------------------
[2023-01-01T14:32:51.454+0000] {taskinstance.py:1383} INFO - Executing <Task(PythonOperator): make_report> on 2021-11-14 08:15:00+00:00
[2023-01-01T14:32:51.478+0000] {standard_task_runner.py:54} INFO - Started process 2186 to run task
[2023-01-01T14:32:51.486+0000] {standard_task_runner.py:82} INFO - Running: ['***', 'tasks', 'run', 'exchange_rates', 'make_report', 'scheduled__2021-11-14T08:15:00+00:00', '--job-id', '7131', '--raw', '--subdir', 'DAGS_FOLDER/exchange_rates.py', '--cfg-path', '/tmp/tmp1b9hi17b']
[2023-01-01T14:32:51.510+0000] {standard_task_runner.py:83} INFO - Job 7131: Subtask make_report
[2023-01-01T14:32:51.512+0000] {dagbag.py:525} INFO - Filling up the DagBag from /opt/***/dags/exchange_rates.py
[2023-01-01T14:32:51.700+0000] {taskmixin.py:205} WARNING - Dependency <Task(CurrencyScoopOperator): get_rate_AMD_RUB>, insert_rate_AMD_RUB already registered for DAG: exchange_rates
[2023-01-01T14:32:51.700+0000] {taskmixin.py:205} WARNING - Dependency <Task(PostgresOperator): insert_rate_AMD_RUB>, get_rate_AMD_RUB already registered for DAG: exchange_rates
[2023-01-01T14:32:51.812+0000] {task_command.py:384} INFO - Running <TaskInstance: exchange_rates.make_report scheduled__2021-11-14T08:15:00+00:00 [running]> on host d383fbf2a8e7
[2023-01-01T14:32:52.052+0000] {taskinstance.py:1592} INFO - Exporting the following env vars:
AIRFLOW_CTX_DAG_OWNER=***
AIRFLOW_CTX_DAG_ID=exchange_rates
AIRFLOW_CTX_TASK_ID=make_report
AIRFLOW_CTX_EXECUTION_DATE=2021-11-14T08:15:00+00:00
AIRFLOW_CTX_TRY_NUMBER=1
AIRFLOW_CTX_DAG_RUN_ID=scheduled__2021-11-14T08:15:00+00:00
[2023-01-01T14:32:52.710+0000] {python.py:177} INFO - Done. Returned value was: None
[2023-01-01T14:32:52.717+0000] {taskinstance.py:1406} INFO - Marking task as SUCCESS. dag_id=exchange_rates, task_id=make_report, execution_date=20211114T081500, start_date=20230101T143251, end_date=20230101T143252
[2023-01-01T14:32:52.776+0000] {local_task_job.py:164} INFO - Task exited with return code 0
[2023-01-01T14:32:52.794+0000] {local_task_job.py:273} INFO - 0 downstream tasks scheduled from follow-on schedule check
