[2022-12-26T13:52:27.738+0000] {taskinstance.py:1165} INFO - Dependencies all met for <TaskInstance: exchange_rates.insert_rate_AMD_RUB scheduled__2022-02-07T08:15:00+00:00 [queued]>
[2022-12-26T13:52:27.804+0000] {taskinstance.py:1165} INFO - Dependencies all met for <TaskInstance: exchange_rates.insert_rate_AMD_RUB scheduled__2022-02-07T08:15:00+00:00 [queued]>
[2022-12-26T13:52:27.805+0000] {taskinstance.py:1362} INFO - 
--------------------------------------------------------------------------------
[2022-12-26T13:52:27.808+0000] {taskinstance.py:1363} INFO - Starting attempt 1 of 1
[2022-12-26T13:52:27.812+0000] {taskinstance.py:1364} INFO - 
--------------------------------------------------------------------------------
[2022-12-26T13:52:27.896+0000] {taskinstance.py:1383} INFO - Executing <Task(PostgresOperator): insert_rate_AMD_RUB> on 2022-02-07 08:15:00+00:00
[2022-12-26T13:52:27.925+0000] {standard_task_runner.py:54} INFO - Started process 4288 to run task
[2022-12-26T13:52:27.950+0000] {standard_task_runner.py:82} INFO - Running: ['***', 'tasks', 'run', 'exchange_rates', 'insert_rate_AMD_RUB', 'scheduled__2022-02-07T08:15:00+00:00', '--job-id', '2398', '--raw', '--subdir', 'DAGS_FOLDER/exchange_rates.py', '--cfg-path', '/tmp/tmpg30gbifw']
[2022-12-26T13:52:27.951+0000] {standard_task_runner.py:83} INFO - Job 2398: Subtask insert_rate_AMD_RUB
[2022-12-26T13:52:27.952+0000] {dagbag.py:525} INFO - Filling up the DagBag from /opt/***/dags/exchange_rates.py
[2022-12-26T13:52:28.191+0000] {taskmixin.py:205} WARNING - Dependency <Task(CurrencyScoopOperator): get_rate_AMD_RUB>, insert_rate_AMD_RUB already registered for DAG: exchange_rates
[2022-12-26T13:52:28.191+0000] {taskmixin.py:205} WARNING - Dependency <Task(PostgresOperator): insert_rate_AMD_RUB>, get_rate_AMD_RUB already registered for DAG: exchange_rates
[2022-12-26T13:52:28.333+0000] {task_command.py:384} INFO - Running <TaskInstance: exchange_rates.insert_rate_AMD_RUB scheduled__2022-02-07T08:15:00+00:00 [running]> on host d383fbf2a8e7
[2022-12-26T13:52:28.400+0000] {warnings.py:110} WARNING - /home/***/.local/lib/python3.7/site-packages/***/utils/context.py:204: AirflowContextDeprecationWarning: Accessing 'execution_date' from the template is deprecated and will be removed in a future version. Please use 'data_interval_start' or 'logical_date' instead.
  warnings.warn(_create_deprecation_warning(key, self._deprecation_replacements[key]))

[2022-12-26T13:52:28.481+0000] {taskinstance.py:1592} INFO - Exporting the following env vars:
AIRFLOW_CTX_DAG_OWNER=***
AIRFLOW_CTX_DAG_ID=exchange_rates
AIRFLOW_CTX_TASK_ID=insert_rate_AMD_RUB
AIRFLOW_CTX_EXECUTION_DATE=2022-02-07T08:15:00+00:00
AIRFLOW_CTX_TRY_NUMBER=1
AIRFLOW_CTX_DAG_RUN_ID=scheduled__2022-02-07T08:15:00+00:00
[2022-12-26T13:52:28.496+0000] {base.py:71} INFO - Using connection ID 'postgres_default' for task execution.
[2022-12-26T13:52:28.500+0000] {sql.py:315} INFO - Running statement: INSERT INTO
    exchange_rates
VALUES ('AMD', 'RUB', 0.15719643, '2022-02-07')
ON CONFLICT (base, currency, date) DO
    UPDATE
        SET rate = excluded.rate;, parameters: None
[2022-12-26T13:52:28.503+0000] {sql.py:324} INFO - Rows affected: 1
[2022-12-26T13:52:28.524+0000] {taskinstance.py:1406} INFO - Marking task as SUCCESS. dag_id=exchange_rates, task_id=insert_rate_AMD_RUB, execution_date=20220207T081500, start_date=20221226T135227, end_date=20221226T135228
[2022-12-26T13:52:28.558+0000] {local_task_job.py:164} INFO - Task exited with return code 0
[2022-12-26T13:52:28.583+0000] {local_task_job.py:273} INFO - 1 downstream tasks scheduled from follow-on schedule check
[2023-01-01T14:36:49.765+0000] {taskinstance.py:1165} INFO - Dependencies all met for <TaskInstance: exchange_rates.insert_rate_AMD_RUB scheduled__2022-02-07T08:15:00+00:00 [queued]>
[2023-01-01T14:36:49.858+0000] {taskinstance.py:1165} INFO - Dependencies all met for <TaskInstance: exchange_rates.insert_rate_AMD_RUB scheduled__2022-02-07T08:15:00+00:00 [queued]>
[2023-01-01T14:36:49.861+0000] {taskinstance.py:1362} INFO - 
--------------------------------------------------------------------------------
[2023-01-01T14:36:49.868+0000] {taskinstance.py:1363} INFO - Starting attempt 1 of 1
[2023-01-01T14:36:49.869+0000] {taskinstance.py:1364} INFO - 
--------------------------------------------------------------------------------
[2023-01-01T14:36:49.889+0000] {taskinstance.py:1383} INFO - Executing <Task(PostgresOperator): insert_rate_AMD_RUB> on 2022-02-07 08:15:00+00:00
[2023-01-01T14:36:49.896+0000] {standard_task_runner.py:54} INFO - Started process 4900 to run task
[2023-01-01T14:36:49.928+0000] {standard_task_runner.py:82} INFO - Running: ['***', 'tasks', 'run', 'exchange_rates', 'insert_rate_AMD_RUB', 'scheduled__2022-02-07T08:15:00+00:00', '--job-id', '8363', '--raw', '--subdir', 'DAGS_FOLDER/exchange_rates.py', '--cfg-path', '/tmp/tmp02o5fs3i']
[2023-01-01T14:36:49.936+0000] {standard_task_runner.py:83} INFO - Job 8363: Subtask insert_rate_AMD_RUB
[2023-01-01T14:36:49.938+0000] {dagbag.py:525} INFO - Filling up the DagBag from /opt/***/dags/exchange_rates.py
[2023-01-01T14:36:50.235+0000] {taskmixin.py:205} WARNING - Dependency <Task(CurrencyScoopOperator): get_rate_AMD_RUB>, insert_rate_AMD_RUB already registered for DAG: exchange_rates
[2023-01-01T14:36:50.239+0000] {taskmixin.py:205} WARNING - Dependency <Task(PostgresOperator): insert_rate_AMD_RUB>, get_rate_AMD_RUB already registered for DAG: exchange_rates
[2023-01-01T14:36:50.411+0000] {task_command.py:384} INFO - Running <TaskInstance: exchange_rates.insert_rate_AMD_RUB scheduled__2022-02-07T08:15:00+00:00 [running]> on host d383fbf2a8e7
[2023-01-01T14:36:50.602+0000] {warnings.py:110} WARNING - /home/***/.local/lib/python3.7/site-packages/***/utils/context.py:204: AirflowContextDeprecationWarning: Accessing 'execution_date' from the template is deprecated and will be removed in a future version. Please use 'data_interval_start' or 'logical_date' instead.
  warnings.warn(_create_deprecation_warning(key, self._deprecation_replacements[key]))

[2023-01-01T14:36:50.864+0000] {taskinstance.py:1592} INFO - Exporting the following env vars:
AIRFLOW_CTX_DAG_OWNER=***
AIRFLOW_CTX_DAG_ID=exchange_rates
AIRFLOW_CTX_TASK_ID=insert_rate_AMD_RUB
AIRFLOW_CTX_EXECUTION_DATE=2022-02-07T08:15:00+00:00
AIRFLOW_CTX_TRY_NUMBER=1
AIRFLOW_CTX_DAG_RUN_ID=scheduled__2022-02-07T08:15:00+00:00
[2023-01-01T14:36:50.895+0000] {base.py:71} INFO - Using connection ID 'postgres_default' for task execution.
[2023-01-01T14:36:50.920+0000] {sql.py:315} INFO - Running statement: INSERT INTO
    exchange_rates
VALUES ('AMD', 'RUB', 0.15719643, '2022-02-07')
ON CONFLICT (base, currency, date) DO
    UPDATE
        SET rate = excluded.rate;, parameters: None
[2023-01-01T14:36:50.924+0000] {sql.py:324} INFO - Rows affected: 1
[2023-01-01T14:36:50.971+0000] {taskinstance.py:1406} INFO - Marking task as SUCCESS. dag_id=exchange_rates, task_id=insert_rate_AMD_RUB, execution_date=20220207T081500, start_date=20230101T143649, end_date=20230101T143650
[2023-01-01T14:36:51.213+0000] {local_task_job.py:164} INFO - Task exited with return code 0
[2023-01-01T14:36:51.265+0000] {local_task_job.py:273} INFO - 0 downstream tasks scheduled from follow-on schedule check
