[2022-12-26T13:47:35.136+0000] {taskinstance.py:1165} INFO - Dependencies all met for <TaskInstance: exchange_rates.get_rate_EUR_RUB scheduled__2021-11-11T08:15:00+00:00 [queued]>
[2022-12-26T13:47:35.196+0000] {taskinstance.py:1165} INFO - Dependencies all met for <TaskInstance: exchange_rates.get_rate_EUR_RUB scheduled__2021-11-11T08:15:00+00:00 [queued]>
[2022-12-26T13:47:35.196+0000] {taskinstance.py:1362} INFO - 
--------------------------------------------------------------------------------
[2022-12-26T13:47:35.197+0000] {taskinstance.py:1363} INFO - Starting attempt 1 of 1
[2022-12-26T13:47:35.197+0000] {taskinstance.py:1364} INFO - 
--------------------------------------------------------------------------------
[2022-12-26T13:47:35.254+0000] {taskinstance.py:1383} INFO - Executing <Task(CurrencyScoopOperator): get_rate_EUR_RUB> on 2021-11-11 08:15:00+00:00
[2022-12-26T13:47:35.258+0000] {standard_task_runner.py:54} INFO - Started process 1211 to run task
[2022-12-26T13:47:35.304+0000] {standard_task_runner.py:82} INFO - Running: ['***', 'tasks', 'run', 'exchange_rates', 'get_rate_EUR_RUB', 'scheduled__2021-11-11T08:15:00+00:00', '--job-id', '994', '--raw', '--subdir', 'DAGS_FOLDER/exchange_rates.py', '--cfg-path', '/tmp/tmpnimtsgbh']
[2022-12-26T13:47:35.306+0000] {standard_task_runner.py:83} INFO - Job 994: Subtask get_rate_EUR_RUB
[2022-12-26T13:47:35.310+0000] {dagbag.py:525} INFO - Filling up the DagBag from /opt/***/dags/exchange_rates.py
[2022-12-26T13:47:35.658+0000] {taskmixin.py:205} WARNING - Dependency <Task(CurrencyScoopOperator): get_rate_AMD_RUB>, insert_rate_AMD_RUB already registered for DAG: exchange_rates
[2022-12-26T13:47:35.659+0000] {taskmixin.py:205} WARNING - Dependency <Task(PostgresOperator): insert_rate_AMD_RUB>, get_rate_AMD_RUB already registered for DAG: exchange_rates
[2022-12-26T13:47:36.008+0000] {task_command.py:384} INFO - Running <TaskInstance: exchange_rates.get_rate_EUR_RUB scheduled__2021-11-11T08:15:00+00:00 [running]> on host d383fbf2a8e7
[2022-12-26T13:47:36.243+0000] {taskinstance.py:1592} INFO - Exporting the following env vars:
AIRFLOW_CTX_DAG_OWNER=***
AIRFLOW_CTX_DAG_ID=exchange_rates
AIRFLOW_CTX_TASK_ID=get_rate_EUR_RUB
AIRFLOW_CTX_EXECUTION_DATE=2021-11-11T08:15:00+00:00
AIRFLOW_CTX_TRY_NUMBER=1
AIRFLOW_CTX_DAG_RUN_ID=scheduled__2021-11-11T08:15:00+00:00
[2022-12-26T13:47:36.245+0000] {warnings.py:110} WARNING - /home/***/.local/lib/python3.7/site-packages/***/utils/context.py:204: AirflowContextDeprecationWarning: Accessing 'execution_date' from the template is deprecated and will be removed in a future version. Please use 'data_interval_start' or 'logical_date' instead.
  warnings.warn(_create_deprecation_warning(key, self._deprecation_replacements[key]))

[2022-12-26T13:47:36.277+0000] {base.py:71} INFO - Using connection ID 'currency_conn_id' for task execution.
[2022-12-26T13:47:36.718+0000] {taskinstance.py:1406} INFO - Marking task as SUCCESS. dag_id=exchange_rates, task_id=get_rate_EUR_RUB, execution_date=20211111T081500, start_date=20221226T134735, end_date=20221226T134736
[2022-12-26T13:47:36.765+0000] {local_task_job.py:164} INFO - Task exited with return code 0
[2022-12-26T13:47:36.869+0000] {local_task_job.py:273} INFO - 1 downstream tasks scheduled from follow-on schedule check
[2023-01-01T14:32:27.193+0000] {taskinstance.py:1165} INFO - Dependencies all met for <TaskInstance: exchange_rates.get_rate_EUR_RUB scheduled__2021-11-11T08:15:00+00:00 [queued]>
[2023-01-01T14:32:27.235+0000] {taskinstance.py:1165} INFO - Dependencies all met for <TaskInstance: exchange_rates.get_rate_EUR_RUB scheduled__2021-11-11T08:15:00+00:00 [queued]>
[2023-01-01T14:32:27.244+0000] {taskinstance.py:1362} INFO - 
--------------------------------------------------------------------------------
[2023-01-01T14:32:27.245+0000] {taskinstance.py:1363} INFO - Starting attempt 1 of 1
[2023-01-01T14:32:27.248+0000] {taskinstance.py:1364} INFO - 
--------------------------------------------------------------------------------
[2023-01-01T14:32:27.339+0000] {taskinstance.py:1383} INFO - Executing <Task(CurrencyScoopOperator): get_rate_EUR_RUB> on 2021-11-11 08:15:00+00:00
[2023-01-01T14:32:27.349+0000] {standard_task_runner.py:54} INFO - Started process 1868 to run task
[2023-01-01T14:32:27.371+0000] {standard_task_runner.py:82} INFO - Running: ['***', 'tasks', 'run', 'exchange_rates', 'get_rate_EUR_RUB', 'scheduled__2021-11-11T08:15:00+00:00', '--job-id', '6986', '--raw', '--subdir', 'DAGS_FOLDER/exchange_rates.py', '--cfg-path', '/tmp/tmpyf45z6ux']
[2023-01-01T14:32:27.373+0000] {standard_task_runner.py:83} INFO - Job 6986: Subtask get_rate_EUR_RUB
[2023-01-01T14:32:27.374+0000] {dagbag.py:525} INFO - Filling up the DagBag from /opt/***/dags/exchange_rates.py
[2023-01-01T14:32:27.574+0000] {taskmixin.py:205} WARNING - Dependency <Task(CurrencyScoopOperator): get_rate_AMD_RUB>, insert_rate_AMD_RUB already registered for DAG: exchange_rates
[2023-01-01T14:32:27.575+0000] {taskmixin.py:205} WARNING - Dependency <Task(PostgresOperator): insert_rate_AMD_RUB>, get_rate_AMD_RUB already registered for DAG: exchange_rates
[2023-01-01T14:32:27.661+0000] {task_command.py:384} INFO - Running <TaskInstance: exchange_rates.get_rate_EUR_RUB scheduled__2021-11-11T08:15:00+00:00 [running]> on host d383fbf2a8e7
[2023-01-01T14:32:27.735+0000] {taskinstance.py:1592} INFO - Exporting the following env vars:
AIRFLOW_CTX_DAG_OWNER=***
AIRFLOW_CTX_DAG_ID=exchange_rates
AIRFLOW_CTX_TASK_ID=get_rate_EUR_RUB
AIRFLOW_CTX_EXECUTION_DATE=2021-11-11T08:15:00+00:00
AIRFLOW_CTX_TRY_NUMBER=1
AIRFLOW_CTX_DAG_RUN_ID=scheduled__2021-11-11T08:15:00+00:00
[2023-01-01T14:32:27.736+0000] {warnings.py:110} WARNING - /home/***/.local/lib/python3.7/site-packages/***/utils/context.py:204: AirflowContextDeprecationWarning: Accessing 'execution_date' from the template is deprecated and will be removed in a future version. Please use 'data_interval_start' or 'logical_date' instead.
  warnings.warn(_create_deprecation_warning(key, self._deprecation_replacements[key]))

[2023-01-01T14:32:27.745+0000] {base.py:71} INFO - Using connection ID 'currency_conn_id' for task execution.
[2023-01-01T14:32:28.042+0000] {taskinstance.py:1406} INFO - Marking task as SUCCESS. dag_id=exchange_rates, task_id=get_rate_EUR_RUB, execution_date=20211111T081500, start_date=20230101T143227, end_date=20230101T143228
[2023-01-01T14:32:28.137+0000] {local_task_job.py:164} INFO - Task exited with return code 0
[2023-01-01T14:32:28.256+0000] {local_task_job.py:273} INFO - 1 downstream tasks scheduled from follow-on schedule check
