[2022-12-26T13:48:47.225+0000] {taskinstance.py:1165} INFO - Dependencies all met for <TaskInstance: exchange_rates.make_report scheduled__2021-11-19T08:15:00+00:00 [queued]>
[2022-12-26T13:48:47.249+0000] {taskinstance.py:1165} INFO - Dependencies all met for <TaskInstance: exchange_rates.make_report scheduled__2021-11-19T08:15:00+00:00 [queued]>
[2022-12-26T13:48:47.251+0000] {taskinstance.py:1362} INFO - 
--------------------------------------------------------------------------------
[2022-12-26T13:48:47.252+0000] {taskinstance.py:1363} INFO - Starting attempt 1 of 1
[2022-12-26T13:48:47.252+0000] {taskinstance.py:1364} INFO - 
--------------------------------------------------------------------------------
[2022-12-26T13:48:47.299+0000] {taskinstance.py:1383} INFO - Executing <Task(PythonOperator): make_report> on 2021-11-19 08:15:00+00:00
[2022-12-26T13:48:47.325+0000] {standard_task_runner.py:54} INFO - Started process 1991 to run task
[2022-12-26T13:48:47.348+0000] {standard_task_runner.py:82} INFO - Running: ['***', 'tasks', 'run', 'exchange_rates', 'make_report', 'scheduled__2021-11-19T08:15:00+00:00', '--job-id', '1357', '--raw', '--subdir', 'DAGS_FOLDER/exchange_rates.py', '--cfg-path', '/tmp/tmp1egxbydf']
[2022-12-26T13:48:47.351+0000] {standard_task_runner.py:83} INFO - Job 1357: Subtask make_report
[2022-12-26T13:48:47.353+0000] {dagbag.py:525} INFO - Filling up the DagBag from /opt/***/dags/exchange_rates.py
[2022-12-26T13:48:47.546+0000] {taskmixin.py:205} WARNING - Dependency <Task(CurrencyScoopOperator): get_rate_AMD_RUB>, insert_rate_AMD_RUB already registered for DAG: exchange_rates
[2022-12-26T13:48:47.547+0000] {taskmixin.py:205} WARNING - Dependency <Task(PostgresOperator): insert_rate_AMD_RUB>, get_rate_AMD_RUB already registered for DAG: exchange_rates
[2022-12-26T13:48:47.766+0000] {task_command.py:384} INFO - Running <TaskInstance: exchange_rates.make_report scheduled__2021-11-19T08:15:00+00:00 [running]> on host d383fbf2a8e7
[2022-12-26T13:48:47.905+0000] {taskinstance.py:1592} INFO - Exporting the following env vars:
AIRFLOW_CTX_DAG_OWNER=***
AIRFLOW_CTX_DAG_ID=exchange_rates
AIRFLOW_CTX_TASK_ID=make_report
AIRFLOW_CTX_EXECUTION_DATE=2021-11-19T08:15:00+00:00
AIRFLOW_CTX_TRY_NUMBER=1
AIRFLOW_CTX_DAG_RUN_ID=scheduled__2021-11-19T08:15:00+00:00
[2022-12-26T13:48:50.163+0000] {python.py:177} INFO - Done. Returned value was: None
[2022-12-26T13:48:50.195+0000] {taskinstance.py:1406} INFO - Marking task as SUCCESS. dag_id=exchange_rates, task_id=make_report, execution_date=20211119T081500, start_date=20221226T134847, end_date=20221226T134850
[2022-12-26T13:48:50.422+0000] {local_task_job.py:164} INFO - Task exited with return code 0
[2022-12-26T13:48:50.449+0000] {local_task_job.py:273} INFO - 0 downstream tasks scheduled from follow-on schedule check
[2023-01-01T14:33:30.029+0000] {taskinstance.py:1165} INFO - Dependencies all met for <TaskInstance: exchange_rates.make_report scheduled__2021-11-19T08:15:00+00:00 [queued]>
[2023-01-01T14:33:30.091+0000] {taskinstance.py:1165} INFO - Dependencies all met for <TaskInstance: exchange_rates.make_report scheduled__2021-11-19T08:15:00+00:00 [queued]>
[2023-01-01T14:33:30.091+0000] {taskinstance.py:1362} INFO - 
--------------------------------------------------------------------------------
[2023-01-01T14:33:30.092+0000] {taskinstance.py:1363} INFO - Starting attempt 1 of 1
[2023-01-01T14:33:30.092+0000] {taskinstance.py:1364} INFO - 
--------------------------------------------------------------------------------
[2023-01-01T14:33:30.196+0000] {taskinstance.py:1383} INFO - Executing <Task(PythonOperator): make_report> on 2021-11-19 08:15:00+00:00
[2023-01-01T14:33:30.215+0000] {standard_task_runner.py:54} INFO - Started process 2666 to run task
[2023-01-01T14:33:30.249+0000] {standard_task_runner.py:82} INFO - Running: ['***', 'tasks', 'run', 'exchange_rates', 'make_report', 'scheduled__2021-11-19T08:15:00+00:00', '--job-id', '7355', '--raw', '--subdir', 'DAGS_FOLDER/exchange_rates.py', '--cfg-path', '/tmp/tmpyg7zkxju']
[2023-01-01T14:33:30.258+0000] {standard_task_runner.py:83} INFO - Job 7355: Subtask make_report
[2023-01-01T14:33:30.268+0000] {dagbag.py:525} INFO - Filling up the DagBag from /opt/***/dags/exchange_rates.py
[2023-01-01T14:33:30.529+0000] {taskmixin.py:205} WARNING - Dependency <Task(CurrencyScoopOperator): get_rate_AMD_RUB>, insert_rate_AMD_RUB already registered for DAG: exchange_rates
[2023-01-01T14:33:30.533+0000] {taskmixin.py:205} WARNING - Dependency <Task(PostgresOperator): insert_rate_AMD_RUB>, get_rate_AMD_RUB already registered for DAG: exchange_rates
[2023-01-01T14:33:30.718+0000] {task_command.py:384} INFO - Running <TaskInstance: exchange_rates.make_report scheduled__2021-11-19T08:15:00+00:00 [running]> on host d383fbf2a8e7
[2023-01-01T14:33:30.841+0000] {taskinstance.py:1592} INFO - Exporting the following env vars:
AIRFLOW_CTX_DAG_OWNER=***
AIRFLOW_CTX_DAG_ID=exchange_rates
AIRFLOW_CTX_TASK_ID=make_report
AIRFLOW_CTX_EXECUTION_DATE=2021-11-19T08:15:00+00:00
AIRFLOW_CTX_TRY_NUMBER=1
AIRFLOW_CTX_DAG_RUN_ID=scheduled__2021-11-19T08:15:00+00:00
[2023-01-01T14:33:32.374+0000] {python.py:177} INFO - Done. Returned value was: None
[2023-01-01T14:33:32.391+0000] {taskinstance.py:1406} INFO - Marking task as SUCCESS. dag_id=exchange_rates, task_id=make_report, execution_date=20211119T081500, start_date=20230101T143330, end_date=20230101T143332
[2023-01-01T14:33:32.457+0000] {local_task_job.py:164} INFO - Task exited with return code 0
[2023-01-01T14:33:32.471+0000] {local_task_job.py:273} INFO - 0 downstream tasks scheduled from follow-on schedule check
