[2022-12-26T13:59:07.339+0000] {taskinstance.py:1165} INFO - Dependencies all met for <TaskInstance: exchange_rates.get_rate_EUR_RUB scheduled__2022-07-14T08:15:00+00:00 [queued]>
[2022-12-26T13:59:07.352+0000] {taskinstance.py:1165} INFO - Dependencies all met for <TaskInstance: exchange_rates.get_rate_EUR_RUB scheduled__2022-07-14T08:15:00+00:00 [queued]>
[2022-12-26T13:59:07.353+0000] {taskinstance.py:1362} INFO - 
--------------------------------------------------------------------------------
[2022-12-26T13:59:07.354+0000] {taskinstance.py:1363} INFO - Starting attempt 1 of 1
[2022-12-26T13:59:07.355+0000] {taskinstance.py:1364} INFO - 
--------------------------------------------------------------------------------
[2022-12-26T13:59:07.374+0000] {taskinstance.py:1383} INFO - Executing <Task(CurrencyScoopOperator): get_rate_EUR_RUB> on 2022-07-14 08:15:00+00:00
[2022-12-26T13:59:07.381+0000] {standard_task_runner.py:54} INFO - Started process 8707 to run task
[2022-12-26T13:59:07.385+0000] {standard_task_runner.py:82} INFO - Running: ['***', 'tasks', 'run', 'exchange_rates', 'get_rate_EUR_RUB', 'scheduled__2022-07-14T08:15:00+00:00', '--job-id', '4412', '--raw', '--subdir', 'DAGS_FOLDER/exchange_rates.py', '--cfg-path', '/tmp/tmp4xcvq6ky']
[2022-12-26T13:59:07.386+0000] {standard_task_runner.py:83} INFO - Job 4412: Subtask get_rate_EUR_RUB
[2022-12-26T13:59:07.388+0000] {dagbag.py:525} INFO - Filling up the DagBag from /opt/***/dags/exchange_rates.py
[2022-12-26T13:59:07.468+0000] {taskmixin.py:205} WARNING - Dependency <Task(CurrencyScoopOperator): get_rate_AMD_RUB>, insert_rate_AMD_RUB already registered for DAG: exchange_rates
[2022-12-26T13:59:07.469+0000] {taskmixin.py:205} WARNING - Dependency <Task(PostgresOperator): insert_rate_AMD_RUB>, get_rate_AMD_RUB already registered for DAG: exchange_rates
[2022-12-26T13:59:07.547+0000] {task_command.py:384} INFO - Running <TaskInstance: exchange_rates.get_rate_EUR_RUB scheduled__2022-07-14T08:15:00+00:00 [running]> on host d383fbf2a8e7
[2022-12-26T13:59:07.610+0000] {taskinstance.py:1592} INFO - Exporting the following env vars:
AIRFLOW_CTX_DAG_OWNER=***
AIRFLOW_CTX_DAG_ID=exchange_rates
AIRFLOW_CTX_TASK_ID=get_rate_EUR_RUB
AIRFLOW_CTX_EXECUTION_DATE=2022-07-14T08:15:00+00:00
AIRFLOW_CTX_TRY_NUMBER=1
AIRFLOW_CTX_DAG_RUN_ID=scheduled__2022-07-14T08:15:00+00:00
[2022-12-26T13:59:07.612+0000] {warnings.py:110} WARNING - /home/***/.local/lib/python3.7/site-packages/***/utils/context.py:204: AirflowContextDeprecationWarning: Accessing 'execution_date' from the template is deprecated and will be removed in a future version. Please use 'data_interval_start' or 'logical_date' instead.
  warnings.warn(_create_deprecation_warning(key, self._deprecation_replacements[key]))

[2022-12-26T13:59:07.620+0000] {base.py:71} INFO - Using connection ID 'currency_conn_id' for task execution.
[2022-12-26T13:59:08.998+0000] {taskinstance.py:1406} INFO - Marking task as SUCCESS. dag_id=exchange_rates, task_id=get_rate_EUR_RUB, execution_date=20220714T081500, start_date=20221226T135907, end_date=20221226T135908
[2022-12-26T13:59:09.132+0000] {local_task_job.py:164} INFO - Task exited with return code 0
[2022-12-26T13:59:09.282+0000] {local_task_job.py:273} INFO - 1 downstream tasks scheduled from follow-on schedule check
[2023-01-01T14:43:10.030+0000] {taskinstance.py:1165} INFO - Dependencies all met for <TaskInstance: exchange_rates.get_rate_EUR_RUB scheduled__2022-07-14T08:15:00+00:00 [queued]>
[2023-01-01T14:43:10.092+0000] {taskinstance.py:1165} INFO - Dependencies all met for <TaskInstance: exchange_rates.get_rate_EUR_RUB scheduled__2022-07-14T08:15:00+00:00 [queued]>
[2023-01-01T14:43:10.093+0000] {taskinstance.py:1362} INFO - 
--------------------------------------------------------------------------------
[2023-01-01T14:43:10.095+0000] {taskinstance.py:1363} INFO - Starting attempt 1 of 1
[2023-01-01T14:43:10.097+0000] {taskinstance.py:1364} INFO - 
--------------------------------------------------------------------------------
[2023-01-01T14:43:10.161+0000] {taskinstance.py:1383} INFO - Executing <Task(CurrencyScoopOperator): get_rate_EUR_RUB> on 2022-07-14 08:15:00+00:00
[2023-01-01T14:43:10.176+0000] {standard_task_runner.py:82} INFO - Running: ['***', 'tasks', 'run', 'exchange_rates', 'get_rate_EUR_RUB', 'scheduled__2022-07-14T08:15:00+00:00', '--job-id', '10390', '--raw', '--subdir', 'DAGS_FOLDER/exchange_rates.py', '--cfg-path', '/tmp/tmpwssglk_q']
[2023-01-01T14:43:10.177+0000] {standard_task_runner.py:83} INFO - Job 10390: Subtask get_rate_EUR_RUB
[2023-01-01T14:43:10.166+0000] {standard_task_runner.py:54} INFO - Started process 9331 to run task
[2023-01-01T14:43:10.179+0000] {dagbag.py:525} INFO - Filling up the DagBag from /opt/***/dags/exchange_rates.py
[2023-01-01T14:43:10.382+0000] {taskmixin.py:205} WARNING - Dependency <Task(CurrencyScoopOperator): get_rate_AMD_RUB>, insert_rate_AMD_RUB already registered for DAG: exchange_rates
[2023-01-01T14:43:10.385+0000] {taskmixin.py:205} WARNING - Dependency <Task(PostgresOperator): insert_rate_AMD_RUB>, get_rate_AMD_RUB already registered for DAG: exchange_rates
[2023-01-01T14:43:10.561+0000] {task_command.py:384} INFO - Running <TaskInstance: exchange_rates.get_rate_EUR_RUB scheduled__2022-07-14T08:15:00+00:00 [running]> on host d383fbf2a8e7
[2023-01-01T14:43:10.763+0000] {taskinstance.py:1592} INFO - Exporting the following env vars:
AIRFLOW_CTX_DAG_OWNER=***
AIRFLOW_CTX_DAG_ID=exchange_rates
AIRFLOW_CTX_TASK_ID=get_rate_EUR_RUB
AIRFLOW_CTX_EXECUTION_DATE=2022-07-14T08:15:00+00:00
AIRFLOW_CTX_TRY_NUMBER=1
AIRFLOW_CTX_DAG_RUN_ID=scheduled__2022-07-14T08:15:00+00:00
[2023-01-01T14:43:10.765+0000] {warnings.py:110} WARNING - /home/***/.local/lib/python3.7/site-packages/***/utils/context.py:204: AirflowContextDeprecationWarning: Accessing 'execution_date' from the template is deprecated and will be removed in a future version. Please use 'data_interval_start' or 'logical_date' instead.
  warnings.warn(_create_deprecation_warning(key, self._deprecation_replacements[key]))

[2023-01-01T14:43:10.786+0000] {base.py:71} INFO - Using connection ID 'currency_conn_id' for task execution.
[2023-01-01T14:43:11.731+0000] {taskinstance.py:1406} INFO - Marking task as SUCCESS. dag_id=exchange_rates, task_id=get_rate_EUR_RUB, execution_date=20220714T081500, start_date=20230101T144310, end_date=20230101T144311
[2023-01-01T14:43:11.769+0000] {local_task_job.py:164} INFO - Task exited with return code 0
[2023-01-01T14:43:11.887+0000] {local_task_job.py:273} INFO - 1 downstream tasks scheduled from follow-on schedule check
