[2022-12-26T13:57:58.429+0000] {taskinstance.py:1165} INFO - Dependencies all met for <TaskInstance: exchange_rates.make_report scheduled__2022-05-31T08:15:00+00:00 [queued]>
[2022-12-26T13:57:58.534+0000] {taskinstance.py:1165} INFO - Dependencies all met for <TaskInstance: exchange_rates.make_report scheduled__2022-05-31T08:15:00+00:00 [queued]>
[2022-12-26T13:57:58.537+0000] {taskinstance.py:1362} INFO - 
--------------------------------------------------------------------------------
[2022-12-26T13:57:58.538+0000] {taskinstance.py:1363} INFO - Starting attempt 1 of 1
[2022-12-26T13:57:58.538+0000] {taskinstance.py:1364} INFO - 
--------------------------------------------------------------------------------
[2022-12-26T13:57:58.658+0000] {taskinstance.py:1383} INFO - Executing <Task(PythonOperator): make_report> on 2022-05-31 08:15:00+00:00
[2022-12-26T13:57:58.686+0000] {standard_task_runner.py:54} INFO - Started process 7953 to run task
[2022-12-26T13:57:58.712+0000] {standard_task_runner.py:82} INFO - Running: ['***', 'tasks', 'run', 'exchange_rates', 'make_report', 'scheduled__2022-05-31T08:15:00+00:00', '--job-id', '4068', '--raw', '--subdir', 'DAGS_FOLDER/exchange_rates.py', '--cfg-path', '/tmp/tmpe48xjyme']
[2022-12-26T13:57:58.753+0000] {standard_task_runner.py:83} INFO - Job 4068: Subtask make_report
[2022-12-26T13:57:58.756+0000] {dagbag.py:525} INFO - Filling up the DagBag from /opt/***/dags/exchange_rates.py
[2022-12-26T13:57:59.257+0000] {taskmixin.py:205} WARNING - Dependency <Task(CurrencyScoopOperator): get_rate_AMD_RUB>, insert_rate_AMD_RUB already registered for DAG: exchange_rates
[2022-12-26T13:57:59.270+0000] {taskmixin.py:205} WARNING - Dependency <Task(PostgresOperator): insert_rate_AMD_RUB>, get_rate_AMD_RUB already registered for DAG: exchange_rates
[2022-12-26T13:57:59.465+0000] {task_command.py:384} INFO - Running <TaskInstance: exchange_rates.make_report scheduled__2022-05-31T08:15:00+00:00 [running]> on host d383fbf2a8e7
[2022-12-26T13:57:59.588+0000] {taskinstance.py:1592} INFO - Exporting the following env vars:
AIRFLOW_CTX_DAG_OWNER=***
AIRFLOW_CTX_DAG_ID=exchange_rates
AIRFLOW_CTX_TASK_ID=make_report
AIRFLOW_CTX_EXECUTION_DATE=2022-05-31T08:15:00+00:00
AIRFLOW_CTX_TRY_NUMBER=1
AIRFLOW_CTX_DAG_RUN_ID=scheduled__2022-05-31T08:15:00+00:00
[2022-12-26T13:58:00.924+0000] {python.py:177} INFO - Done. Returned value was: None
[2022-12-26T13:58:00.987+0000] {taskinstance.py:1406} INFO - Marking task as SUCCESS. dag_id=exchange_rates, task_id=make_report, execution_date=20220531T081500, start_date=20221226T135758, end_date=20221226T135800
[2022-12-26T13:58:01.125+0000] {local_task_job.py:164} INFO - Task exited with return code 0
[2022-12-26T13:58:01.142+0000] {local_task_job.py:273} INFO - 0 downstream tasks scheduled from follow-on schedule check
[2023-01-01T14:42:05.248+0000] {taskinstance.py:1165} INFO - Dependencies all met for <TaskInstance: exchange_rates.make_report scheduled__2022-05-31T08:15:00+00:00 [queued]>
[2023-01-01T14:42:05.276+0000] {taskinstance.py:1165} INFO - Dependencies all met for <TaskInstance: exchange_rates.make_report scheduled__2022-05-31T08:15:00+00:00 [queued]>
[2023-01-01T14:42:05.277+0000] {taskinstance.py:1362} INFO - 
--------------------------------------------------------------------------------
[2023-01-01T14:42:05.277+0000] {taskinstance.py:1363} INFO - Starting attempt 1 of 1
[2023-01-01T14:42:05.278+0000] {taskinstance.py:1364} INFO - 
--------------------------------------------------------------------------------
[2023-01-01T14:42:05.330+0000] {taskinstance.py:1383} INFO - Executing <Task(PythonOperator): make_report> on 2022-05-31 08:15:00+00:00
[2023-01-01T14:42:05.346+0000] {standard_task_runner.py:54} INFO - Started process 8575 to run task
[2023-01-01T14:42:05.372+0000] {standard_task_runner.py:82} INFO - Running: ['***', 'tasks', 'run', 'exchange_rates', 'make_report', 'scheduled__2022-05-31T08:15:00+00:00', '--job-id', '10045', '--raw', '--subdir', 'DAGS_FOLDER/exchange_rates.py', '--cfg-path', '/tmp/tmpcatbt84t']
[2023-01-01T14:42:05.375+0000] {standard_task_runner.py:83} INFO - Job 10045: Subtask make_report
[2023-01-01T14:42:05.381+0000] {dagbag.py:525} INFO - Filling up the DagBag from /opt/***/dags/exchange_rates.py
[2023-01-01T14:42:05.646+0000] {taskmixin.py:205} WARNING - Dependency <Task(CurrencyScoopOperator): get_rate_AMD_RUB>, insert_rate_AMD_RUB already registered for DAG: exchange_rates
[2023-01-01T14:42:05.646+0000] {taskmixin.py:205} WARNING - Dependency <Task(PostgresOperator): insert_rate_AMD_RUB>, get_rate_AMD_RUB already registered for DAG: exchange_rates
[2023-01-01T14:42:05.793+0000] {task_command.py:384} INFO - Running <TaskInstance: exchange_rates.make_report scheduled__2022-05-31T08:15:00+00:00 [running]> on host d383fbf2a8e7
[2023-01-01T14:42:05.920+0000] {taskinstance.py:1592} INFO - Exporting the following env vars:
AIRFLOW_CTX_DAG_OWNER=***
AIRFLOW_CTX_DAG_ID=exchange_rates
AIRFLOW_CTX_TASK_ID=make_report
AIRFLOW_CTX_EXECUTION_DATE=2022-05-31T08:15:00+00:00
AIRFLOW_CTX_TRY_NUMBER=1
AIRFLOW_CTX_DAG_RUN_ID=scheduled__2022-05-31T08:15:00+00:00
[2023-01-01T14:42:07.213+0000] {python.py:177} INFO - Done. Returned value was: None
[2023-01-01T14:42:07.226+0000] {taskinstance.py:1406} INFO - Marking task as SUCCESS. dag_id=exchange_rates, task_id=make_report, execution_date=20220531T081500, start_date=20230101T144205, end_date=20230101T144207
[2023-01-01T14:42:07.432+0000] {local_task_job.py:164} INFO - Task exited with return code 0
[2023-01-01T14:42:07.449+0000] {local_task_job.py:273} INFO - 0 downstream tasks scheduled from follow-on schedule check
